Log file open, 05/02/20 23:27:39
LogWindows: Failed to load 'aqProf.dll' (GetLastError=126)
LogWindows: File 'aqProf.dll' does not exist
LogWindows: Failed to load 'VtuneApi.dll' (GetLastError=126)
LogWindows: File 'VtuneApi.dll' does not exist
LogWindows: Failed to load 'VtuneApi32e.dll' (GetLastError=126)
LogWindows: File 'VtuneApi32e.dll' does not exist
LogConsoleResponse: Display: Failed to find resolution value strings in scalability ini. Falling back to default.
LogInit: Display: Running engine for game: Vis2
LogPakFile: Registered encryption key '00000000000000000000000000000000': 0 pak files mounted, 0 remain pending
LogPlatformFile: Not using cached read wrapper
LogTaskGraph: Started task graph with 5 named threads and 35 total threads with 3 sets of task threads.
LogStats: Stats thread started at 0.552961
LogD3D11RHI: Loaded GFSDK_Aftermath_Lib.x64.dll
LogICUInternationalization: ICU TimeZone Detection - Raw Offset: -6:00, Platform Override: ''
LogPluginManager: Mounting plugin Paper2D
LogPluginManager: Mounting plugin AdvancedSessions
LogPluginManager: Mounting plugin AdvancedSteamSessions
LogPluginManager: Mounting plugin AISupport
LogPluginManager: Mounting plugin LightPropagationVolume
LogPluginManager: Mounting plugin ActorLayerUtilities
LogPluginManager: Mounting plugin AnimationSharing
LogPluginManager: Mounting plugin CLionSourceCodeAccess
LogPluginManager: Mounting plugin CodeLiteSourceCodeAccess
LogPluginManager: Mounting plugin GitSourceControl
LogPluginManager: Mounting plugin KDevelopSourceCodeAccess
LogPluginManager: Mounting plugin NullSourceCodeAccess
LogPluginManager: Mounting plugin PerforceSourceControl
LogPluginManager: Mounting plugin SubversionSourceControl
LogPluginManager: Mounting plugin UObjectPlugin
LogPluginManager: Mounting plugin VisualStudioCodeSourceCodeAccess
LogPluginManager: Mounting plugin VisualStudioSourceCodeAccess
LogPluginManager: Mounting plugin XCodeSourceCodeAccess
LogPluginManager: Mounting plugin AssetManagerEditor
LogPluginManager: Mounting plugin CryptoKeys
LogPluginManager: Mounting plugin DataValidation
LogPluginManager: Mounting plugin FacialAnimation
LogPluginManager: Mounting plugin GameplayTagsEditor
LogPluginManager: Mounting plugin MacGraphicsSwitching
LogPluginManager: Mounting plugin MaterialAnalyzer
LogPluginManager: Mounting plugin MobileLauncherProfileWizard
LogPluginManager: Mounting plugin PluginBrowser
LogPluginManager: Mounting plugin SpeedTreeImporter
LogPluginManager: Mounting plugin DatasmithContent
LogPluginManager: Mounting plugin VariantManagerContent
LogPluginManager: Mounting plugin AlembicImporter
LogPluginManager: Mounting plugin AppleImageUtils
LogPluginManager: Mounting plugin AppleVision
LogPluginManager: Mounting plugin BackChannel
LogPluginManager: Mounting plugin CharacterAI
LogPluginManager: Mounting plugin GeometryCache
LogPluginManager: Mounting plugin HTML5Networking
LogPluginManager: Mounting plugin ProxyLODPlugin
LogPluginManager: Mounting plugin SkeletalReduction
LogPluginManager: Mounting plugin MagicLeap
LogPluginManager: Mounting plugin MagicLeapMedia
LogPluginManager: Mounting plugin GraphFormatter
LogPluginManager: Mounting plugin AndroidMedia
LogPluginManager: Mounting plugin AvfMedia
LogPluginManager: Mounting plugin ImgMedia
LogPluginManager: Mounting plugin LinearTimecode
LogPluginManager: Mounting plugin MediaCompositing
LogPluginManager: Mounting plugin MediaPlayerEditor
LogPluginManager: Mounting plugin WebMMedia
LogPluginManager: Mounting plugin WmfMedia
LogPluginManager: Mounting plugin TcpMessaging
LogPluginManager: Mounting plugin UdpMessaging
LogPluginManager: Mounting plugin ActorSequence
LogPluginManager: Mounting plugin LevelSequenceEditor
LogPluginManager: Mounting plugin MatineeToLevelSequence
LogPluginManager: Mounting plugin NetcodeUnitTest
LogPluginManager: Mounting plugin NUTUnrealEngine4
LogPluginManager: Mounting plugin OnlineSubsystemGooglePlay
LogPluginManager: Mounting plugin OnlineSubsystemIOS
LogPluginManager: Mounting plugin OnlineSubsystem
LogPluginManager: Mounting plugin OnlineSubsystemNull
LogPluginManager: Mounting plugin OnlineSubsystemSteam
LogPluginManager: Mounting plugin OnlineSubsystemUtils
LogPluginManager: Mounting plugin LauncherChunkInstaller
LogPluginManager: Mounting plugin AndroidDeviceProfileSelector
LogPluginManager: Mounting plugin AndroidMoviePlayer
LogPluginManager: Mounting plugin AndroidPermission
LogPluginManager: Mounting plugin AppleMoviePlayer
LogPluginManager: Mounting plugin ArchVisCharacter
LogPluginManager: Mounting plugin AudioCapture
LogPluginManager: Mounting plugin CableComponent
LogPluginManager: Mounting plugin CustomMeshComponent
LogPluginManager: Mounting plugin EditableMesh
LogPluginManager: Mounting plugin ExampleDeviceProfileSelector
LogPluginManager: Mounting plugin Firebase
LogPluginManager: Mounting plugin GoogleCloudMessaging
LogPluginManager: Mounting plugin IOSDeviceProfileSelector
LogPluginManager: Mounting plugin LinuxDeviceProfileSelector
LogPluginManager: Mounting plugin LocationServicesBPLibrary
LogPluginManager: Mounting plugin MobilePatchingUtils
LogPluginManager: Mounting plugin OculusVR
LogPluginManager: Mounting plugin PhysXVehicles
LogPluginManager: Mounting plugin ProceduralMeshComponent
LogPluginManager: Mounting plugin RuntimePhysXCooking
LogPluginManager: Mounting plugin SignificanceManager
LogPluginManager: Mounting plugin SteamVR
LogPluginManager: Mounting plugin WebMMoviePlayer
LogPluginManager: Mounting plugin WindowsMoviePlayer
LogInit: Using libcurl 7.55.1-DEV
LogInit:  - built for x86_64-pc-win32
LogInit:  - supports SSL with OpenSSL/1.1.1
LogInit:  - supports HTTP deflate (compression) using libz 1.2.8
LogInit:  - other features:
LogInit:      CURL_VERSION_SSL
LogInit:      CURL_VERSION_LIBZ
LogInit:      CURL_VERSION_IPV6
LogInit:      CURL_VERSION_ASYNCHDNS
LogInit:      CURL_VERSION_LARGEFILE
LogInit:      CURL_VERSION_IDN
LogInit:  CurlRequestOptions (configurable via config and command line):
LogInit:  - bVerifyPeer = true  - Libcurl will verify peer certificate
LogInit:  - bUseHttpProxy = false  - Libcurl will NOT use HTTP proxy
LogInit:  - bDontReuseConnections = false  - Libcurl will reuse connections
LogInit:  - MaxHostConnections = 16  - Libcurl will limit the number of connections to a host
LogInit:  - LocalHostAddr = Default
LogInit:  - BufferSize = 65536
LogOnline: Display: STEAM: Loading Steam SDK 1.39
LogOnline: Warning: STEAM: Steamworks: SteamUtils() failed!
LogOnline: Warning: STEAM: Steamworks: SteamUser() failed!
LogOnline: Warning: STEAM: Steamworks: SteamFriends() failed!
LogOnline: Warning: STEAM: Steamworks: SteamRemoteStorage() failed!
LogOnline: Warning: STEAM: Steamworks: SteamUserStats() failed!
LogOnline: Warning: STEAM: Steamworks: SteamMatchmakingServers() failed!
LogOnline: Warning: STEAM: Steamworks: SteamApps() failed!
LogOnline: Warning: STEAM: Steamworks: SteamNetworking() failed!
LogOnline: Warning: STEAM: Steamworks: SteamMatchmaking() failed!
LogOnline: STEAM: [AppId: 0] Client API initialized 0
LogOnline: Display: STEAM: OnlineSubsystemSteam::Shutdown()
LogOnline: Warning: STEAM: Steam API failed to initialize!
LogOnline: Display: STEAM: OnlineSubsystemSteam::Shutdown()
LogOnline: OSS: Unable to create OnlineSubsystem module Steam
LogInit: WinSock: version 1.1 (2.2), MaxSocks=32767, MaxUdp=65467
LogInit: Build: ++UE4+Release-4.22-CL-7053642
LogInit: Engine Version: 4.22.3-7053642+++UE4+Release-4.22
LogInit: Compatible Engine Version: 4.22.0-5660361+++UE4+Release-4.22
LogInit: Net CL: 5660361
LogInit: OS: Windows 10 (Release 1909) (), CPU: Intel(R) Core(TM) i7-8750H CPU @ 2.20GHz, GPU: Intel(R) UHD Graphics 630
LogInit: Compiled (64-bit): Jun 18 2019 03:09:11
LogInit: Compiled with Visual C++: 19.16.27025.01
LogInit: Build Configuration: Development
LogInit: Branch Name: ++UE4+Release-4.22
LogInit: Command Line:  /Game/FirstPersonBP/Maps/FirstPersonExampleMap -game -PIEVIACONSOLE -ResX=1280 -ResY=720 -Multiprocess -messaging -SessionName="Play in Standalone Game" -windowed
LogInit: Base Directory: D:/EpicGames/UE_4.22/Engine/Binaries/Win64/
LogInit: Installed Engine Build: 1
LogDevObjectVersion: Number of dev versions registered: 23
LogDevObjectVersion:   Dev-Blueprints (B0D832E4-1F89-4F0D-ACCF-7EB736FD4AA2): 10
LogDevObjectVersion:   Dev-Build (E1C64328-A22C-4D53-A36C-8E866417BD8C): 0
LogDevObjectVersion:   Dev-Core (375EC13C-06E4-48FB-B500-84F0262A717E): 3
LogDevObjectVersion:   Dev-Editor (E4B068ED-F494-42E9-A231-DA0B2E46BB41): 30
LogDevObjectVersion:   Dev-Framework (CFFC743F-43B0-4480-9391-14DF171D2073): 35
LogDevObjectVersion:   Dev-Mobile (B02B49B5-BB20-44E9-A304-32B752E40360): 2
LogDevObjectVersion:   Dev-Networking (A4E4105C-59A1-49B5-A7C5-40C4547EDFEE): 0
LogDevObjectVersion:   Dev-Online (39C831C9-5AE6-47DC-9A44-9C173E1C8E7C): 0
LogDevObjectVersion:   Dev-Physics (78F01B33-EBEA-4F98-B9B4-84EACCB95AA2): 0
LogDevObjectVersion:   Dev-Platform (6631380F-2D4D-43E0-8009-CF276956A95A): 0
LogDevObjectVersion:   Dev-Rendering (12F88B9F-8875-4AFC-A67C-D90C383ABD29): 28
LogDevObjectVersion:   Dev-Sequencer (7B5AE74C-D270-4C10-A958-57980B212A5A): 11
LogDevObjectVersion:   Dev-VR (D7296918-1DD6-4BDD-9DE2-64A83CC13884): 2
LogDevObjectVersion:   Dev-LoadTimes (C2A15278-BFE7-4AFE-6C17-90FF531DF755): 1
LogDevObjectVersion:   Private-Geometry (6EACA3D4-40EC-4CC1-B786-8BED09428FC5): 3
LogDevObjectVersion:   Dev-AnimPhys (29E575DD-E0A3-4627-9D10-D276232CDCEA): 17
LogDevObjectVersion:   Dev-Anim (AF43A65D-7FD3-4947-9873-3E8ED9C1BB05): 2
LogDevObjectVersion:   Dev-ReflectionCapture (6B266CEC-1EC7-4B8F-A30B-E4D90942FC07): 1
LogDevObjectVersion:   Dev-Automation (0DF73D61-A23F-47EA-B727-89E90C41499A): 1
LogDevObjectVersion:   FortniteMain (601D1886-AC64-4F84-AA16-D3DE0DEAC7D6): 25
LogDevObjectVersion:   Dev-Enterprise (9DFFBCD6-494F-0158-E221-12823C92A888): 6
LogDevObjectVersion:   Dev-Niagara (F2AED0AC-9AFE-416F-8664-AA7FFA26D6FC): 1
LogDevObjectVersion:   Dev-Destruction (174F1F0B-B4C6-45A5-B13F-2EE8D0FB917D): 2
LogInit: Presizing for max 16777216 objects, including 0 objects not considered by GC, pre-allocating 0 bytes for permanent pool.
LogInit: Object subsystem initialized
LogConfig: Setting CVar [[con.DebugEarlyDefault:1]]
LogConfig: Setting CVar [[r.setres:1280x720]]
[2020.05.03-04.27.42:109][  0]LogConfig: Setting CVar [[con.DebugEarlyDefault:1]]
[2020.05.03-04.27.42:109][  0]LogConfig: Setting CVar [[r.setres:1280x720]]
[2020.05.03-04.27.42:110][  0]LogConfig: Applying CVar settings from Section [/Script/Engine.RendererSettings] File [D:/Documentos/UNI/8vo Semestre/V3/ProyectoFinal/VJ3-test/MapProject 4.22/Saved/Config/Windows/Engine.ini]
[2020.05.03-04.27.42:110][  0]LogConfig: Setting CVar [[r.GPUCrashDebugging:0]]
[2020.05.03-04.27.42:110][  0]LogConfig: Applying CVar settings from Section [/Script/Engine.RendererOverrideSettings] File [D:/Documentos/UNI/8vo Semestre/V3/ProyectoFinal/VJ3-test/MapProject 4.22/Saved/Config/Windows/Engine.ini]
[2020.05.03-04.27.42:110][  0]LogConfig: Applying CVar settings from Section [/Script/Engine.StreamingSettings] File [D:/Documentos/UNI/8vo Semestre/V3/ProyectoFinal/VJ3-test/MapProject 4.22/Saved/Config/Windows/Engine.ini]
[2020.05.03-04.27.42:110][  0]LogConfig: Setting CVar [[s.MinBulkDataSizeForAsyncLoading:131072]]
[2020.05.03-04.27.42:110][  0]LogConfig: Setting CVar [[s.AsyncLoadingThreadEnabled:0]]
[2020.05.03-04.27.42:110][  0]LogConfig: Setting CVar [[s.EventDrivenLoaderEnabled:1]]
[2020.05.03-04.27.42:110][  0]LogConfig: Setting CVar [[s.WarnIfTimeLimitExceeded:0]]
[2020.05.03-04.27.42:110][  0]LogConfig: Setting CVar [[s.TimeLimitExceededMultiplier:1.5]]
[2020.05.03-04.27.42:110][  0]LogConfig: Setting CVar [[s.TimeLimitExceededMinTime:0.005]]
[2020.05.03-04.27.42:110][  0]LogConfig: Setting CVar [[s.UseBackgroundLevelStreaming:1]]
[2020.05.03-04.27.42:110][  0]LogConfig: Setting CVar [[s.PriorityAsyncLoadingExtraTime:15.0]]
[2020.05.03-04.27.42:110][  0]LogConfig: Setting CVar [[s.LevelStreamingActorsUpdateTimeLimit:5.0]]
[2020.05.03-04.27.42:110][  0]LogConfig: Setting CVar [[s.PriorityLevelStreamingActorsUpdateExtraTime:5.0]]
[2020.05.03-04.27.42:110][  0]LogConfig: Setting CVar [[s.LevelStreamingComponentsRegistrationGranularity:10]]
[2020.05.03-04.27.42:110][  0]LogConfig: Setting CVar [[s.UnregisterComponentsTimeLimit:1.0]]
[2020.05.03-04.27.42:110][  0]LogConfig: Setting CVar [[s.LevelStreamingComponentsUnregistrationGranularity:5]]
[2020.05.03-04.27.42:110][  0]LogConfig: Applying CVar settings from Section [/Script/Engine.GarbageCollectionSettings] File [D:/Documentos/UNI/8vo Semestre/V3/ProyectoFinal/VJ3-test/MapProject 4.22/Saved/Config/Windows/Engine.ini]
[2020.05.03-04.27.42:110][  0]LogConfig: Setting CVar [[gc.MaxObjectsNotConsideredByGC:1]]
[2020.05.03-04.27.42:110][  0]LogConfig: Setting CVar [[gc.SizeOfPermanentObjectPool:0]]
[2020.05.03-04.27.42:110][  0]LogConfig: Setting CVar [[gc.FlushStreamingOnGC:0]]
[2020.05.03-04.27.42:110][  0]LogConfig: Setting CVar [[gc.NumRetriesBeforeForcingGC:10]]
[2020.05.03-04.27.42:110][  0]LogConfig: Setting CVar [[gc.AllowParallelGC:1]]
[2020.05.03-04.27.42:110][  0]LogConfig: Setting CVar [[gc.TimeBetweenPurgingPendingKillObjects:61.1]]
[2020.05.03-04.27.42:110][  0]LogConfig: Setting CVar [[gc.MaxObjectsInEditor:16777216]]
[2020.05.03-04.27.42:111][  0]LogConfig: Setting CVar [[gc.IncrementalBeginDestroyEnabled:1]]
[2020.05.03-04.27.42:111][  0]LogConfig: Setting CVar [[gc.CreateGCClusters:1]]
[2020.05.03-04.27.42:111][  0]LogConfig: Setting CVar [[gc.MinGCClusterSize:5]]
[2020.05.03-04.27.42:111][  0]LogConfig: Setting CVar [[gc.ActorClusteringEnabled:0]]
[2020.05.03-04.27.42:111][  0]LogConfig: Setting CVar [[gc.BlueprintClusteringEnabled:0]]
[2020.05.03-04.27.42:111][  0]LogConfig: Setting CVar [[gc.UseDisregardForGCOnDedicatedServers:0]]
[2020.05.03-04.27.42:111][  0]LogConfig: Applying CVar settings from Section [/Script/Engine.NetworkSettings] File [D:/Documentos/UNI/8vo Semestre/V3/ProyectoFinal/VJ3-test/MapProject 4.22/Saved/Config/Windows/Engine.ini]
[2020.05.03-04.27.42:111][  0]LogConfig: Applying CVar settings from Section [/Script/UnrealEd.CookerSettings] File [D:/Documentos/UNI/8vo Semestre/V3/ProyectoFinal/VJ3-test/MapProject 4.22/Saved/Config/Windows/Engine.ini]
[2020.05.03-04.27.42:140][  0]LogConfig: Applying CVar settings from Section [ViewDistanceQuality@3] File [D:/Documentos/UNI/8vo Semestre/V3/ProyectoFinal/VJ3-test/MapProject 4.22/Saved/Config/Windows/Scalability.ini]
[2020.05.03-04.27.42:140][  0]LogConfig: Setting CVar [[r.SkeletalMeshLODBias:0]]
[2020.05.03-04.27.42:140][  0]LogConfig: Setting CVar [[r.ViewDistanceScale:1.0]]
[2020.05.03-04.27.42:140][  0]LogConfig: Applying CVar settings from Section [AntiAliasingQuality@3] File [D:/Documentos/UNI/8vo Semestre/V3/ProyectoFinal/VJ3-test/MapProject 4.22/Saved/Config/Windows/Scalability.ini]
[2020.05.03-04.27.42:140][  0]LogConfig: Setting CVar [[r.PostProcessAAQuality:4]]
[2020.05.03-04.27.42:140][  0]LogConfig: Applying CVar settings from Section [ShadowQuality@3] File [D:/Documentos/UNI/8vo Semestre/V3/ProyectoFinal/VJ3-test/MapProject 4.22/Saved/Config/Windows/Scalability.ini]
[2020.05.03-04.27.42:140][  0]LogConfig: Setting CVar [[r.LightFunctionQuality:1]]
[2020.05.03-04.27.42:140][  0]LogConfig: Setting CVar [[r.ShadowQuality:5]]
[2020.05.03-04.27.42:140][  0]LogConfig: Setting CVar [[r.Shadow.CSM.MaxCascades:10]]
[2020.05.03-04.27.42:140][  0]LogConfig: Setting CVar [[r.Shadow.MaxResolution:2048]]
[2020.05.03-04.27.42:140][  0]LogConfig: Setting CVar [[r.Shadow.MaxCSMResolution:2048]]
[2020.05.03-04.27.42:140][  0]LogConfig: Setting CVar [[r.Shadow.RadiusThreshold:0.01]]
[2020.05.03-04.27.42:140][  0]LogConfig: Setting CVar [[r.Shadow.DistanceScale:1.0]]
[2020.05.03-04.27.42:140][  0]LogConfig: Setting CVar [[r.Shadow.CSM.TransitionScale:1.0]]
[2020.05.03-04.27.42:140][  0]LogConfig: Setting CVar [[r.Shadow.PreShadowResolutionFactor:1.0]]
[2020.05.03-04.27.42:140][  0]LogConfig: Setting CVar [[r.DistanceFieldShadowing:1]]
[2020.05.03-04.27.42:140][  0]LogConfig: Setting CVar [[r.DistanceFieldAO:1]]
[2020.05.03-04.27.42:140][  0]LogConfig: Setting CVar [[r.AOQuality:2]]
[2020.05.03-04.27.42:140][  0]LogConfig: Setting CVar [[r.VolumetricFog:1]]
[2020.05.03-04.27.42:140][  0]LogConfig: Setting CVar [[r.VolumetricFog.GridPixelSize:8]]
[2020.05.03-04.27.42:140][  0]LogConfig: Setting CVar [[r.VolumetricFog.GridSizeZ:128]]
[2020.05.03-04.27.42:140][  0]LogConfig: Setting CVar [[r.VolumetricFog.HistoryMissSupersampleCount:4]]
[2020.05.03-04.27.42:140][  0]LogConfig: Setting CVar [[r.LightMaxDrawDistanceScale:1]]
[2020.05.03-04.27.42:140][  0]LogConfig: Setting CVar [[r.CapsuleShadows:1]]
[2020.05.03-04.27.42:140][  0]LogConfig: Applying CVar settings from Section [PostProcessQuality@3] File [D:/Documentos/UNI/8vo Semestre/V3/ProyectoFinal/VJ3-test/MapProject 4.22/Saved/Config/Windows/Scalability.ini]
[2020.05.03-04.27.42:140][  0]LogConfig: Setting CVar [[r.MotionBlurQuality:4]]
[2020.05.03-04.27.42:140][  0]LogConfig: Setting CVar [[r.AmbientOcclusionMipLevelFactor:0.4]]
[2020.05.03-04.27.42:140][  0]LogConfig: Setting CVar [[r.AmbientOcclusionMaxQuality:100]]
[2020.05.03-04.27.42:140][  0]LogConfig: Setting CVar [[r.AmbientOcclusionLevels:-1]]
[2020.05.03-04.27.42:140][  0]LogConfig: Setting CVar [[r.AmbientOcclusionRadiusScale:1.0]]
[2020.05.03-04.27.42:140][  0]LogConfig: Setting CVar [[r.DepthOfFieldQuality:2]]
[2020.05.03-04.27.42:140][  0]LogConfig: Setting CVar [[r.RenderTargetPoolMin:400]]
[2020.05.03-04.27.42:140][  0]LogConfig: Setting CVar [[r.LensFlareQuality:2]]
[2020.05.03-04.27.42:140][  0]LogConfig: Setting CVar [[r.SceneColorFringeQuality:1]]
[2020.05.03-04.27.42:140][  0]LogConfig: Setting CVar [[r.EyeAdaptationQuality:2]]
[2020.05.03-04.27.42:140][  0]LogConfig: Setting CVar [[r.BloomQuality:5]]
[2020.05.03-04.27.42:140][  0]LogConfig: Setting CVar [[r.FastBlurThreshold:100]]
[2020.05.03-04.27.42:140][  0]LogConfig: Setting CVar [[r.Upscale.Quality:3]]
[2020.05.03-04.27.42:140][  0]LogConfig: Setting CVar [[r.Tonemapper.GrainQuantization:1]]
[2020.05.03-04.27.42:140][  0]LogConfig: Setting CVar [[r.LightShaftQuality:1]]
[2020.05.03-04.27.42:140][  0]LogConfig: Setting CVar [[r.Filter.SizeScale:1]]
[2020.05.03-04.27.42:140][  0]LogConfig: Setting CVar [[r.Tonemapper.Quality:5]]
[2020.05.03-04.27.42:140][  0]LogConfig: Setting CVar [[r.DOF.Gather.AccumulatorQuality:1        ; higher gathering accumulator quality]]
[2020.05.03-04.27.42:141][  0]LogConfig: Setting CVar [[r.DOF.Gather.PostfilterMethod:1          ; Median3x3 postfilering method]]
[2020.05.03-04.27.42:141][  0]LogConfig: Setting CVar [[r.DOF.Gather.EnableBokehSettings:0       ; no bokeh simulation when gathering]]
[2020.05.03-04.27.42:141][  0]LogConfig: Setting CVar [[r.DOF.Gather.RingCount:4                 ; medium number of samples when gathering]]
[2020.05.03-04.27.42:141][  0]LogConfig: Setting CVar [[r.DOF.Scatter.ForegroundCompositing:1    ; additive foreground scattering]]
[2020.05.03-04.27.42:141][  0]LogConfig: Setting CVar [[r.DOF.Scatter.BackgroundCompositing:2    ; additive background scattering]]
[2020.05.03-04.27.42:141][  0]LogConfig: Setting CVar [[r.DOF.Scatter.EnableBokehSettings:1      ; bokeh simulation when scattering]]
[2020.05.03-04.27.42:141][  0]LogConfig: Setting CVar [[r.DOF.Scatter.MaxSpriteRatio:0.1         ; only a maximum of 10% of scattered bokeh]]
[2020.05.03-04.27.42:141][  0]LogConfig: Setting CVar [[r.DOF.Recombine.Quality:1                ; cheap slight out of focus]]
[2020.05.03-04.27.42:141][  0]LogConfig: Setting CVar [[r.DOF.Recombine.EnableBokehSettings:0    ; no bokeh simulation on slight out of focus]]
[2020.05.03-04.27.42:141][  0]LogConfig: Setting CVar [[r.DOF.TemporalAAQuality:1                ; more stable temporal accumulation]]
[2020.05.03-04.27.42:141][  0]LogConfig: Setting CVar [[r.DOF.Kernel.MaxForegroundRadius:0.025]]
[2020.05.03-04.27.42:141][  0]LogConfig: Setting CVar [[r.DOF.Kernel.MaxBackgroundRadius:0.025]]
[2020.05.03-04.27.42:141][  0]LogConfig: Applying CVar settings from Section [TextureQuality@3] File [D:/Documentos/UNI/8vo Semestre/V3/ProyectoFinal/VJ3-test/MapProject 4.22/Saved/Config/Windows/Scalability.ini]
[2020.05.03-04.27.42:141][  0]LogConfig: Setting CVar [[r.Streaming.MipBias:0]]
[2020.05.03-04.27.42:141][  0]LogConfig: Setting CVar [[r.Streaming.AmortizeCPUToGPUCopy:0]]
[2020.05.03-04.27.42:141][  0]LogConfig: Setting CVar [[r.Streaming.MaxNumTexturesToStreamPerFrame:0]]
[2020.05.03-04.27.42:141][  0]LogConfig: Setting CVar [[r.Streaming.Boost:1]]
[2020.05.03-04.27.42:141][  0]LogConfig: Setting CVar [[r.MaxAnisotropy:8]]
[2020.05.03-04.27.42:141][  0]LogConfig: Setting CVar [[r.Streaming.LimitPoolSizeToVRAM:0]]
[2020.05.03-04.27.42:141][  0]LogConfig: Setting CVar [[r.Streaming.PoolSize:1000]]
[2020.05.03-04.27.42:141][  0]LogConfig: Setting CVar [[r.Streaming.MaxEffectiveScreenSize:0]]
[2020.05.03-04.27.42:141][  0]LogConfig: Applying CVar settings from Section [EffectsQuality@3] File [D:/Documentos/UNI/8vo Semestre/V3/ProyectoFinal/VJ3-test/MapProject 4.22/Saved/Config/Windows/Scalability.ini]
[2020.05.03-04.27.42:141][  0]LogConfig: Setting CVar [[r.TranslucencyLightingVolumeDim:64]]
[2020.05.03-04.27.42:141][  0]LogConfig: Setting CVar [[r.RefractionQuality:2]]
[2020.05.03-04.27.42:141][  0]LogConfig: Setting CVar [[r.SSR.Quality:3]]
[2020.05.03-04.27.42:141][  0]LogConfig: Setting CVar [[r.SceneColorFormat:4]]
[2020.05.03-04.27.42:141][  0]LogConfig: Setting CVar [[r.DetailMode:2]]
[2020.05.03-04.27.42:141][  0]LogConfig: Setting CVar [[r.TranslucencyVolumeBlur:1]]
[2020.05.03-04.27.42:141][  0]LogConfig: Setting CVar [[r.MaterialQualityLevel:1 ; High quality]]
[2020.05.03-04.27.42:141][  0]LogConfig: Setting CVar [[r.SSS.Scale:1]]
[2020.05.03-04.27.42:142][  0]LogConfig: Setting CVar [[r.SSS.SampleSet:2]]
[2020.05.03-04.27.42:142][  0]LogConfig: Setting CVar [[r.SSS.Quality:1]]
[2020.05.03-04.27.42:142][  0]LogConfig: Setting CVar [[r.SSS.HalfRes:1]]
[2020.05.03-04.27.42:142][  0]LogConfig: Setting CVar [[r.EmitterSpawnRateScale:1.0]]
[2020.05.03-04.27.42:142][  0]LogConfig: Setting CVar [[r.ParticleLightQuality:2]]
[2020.05.03-04.27.42:142][  0]LogConfig: Applying CVar settings from Section [FoliageQuality@3] File [D:/Documentos/UNI/8vo Semestre/V3/ProyectoFinal/VJ3-test/MapProject 4.22/Saved/Config/Windows/Scalability.ini]
[2020.05.03-04.27.42:142][  0]LogConfig: Setting CVar [[foliage.DensityScale:1.0]]
[2020.05.03-04.27.42:142][  0]LogConfig: Setting CVar [[grass.DensityScale:1.0]]
[2020.05.03-04.27.42:142][  0]LogInit: Selected Device Profile: [Windows]
[2020.05.03-04.27.42:142][  0]LogInit: Applying CVar settings loaded from the selected device profile: [Windows]
[2020.05.03-04.27.42:173][  0]LogHAL: Display: Platform has ~ 8 GB [8428679168 / 8589934592 / 8], which maps to Default [LargestMinGB=32, LargerMinGB=12, DefaultMinGB=8, SmallerMinGB=6, SmallestMinGB=0)
[2020.05.03-04.27.42:173][  0]LogConfig: Setting CVar [[r.Vulkan.UseRealUBs:0		; Required until we fix HLR fall-out]]
[2020.05.03-04.27.42:173][  0]LogInit: Going up to parent DeviceProfile []
[2020.05.03-04.27.42:173][  0]LogConfig: Applying CVar settings from Section [ViewDistanceQuality@3] File [D:/Documentos/UNI/8vo Semestre/V3/ProyectoFinal/VJ3-test/MapProject 4.22/Saved/Config/Windows/Scalability.ini]
[2020.05.03-04.27.42:173][  0]LogConfig: Setting CVar [[r.SkeletalMeshLODBias:0]]
[2020.05.03-04.27.42:173][  0]LogConfig: Setting CVar [[r.ViewDistanceScale:1.0]]
[2020.05.03-04.27.42:173][  0]LogConfig: Applying CVar settings from Section [AntiAliasingQuality@3] File [D:/Documentos/UNI/8vo Semestre/V3/ProyectoFinal/VJ3-test/MapProject 4.22/Saved/Config/Windows/Scalability.ini]
[2020.05.03-04.27.42:173][  0]LogConfig: Setting CVar [[r.PostProcessAAQuality:4]]
[2020.05.03-04.27.42:173][  0]LogConfig: Applying CVar settings from Section [ShadowQuality@3] File [D:/Documentos/UNI/8vo Semestre/V3/ProyectoFinal/VJ3-test/MapProject 4.22/Saved/Config/Windows/Scalability.ini]
[2020.05.03-04.27.42:173][  0]LogConfig: Setting CVar [[r.LightFunctionQuality:1]]
[2020.05.03-04.27.42:173][  0]LogConfig: Setting CVar [[r.ShadowQuality:5]]
[2020.05.03-04.27.42:173][  0]LogConfig: Setting CVar [[r.Shadow.CSM.MaxCascades:10]]
[2020.05.03-04.27.42:173][  0]LogConfig: Setting CVar [[r.Shadow.MaxResolution:2048]]
[2020.05.03-04.27.42:173][  0]LogConfig: Setting CVar [[r.Shadow.MaxCSMResolution:2048]]
[2020.05.03-04.27.42:173][  0]LogConfig: Setting CVar [[r.Shadow.RadiusThreshold:0.01]]
[2020.05.03-04.27.42:173][  0]LogConfig: Setting CVar [[r.Shadow.DistanceScale:1.0]]
[2020.05.03-04.27.42:173][  0]LogConfig: Setting CVar [[r.Shadow.CSM.TransitionScale:1.0]]
[2020.05.03-04.27.42:173][  0]LogConfig: Setting CVar [[r.Shadow.PreShadowResolutionFactor:1.0]]
[2020.05.03-04.27.42:173][  0]LogConfig: Setting CVar [[r.DistanceFieldShadowing:1]]
[2020.05.03-04.27.42:173][  0]LogConfig: Setting CVar [[r.DistanceFieldAO:1]]
[2020.05.03-04.27.42:173][  0]LogConfig: Setting CVar [[r.AOQuality:2]]
[2020.05.03-04.27.42:173][  0]LogConfig: Setting CVar [[r.VolumetricFog:1]]
[2020.05.03-04.27.42:174][  0]LogConfig: Setting CVar [[r.VolumetricFog.GridPixelSize:8]]
[2020.05.03-04.27.42:174][  0]LogConfig: Setting CVar [[r.VolumetricFog.GridSizeZ:128]]
[2020.05.03-04.27.42:174][  0]LogConfig: Setting CVar [[r.VolumetricFog.HistoryMissSupersampleCount:4]]
[2020.05.03-04.27.42:174][  0]LogConfig: Setting CVar [[r.LightMaxDrawDistanceScale:1]]
[2020.05.03-04.27.42:174][  0]LogConfig: Setting CVar [[r.CapsuleShadows:1]]
[2020.05.03-04.27.42:174][  0]LogConfig: Applying CVar settings from Section [PostProcessQuality@3] File [D:/Documentos/UNI/8vo Semestre/V3/ProyectoFinal/VJ3-test/MapProject 4.22/Saved/Config/Windows/Scalability.ini]
[2020.05.03-04.27.42:174][  0]LogConfig: Setting CVar [[r.MotionBlurQuality:4]]
[2020.05.03-04.27.42:174][  0]LogConfig: Setting CVar [[r.AmbientOcclusionMipLevelFactor:0.4]]
[2020.05.03-04.27.42:174][  0]LogConfig: Setting CVar [[r.AmbientOcclusionMaxQuality:100]]
[2020.05.03-04.27.42:174][  0]LogConfig: Setting CVar [[r.AmbientOcclusionLevels:-1]]
[2020.05.03-04.27.42:174][  0]LogConfig: Setting CVar [[r.AmbientOcclusionRadiusScale:1.0]]
[2020.05.03-04.27.42:174][  0]LogConfig: Setting CVar [[r.DepthOfFieldQuality:2]]
[2020.05.03-04.27.42:174][  0]LogConfig: Setting CVar [[r.RenderTargetPoolMin:400]]
[2020.05.03-04.27.42:174][  0]LogConfig: Setting CVar [[r.LensFlareQuality:2]]
[2020.05.03-04.27.42:174][  0]LogConfig: Setting CVar [[r.SceneColorFringeQuality:1]]
[2020.05.03-04.27.42:174][  0]LogConfig: Setting CVar [[r.EyeAdaptationQuality:2]]
[2020.05.03-04.27.42:174][  0]LogConfig: Setting CVar [[r.BloomQuality:5]]
[2020.05.03-04.27.42:174][  0]LogConfig: Setting CVar [[r.FastBlurThreshold:100]]
[2020.05.03-04.27.42:174][  0]LogConfig: Setting CVar [[r.Upscale.Quality:3]]
[2020.05.03-04.27.42:174][  0]LogConfig: Setting CVar [[r.Tonemapper.GrainQuantization:1]]
[2020.05.03-04.27.42:174][  0]LogConfig: Setting CVar [[r.LightShaftQuality:1]]
[2020.05.03-04.27.42:174][  0]LogConfig: Setting CVar [[r.Filter.SizeScale:1]]
[2020.05.03-04.27.42:174][  0]LogConfig: Setting CVar [[r.Tonemapper.Quality:5]]
[2020.05.03-04.27.42:174][  0]LogConfig: Setting CVar [[r.DOF.Gather.AccumulatorQuality:1        ; higher gathering accumulator quality]]
[2020.05.03-04.27.42:174][  0]LogConfig: Setting CVar [[r.DOF.Gather.PostfilterMethod:1          ; Median3x3 postfilering method]]
[2020.05.03-04.27.42:174][  0]LogConfig: Setting CVar [[r.DOF.Gather.EnableBokehSettings:0       ; no bokeh simulation when gathering]]
[2020.05.03-04.27.42:174][  0]LogConfig: Setting CVar [[r.DOF.Gather.RingCount:4                 ; medium number of samples when gathering]]
[2020.05.03-04.27.42:174][  0]LogConfig: Setting CVar [[r.DOF.Scatter.ForegroundCompositing:1    ; additive foreground scattering]]
[2020.05.03-04.27.42:174][  0]LogConfig: Setting CVar [[r.DOF.Scatter.BackgroundCompositing:2    ; additive background scattering]]
[2020.05.03-04.27.42:174][  0]LogConfig: Setting CVar [[r.DOF.Scatter.EnableBokehSettings:1      ; bokeh simulation when scattering]]
[2020.05.03-04.27.42:175][  0]LogConfig: Setting CVar [[r.DOF.Scatter.MaxSpriteRatio:0.1         ; only a maximum of 10% of scattered bokeh]]
[2020.05.03-04.27.42:175][  0]LogConfig: Setting CVar [[r.DOF.Recombine.Quality:1                ; cheap slight out of focus]]
[2020.05.03-04.27.42:175][  0]LogConfig: Setting CVar [[r.DOF.Recombine.EnableBokehSettings:0    ; no bokeh simulation on slight out of focus]]
[2020.05.03-04.27.42:175][  0]LogConfig: Setting CVar [[r.DOF.TemporalAAQuality:1                ; more stable temporal accumulation]]
[2020.05.03-04.27.42:175][  0]LogConfig: Setting CVar [[r.DOF.Kernel.MaxForegroundRadius:0.025]]
[2020.05.03-04.27.42:175][  0]LogConfig: Setting CVar [[r.DOF.Kernel.MaxBackgroundRadius:0.025]]
[2020.05.03-04.27.42:175][  0]LogConfig: Applying CVar settings from Section [TextureQuality@3] File [D:/Documentos/UNI/8vo Semestre/V3/ProyectoFinal/VJ3-test/MapProject 4.22/Saved/Config/Windows/Scalability.ini]
[2020.05.03-04.27.42:175][  0]LogConfig: Setting CVar [[r.Streaming.MipBias:0]]
[2020.05.03-04.27.42:175][  0]LogConfig: Setting CVar [[r.Streaming.AmortizeCPUToGPUCopy:0]]
[2020.05.03-04.27.42:175][  0]LogConfig: Setting CVar [[r.Streaming.MaxNumTexturesToStreamPerFrame:0]]
[2020.05.03-04.27.42:175][  0]LogConfig: Setting CVar [[r.Streaming.Boost:1]]
[2020.05.03-04.27.42:175][  0]LogConfig: Setting CVar [[r.MaxAnisotropy:8]]
[2020.05.03-04.27.42:175][  0]LogConfig: Setting CVar [[r.Streaming.LimitPoolSizeToVRAM:0]]
[2020.05.03-04.27.42:175][  0]LogConfig: Setting CVar [[r.Streaming.PoolSize:1000]]
[2020.05.03-04.27.42:175][  0]LogConfig: Setting CVar [[r.Streaming.MaxEffectiveScreenSize:0]]
[2020.05.03-04.27.42:175][  0]LogConfig: Applying CVar settings from Section [EffectsQuality@3] File [D:/Documentos/UNI/8vo Semestre/V3/ProyectoFinal/VJ3-test/MapProject 4.22/Saved/Config/Windows/Scalability.ini]
[2020.05.03-04.27.42:175][  0]LogConfig: Setting CVar [[r.TranslucencyLightingVolumeDim:64]]
[2020.05.03-04.27.42:175][  0]LogConfig: Setting CVar [[r.RefractionQuality:2]]
[2020.05.03-04.27.42:175][  0]LogConfig: Setting CVar [[r.SSR.Quality:3]]
[2020.05.03-04.27.42:175][  0]LogConfig: Setting CVar [[r.SceneColorFormat:4]]
[2020.05.03-04.27.42:175][  0]LogConfig: Setting CVar [[r.DetailMode:2]]
[2020.05.03-04.27.42:175][  0]LogConfig: Setting CVar [[r.TranslucencyVolumeBlur:1]]
[2020.05.03-04.27.42:175][  0]LogConfig: Setting CVar [[r.MaterialQualityLevel:1 ; High quality]]
[2020.05.03-04.27.42:175][  0]LogConfig: Setting CVar [[r.SSS.Scale:1]]
[2020.05.03-04.27.42:175][  0]LogConfig: Setting CVar [[r.SSS.SampleSet:2]]
[2020.05.03-04.27.42:175][  0]LogConfig: Setting CVar [[r.SSS.Quality:1]]
[2020.05.03-04.27.42:175][  0]LogConfig: Setting CVar [[r.SSS.HalfRes:1]]
[2020.05.03-04.27.42:175][  0]LogConfig: Setting CVar [[r.EmitterSpawnRateScale:1.0]]
[2020.05.03-04.27.42:175][  0]LogConfig: Setting CVar [[r.ParticleLightQuality:2]]
[2020.05.03-04.27.42:176][  0]LogConfig: Applying CVar settings from Section [FoliageQuality@3] File [D:/Documentos/UNI/8vo Semestre/V3/ProyectoFinal/VJ3-test/MapProject 4.22/Saved/Config/Windows/Scalability.ini]
[2020.05.03-04.27.42:176][  0]LogConfig: Setting CVar [[foliage.DensityScale:1.0]]
[2020.05.03-04.27.42:176][  0]LogConfig: Setting CVar [[grass.DensityScale:1.0]]
[2020.05.03-04.27.42:176][  0]LogConfig: Applying CVar settings from Section [Startup] File [../../../Engine/Config/ConsoleVariables.ini]
[2020.05.03-04.27.42:183][  0]LogConfig: Setting CVar [[net.UseAdaptiveNetUpdateFrequency:0]]
[2020.05.03-04.27.42:184][  0]LogConfig: Setting CVar [[p.chaos.AllowCreatePhysxBodies:1]]
[2020.05.03-04.27.42:184][  0]LogConfig: Applying CVar settings from Section [ConsoleVariables] File [D:/Documentos/UNI/8vo Semestre/V3/ProyectoFinal/VJ3-test/MapProject 4.22/Saved/Config/Windows/Engine.ini]
[2020.05.03-04.27.42:200][  0]LogInit: Computer: DESKTOP-22LHQ34
[2020.05.03-04.27.42:201][  0]LogInit: User: edwa
[2020.05.03-04.27.42:201][  0]LogInit: CPU Page size=4096, Cores=6
[2020.05.03-04.27.42:201][  0]LogInit: High frequency timer resolution =10.000000 MHz
[2020.05.03-04.27.42:201][  0]LogMemory: Memory total: Physical=7.8GB (8GB approx)
[2020.05.03-04.27.42:202][  0]LogMemory: Platform Memory Stats for Windows
[2020.05.03-04.27.42:202][  0]LogMemory: Process Physical Memory: 99.71 MB used, 99.72 MB peak
[2020.05.03-04.27.42:202][  0]LogMemory: Process Virtual Memory: 90.19 MB used, 90.19 MB peak
[2020.05.03-04.27.42:202][  0]LogMemory: Physical Memory: 6507.91 MB used,  1530.30 MB free, 8038.21 MB total
[2020.05.03-04.27.42:202][  0]LogMemory: Virtual Memory: 4661.73 MB used,  134213064.00 MB free, 134217728.00 MB total
[2020.05.03-04.27.42:841][  0]LogInit: Using OS detected language (es-ES).
[2020.05.03-04.27.42:841][  0]LogInit: Using OS detected locale (es-MX).
[2020.05.03-04.27.42:853][  0]LogTextLocalizationManager: No specific localization for 'es-ES' exists, so the 'es' localization will be used.
[2020.05.03-04.27.43:637][  0]LogSlate: New Slate User Created.  User Index 0, Is Virtual User: 0
[2020.05.03-04.27.43:637][  0]LogSlate: Slate User Registered.  User Index 0, Is Virtual User: 0
[2020.05.03-04.27.43:817][  0]LogHMD: Failed to initialize OpenVR with code 110
[2020.05.03-04.27.43:817][  0]LogD3D11RHI: D3D11 adapters:
[2020.05.03-04.27.44:003][  0]LogD3D11RHI:    0. 'NVIDIA GeForce GTX 1050' (Feature Level 11_0)
[2020.05.03-04.27.44:003][  0]LogD3D11RHI:       1979/0/4019 MB DedicatedVideo/DedicatedSystem/SharedSystem, Outputs:1, VendorId:0x10de
[2020.05.03-04.27.44:034][  0]LogD3D11RHI:    1. 'Intel(R) UHD Graphics 630' (Feature Level 11_0)
[2020.05.03-04.27.44:034][  0]LogD3D11RHI:       128/0/4019 MB DedicatedVideo/DedicatedSystem/SharedSystem, Outputs:0, VendorId:0x8086
[2020.05.03-04.27.44:041][  0]LogD3D11RHI:    2. 'Microsoft Basic Render Driver' (Feature Level 11_0)
[2020.05.03-04.27.44:041][  0]LogD3D11RHI:       0/0/4019 MB DedicatedVideo/DedicatedSystem/SharedSystem, Outputs:0, VendorId:0x1414
[2020.05.03-04.27.44:041][  0]LogD3D11RHI: Chosen D3D11 Adapter: 0
[2020.05.03-04.27.44:080][  0]LogD3D11RHI: Creating new Direct3DDevice
[2020.05.03-04.27.44:080][  0]LogD3D11RHI:     GPU DeviceId: 0x1c8d (for the marketing name, search the web for "GPU Device Id")
[2020.05.03-04.27.44:080][  0]LogWindows: EnumDisplayDevices:
[2020.05.03-04.27.44:080][  0]LogWindows:    0. 'Intel(R) UHD Graphics 630' (P:1 D:1)
[2020.05.03-04.27.44:081][  0]LogWindows:    1. 'Intel(R) UHD Graphics 630' (P:0 D:0)
[2020.05.03-04.27.44:081][  0]LogWindows:    2. 'Intel(R) UHD Graphics 630' (P:0 D:0)
[2020.05.03-04.27.44:081][  0]LogWindows: DebugString: PrimaryIsNotTheChoosenAdapter PrimaryIsNotTheChoosenAdapter PrimaryIsNotTheChoosenAdapter FoundDriverCount:0 
[2020.05.03-04.27.44:081][  0]LogD3D11RHI:     Adapter Name: NVIDIA GeForce GTX 1050
[2020.05.03-04.27.44:081][  0]LogD3D11RHI:   Driver Version: Unknown (internal:Unknown, unified:Unknown)
[2020.05.03-04.27.44:081][  0]LogD3D11RHI:      Driver Date: Unknown
[2020.05.03-04.27.44:081][  0]LogRHI: Texture pool is 1385 MB (70% of 1979 MB)
[2020.05.03-04.27.44:142][  0]LogD3D11RHI: Async texture creation enabled
[2020.05.03-04.27.44:186][  0]LogRendererCore: FGlobalReadBuffer::InitRHI
[2020.05.03-04.27.44:188][  0]LogRendererCore: FGlobalReadBuffer::InitRHI
[2020.05.03-04.27.44:188][  0]LogRendererCore: FGlobalReadBuffer::InitRHI
[2020.05.03-04.27.44:218][  0]LogD3D11RHI: GPU Timing Frequency: 1000.000000 (Debug: 2 1)
[2020.05.03-04.27.44:946][  0]LogTemp: Display: Module 'WindowsClientTargetPlatform' loaded TargetPlatform 'WindowsClient'
[2020.05.03-04.27.45:010][  0]LogTemp: Display: Module 'WindowsNoEditorTargetPlatform' loaded TargetPlatform 'WindowsNoEditor'
[2020.05.03-04.27.45:078][  0]LogTemp: Display: Module 'WindowsServerTargetPlatform' loaded TargetPlatform 'WindowsServer'
[2020.05.03-04.27.45:113][  0]LogTemp: Display: Module 'WindowsTargetPlatform' loaded TargetPlatform 'Windows'
[2020.05.03-04.27.45:113][  0]LogTargetPlatformManager: Display: Building Assets For Windows
[2020.05.03-04.27.45:305][  0]LogAudioDebug: Display: Lib vorbis DLL was dynamically loaded.
[2020.05.03-04.27.46:155][  0]LogShaderCompilers: Guid format shader working directory is -38 characters bigger than the processId version (../../../../../Documentos/UNI/8vo Semestre/V3/ProyectoFinal/VJ3-test/MapProject 4.22/Intermediate/Shaders/WorkingDirectory/2124/).
[2020.05.03-04.27.46:156][  0]LogShaderCompilers: Cleaned the shader compiler working directory 'C:/Users/ed_wa/AppData/Local/Temp/UnrealShaderWorkingDir/64873D49475BD38905DDBDB8762B690E/'.
[2020.05.03-04.27.46:172][  0]LogXGEController: Cannot use XGE Controller as Incredibuild is not installed on this machine.
[2020.05.03-04.27.46:172][  0]LogShaderCompilers: Cannot use XGE Shader Compiler as Incredibuild is not installed on this machine.
[2020.05.03-04.27.46:179][  0]LogShaderCompilers: Display: Using Local Shader Compiler.
[2020.05.03-04.27.49:295][  0]LogDerivedDataCache: Display: Max Cache Size: 512 MB
[2020.05.03-04.27.49:517][  0]LogDerivedDataCache: Loaded boot cache 0.22s 71MB C:/Users/ed_wa/AppData/Local/UnrealEngine/4.22/DerivedDataCache/Boot.ddc.
[2020.05.03-04.27.49:517][  0]LogDerivedDataCache: Display: Loaded Boot cache: C:/Users/ed_wa/AppData/Local/UnrealEngine/4.22/DerivedDataCache/Boot.ddc
[2020.05.03-04.27.49:517][  0]LogDerivedDataCache: FDerivedDataBackendGraph:  Pak pak cache file ../../../../../Documentos/UNI/8vo Semestre/V3/ProyectoFinal/VJ3-test/MapProject 4.22/DerivedDataCache/DDC.ddp not found, will not use a pak cache.
[2020.05.03-04.27.49:517][  0]LogDerivedDataCache: Unable to find inner node Pak for hierarchical cache Hierarchy.
[2020.05.03-04.27.49:517][  0]LogDerivedDataCache: FDerivedDataBackendGraph:  CompressedPak pak cache file ../../../../../Documentos/UNI/8vo Semestre/V3/ProyectoFinal/VJ3-test/MapProject 4.22/DerivedDataCache/Compressed.ddp not found, will not use a pak cache.
[2020.05.03-04.27.49:517][  0]LogDerivedDataCache: Unable to find inner node CompressedPak for hierarchical cache Hierarchy.
[2020.05.03-04.27.49:703][  0]LogDerivedDataCache: Display: Pak cache opened for reading ../../../Engine/DerivedDataCache/Compressed.ddp.
[2020.05.03-04.27.49:704][  0]LogDerivedDataCache: FDerivedDataBackendGraph:  EnterprisePak pak cache file ../../../Enterprise/DerivedDataCache/Compressed.ddp not found, will not use a pak cache.
[2020.05.03-04.27.49:704][  0]LogDerivedDataCache: Unable to find inner node EnterprisePak for hierarchical cache Hierarchy.
[2020.05.03-04.27.49:717][  0]LogDerivedDataCache: Using Local data cache path C:/Users/ed_wa/AppData/Local/UnrealEngine/Common/DerivedDataCache: Writable
[2020.05.03-04.27.49:717][  0]LogDerivedDataCache: Shared data cache path not found in *engine.ini, will not use an Shared cache.
[2020.05.03-04.27.49:717][  0]LogDerivedDataCache: Unable to find inner node Shared for hierarchical cache Hierarchy.
[2020.05.03-04.27.49:752][  0]LogMaterial: Verifying Global Shaders for PCD3D_SM5
[2020.05.03-04.27.49:798][  0]LogSlate: Using FreeType 2.6.0
[2020.05.03-04.27.49:930][  0]LogSlate: SlateFontServices - WITH_FREETYPE: 1, WITH_HARFBUZZ: 1
[2020.05.03-04.27.50:808][  0]LogInit: Using OS detected language (es-ES).
[2020.05.03-04.27.50:808][  0]LogInit: Using OS detected locale (es-MX).
[2020.05.03-04.27.50:808][  0]LogTextLocalizationManager: No localization for 'es-ES' exists, so 'en' will be used for the language.
[2020.05.03-04.27.50:808][  0]LogTextLocalizationManager: No localization for 'es-MX' exists, so 'en' will be used for the locale.
[2020.05.03-04.27.50:808][  0]LogSlate: FontCache flush requested. Reason: Culture for localization was changed
[2020.05.03-04.27.50:808][  0]LogSlate: FontCache flush requested. Reason: Culture for localization was changed
[2020.05.03-04.27.50:819][  0]LogTextLocalizationManager: Compacting localization data took   0.01ms
[2020.05.03-04.27.50:843][  0]LogAssetRegistry: FAssetRegistry took 0.0064 seconds to start up
[2020.05.03-04.27.52:077][  0]LogPackageLocalizationCache: Processed 10 localized package path(s) for 1 prioritized culture(s) in 0.001596 seconds
[2020.05.03-04.27.52:310][  0]LogInit: Selected Device Profile: [Windows]
[2020.05.03-04.27.53:344][  0]LogMeshReduction: Using QuadricMeshReduction for automatic static mesh reduction
[2020.05.03-04.27.53:344][  0]LogMeshReduction: Using SimplygonMeshReduction for automatic skeletal mesh reduction
[2020.05.03-04.27.53:344][  0]LogMeshReduction: Using ProxyLODMeshReduction for automatic mesh merging
[2020.05.03-04.27.53:344][  0]LogMeshReduction: No distributed automatic mesh merging module available
[2020.05.03-04.27.53:362][  0]LogMeshMerging: No distributed automatic mesh merging module available
[2020.05.03-04.27.53:459][  0]LogNetVersion: Vis2 1.0.0, NetCL: 5660361, EngineNetVer: 10, GameNetVer: 0 (Checksum: 1012566908)
[2020.05.03-04.27.59:426][  0]LogMoviePlayer: Initializing movie player
[2020.05.03-04.28.00:972][  0]LogTcpMessaging: Initializing TcpMessaging bridge
[2020.05.03-04.28.01:076][  0]LogUdpMessaging: Initializing bridge on interface 0.0.0.0:0 to multicast group 230.0.0.1:6666.
[2020.05.03-04.28.01:798][  0]SourceControl: El control de código fuente está desactivado
[2020.05.03-04.28.01:798][  0]SourceControl: El control de código fuente está desactivado
[2020.05.03-04.28.01:875][  0]SourceControl: El control de código fuente está desactivado
[2020.05.03-04.28.03:128][  0]LogAndroidPermission: UAndroidPermissionCallbackProxy::GetInstance
[2020.05.03-04.28.03:880][  0]LogOcInput: OculusInput pre-init called
[2020.05.03-04.28.03:946][  0]LogUObjectArray: 47126 objects as part of root set at end of initial load.
[2020.05.03-04.28.03:946][  0]LogUObjectAllocator: 8283160 out of 0 bytes used by permanent object pool.
[2020.05.03-04.28.03:947][  0]LogUObjectArray: CloseDisregardForGC: 0/0 objects in disregard for GC pool
[2020.05.03-04.28.05:022][  0]LogEngine: Initializing Engine...
[2020.05.03-04.28.05:037][  0]LogHMD: Failed to initialize OpenVR with code 110
[2020.05.03-04.28.05:066][  0]LogStats: UGameplayTagsManager::InitializeManager -  0.011 s
[2020.05.03-04.28.05:827][  0]LogInit: Initializing FReadOnlyCVARCache
[2020.05.03-04.28.05:912][  0]LogInit: XAudio2 using 'Altavoces (2- Realtek(R) Audio)' : 2 channels at 48 kHz using 32 bits per sample (channel mask 0x3)
[2020.05.03-04.28.05:950][  0]LogInit: FAudioDevice initialized.
[2020.05.03-04.28.05:964][  0]LogNetVersion: Set ProjectVersion to 1.0.0.0. Version Checksum will be recalculated on next use.
[2020.05.03-04.28.05:986][  0]LogInit: Texture streaming: Enabled
[2020.05.03-04.28.07:499][  0]LogSlate: Updating window title bar state: overlay mode, drag disabled, window buttons hidden, title bar hidden
[2020.05.03-04.28.07:522][  0]LogInit: Display: Game Engine Initialized.
[2020.05.03-04.28.08:030][  0]LogInit: Display: Starting Game.
[2020.05.03-04.28.08:045][  0]LogNet: Browse: /Game/FirstPersonBP/Maps/FirstPersonExampleMap?Name=Player
[2020.05.03-04.28.08:045][  0]LogLoad: LoadMap: /Game/FirstPersonBP/Maps/FirstPersonExampleMap?Name=Player
[2020.05.03-04.28.08:095][  0]LogUObjectHash: Compacting FUObjectHashTables data took   2.02ms
[2020.05.03-04.28.16:408][  0]LogAIModule: Creating AISystem for world FirstPersonExampleMap
[2020.05.03-04.28.16:410][  0]LogLoad: Game class is 'ThirdPersonGameMode_C'
[2020.05.03-04.28.16:492][  0]LogWorld: Bringing World /Game/FirstPersonBP/Maps/FirstPersonExampleMap.FirstPersonExampleMap up for play (max tick rate 0) at 2020.05.02-23.28.16
[2020.05.03-04.28.16:591][  0]LogWorld: Bringing up level for play took: 0.168181
[2020.05.03-04.28.16:654][  0]LogGameMode: FindPlayerStart: PATHS NOT DEFINED or NO PLAYERSTART with positive rating
[2020.05.03-04.28.16:734][  0]LogScript: Warning: Script Msg: Attempted to access index -1 from array 'CallFunc_Map_Keys_Keys' of length 0 in '/Game/Blueprints/BP_Spawner.BP_Spawner_C:ExecuteUbergraph_BP_Spawner'!
[2020.05.03-04.28.16:740][  0]LogScript: Warning: Script Msg: Attempted to access index -1 from array 'CallFunc_Map_Keys_Keys' of length 0 in '/Game/Blueprints/BP_Spawner.BP_Spawner_C:SpawnObject'!
[2020.05.03-04.28.16:740][  0]LogScript: Warning: UGameplayStatics::BeginSpawningActorFromClass: can not spawn an actor from a NULL class
[2020.05.03-04.28.16:740][  0]LogScript: Warning: Accessed None trying to read property SpawnedActor
	BP_Spawner_C /Game/FirstPersonBP/Maps/FirstPersonExampleMap.FirstPersonExampleMap:PersistentLevel.BP_Spawner2
	Function /Game/Blueprints/BP_Spawner.BP_Spawner_C:UnoverlapTranslate:000A
[2020.05.03-04.28.16:748][  0]LogScript: Warning: Script call stack:
	Function /Game/ThirdPersonBP/Blueprints/ThirdPersonGameMode.ThirdPersonGameMode_C:ReceiveBeginPlay
	Function /Game/ThirdPersonBP/Blueprints/ThirdPersonGameMode.ThirdPersonGameMode_C:ExecuteUbergraph_ThirdPersonGameMode
	Function /Game/ThirdPersonBP/Blueprints/ThirdPersonGameMode.ThirdPersonGameMode_C:SpawnObjects
	Function /Game/Blueprints/BP_Spawner.BP_Spawner_C:Event SpawnObject
	Function /Game/Blueprints/BP_Spawner.BP_Spawner_C:ExecuteUbergraph_BP_Spawner
	Function /Game/Blueprints/BP_Spawner.BP_Spawner_C:UnoverlapTranslate

[2020.05.03-04.28.16:750][  0]LogPlayerManagement: Error: Failed to Create Player: A local player already exists for controller ID 0,
[2020.05.03-04.28.16:787][  0]LogLoad: Took 8.742073 seconds to LoadMap(/Game/FirstPersonBP/Maps/FirstPersonExampleMap)
[2020.05.03-04.28.17:172][  0]LogRenderer: Reallocating scene render targets to support 1280x720 Format 10 NumSamples 1 (Frame:1).
[2020.05.03-04.28.17:172][  0]LogLoad: (Engine Initialization) Total time: 47.78 seconds
[2020.05.03-04.28.17:172][  0]LogLoad: (Engine Initialization) Total Blueprint compile time: 0.00 seconds
[2020.05.03-04.28.17:273][  0]LogContentStreaming: Texture pool size now 1000 MB
[2020.05.03-04.29.03:415][268]LogSlate: Window 'Vis2 (64-bit Development PCD3D_SM5) ' being destroyed
[2020.05.03-04.29.03:426][268]LogWindowsTextInputMethodSystem: Display: IME system now deactivated.
[2020.05.03-04.29.03:445][269]LogSlate: Updating window title bar state: overlay mode, drag disabled, window buttons hidden, title bar hidden
[2020.05.03-04.29.03:445][269]LogEngine: All Windows Closed
[2020.05.03-04.29.03:445][269]LogWindows: FPlatformMisc::RequestExit(0)
[2020.05.03-04.29.04:178][270]LogExit: Preparing to exit.
[2020.05.03-04.29.04:178][270]LogMoviePlayer: Shutting down movie player
[2020.05.03-04.29.05:647][270]LogSlate: Updating window title bar state: overlay mode, drag disabled, window buttons hidden, title bar hidden
[2020.05.03-04.29.05:791][270]LogExit: Game engine shut down
[2020.05.03-04.29.07:353][270]LogExit: Object subsystem successfully closed.
[2020.05.03-04.29.07:563][270]LogShaderCompilers: Display: Shaders left to compile 0
[2020.05.03-04.29.07:594][270]LogD3D11RHI: Shutdown
[2020.05.03-04.29.07:594][270]LogD3D11RHI: CleanupD3DDevice
[2020.05.03-04.29.07:661][270]LogRendererCore: FGlobalReadBuffer::ReleaseRHI
[2020.05.03-04.29.07:661][270]LogRendererCore: FGlobalDynamicReadBuffer::Cleanup()
[2020.05.03-04.29.07:681][270]LogRendererCore: FGlobalReadBuffer::ReleaseRHI
[2020.05.03-04.29.07:682][270]LogRendererCore: FGlobalDynamicReadBuffer::Cleanup()
[2020.05.03-04.29.07:682][270]LogRendererCore: FGlobalReadBuffer::ReleaseRHI
[2020.05.03-04.29.07:682][270]LogRendererCore: FGlobalDynamicReadBuffer::Cleanup()
[2020.05.03-04.29.07:942][270]LogD3D11RHI: ~FD3D11DynamicRHI
[2020.05.03-04.29.09:067][270]LogModuleManager: Shutting down and abandoning module SequenceRecorderSections (404)
[2020.05.03-04.29.09:068][270]LogModuleManager: Shutting down and abandoning module SequenceRecorder (402)
[2020.05.03-04.29.09:070][270]LogModuleManager: Shutting down and abandoning module AutomationController (400)
[2020.05.03-04.29.09:090][270]LogModuleManager: Shutting down and abandoning module AutomationWorker (398)
[2020.05.03-04.29.09:101][270]LogModuleManager: Shutting down and abandoning module Voice (396)
[2020.05.03-04.29.09:107][270]LogModuleManager: Shutting down and abandoning module AIModule (394)
[2020.05.03-04.29.09:129][270]LogModuleManager: Shutting down and abandoning module GameplayDebugger (393)
[2020.05.03-04.29.09:130][270]LogModuleManager: Shutting down and abandoning module AITestSuite (391)
[2020.05.03-04.29.09:138][270]LogModuleManager: Shutting down and abandoning module NavigationSystem (389)
[2020.05.03-04.29.09:138][270]LogModuleManager: Shutting down and abandoning module OculusMR (386)
[2020.05.03-04.29.09:138][270]LogModuleManager: Shutting down and abandoning module WmfMediaFactory (384)
[2020.05.03-04.29.09:138][270]LogModuleManager: Shutting down and abandoning module WebMMediaFactory (382)
[2020.05.03-04.29.09:152][270]LogModuleManager: Shutting down and abandoning module WebMMedia (380)
[2020.05.03-04.29.09:152][270]LogModuleManager: Shutting down and abandoning module OpenExrWrapper (378)
[2020.05.03-04.29.09:153][270]LogModuleManager: Shutting down and abandoning module ImgMediaFactory (376)
[2020.05.03-04.29.09:153][270]LogModuleManager: Shutting down and abandoning module AvfMediaFactory (374)
[2020.05.03-04.29.09:153][270]LogModuleManager: Shutting down and abandoning module MagicLeapCameraPreviewFactory (372)
[2020.05.03-04.29.09:153][270]LogModuleManager: Shutting down and abandoning module MagicLeapMediaCodecFactory (370)
[2020.05.03-04.29.09:154][270]LogModuleManager: Shutting down and abandoning module MagicLeapMediaFactory (368)
[2020.05.03-04.29.09:154][270]LogModuleManager: Shutting down and abandoning module CharacterAI (366)
[2020.05.03-04.29.09:154][270]LogModuleManager: Shutting down and abandoning module SessionServices (364)
[2020.05.03-04.29.09:154][270]LogModuleManager: Shutting down and abandoning module MovieSceneCapture (362)
[2020.05.03-04.29.09:154][270]LogModuleManager: Shutting down and abandoning module LiveCoding (360)
[2020.05.03-04.29.09:178][270]LogModuleManager: Shutting down and abandoning module LevelSequence (358)
[2020.05.03-04.29.09:178][270]LogModuleManager: Shutting down and abandoning module MovieSceneTracks (356)
[2020.05.03-04.29.09:178][270]LogModuleManager: Shutting down and abandoning module MovieScene (354)
[2020.05.03-04.29.09:178][270]LogModuleManager: Shutting down and abandoning module StreamingPauseRendering (352)
[2020.05.03-04.29.09:180][270]LogModuleManager: Shutting down and abandoning module PortalServices (350)
[2020.05.03-04.29.09:180][270]LogModuleManager: Shutting down and abandoning module PortalRpc (348)
[2020.05.03-04.29.09:180][270]LogModuleManager: Shutting down and abandoning module MessagingRpc (346)
[2020.05.03-04.29.09:180][270]LogModuleManager: Shutting down and abandoning module ImageWriteQueue (344)
[2020.05.03-04.29.09:187][270]LogModuleManager: Shutting down and abandoning module ProfilerService (342)
[2020.05.03-04.29.09:337][270]LogModuleManager: Shutting down and abandoning module TaskGraph (340)
[2020.05.03-04.29.09:354][270]LogModuleManager: Shutting down and abandoning module SteamVRController (338)
[2020.05.03-04.29.09:354][270]LogModuleManager: Shutting down and abandoning module ProceduralMeshComponent (336)
[2020.05.03-04.29.09:369][270]LogModuleManager: Shutting down and abandoning module OculusInput (334)
[2020.05.03-04.29.09:371][270]LogModuleManager: Shutting down and abandoning module MobilePatchingUtils (332)
[2020.05.03-04.29.09:371][270]LogModuleManager: Shutting down and abandoning module EditableMesh (330)
[2020.05.03-04.29.09:371][270]LogModuleManager: Shutting down and abandoning module CustomMeshComponent (328)
[2020.05.03-04.29.09:371][270]LogModuleManager: Shutting down and abandoning module CableComponent (326)
[2020.05.03-04.29.09:371][270]LogModuleManager: Shutting down and abandoning module AudioCapture (324)
[2020.05.03-04.29.09:371][270]LogModuleManager: Shutting down and abandoning module ArchVisCharacter (322)
[2020.05.03-04.29.09:371][270]LogModuleManager: Shutting down and abandoning module AndroidPermission (320)
[2020.05.03-04.29.09:371][270]LogModuleManager: Shutting down and abandoning module NUTUnrealEngine4 (318)
[2020.05.03-04.29.09:372][270]LogModuleManager: Shutting down and abandoning module NetcodeUnitTest (316)
[2020.05.03-04.29.09:390][270]LogModuleManager: Shutting down and abandoning module MediaCompositing (314)
[2020.05.03-04.29.09:390][270]LogModuleManager: Shutting down and abandoning module LinearTimecode (312)
[2020.05.03-04.29.09:390][270]LogModuleManager: Shutting down and abandoning module ImgMedia (310)
[2020.05.03-04.29.09:390][270]LogModuleManager: Shutting down and abandoning module MagicLeapHelperVulkan (308)
[2020.05.03-04.29.09:390][270]LogModuleManager: Shutting down and abandoning module MagicLeapHelperOpenGL (306)
[2020.05.03-04.29.09:390][270]LogModuleManager: Shutting down and abandoning module MagicLeapAudio (304)
[2020.05.03-04.29.09:403][270]LogModuleManager: Shutting down and abandoning module HTML5Networking (302)
[2020.05.03-04.29.09:403][270]LogModuleManager: Shutting down and abandoning module GeometryCacheTracks (300)
[2020.05.03-04.29.09:403][270]LogModuleManager: Shutting down and abandoning module GeometryCacheSequencer (299)
[2020.05.03-04.29.09:416][270]LogModuleManager: Shutting down and abandoning module GeometryCache (296)
[2020.05.03-04.29.09:416][270]LogModuleManager: Shutting down and abandoning module GeometryCacheEd (295)
[2020.05.03-04.29.09:416][270]LogModuleManager: Shutting down and abandoning module BackChannel (292)
[2020.05.03-04.29.09:423][270]LogModuleManager: Shutting down and abandoning module AppleVision (290)
[2020.05.03-04.29.09:423][270]LogModuleManager: Shutting down and abandoning module AppleImageUtilsBlueprintSupport (288)
[2020.05.03-04.29.09:423][270]LogModuleManager: Shutting down and abandoning module AppleImageUtils (286)
[2020.05.03-04.29.09:423][270]LogModuleManager: Shutting down and abandoning module VariantManagerContent (284)
[2020.05.03-04.29.09:423][270]LogModuleManager: Shutting down and abandoning module CryptoKeysOpenSSL (282)
[2020.05.03-04.29.09:423][270]LogModuleManager: Shutting down and abandoning module CryptoKeys (280)
[2020.05.03-04.29.09:423][270]LogModuleManager: Shutting down and abandoning module VisualStudioSourceCodeAccess (278)
[2020.05.03-04.29.09:424][270]LogModuleManager: Shutting down and abandoning module HotReload (277)
[2020.05.03-04.29.09:426][270]LogModuleManager: Shutting down and abandoning module DirectoryWatcher (276)
[2020.05.03-04.29.09:431][270]LogModuleManager: Shutting down and abandoning module VisualStudioCodeSourceCodeAccess (272)
[2020.05.03-04.29.09:431][270]LogModuleManager: Shutting down and abandoning module UObjectPlugin (270)
[2020.05.03-04.29.09:431][270]LogModuleManager: Shutting down and abandoning module SubversionSourceControl (268)
[2020.05.03-04.29.09:474][270]LogModuleManager: Shutting down and abandoning module PerforceSourceControl (266)
[2020.05.03-04.29.09:496][270]LogModuleManager: Shutting down and abandoning module SourceControl (265)
[2020.05.03-04.29.09:504][270]LogModuleManager: Shutting down and abandoning module CLionSourceCodeAccess (262)
[2020.05.03-04.29.09:505][270]LogModuleManager: Shutting down and abandoning module ActorLayerUtilities (260)
[2020.05.03-04.29.09:505][270]LogModuleManager: Shutting down and abandoning module SignificanceManager (258)
[2020.05.03-04.29.09:505][270]LogModuleManager: Shutting down and abandoning module RuntimePhysXCooking (256)
[2020.05.03-04.29.09:505][270]LogModuleManager: Shutting down and abandoning module PhysXVehiclesEditor (254)
[2020.05.03-04.29.09:506][270]LogModuleManager: Shutting down and abandoning module PhysXVehicles (252)
[2020.05.03-04.29.09:506][270]LogModuleManager: Shutting down and abandoning module LocationServicesBPLibrary (250)
[2020.05.03-04.29.09:506][270]LogModuleManager: Shutting down and abandoning module ActorSequence (248)
[2020.05.03-04.29.09:506][270]LogModuleManager: Shutting down and abandoning module UdpMessaging (246)
[2020.05.03-04.29.09:607][270]LogModuleManager: Shutting down and abandoning module TcpMessaging (244)
[2020.05.03-04.29.09:718][270]LogModuleManager: Shutting down and abandoning module MagicLeapIdentity (242)
[2020.05.03-04.29.09:718][270]LogModuleManager: Shutting down and abandoning module MagicLeapSecureStorage (240)
[2020.05.03-04.29.09:718][270]LogModuleManager: Shutting down and abandoning module MagicLeapHandTracking (238)
[2020.05.03-04.29.09:719][270]LogModuleManager: Shutting down and abandoning module MagicLeapEyeTracker (236)
[2020.05.03-04.29.09:719][270]LogModuleManager: Shutting down and abandoning module MagicLeapController (234)
[2020.05.03-04.29.09:729][270]LogSlate: Slate User Destroyed.  User Index 0, Is Virtual User: 0
[2020.05.03-04.29.09:730][270]LogModuleManager: Shutting down and abandoning module MagicLeapAR (232)
[2020.05.03-04.29.09:730][270]LogModuleManager: Shutting down and abandoning module AugmentedReality (231)
[2020.05.03-04.29.09:730][270]LogModuleManager: Shutting down and abandoning module GameplayTagsEditor (228)
[2020.05.03-04.29.09:742][270]LogModuleManager: Shutting down and abandoning module FacialAnimation (226)
[2020.05.03-04.29.09:743][270]LogModuleManager: Shutting down and abandoning module DataValidation (224)
[2020.05.03-04.29.09:743][270]LogModuleManager: Shutting down and abandoning module AssetManagerEditor (222)
[2020.05.03-04.29.09:767][270]LogModuleManager: Shutting down and abandoning module TreeMap (221)
[2020.05.03-04.29.09:781][270]LogModuleManager: Shutting down and abandoning module AnimationSharing (218)
[2020.05.03-04.29.09:781][270]LogModuleManager: Shutting down and abandoning module LightPropagationVolumeRuntime (216)
[2020.05.03-04.29.09:781][270]LogModuleManager: Shutting down and abandoning module AISupportModule (214)
[2020.05.03-04.29.09:781][270]LogModuleManager: Shutting down and abandoning module AdvancedSteamSessions (212)
[2020.05.03-04.29.09:781][270]LogModuleManager: Shutting down and abandoning module AdvancedSessions (210)
[2020.05.03-04.29.09:781][270]LogModuleManager: Shutting down and abandoning module Paper2D (208)
[2020.05.03-04.29.09:782][270]LogModuleManager: Shutting down and abandoning module WindowsMoviePlayer (206)
[2020.05.03-04.29.09:790][270]LogModuleManager: Shutting down and abandoning module WebMMoviePlayer (204)
[2020.05.03-04.29.09:790][270]LogModuleManager: Shutting down and abandoning module PacketHandler (202)
[2020.05.03-04.29.09:792][270]LogModuleManager: Shutting down and abandoning module ClothingSystemEditor (200)
[2020.05.03-04.29.09:792][270]LogModuleManager: Shutting down and abandoning module ClothingSystemRuntime (198)
[2020.05.03-04.29.09:810][270]LogModuleManager: Shutting down and abandoning module MediaAssets (196)
[2020.05.03-04.29.09:810][270]LogModuleManager: Shutting down and abandoning module Overlay (194)
[2020.05.03-04.29.09:810][270]LogModuleManager: Shutting down and abandoning module OverlayEditor (193)
[2020.05.03-04.29.09:810][270]LogModuleManager: Shutting down and abandoning module VREditor (190)
[2020.05.03-04.29.09:814][270]LogModuleManager: Shutting down and abandoning module StringTableEditor (188)
[2020.05.03-04.29.09:815][270]LogModuleManager: Shutting down and abandoning module GameplayTasksEditor (186)
[2020.05.03-04.29.09:815][270]LogModuleManager: Shutting down and abandoning module BehaviorTreeEditor (184)
[2020.05.03-04.29.09:837][270]LogModuleManager: Shutting down and abandoning module FunctionalTesting (182)
[2020.05.03-04.29.09:838][270]LogModuleManager: Shutting down and abandoning module CollisionAnalyzer (180)
[2020.05.03-04.29.09:865][270]LogModuleManager: Shutting down and abandoning module WorkspaceMenuStructure (179)
[2020.05.03-04.29.09:866][270]LogModuleManager: Shutting down and abandoning module UMG (176)
[2020.05.03-04.29.09:867][270]LogModuleManager: Shutting down and abandoning module UMGEditor (175)
[2020.05.03-04.29.09:887][270]LogModuleManager: Shutting down and abandoning module Sequencer (174)
[2020.05.03-04.29.09:904][270]LogModuleManager: Shutting down and abandoning module MessageLog (171)
[2020.05.03-04.29.09:914][270]LogModuleManager: Shutting down and abandoning module SlateReflector (166)
[2020.05.03-04.29.09:958][270]LogModuleManager: Shutting down and abandoning module Slate (164)
[2020.05.03-04.29.09:958][270]LogModuleManager: Shutting down and abandoning module EditorStyle (162)
[2020.05.03-04.29.09:964][270]LogModuleManager: Shutting down and abandoning module UnrealEd (160)
[2020.05.03-04.29.09:972][270]LogModuleManager: Shutting down and abandoning module MRMesh (158)
[2020.05.03-04.29.09:972][270]LogModuleManager: Shutting down and abandoning module Messaging (156)
[2020.05.03-04.29.09:972][270]LogModuleManager: Shutting down and abandoning module SourceCodeAccess (154)
[2020.05.03-04.29.09:972][270]LogModuleManager: Shutting down and abandoning module HeadMountedDisplay (152)
[2020.05.03-04.29.09:972][270]LogModuleManager: Shutting down and abandoning module XAudio2 (150)
[2020.05.03-04.29.09:973][270]LogModuleManager: Shutting down and abandoning module Networking (148)
[2020.05.03-04.29.09:973][270]LogModuleManager: Shutting down and abandoning module Core (146)
[2020.05.03-04.29.09:973][270]LogModuleManager: Shutting down and abandoning module KismetCompiler (144)
[2020.05.03-04.29.09:973][270]LogModuleManager: Shutting down and abandoning module MeshUtilities (142)
[2020.05.03-04.29.09:973][270]LogModuleManager: Shutting down and abandoning module MeshMergeUtilities (141)
[2020.05.03-04.29.09:982][270]LogModuleManager: Shutting down and abandoning module MeshReductionInterface (140)
[2020.05.03-04.29.09:982][270]LogModuleManager: Shutting down and abandoning module SkeletalMeshReduction (139)
[2020.05.03-04.29.10:013][270]LogModuleManager: Shutting down and abandoning module ProxyLODMeshReduction (137)
[2020.05.03-04.29.10:035][270]LogModuleManager: Shutting down and abandoning module QuadricMeshReduction (135)
[2020.05.03-04.29.10:036][270]LogModuleManager: Shutting down and abandoning module MaterialBaking (131)
[2020.05.03-04.29.10:042][270]LogModuleManager: Shutting down and abandoning module PIEPreviewDeviceProfileSelector (126)
[2020.05.03-04.29.10:050][270]LogModuleManager: Shutting down and abandoning module DerivedDataCache (124)
[2020.05.03-04.29.10:305][270]LogDerivedDataCache: Shutdown
[2020.05.03-04.29.10:305][270]LogModuleManager: Shutting down and abandoning module XGEController (122)
[2020.05.03-04.29.10:319][270]LogModuleManager: Shutting down and abandoning module TargetPlatform (120)
[2020.05.03-04.29.10:330][270]LogModuleManager: Shutting down and abandoning module VulkanShaderFormat (119)
[2020.05.03-04.29.10:336][270]LogModuleManager: Shutting down and abandoning module ShaderFormatVectorVM (117)
[2020.05.03-04.29.10:345][270]LogModuleManager: Shutting down and abandoning module ShaderFormatOpenGL (115)
[2020.05.03-04.29.10:346][270]LogModuleManager: Shutting down and abandoning module ShaderFormatD3D (113)
[2020.05.03-04.29.10:357][270]LogModuleManager: Shutting down and abandoning module MetalShaderFormat (111)
[2020.05.03-04.29.10:369][270]LogModuleManager: Shutting down and abandoning module TextureFormatUncompressed (109)
[2020.05.03-04.29.10:369][270]LogModuleManager: Shutting down and abandoning module TextureFormatPVR (107)
[2020.05.03-04.29.10:370][270]LogModuleManager: Shutting down and abandoning module TextureFormatDXT (105)
[2020.05.03-04.29.10:370][270]LogModuleManager: Shutting down and abandoning module TextureFormatIntelISPCTexComp (103)
[2020.05.03-04.29.10:429][270]LogModuleManager: Shutting down and abandoning module TextureFormatASTC (101)
[2020.05.03-04.29.10:429][270]LogModuleManager: Shutting down and abandoning module ImageWrapper (100)
[2020.05.03-04.29.10:429][270]LogModuleManager: Shutting down and abandoning module TextureFormatAndroid (97)
[2020.05.03-04.29.10:429][270]LogModuleManager: Shutting down and abandoning module AudioFormatOpus (95)
[2020.05.03-04.29.10:429][270]LogModuleManager: Shutting down and abandoning module AudioFormatOgg (93)
[2020.05.03-04.29.10:429][270]LogModuleManager: Shutting down and abandoning module AudioFormatADPCM (91)
[2020.05.03-04.29.10:429][270]LogModuleManager: Shutting down and abandoning module WindowsTargetPlatform (89)
[2020.05.03-04.29.10:430][270]LogModuleManager: Shutting down and abandoning module WindowsServerTargetPlatform (87)
[2020.05.03-04.29.10:436][270]LogModuleManager: Shutting down and abandoning module WindowsNoEditorTargetPlatform (85)
[2020.05.03-04.29.10:436][270]LogModuleManager: Shutting down and abandoning module WindowsClientTargetPlatform (83)
[2020.05.03-04.29.10:436][270]LogModuleManager: Shutting down and abandoning module InputCore (80)
[2020.05.03-04.29.10:436][270]LogModuleManager: Shutting down and abandoning module Settings (78)
[2020.05.03-04.29.10:437][270]LogModuleManager: Shutting down and abandoning module PhysXCooking (76)
[2020.05.03-04.29.10:437][270]LogModuleManager: Shutting down and abandoning module SteamVR (74)
[2020.05.03-04.29.10:449][270]LogHMD: Freeing OpenVRDLLHandle.
[2020.05.03-04.29.10:449][270]LogModuleManager: Shutting down and abandoning module OculusHMD (72)
[2020.05.03-04.29.10:450][270]LogModuleManager: Shutting down and abandoning module ExampleDeviceProfileSelector (70)
[2020.05.03-04.29.10:450][270]LogModuleManager: Shutting down and abandoning module LauncherChunkInstaller (68)
[2020.05.03-04.29.10:450][270]LogModuleManager: Shutting down and abandoning module OnlineBlueprintSupport (66)
[2020.05.03-04.29.10:451][270]LogModuleManager: Shutting down and abandoning module OnlineSubsystem (62)
[2020.05.03-04.29.10:484][270]LogModuleManager: Shutting down and abandoning module XMPP (55)
[2020.05.03-04.29.10:499][270]LogModuleManager: Shutting down and abandoning module WebSockets (54)
[2020.05.03-04.29.10:535][270]LogModuleManager: Shutting down and abandoning module HTTP (51)
[2020.05.03-04.29.10:566][270]LogModuleManager: Shutting down and abandoning module SSL (50)
[2020.05.03-04.29.10:570][270]LogModuleManager: Shutting down and abandoning module WmfMedia (46)
[2020.05.03-04.29.10:585][270]LogModuleManager: Shutting down and abandoning module Media (45)
[2020.05.03-04.29.10:592][270]LogModuleManager: Shutting down and abandoning module MagicLeap (42)
[2020.05.03-04.29.10:592][270]LogModuleManager: Shutting down and abandoning module DatasmithContent (40)
[2020.05.03-04.29.10:592][270]LogModuleManager: Shutting down and abandoning module AnimationModifiers (38)
[2020.05.03-04.29.10:602][270]LogModuleManager: Shutting down and abandoning module PropertyEditor (37)
[2020.05.03-04.29.10:669][270]LogModuleManager: Shutting down and abandoning module AudioEditor (34)
[2020.05.03-04.29.10:698][270]LogModuleManager: Shutting down and abandoning module TextureCompressor (32)
[2020.05.03-04.29.10:704][270]LogModuleManager: Shutting down and abandoning module RenderCore (30)
[2020.05.03-04.29.10:704][270]LogModuleManager: Shutting down and abandoning module Landscape (28)
[2020.05.03-04.29.10:704][270]LogModuleManager: Shutting down and abandoning module SlateRHIRenderer (26)
[2020.05.03-04.29.10:718][270]LogModuleManager: Shutting down and abandoning module OpenGLDrv (24)
[2020.05.03-04.29.10:734][270]LogModuleManager: Shutting down and abandoning module D3D11RHI (22)
[2020.05.03-04.29.10:734][270]LogModuleManager: Shutting down and abandoning module AnimGraphRuntime (20)
[2020.05.03-04.29.10:734][270]LogModuleManager: Shutting down and abandoning module Renderer (18)
[2020.05.03-04.29.10:734][270]LogModuleManager: Shutting down and abandoning module Engine (16)
[2020.05.03-04.29.10:734][270]LogModuleManager: Shutting down and abandoning module CoreUObject (14)
[2020.05.03-04.29.10:734][270]LogModuleManager: Shutting down and abandoning module NetworkFile (12)
[2020.05.03-04.29.10:743][270]LogModuleManager: Shutting down and abandoning module CookedIterativeFile (10)
[2020.05.03-04.29.10:743][270]LogModuleManager: Shutting down and abandoning module StreamingFile (8)
[2020.05.03-04.29.10:752][270]LogModuleManager: Shutting down and abandoning module SandboxFile (6)
[2020.05.03-04.29.10:752][270]LogModuleManager: Shutting down and abandoning module PakFile (4)
[2020.05.03-04.29.10:771][270]LogModuleManager: Shutting down and abandoning module RSA (3)
[2020.05.03-04.29.10:796][270]LogExit: Exiting.
[2020.05.03-04.29.10:810][270]Log file closed, 05/02/20 23:29:10
