Log file open, 03/19/20 14:31:19
LogWindows: Failed to load 'aqProf.dll' (GetLastError=126)
LogWindows: File 'aqProf.dll' does not exist
LogWindows: Failed to load 'VtuneApi.dll' (GetLastError=126)
LogWindows: File 'VtuneApi.dll' does not exist
LogWindows: Failed to load 'VtuneApi32e.dll' (GetLastError=126)
LogWindows: File 'VtuneApi32e.dll' does not exist
LogConsoleResponse: Display: Failed to find resolution value strings in scalability ini. Falling back to default.
LogInit: Display: Running engine for game: Vis2
LogPakFile: Registered encryption key '00000000000000000000000000000000': 0 pak files mounted, 0 remain pending
LogPlatformFile: Not using cached read wrapper
LogTaskGraph: Started task graph with 5 named threads and 23 total threads with 3 sets of task threads.
LogStats: Stats thread started at 59.818939
LogD3D11RHI: Loaded GFSDK_Aftermath_Lib.x64.dll
LogICUInternationalization: ICU TimeZone Detection - Raw Offset: -6:00, Platform Override: ''
LogPluginManager: Mounting plugin Paper2D
LogPluginManager: Mounting plugin AISupport
LogPluginManager: Mounting plugin LightPropagationVolume
LogPluginManager: Mounting plugin ActorLayerUtilities
LogPluginManager: Mounting plugin AnimationSharing
LogPluginManager: Mounting plugin CLionSourceCodeAccess
LogPluginManager: Mounting plugin CodeLiteSourceCodeAccess
LogPluginManager: Mounting plugin GitSourceControl
LogPluginManager: Mounting plugin KDevelopSourceCodeAccess
LogPluginManager: Mounting plugin NullSourceCodeAccess
LogPluginManager: Mounting plugin PerforceSourceControl
LogPluginManager: Mounting plugin SubversionSourceControl
LogPluginManager: Mounting plugin UObjectPlugin
LogPluginManager: Mounting plugin VisualStudioCodeSourceCodeAccess
LogPluginManager: Mounting plugin VisualStudioSourceCodeAccess
LogPluginManager: Mounting plugin XCodeSourceCodeAccess
LogPluginManager: Mounting plugin AssetManagerEditor
LogPluginManager: Mounting plugin CryptoKeys
LogPluginManager: Mounting plugin DataValidation
LogPluginManager: Mounting plugin FacialAnimation
LogPluginManager: Mounting plugin GameplayTagsEditor
LogPluginManager: Mounting plugin MacGraphicsSwitching
LogPluginManager: Mounting plugin MaterialAnalyzer
LogPluginManager: Mounting plugin MobileLauncherProfileWizard
LogPluginManager: Mounting plugin PluginBrowser
LogPluginManager: Mounting plugin SpeedTreeImporter
LogPluginManager: Mounting plugin DatasmithContent
LogPluginManager: Mounting plugin VariantManagerContent
LogPluginManager: Mounting plugin AlembicImporter
LogPluginManager: Mounting plugin AppleImageUtils
LogPluginManager: Mounting plugin AppleVision
LogPluginManager: Mounting plugin BackChannel
LogPluginManager: Mounting plugin CharacterAI
LogPluginManager: Mounting plugin GeometryCache
LogPluginManager: Mounting plugin HTML5Networking
LogPluginManager: Mounting plugin ProxyLODPlugin
LogPluginManager: Mounting plugin SkeletalReduction
LogPluginManager: Mounting plugin MagicLeap
LogPluginManager: Mounting plugin MagicLeapMedia
LogPluginManager: Mounting plugin AndroidMedia
LogPluginManager: Mounting plugin AvfMedia
LogPluginManager: Mounting plugin ImgMedia
LogPluginManager: Mounting plugin LinearTimecode
LogPluginManager: Mounting plugin MediaCompositing
LogPluginManager: Mounting plugin MediaPlayerEditor
LogPluginManager: Mounting plugin WebMMedia
LogPluginManager: Mounting plugin WmfMedia
LogPluginManager: Mounting plugin TcpMessaging
LogPluginManager: Mounting plugin UdpMessaging
LogPluginManager: Mounting plugin ActorSequence
LogPluginManager: Mounting plugin LevelSequenceEditor
LogPluginManager: Mounting plugin MatineeToLevelSequence
LogPluginManager: Mounting plugin NetcodeUnitTest
LogPluginManager: Mounting plugin NUTUnrealEngine4
LogPluginManager: Mounting plugin OnlineSubsystemGooglePlay
LogPluginManager: Mounting plugin OnlineSubsystemIOS
LogPluginManager: Mounting plugin OnlineSubsystem
LogPluginManager: Mounting plugin OnlineSubsystemNull
LogPluginManager: Mounting plugin OnlineSubsystemUtils
LogPluginManager: Mounting plugin LauncherChunkInstaller
LogPluginManager: Mounting plugin AndroidDeviceProfileSelector
LogPluginManager: Mounting plugin AndroidMoviePlayer
LogPluginManager: Mounting plugin AndroidPermission
LogPluginManager: Mounting plugin AppleMoviePlayer
LogPluginManager: Mounting plugin ArchVisCharacter
LogPluginManager: Mounting plugin AudioCapture
LogPluginManager: Mounting plugin CableComponent
LogPluginManager: Mounting plugin CustomMeshComponent
LogPluginManager: Mounting plugin EditableMesh
LogPluginManager: Mounting plugin ExampleDeviceProfileSelector
LogPluginManager: Mounting plugin Firebase
LogPluginManager: Mounting plugin GoogleCloudMessaging
LogPluginManager: Mounting plugin IOSDeviceProfileSelector
LogPluginManager: Mounting plugin LinuxDeviceProfileSelector
LogPluginManager: Mounting plugin LocationServicesBPLibrary
LogPluginManager: Mounting plugin MobilePatchingUtils
LogPluginManager: Mounting plugin OculusVR
LogPluginManager: Mounting plugin PhysXVehicles
LogPluginManager: Mounting plugin ProceduralMeshComponent
LogPluginManager: Mounting plugin RuntimePhysXCooking
LogPluginManager: Mounting plugin SignificanceManager
LogPluginManager: Mounting plugin SteamVR
LogPluginManager: Mounting plugin WebMMoviePlayer
LogPluginManager: Mounting plugin WindowsMoviePlayer
LogInit: Using libcurl 7.55.1-DEV
LogInit:  - built for x86_64-pc-win32
LogInit:  - supports SSL with OpenSSL/1.1.1
LogInit:  - supports HTTP deflate (compression) using libz 1.2.8
LogInit:  - other features:
LogInit:      CURL_VERSION_SSL
LogInit:      CURL_VERSION_LIBZ
LogInit:      CURL_VERSION_IPV6
LogInit:      CURL_VERSION_ASYNCHDNS
LogInit:      CURL_VERSION_LARGEFILE
LogInit:      CURL_VERSION_IDN
LogInit:  CurlRequestOptions (configurable via config and command line):
LogInit:  - bVerifyPeer = true  - Libcurl will verify peer certificate
LogInit:  - bUseHttpProxy = false  - Libcurl will NOT use HTTP proxy
LogInit:  - bDontReuseConnections = false  - Libcurl will reuse connections
LogInit:  - MaxHostConnections = 16  - Libcurl will limit the number of connections to a host
LogInit:  - LocalHostAddr = Default
LogInit:  - BufferSize = 65536
LogInit: WinSock: version 1.1 (2.2), MaxSocks=32767, MaxUdp=65467
LogInit: Build: ++UE4+Release-4.22-CL-7053642
LogInit: Engine Version: 4.22.3-7053642+++UE4+Release-4.22
LogInit: Compatible Engine Version: 4.22.0-5660361+++UE4+Release-4.22
LogInit: Net CL: 5660361
LogInit: OS: Windows 10 (Release 1903) (), CPU: Intel(R) Core(TM) i7-7700HQ CPU @ 2.80GHz, GPU: Intel(R) HD Graphics 630
LogInit: Compiled (64-bit): Jun 18 2019 03:09:11
LogInit: Compiled with Visual C++: 19.16.27025.01
LogInit: Build Configuration: Development
LogInit: Branch Name: ++UE4+Release-4.22
LogInit: Command Line: 
LogInit: Base Directory: C:/Program Files/Epic Games/UE_4.22/Engine/Binaries/Win64/
LogInit: Installed Engine Build: 1
LogDevObjectVersion: Number of dev versions registered: 23
LogDevObjectVersion:   Dev-Blueprints (B0D832E4-1F89-4F0D-ACCF-7EB736FD4AA2): 10
LogDevObjectVersion:   Dev-Build (E1C64328-A22C-4D53-A36C-8E866417BD8C): 0
LogDevObjectVersion:   Dev-Core (375EC13C-06E4-48FB-B500-84F0262A717E): 3
LogDevObjectVersion:   Dev-Editor (E4B068ED-F494-42E9-A231-DA0B2E46BB41): 30
LogDevObjectVersion:   Dev-Framework (CFFC743F-43B0-4480-9391-14DF171D2073): 35
LogDevObjectVersion:   Dev-Mobile (B02B49B5-BB20-44E9-A304-32B752E40360): 2
LogDevObjectVersion:   Dev-Networking (A4E4105C-59A1-49B5-A7C5-40C4547EDFEE): 0
LogDevObjectVersion:   Dev-Online (39C831C9-5AE6-47DC-9A44-9C173E1C8E7C): 0
LogDevObjectVersion:   Dev-Physics (78F01B33-EBEA-4F98-B9B4-84EACCB95AA2): 0
LogDevObjectVersion:   Dev-Platform (6631380F-2D4D-43E0-8009-CF276956A95A): 0
LogDevObjectVersion:   Dev-Rendering (12F88B9F-8875-4AFC-A67C-D90C383ABD29): 28
LogDevObjectVersion:   Dev-Sequencer (7B5AE74C-D270-4C10-A958-57980B212A5A): 11
LogDevObjectVersion:   Dev-VR (D7296918-1DD6-4BDD-9DE2-64A83CC13884): 2
LogDevObjectVersion:   Dev-LoadTimes (C2A15278-BFE7-4AFE-6C17-90FF531DF755): 1
LogDevObjectVersion:   Private-Geometry (6EACA3D4-40EC-4CC1-B786-8BED09428FC5): 3
LogDevObjectVersion:   Dev-AnimPhys (29E575DD-E0A3-4627-9D10-D276232CDCEA): 17
LogDevObjectVersion:   Dev-Anim (AF43A65D-7FD3-4947-9873-3E8ED9C1BB05): 2
LogDevObjectVersion:   Dev-ReflectionCapture (6B266CEC-1EC7-4B8F-A30B-E4D90942FC07): 1
LogDevObjectVersion:   Dev-Automation (0DF73D61-A23F-47EA-B727-89E90C41499A): 1
LogDevObjectVersion:   FortniteMain (601D1886-AC64-4F84-AA16-D3DE0DEAC7D6): 25
LogDevObjectVersion:   Dev-Enterprise (9DFFBCD6-494F-0158-E221-12823C92A888): 6
LogDevObjectVersion:   Dev-Niagara (F2AED0AC-9AFE-416F-8664-AA7FFA26D6FC): 1
LogDevObjectVersion:   Dev-Destruction (174F1F0B-B4C6-45A5-B13F-2EE8D0FB917D): 2
LogInit: Presizing for max 16777216 objects, including 0 objects not considered by GC, pre-allocating 0 bytes for permanent pool.
LogInit: Object subsystem initialized
LogConfig: Setting CVar [[con.DebugEarlyDefault:1]]
LogConfig: Setting CVar [[r.setres:1280x720]]
[2020.03.19-20.31.32:816][  0]LogConfig: Setting CVar [[r.VSync:0]]
[2020.03.19-20.31.32:817][  0]LogConfig: Setting CVar [[r.RHICmdBypass:0]]
[2020.03.19-20.31.32:817][  0]LogConfig: Applying CVar settings from Section [/Script/Engine.RendererSettings] File [C:/Users/ayala/Documents/GitHub/VJ3-test/MapProject 4.22/Saved/Config/Windows/Engine.ini]
[2020.03.19-20.31.32:817][  0]LogConfig: Setting CVar [[r.GPUCrashDebugging:0]]
[2020.03.19-20.31.32:817][  0]LogConfig: Applying CVar settings from Section [/Script/Engine.RendererOverrideSettings] File [C:/Users/ayala/Documents/GitHub/VJ3-test/MapProject 4.22/Saved/Config/Windows/Engine.ini]
[2020.03.19-20.31.32:817][  0]LogConfig: Applying CVar settings from Section [/Script/Engine.StreamingSettings] File [C:/Users/ayala/Documents/GitHub/VJ3-test/MapProject 4.22/Saved/Config/Windows/Engine.ini]
[2020.03.19-20.31.32:817][  0]LogConfig: Setting CVar [[s.MinBulkDataSizeForAsyncLoading:131072]]
[2020.03.19-20.31.32:817][  0]LogConfig: Setting CVar [[s.AsyncLoadingThreadEnabled:0]]
[2020.03.19-20.31.32:817][  0]LogConfig: Setting CVar [[s.EventDrivenLoaderEnabled:1]]
[2020.03.19-20.31.32:817][  0]LogConfig: Setting CVar [[s.WarnIfTimeLimitExceeded:0]]
[2020.03.19-20.31.32:817][  0]LogConfig: Setting CVar [[s.TimeLimitExceededMultiplier:1.5]]
[2020.03.19-20.31.32:817][  0]LogConfig: Setting CVar [[s.TimeLimitExceededMinTime:0.005]]
[2020.03.19-20.31.32:817][  0]LogConfig: Setting CVar [[s.UseBackgroundLevelStreaming:1]]
[2020.03.19-20.31.32:817][  0]LogConfig: Setting CVar [[s.PriorityAsyncLoadingExtraTime:15.0]]
[2020.03.19-20.31.32:817][  0]LogConfig: Setting CVar [[s.LevelStreamingActorsUpdateTimeLimit:5.0]]
[2020.03.19-20.31.32:817][  0]LogConfig: Setting CVar [[s.PriorityLevelStreamingActorsUpdateExtraTime:5.0]]
[2020.03.19-20.31.32:818][  0]LogConfig: Setting CVar [[s.LevelStreamingComponentsRegistrationGranularity:10]]
[2020.03.19-20.31.32:818][  0]LogConfig: Setting CVar [[s.UnregisterComponentsTimeLimit:1.0]]
[2020.03.19-20.31.32:818][  0]LogConfig: Setting CVar [[s.LevelStreamingComponentsUnregistrationGranularity:5]]
[2020.03.19-20.31.32:818][  0]LogConfig: Applying CVar settings from Section [/Script/Engine.GarbageCollectionSettings] File [C:/Users/ayala/Documents/GitHub/VJ3-test/MapProject 4.22/Saved/Config/Windows/Engine.ini]
[2020.03.19-20.31.32:818][  0]LogConfig: Setting CVar [[gc.MaxObjectsNotConsideredByGC:1]]
[2020.03.19-20.31.32:818][  0]LogConfig: Setting CVar [[gc.SizeOfPermanentObjectPool:0]]
[2020.03.19-20.31.32:818][  0]LogConfig: Setting CVar [[gc.FlushStreamingOnGC:0]]
[2020.03.19-20.31.32:818][  0]LogConfig: Setting CVar [[gc.NumRetriesBeforeForcingGC:10]]
[2020.03.19-20.31.32:818][  0]LogConfig: Setting CVar [[gc.AllowParallelGC:1]]
[2020.03.19-20.31.32:818][  0]LogConfig: Setting CVar [[gc.TimeBetweenPurgingPendingKillObjects:61.1]]
[2020.03.19-20.31.32:818][  0]LogConfig: Setting CVar [[gc.MaxObjectsInEditor:16777216]]
[2020.03.19-20.31.32:818][  0]LogConfig: Setting CVar [[gc.IncrementalBeginDestroyEnabled:1]]
[2020.03.19-20.31.32:818][  0]LogConfig: Setting CVar [[gc.CreateGCClusters:1]]
[2020.03.19-20.31.32:818][  0]LogConfig: Setting CVar [[gc.MinGCClusterSize:5]]
[2020.03.19-20.31.32:818][  0]LogConfig: Setting CVar [[gc.ActorClusteringEnabled:0]]
[2020.03.19-20.31.32:818][  0]LogConfig: Setting CVar [[gc.BlueprintClusteringEnabled:0]]
[2020.03.19-20.31.32:818][  0]LogConfig: Setting CVar [[gc.UseDisregardForGCOnDedicatedServers:0]]
[2020.03.19-20.31.32:819][  0]LogConfig: Applying CVar settings from Section [/Script/Engine.NetworkSettings] File [C:/Users/ayala/Documents/GitHub/VJ3-test/MapProject 4.22/Saved/Config/Windows/Engine.ini]
[2020.03.19-20.31.32:819][  0]LogConfig: Applying CVar settings from Section [/Script/UnrealEd.CookerSettings] File [C:/Users/ayala/Documents/GitHub/VJ3-test/MapProject 4.22/Saved/Config/Windows/Engine.ini]
[2020.03.19-20.31.32:908][  0]LogConfig: Applying CVar settings from Section [ViewDistanceQuality@3] File [C:/Users/ayala/Documents/GitHub/VJ3-test/MapProject 4.22/Saved/Config/Windows/Scalability.ini]
[2020.03.19-20.31.32:908][  0]LogConfig: Setting CVar [[r.SkeletalMeshLODBias:0]]
[2020.03.19-20.31.32:908][  0]LogConfig: Setting CVar [[r.ViewDistanceScale:1.0]]
[2020.03.19-20.31.32:908][  0]LogConfig: Applying CVar settings from Section [AntiAliasingQuality@3] File [C:/Users/ayala/Documents/GitHub/VJ3-test/MapProject 4.22/Saved/Config/Windows/Scalability.ini]
[2020.03.19-20.31.32:908][  0]LogConfig: Setting CVar [[r.PostProcessAAQuality:4]]
[2020.03.19-20.31.32:908][  0]LogConfig: Applying CVar settings from Section [ShadowQuality@3] File [C:/Users/ayala/Documents/GitHub/VJ3-test/MapProject 4.22/Saved/Config/Windows/Scalability.ini]
[2020.03.19-20.31.32:908][  0]LogConfig: Setting CVar [[r.LightFunctionQuality:1]]
[2020.03.19-20.31.32:908][  0]LogConfig: Setting CVar [[r.ShadowQuality:5]]
[2020.03.19-20.31.32:908][  0]LogConfig: Setting CVar [[r.Shadow.CSM.MaxCascades:10]]
[2020.03.19-20.31.32:908][  0]LogConfig: Setting CVar [[r.Shadow.MaxResolution:2048]]
[2020.03.19-20.31.32:909][  0]LogConfig: Setting CVar [[r.Shadow.MaxCSMResolution:2048]]
[2020.03.19-20.31.32:909][  0]LogConfig: Setting CVar [[r.Shadow.RadiusThreshold:0.01]]
[2020.03.19-20.31.32:909][  0]LogConfig: Setting CVar [[r.Shadow.DistanceScale:1.0]]
[2020.03.19-20.31.32:909][  0]LogConfig: Setting CVar [[r.Shadow.CSM.TransitionScale:1.0]]
[2020.03.19-20.31.32:909][  0]LogConfig: Setting CVar [[r.Shadow.PreShadowResolutionFactor:1.0]]
[2020.03.19-20.31.32:909][  0]LogConfig: Setting CVar [[r.DistanceFieldShadowing:1]]
[2020.03.19-20.31.32:909][  0]LogConfig: Setting CVar [[r.DistanceFieldAO:1]]
[2020.03.19-20.31.32:909][  0]LogConfig: Setting CVar [[r.AOQuality:2]]
[2020.03.19-20.31.32:909][  0]LogConfig: Setting CVar [[r.VolumetricFog:1]]
[2020.03.19-20.31.32:909][  0]LogConfig: Setting CVar [[r.VolumetricFog.GridPixelSize:8]]
[2020.03.19-20.31.32:909][  0]LogConfig: Setting CVar [[r.VolumetricFog.GridSizeZ:128]]
[2020.03.19-20.31.32:909][  0]LogConfig: Setting CVar [[r.VolumetricFog.HistoryMissSupersampleCount:4]]
[2020.03.19-20.31.32:909][  0]LogConfig: Setting CVar [[r.LightMaxDrawDistanceScale:1]]
[2020.03.19-20.31.32:909][  0]LogConfig: Setting CVar [[r.CapsuleShadows:1]]
[2020.03.19-20.31.32:909][  0]LogConfig: Applying CVar settings from Section [PostProcessQuality@3] File [C:/Users/ayala/Documents/GitHub/VJ3-test/MapProject 4.22/Saved/Config/Windows/Scalability.ini]
[2020.03.19-20.31.32:909][  0]LogConfig: Setting CVar [[r.MotionBlurQuality:4]]
[2020.03.19-20.31.32:909][  0]LogConfig: Setting CVar [[r.AmbientOcclusionMipLevelFactor:0.4]]
[2020.03.19-20.31.32:910][  0]LogConfig: Setting CVar [[r.AmbientOcclusionMaxQuality:100]]
[2020.03.19-20.31.32:910][  0]LogConfig: Setting CVar [[r.AmbientOcclusionLevels:-1]]
[2020.03.19-20.31.32:910][  0]LogConfig: Setting CVar [[r.AmbientOcclusionRadiusScale:1.0]]
[2020.03.19-20.31.32:910][  0]LogConfig: Setting CVar [[r.DepthOfFieldQuality:2]]
[2020.03.19-20.31.32:910][  0]LogConfig: Setting CVar [[r.RenderTargetPoolMin:400]]
[2020.03.19-20.31.32:910][  0]LogConfig: Setting CVar [[r.LensFlareQuality:2]]
[2020.03.19-20.31.32:910][  0]LogConfig: Setting CVar [[r.SceneColorFringeQuality:1]]
[2020.03.19-20.31.32:910][  0]LogConfig: Setting CVar [[r.EyeAdaptationQuality:2]]
[2020.03.19-20.31.32:910][  0]LogConfig: Setting CVar [[r.BloomQuality:5]]
[2020.03.19-20.31.32:910][  0]LogConfig: Setting CVar [[r.FastBlurThreshold:100]]
[2020.03.19-20.31.32:910][  0]LogConfig: Setting CVar [[r.Upscale.Quality:3]]
[2020.03.19-20.31.32:910][  0]LogConfig: Setting CVar [[r.Tonemapper.GrainQuantization:1]]
[2020.03.19-20.31.32:910][  0]LogConfig: Setting CVar [[r.LightShaftQuality:1]]
[2020.03.19-20.31.32:910][  0]LogConfig: Setting CVar [[r.Filter.SizeScale:1]]
[2020.03.19-20.31.32:910][  0]LogConfig: Setting CVar [[r.Tonemapper.Quality:5]]
[2020.03.19-20.31.32:910][  0]LogConfig: Setting CVar [[r.DOF.Gather.AccumulatorQuality:1        ; higher gathering accumulator quality]]
[2020.03.19-20.31.32:910][  0]LogConfig: Setting CVar [[r.DOF.Gather.PostfilterMethod:1          ; Median3x3 postfilering method]]
[2020.03.19-20.31.32:910][  0]LogConfig: Setting CVar [[r.DOF.Gather.EnableBokehSettings:0       ; no bokeh simulation when gathering]]
[2020.03.19-20.31.32:910][  0]LogConfig: Setting CVar [[r.DOF.Gather.RingCount:4                 ; medium number of samples when gathering]]
[2020.03.19-20.31.32:911][  0]LogConfig: Setting CVar [[r.DOF.Scatter.ForegroundCompositing:1    ; additive foreground scattering]]
[2020.03.19-20.31.32:911][  0]LogConfig: Setting CVar [[r.DOF.Scatter.BackgroundCompositing:2    ; additive background scattering]]
[2020.03.19-20.31.32:911][  0]LogConfig: Setting CVar [[r.DOF.Scatter.EnableBokehSettings:1      ; bokeh simulation when scattering]]
[2020.03.19-20.31.32:911][  0]LogConfig: Setting CVar [[r.DOF.Scatter.MaxSpriteRatio:0.1         ; only a maximum of 10% of scattered bokeh]]
[2020.03.19-20.31.32:911][  0]LogConfig: Setting CVar [[r.DOF.Recombine.Quality:1                ; cheap slight out of focus]]
[2020.03.19-20.31.32:911][  0]LogConfig: Setting CVar [[r.DOF.Recombine.EnableBokehSettings:0    ; no bokeh simulation on slight out of focus]]
[2020.03.19-20.31.32:911][  0]LogConfig: Setting CVar [[r.DOF.TemporalAAQuality:1                ; more stable temporal accumulation]]
[2020.03.19-20.31.32:911][  0]LogConfig: Setting CVar [[r.DOF.Kernel.MaxForegroundRadius:0.025]]
[2020.03.19-20.31.32:911][  0]LogConfig: Setting CVar [[r.DOF.Kernel.MaxBackgroundRadius:0.025]]
[2020.03.19-20.31.32:911][  0]LogConfig: Applying CVar settings from Section [TextureQuality@3] File [C:/Users/ayala/Documents/GitHub/VJ3-test/MapProject 4.22/Saved/Config/Windows/Scalability.ini]
[2020.03.19-20.31.32:911][  0]LogConfig: Setting CVar [[r.Streaming.MipBias:0]]
[2020.03.19-20.31.32:911][  0]LogConfig: Setting CVar [[r.Streaming.AmortizeCPUToGPUCopy:0]]
[2020.03.19-20.31.32:911][  0]LogConfig: Setting CVar [[r.Streaming.MaxNumTexturesToStreamPerFrame:0]]
[2020.03.19-20.31.32:911][  0]LogConfig: Setting CVar [[r.Streaming.Boost:1]]
[2020.03.19-20.31.32:911][  0]LogConfig: Setting CVar [[r.MaxAnisotropy:8]]
[2020.03.19-20.31.32:911][  0]LogConfig: Setting CVar [[r.Streaming.LimitPoolSizeToVRAM:0]]
[2020.03.19-20.31.32:911][  0]LogConfig: Setting CVar [[r.Streaming.PoolSize:1000]]
[2020.03.19-20.31.32:911][  0]LogConfig: Setting CVar [[r.Streaming.MaxEffectiveScreenSize:0]]
[2020.03.19-20.31.32:912][  0]LogConfig: Applying CVar settings from Section [EffectsQuality@3] File [C:/Users/ayala/Documents/GitHub/VJ3-test/MapProject 4.22/Saved/Config/Windows/Scalability.ini]
[2020.03.19-20.31.32:912][  0]LogConfig: Setting CVar [[r.TranslucencyLightingVolumeDim:64]]
[2020.03.19-20.31.32:912][  0]LogConfig: Setting CVar [[r.RefractionQuality:2]]
[2020.03.19-20.31.32:912][  0]LogConfig: Setting CVar [[r.SSR.Quality:3]]
[2020.03.19-20.31.32:912][  0]LogConfig: Setting CVar [[r.SceneColorFormat:4]]
[2020.03.19-20.31.32:912][  0]LogConfig: Setting CVar [[r.DetailMode:2]]
[2020.03.19-20.31.32:912][  0]LogConfig: Setting CVar [[r.TranslucencyVolumeBlur:1]]
[2020.03.19-20.31.32:912][  0]LogConfig: Setting CVar [[r.MaterialQualityLevel:1 ; High quality]]
[2020.03.19-20.31.32:912][  0]LogConfig: Setting CVar [[r.SSS.Scale:1]]
[2020.03.19-20.31.32:912][  0]LogConfig: Setting CVar [[r.SSS.SampleSet:2]]
[2020.03.19-20.31.32:912][  0]LogConfig: Setting CVar [[r.SSS.Quality:1]]
[2020.03.19-20.31.32:912][  0]LogConfig: Setting CVar [[r.SSS.HalfRes:1]]
[2020.03.19-20.31.32:912][  0]LogConfig: Setting CVar [[r.EmitterSpawnRateScale:1.0]]
[2020.03.19-20.31.32:912][  0]LogConfig: Setting CVar [[r.ParticleLightQuality:2]]
[2020.03.19-20.31.32:912][  0]LogConfig: Applying CVar settings from Section [FoliageQuality@3] File [C:/Users/ayala/Documents/GitHub/VJ3-test/MapProject 4.22/Saved/Config/Windows/Scalability.ini]
[2020.03.19-20.31.32:912][  0]LogConfig: Setting CVar [[foliage.DensityScale:1.0]]
[2020.03.19-20.31.32:912][  0]LogConfig: Setting CVar [[grass.DensityScale:1.0]]
[2020.03.19-20.31.33:003][  0]LogInit: Selected Device Profile: [Windows]
[2020.03.19-20.31.33:003][  0]LogInit: Applying CVar settings loaded from the selected device profile: [Windows]
[2020.03.19-20.31.33:561][  0]LogHAL: Display: Platform has ~ 8 GB [8443301888 / 8589934592 / 8], which maps to Default [LargestMinGB=32, LargerMinGB=12, DefaultMinGB=8, SmallerMinGB=6, SmallestMinGB=0)
[2020.03.19-20.31.33:584][  0]LogConfig: Setting CVar [[r.Vulkan.UseRealUBs:0		; Required until we fix HLR fall-out]]
[2020.03.19-20.31.33:584][  0]LogInit: Going up to parent DeviceProfile []
[2020.03.19-20.31.33:586][  0]LogConfig: Applying CVar settings from Section [ViewDistanceQuality@3] File [C:/Users/ayala/Documents/GitHub/VJ3-test/MapProject 4.22/Saved/Config/Windows/Scalability.ini]
[2020.03.19-20.31.33:586][  0]LogConfig: Setting CVar [[r.SkeletalMeshLODBias:0]]
[2020.03.19-20.31.33:586][  0]LogConfig: Setting CVar [[r.ViewDistanceScale:1.0]]
[2020.03.19-20.31.33:586][  0]LogConfig: Applying CVar settings from Section [AntiAliasingQuality@3] File [C:/Users/ayala/Documents/GitHub/VJ3-test/MapProject 4.22/Saved/Config/Windows/Scalability.ini]
[2020.03.19-20.31.33:586][  0]LogConfig: Setting CVar [[r.PostProcessAAQuality:4]]
[2020.03.19-20.31.33:586][  0]LogConfig: Applying CVar settings from Section [ShadowQuality@3] File [C:/Users/ayala/Documents/GitHub/VJ3-test/MapProject 4.22/Saved/Config/Windows/Scalability.ini]
[2020.03.19-20.31.33:586][  0]LogConfig: Setting CVar [[r.LightFunctionQuality:1]]
[2020.03.19-20.31.33:586][  0]LogConfig: Setting CVar [[r.ShadowQuality:5]]
[2020.03.19-20.31.33:586][  0]LogConfig: Setting CVar [[r.Shadow.CSM.MaxCascades:10]]
[2020.03.19-20.31.33:586][  0]LogConfig: Setting CVar [[r.Shadow.MaxResolution:2048]]
[2020.03.19-20.31.33:587][  0]LogConfig: Setting CVar [[r.Shadow.MaxCSMResolution:2048]]
[2020.03.19-20.31.33:587][  0]LogConfig: Setting CVar [[r.Shadow.RadiusThreshold:0.01]]
[2020.03.19-20.31.33:587][  0]LogConfig: Setting CVar [[r.Shadow.DistanceScale:1.0]]
[2020.03.19-20.31.33:587][  0]LogConfig: Setting CVar [[r.Shadow.CSM.TransitionScale:1.0]]
[2020.03.19-20.31.33:587][  0]LogConfig: Setting CVar [[r.Shadow.PreShadowResolutionFactor:1.0]]
[2020.03.19-20.31.33:587][  0]LogConfig: Setting CVar [[r.DistanceFieldShadowing:1]]
[2020.03.19-20.31.33:587][  0]LogConfig: Setting CVar [[r.DistanceFieldAO:1]]
[2020.03.19-20.31.33:587][  0]LogConfig: Setting CVar [[r.AOQuality:2]]
[2020.03.19-20.31.33:587][  0]LogConfig: Setting CVar [[r.VolumetricFog:1]]
[2020.03.19-20.31.33:587][  0]LogConfig: Setting CVar [[r.VolumetricFog.GridPixelSize:8]]
[2020.03.19-20.31.33:587][  0]LogConfig: Setting CVar [[r.VolumetricFog.GridSizeZ:128]]
[2020.03.19-20.31.33:587][  0]LogConfig: Setting CVar [[r.VolumetricFog.HistoryMissSupersampleCount:4]]
[2020.03.19-20.31.33:587][  0]LogConfig: Setting CVar [[r.LightMaxDrawDistanceScale:1]]
[2020.03.19-20.31.33:587][  0]LogConfig: Setting CVar [[r.CapsuleShadows:1]]
[2020.03.19-20.31.33:587][  0]LogConfig: Applying CVar settings from Section [PostProcessQuality@3] File [C:/Users/ayala/Documents/GitHub/VJ3-test/MapProject 4.22/Saved/Config/Windows/Scalability.ini]
[2020.03.19-20.31.33:587][  0]LogConfig: Setting CVar [[r.MotionBlurQuality:4]]
[2020.03.19-20.31.33:588][  0]LogConfig: Setting CVar [[r.AmbientOcclusionMipLevelFactor:0.4]]
[2020.03.19-20.31.33:588][  0]LogConfig: Setting CVar [[r.AmbientOcclusionMaxQuality:100]]
[2020.03.19-20.31.33:588][  0]LogConfig: Setting CVar [[r.AmbientOcclusionLevels:-1]]
[2020.03.19-20.31.33:588][  0]LogConfig: Setting CVar [[r.AmbientOcclusionRadiusScale:1.0]]
[2020.03.19-20.31.33:588][  0]LogConfig: Setting CVar [[r.DepthOfFieldQuality:2]]
[2020.03.19-20.31.33:588][  0]LogConfig: Setting CVar [[r.RenderTargetPoolMin:400]]
[2020.03.19-20.31.33:588][  0]LogConfig: Setting CVar [[r.LensFlareQuality:2]]
[2020.03.19-20.31.33:588][  0]LogConfig: Setting CVar [[r.SceneColorFringeQuality:1]]
[2020.03.19-20.31.33:588][  0]LogConfig: Setting CVar [[r.EyeAdaptationQuality:2]]
[2020.03.19-20.31.33:588][  0]LogConfig: Setting CVar [[r.BloomQuality:5]]
[2020.03.19-20.31.33:588][  0]LogConfig: Setting CVar [[r.FastBlurThreshold:100]]
[2020.03.19-20.31.33:588][  0]LogConfig: Setting CVar [[r.Upscale.Quality:3]]
[2020.03.19-20.31.33:588][  0]LogConfig: Setting CVar [[r.Tonemapper.GrainQuantization:1]]
[2020.03.19-20.31.33:588][  0]LogConfig: Setting CVar [[r.LightShaftQuality:1]]
[2020.03.19-20.31.33:588][  0]LogConfig: Setting CVar [[r.Filter.SizeScale:1]]
[2020.03.19-20.31.33:588][  0]LogConfig: Setting CVar [[r.Tonemapper.Quality:5]]
[2020.03.19-20.31.33:588][  0]LogConfig: Setting CVar [[r.DOF.Gather.AccumulatorQuality:1        ; higher gathering accumulator quality]]
[2020.03.19-20.31.33:588][  0]LogConfig: Setting CVar [[r.DOF.Gather.PostfilterMethod:1          ; Median3x3 postfilering method]]
[2020.03.19-20.31.33:588][  0]LogConfig: Setting CVar [[r.DOF.Gather.EnableBokehSettings:0       ; no bokeh simulation when gathering]]
[2020.03.19-20.31.33:589][  0]LogConfig: Setting CVar [[r.DOF.Gather.RingCount:4                 ; medium number of samples when gathering]]
[2020.03.19-20.31.33:589][  0]LogConfig: Setting CVar [[r.DOF.Scatter.ForegroundCompositing:1    ; additive foreground scattering]]
[2020.03.19-20.31.33:589][  0]LogConfig: Setting CVar [[r.DOF.Scatter.BackgroundCompositing:2    ; additive background scattering]]
[2020.03.19-20.31.33:589][  0]LogConfig: Setting CVar [[r.DOF.Scatter.EnableBokehSettings:1      ; bokeh simulation when scattering]]
[2020.03.19-20.31.33:589][  0]LogConfig: Setting CVar [[r.DOF.Scatter.MaxSpriteRatio:0.1         ; only a maximum of 10% of scattered bokeh]]
[2020.03.19-20.31.33:589][  0]LogConfig: Setting CVar [[r.DOF.Recombine.Quality:1                ; cheap slight out of focus]]
[2020.03.19-20.31.33:589][  0]LogConfig: Setting CVar [[r.DOF.Recombine.EnableBokehSettings:0    ; no bokeh simulation on slight out of focus]]
[2020.03.19-20.31.33:589][  0]LogConfig: Setting CVar [[r.DOF.TemporalAAQuality:1                ; more stable temporal accumulation]]
[2020.03.19-20.31.33:589][  0]LogConfig: Setting CVar [[r.DOF.Kernel.MaxForegroundRadius:0.025]]
[2020.03.19-20.31.33:589][  0]LogConfig: Setting CVar [[r.DOF.Kernel.MaxBackgroundRadius:0.025]]
[2020.03.19-20.31.33:589][  0]LogConfig: Applying CVar settings from Section [TextureQuality@3] File [C:/Users/ayala/Documents/GitHub/VJ3-test/MapProject 4.22/Saved/Config/Windows/Scalability.ini]
[2020.03.19-20.31.33:589][  0]LogConfig: Setting CVar [[r.Streaming.MipBias:0]]
[2020.03.19-20.31.33:589][  0]LogConfig: Setting CVar [[r.Streaming.AmortizeCPUToGPUCopy:0]]
[2020.03.19-20.31.33:589][  0]LogConfig: Setting CVar [[r.Streaming.MaxNumTexturesToStreamPerFrame:0]]
[2020.03.19-20.31.33:589][  0]LogConfig: Setting CVar [[r.Streaming.Boost:1]]
[2020.03.19-20.31.33:589][  0]LogConfig: Setting CVar [[r.MaxAnisotropy:8]]
[2020.03.19-20.31.33:589][  0]LogConfig: Setting CVar [[r.Streaming.LimitPoolSizeToVRAM:0]]
[2020.03.19-20.31.33:590][  0]LogConfig: Setting CVar [[r.Streaming.PoolSize:1000]]
[2020.03.19-20.31.33:590][  0]LogConfig: Setting CVar [[r.Streaming.MaxEffectiveScreenSize:0]]
[2020.03.19-20.31.33:590][  0]LogConfig: Applying CVar settings from Section [EffectsQuality@3] File [C:/Users/ayala/Documents/GitHub/VJ3-test/MapProject 4.22/Saved/Config/Windows/Scalability.ini]
[2020.03.19-20.31.33:590][  0]LogConfig: Setting CVar [[r.TranslucencyLightingVolumeDim:64]]
[2020.03.19-20.31.33:590][  0]LogConfig: Setting CVar [[r.RefractionQuality:2]]
[2020.03.19-20.31.33:590][  0]LogConfig: Setting CVar [[r.SSR.Quality:3]]
[2020.03.19-20.31.33:590][  0]LogConfig: Setting CVar [[r.SceneColorFormat:4]]
[2020.03.19-20.31.33:590][  0]LogConfig: Setting CVar [[r.DetailMode:2]]
[2020.03.19-20.31.33:590][  0]LogConfig: Setting CVar [[r.TranslucencyVolumeBlur:1]]
[2020.03.19-20.31.33:590][  0]LogConfig: Setting CVar [[r.MaterialQualityLevel:1 ; High quality]]
[2020.03.19-20.31.33:590][  0]LogConfig: Setting CVar [[r.SSS.Scale:1]]
[2020.03.19-20.31.33:590][  0]LogConfig: Setting CVar [[r.SSS.SampleSet:2]]
[2020.03.19-20.31.33:590][  0]LogConfig: Setting CVar [[r.SSS.Quality:1]]
[2020.03.19-20.31.33:590][  0]LogConfig: Setting CVar [[r.SSS.HalfRes:1]]
[2020.03.19-20.31.33:590][  0]LogConfig: Setting CVar [[r.EmitterSpawnRateScale:1.0]]
[2020.03.19-20.31.33:590][  0]LogConfig: Setting CVar [[r.ParticleLightQuality:2]]
[2020.03.19-20.31.33:590][  0]LogConfig: Applying CVar settings from Section [FoliageQuality@3] File [C:/Users/ayala/Documents/GitHub/VJ3-test/MapProject 4.22/Saved/Config/Windows/Scalability.ini]
[2020.03.19-20.31.33:590][  0]LogConfig: Setting CVar [[foliage.DensityScale:1.0]]
[2020.03.19-20.31.33:590][  0]LogConfig: Setting CVar [[grass.DensityScale:1.0]]
[2020.03.19-20.31.33:591][  0]LogConfig: Applying CVar settings from Section [Startup] File [../../../Engine/Config/ConsoleVariables.ini]
[2020.03.19-20.31.33:620][  0]LogConfig: Setting CVar [[net.UseAdaptiveNetUpdateFrequency:0]]
[2020.03.19-20.31.33:620][  0]LogConfig: Setting CVar [[p.chaos.AllowCreatePhysxBodies:1]]
[2020.03.19-20.31.33:620][  0]LogConfig: Applying CVar settings from Section [ConsoleVariables] File [C:/Users/ayala/Documents/GitHub/VJ3-test/MapProject 4.22/Saved/Config/Windows/Engine.ini]
[2020.03.19-20.31.33:621][  0]LogInit: Computer: DESKTOP-8J0KLND
[2020.03.19-20.31.33:621][  0]LogInit: User: ayala
[2020.03.19-20.31.33:621][  0]LogInit: CPU Page size=4096, Cores=4
[2020.03.19-20.31.33:621][  0]LogInit: High frequency timer resolution =10.000000 MHz
[2020.03.19-20.31.33:634][  0]LogMemory: Memory total: Physical=7.9GB (8GB approx)
[2020.03.19-20.31.33:634][  0]LogMemory: Platform Memory Stats for Windows
[2020.03.19-20.31.33:634][  0]LogMemory: Process Physical Memory: 98.09 MB used, 98.09 MB peak
[2020.03.19-20.31.33:634][  0]LogMemory: Process Virtual Memory: 90.43 MB used, 90.43 MB peak
[2020.03.19-20.31.33:634][  0]LogMemory: Physical Memory: 6418.98 MB used,  1633.18 MB free, 8052.16 MB total
[2020.03.19-20.31.33:635][  0]LogMemory: Virtual Memory: 4644.36 MB used,  134213080.00 MB free, 134217728.00 MB total
[2020.03.19-20.31.35:566][  0]LogInit: Using OS detected language (es-MX).
[2020.03.19-20.31.35:566][  0]LogInit: Using OS detected locale (es-MX).
[2020.03.19-20.31.35:667][  0]LogTextLocalizationResource: LocRes '../../../Engine/Content/Localization/Editor/es-MX/Editor.locres' could not be opened for reading!
[2020.03.19-20.31.35:667][  0]LogTextLocalizationResource: LocRes '../../../Engine/Content/Localization/EditorTutorials/es-MX/EditorTutorials.locres' could not be opened for reading!
[2020.03.19-20.31.35:668][  0]LogTextLocalizationResource: LocRes '../../../Engine/Content/Localization/Keywords/es-MX/Keywords.locres' could not be opened for reading!
[2020.03.19-20.31.35:668][  0]LogTextLocalizationResource: LocRes '../../../Engine/Content/Localization/Category/es-MX/Category.locres' could not be opened for reading!
[2020.03.19-20.31.35:683][  0]LogTextLocalizationResource: LocRes '../../../Engine/Content/Localization/ToolTips/es-MX/ToolTips.locres' could not be opened for reading!
[2020.03.19-20.31.35:685][  0]LogTextLocalizationResource: LocRes '../../../Engine/Content/Localization/PropertyNames/es-MX/PropertyNames.locres' could not be opened for reading!
[2020.03.19-20.31.35:686][  0]LogTextLocalizationResource: LocRes '../../../Engine/Content/Localization/Engine/es-MX/Engine.locres' could not be opened for reading!
[2020.03.19-20.31.35:686][  0]LogTextLocalizationResource: LocRes '../../../Engine/Plugins/Online/Android/OnlineSubsystemGooglePlay/Content/Localization/OnlineSubsystemGooglePlay/es-MX/OnlineSubsystemGooglePlay.locres' could not be opened for reading!
[2020.03.19-20.31.35:687][  0]LogTextLocalizationResource: LocRes '../../../Engine/Plugins/Online/IOS/OnlineSubsystemIOS/Content/Localization/OnlineSubsystemIOS/es-MX/OnlineSubsystemIOS.locres' could not be opened for reading!
[2020.03.19-20.31.35:717][  0]LogTextLocalizationResource: LocRes '../../../Engine/Plugins/Online/OnlineSubsystemUtils/Content/Localization/OnlineSubsystemUtils/es-MX/OnlineSubsystemUtils.locres' could not be opened for reading!
[2020.03.19-20.31.36:490][  0]LogInit: Setting process to per monitor DPI aware
[2020.03.19-20.31.37:906][  0]LogSlate: New Slate User Created.  User Index 0, Is Virtual User: 0
[2020.03.19-20.31.37:906][  0]LogSlate: Slate User Registered.  User Index 0, Is Virtual User: 0
[2020.03.19-20.31.43:943][  0]LogHMD: Failed to initialize OpenVR with code 110
[2020.03.19-20.31.43:943][  0]LogD3D11RHI: D3D11 adapters:
[2020.03.19-20.31.46:765][  0]LogD3D11RHI:    0. 'NVIDIA GeForce GTX 1060' (Feature Level 11_0)
[2020.03.19-20.31.46:765][  0]LogD3D11RHI:       6052/0/4026 MB DedicatedVideo/DedicatedSystem/SharedSystem, Outputs:1, VendorId:0x10de
[2020.03.19-20.31.47:708][  0]LogD3D11RHI:    1. 'Intel(R) HD Graphics 630' (Feature Level 11_0)
[2020.03.19-20.31.47:708][  0]LogD3D11RHI:       128/0/4026 MB DedicatedVideo/DedicatedSystem/SharedSystem, Outputs:0, VendorId:0x8086
[2020.03.19-20.31.47:800][  0]LogD3D11RHI:    2. 'Microsoft Basic Render Driver' (Feature Level 11_0)
[2020.03.19-20.31.47:800][  0]LogD3D11RHI:       0/0/4026 MB DedicatedVideo/DedicatedSystem/SharedSystem, Outputs:0, VendorId:0x1414
[2020.03.19-20.31.47:800][  0]LogD3D11RHI: Chosen D3D11 Adapter: 0
[2020.03.19-20.31.48:014][  0]LogD3D11RHI: Creating new Direct3DDevice
[2020.03.19-20.31.48:015][  0]LogD3D11RHI:     GPU DeviceId: 0x1c20 (for the marketing name, search the web for "GPU Device Id")
[2020.03.19-20.31.48:015][  0]LogWindows: EnumDisplayDevices:
[2020.03.19-20.31.48:016][  0]LogWindows:    0. 'Intel(R) HD Graphics 630' (P:1 D:1)
[2020.03.19-20.31.48:017][  0]LogWindows:    1. 'Intel(R) HD Graphics 630' (P:0 D:0)
[2020.03.19-20.31.48:018][  0]LogWindows:    2. 'Intel(R) HD Graphics 630' (P:0 D:0)
[2020.03.19-20.31.48:020][  0]LogWindows:    3. 'NVIDIA GeForce GTX 1060' (P:0 D:0)
[2020.03.19-20.31.48:021][  0]LogWindows:    4. 'NVIDIA GeForce GTX 1060' (P:0 D:0)
[2020.03.19-20.31.48:022][  0]LogWindows:    5. 'NVIDIA GeForce GTX 1060' (P:0 D:0)
[2020.03.19-20.31.48:023][  0]LogWindows:    6. 'NVIDIA GeForce GTX 1060' (P:0 D:0)
[2020.03.19-20.31.48:024][  0]LogWindows: DebugString: PrimaryIsNotTheChoosenAdapter PrimaryIsNotTheChoosenAdapter PrimaryIsNotTheChoosenAdapter FoundDriverCount:4 
[2020.03.19-20.31.48:024][  0]LogD3D11RHI:     Adapter Name: NVIDIA GeForce GTX 1060
[2020.03.19-20.31.48:024][  0]LogD3D11RHI:   Driver Version: 441.66 (internal:26.21.14.4166, unified:441.66)
[2020.03.19-20.31.48:024][  0]LogD3D11RHI:      Driver Date: 12-6-2019
[2020.03.19-20.31.48:024][  0]LogRHI: Texture pool is 4236 MB (70% of 6052 MB)
[2020.03.19-20.31.48:306][  0]LogD3D11RHI: Async texture creation enabled
[2020.03.19-20.31.48:648][  0]LogRendererCore: FGlobalReadBuffer::InitRHI
[2020.03.19-20.31.48:664][  0]LogRendererCore: FGlobalReadBuffer::InitRHI
[2020.03.19-20.31.48:664][  0]LogRendererCore: FGlobalReadBuffer::InitRHI
[2020.03.19-20.31.48:755][  0]LogD3D11RHI: GPU Timing Frequency: 1000.000000 (Debug: 2 1)
[2020.03.19-20.31.52:993][  0]LogTemp: Display: Module 'AllDesktopTargetPlatform' loaded TargetPlatform 'AllDesktop'
[2020.03.19-20.31.53:023][  0]LogTemp: Display: Module 'MacClientTargetPlatform' loaded TargetPlatform 'MacClient'
[2020.03.19-20.31.53:041][  0]LogTemp: Display: Module 'MacNoEditorTargetPlatform' loaded TargetPlatform 'MacNoEditor'
[2020.03.19-20.31.53:057][  0]LogTemp: Display: Module 'MacServerTargetPlatform' loaded TargetPlatform 'MacServer'
[2020.03.19-20.31.53:118][  0]LogTemp: Display: Module 'MacTargetPlatform' loaded TargetPlatform 'Mac'
[2020.03.19-20.31.53:164][  0]LogTemp: Display: Module 'WindowsClientTargetPlatform' loaded TargetPlatform 'WindowsClient'
[2020.03.19-20.31.53:253][  0]LogTemp: Display: Module 'WindowsNoEditorTargetPlatform' loaded TargetPlatform 'WindowsNoEditor'
[2020.03.19-20.31.53:307][  0]LogTemp: Display: Module 'WindowsServerTargetPlatform' loaded TargetPlatform 'WindowsServer'
[2020.03.19-20.31.53:322][  0]LogTemp: Display: Module 'WindowsTargetPlatform' loaded TargetPlatform 'Windows'
[2020.03.19-20.31.53:598][  0]LogTemp: Display: Module 'AndroidTargetPlatform' loaded TargetPlatform 'Android'
[2020.03.19-20.31.53:598][  0]LogTemp: Display: Module 'AndroidTargetPlatform' loaded TargetPlatform 'Android_ASTC'
[2020.03.19-20.31.53:598][  0]LogTemp: Display: Module 'AndroidTargetPlatform' loaded TargetPlatform 'Android_ATC'
[2020.03.19-20.31.53:598][  0]LogTemp: Display: Module 'AndroidTargetPlatform' loaded TargetPlatform 'Android_DXT'
[2020.03.19-20.31.53:598][  0]LogTemp: Display: Module 'AndroidTargetPlatform' loaded TargetPlatform 'Android_ETC1'
[2020.03.19-20.31.53:598][  0]LogTemp: Display: Module 'AndroidTargetPlatform' loaded TargetPlatform 'Android_ETC1a'
[2020.03.19-20.31.53:598][  0]LogTemp: Display: Module 'AndroidTargetPlatform' loaded TargetPlatform 'Android_ETC2'
[2020.03.19-20.31.53:598][  0]LogTemp: Display: Module 'AndroidTargetPlatform' loaded TargetPlatform 'Android_PVRTC'
[2020.03.19-20.31.53:598][  0]LogTemp: Display: Module 'AndroidTargetPlatform' loaded TargetPlatform 'AndroidClient'
[2020.03.19-20.31.53:598][  0]LogTemp: Display: Module 'AndroidTargetPlatform' loaded TargetPlatform 'Android_ASTCClient'
[2020.03.19-20.31.53:598][  0]LogTemp: Display: Module 'AndroidTargetPlatform' loaded TargetPlatform 'Android_ATCClient'
[2020.03.19-20.31.53:598][  0]LogTemp: Display: Module 'AndroidTargetPlatform' loaded TargetPlatform 'Android_DXTClient'
[2020.03.19-20.31.53:598][  0]LogTemp: Display: Module 'AndroidTargetPlatform' loaded TargetPlatform 'Android_ETC1Client'
[2020.03.19-20.31.53:598][  0]LogTemp: Display: Module 'AndroidTargetPlatform' loaded TargetPlatform 'Android_ETC1aClient'
[2020.03.19-20.31.53:598][  0]LogTemp: Display: Module 'AndroidTargetPlatform' loaded TargetPlatform 'Android_ETC2Client'
[2020.03.19-20.31.53:598][  0]LogTemp: Display: Module 'AndroidTargetPlatform' loaded TargetPlatform 'Android_PVRTCClient'
[2020.03.19-20.31.53:598][  0]LogTemp: Display: Module 'AndroidTargetPlatform' loaded TargetPlatform 'Android_Multi'
[2020.03.19-20.31.53:598][  0]LogTemp: Display: Module 'AndroidTargetPlatform' loaded TargetPlatform 'Android_MultiClient'
[2020.03.19-20.31.53:650][  0]LogTemp: Display: Module 'HTML5TargetPlatform' loaded TargetPlatform 'HTML5'
[2020.03.19-20.31.53:923][  0]LogTemp: Display: Module 'IOSTargetPlatform' loaded TargetPlatform 'IOSClient'
[2020.03.19-20.31.53:923][  0]LogTemp: Display: Module 'IOSTargetPlatform' loaded TargetPlatform 'IOS'
[2020.03.19-20.31.54:010][  0]LogTemp: Display: Module 'TVOSTargetPlatform' loaded TargetPlatform 'TVOSClient'
[2020.03.19-20.31.54:010][  0]LogTemp: Display: Module 'TVOSTargetPlatform' loaded TargetPlatform 'TVOS'
[2020.03.19-20.31.54:038][  0]LogTemp: Display: Module 'LinuxClientTargetPlatform' loaded TargetPlatform 'LinuxClient'
[2020.03.19-20.31.54:062][  0]LogTemp: Display: Module 'LinuxNoEditorTargetPlatform' loaded TargetPlatform 'LinuxNoEditor'
[2020.03.19-20.31.54:088][  0]LogTemp: Display: Module 'LinuxServerTargetPlatform' loaded TargetPlatform 'LinuxServer'
[2020.03.19-20.31.54:135][  0]LogTemp: Display: Module 'LinuxTargetPlatform' loaded TargetPlatform 'Linux'
[2020.03.19-20.31.54:212][  0]LogTemp: Display: Module 'LuminTargetPlatform' loaded TargetPlatform 'Lumin'
[2020.03.19-20.31.54:212][  0]LogTemp: Display: Module 'LuminTargetPlatform' loaded TargetPlatform 'LuminClient'
[2020.03.19-20.31.54:212][  0]LogTargetPlatformManager: Display: Building Assets For Windows
[2020.03.19-20.31.54:677][  0]LogAudioDebug: Display: Lib vorbis DLL was dynamically loaded.
[2020.03.19-20.31.56:313][  0]LogShaderCompilers: Guid format shader working directory is -26 characters bigger than the processId version (../../../../../../Users/ayala/Documents/GitHub/VJ3-test/MapProject 4.22/Intermediate/Shaders/WorkingDirectory/14732/).
[2020.03.19-20.31.56:314][  0]LogShaderCompilers: Cleaned the shader compiler working directory 'C:/Users/ayala/AppData/Local/Temp/UnrealShaderWorkingDir/CDEFCB364E7EA07DD3C22685C5E5F798/'.
[2020.03.19-20.31.56:421][  0]LogXGEController: Cleaning working directory: C:/Users/ayala/AppData/Local/Temp/UnrealXGEWorkingDir/
[2020.03.19-20.31.56:422][  0]LogXGEController: Cannot use XGE Controller as Incredibuild is not installed on this machine.
[2020.03.19-20.31.56:423][  0]LogShaderCompilers: Cannot use XGE Shader Compiler as Incredibuild is not installed on this machine.
[2020.03.19-20.31.56:423][  0]LogShaderCompilers: Display: Using Local Shader Compiler.
[2020.03.19-20.32.02:529][  0]LogDerivedDataCache: Display: Max Cache Size: 512 MB
[2020.03.19-20.32.02:529][  0]LogDerivedDataCache: Display: Starting with empty Boot cache
[2020.03.19-20.32.02:530][  0]LogDerivedDataCache: FDerivedDataBackendGraph:  Pak pak cache file ../../../../../../Users/ayala/Documents/GitHub/VJ3-test/MapProject 4.22/DerivedDataCache/DDC.ddp not found, will not use a pak cache.
[2020.03.19-20.32.02:530][  0]LogDerivedDataCache: Unable to find inner node Pak for hierarchical cache Hierarchy.
[2020.03.19-20.32.02:530][  0]LogDerivedDataCache: FDerivedDataBackendGraph:  CompressedPak pak cache file ../../../../../../Users/ayala/Documents/GitHub/VJ3-test/MapProject 4.22/DerivedDataCache/Compressed.ddp not found, will not use a pak cache.
[2020.03.19-20.32.02:530][  0]LogDerivedDataCache: Unable to find inner node CompressedPak for hierarchical cache Hierarchy.
[2020.03.19-20.32.02:739][  0]LogDerivedDataCache: Display: Pak cache opened for reading ../../../Engine/DerivedDataCache/Compressed.ddp.
[2020.03.19-20.32.02:739][  0]LogDerivedDataCache: FDerivedDataBackendGraph:  EnterprisePak pak cache file ../../../Enterprise/DerivedDataCache/Compressed.ddp not found, will not use a pak cache.
[2020.03.19-20.32.02:739][  0]LogDerivedDataCache: Unable to find inner node EnterprisePak for hierarchical cache Hierarchy.
[2020.03.19-20.32.02:792][  0]LogDerivedDataCache: Using Local data cache path C:/Users/ayala/AppData/Local/UnrealEngine/Common/DerivedDataCache: Writable
[2020.03.19-20.32.02:792][  0]LogDerivedDataCache: Shared data cache path not found in *engine.ini, will not use an Shared cache.
[2020.03.19-20.32.02:792][  0]LogDerivedDataCache: Unable to find inner node Shared for hierarchical cache Hierarchy.
[2020.03.19-20.32.03:200][  0]LogMaterial: Verifying Global Shaders for PCD3D_SM5
[2020.03.19-20.32.03:468][  0]LogSlate: Using FreeType 2.6.0
[2020.03.19-20.32.03:796][  0]LogSlate: SlateFontServices - WITH_FREETYPE: 1, WITH_HARFBUZZ: 1
[2020.03.19-20.32.06:736][  0]LogAssetRegistry: FAssetRegistry took 0.0651 seconds to start up
[2020.03.19-20.32.12:763][  0]LogInit: Selected Device Profile: [Windows]
[2020.03.19-20.32.17:423][  0]LogMeshReduction: Using QuadricMeshReduction for automatic static mesh reduction
[2020.03.19-20.32.17:423][  0]LogMeshReduction: Using SimplygonMeshReduction for automatic skeletal mesh reduction
[2020.03.19-20.32.17:423][  0]LogMeshReduction: Using ProxyLODMeshReduction for automatic mesh merging
[2020.03.19-20.32.17:423][  0]LogMeshReduction: No distributed automatic mesh merging module available
[2020.03.19-20.32.17:425][  0]LogMeshMerging: No distributed automatic mesh merging module available
[2020.03.19-20.32.18:687][  0]LogNetVersion: Vis2 1.0.0, NetCL: 5660361, EngineNetVer: 10, GameNetVer: 0 (Checksum: 1012566908)
[2020.03.19-20.32.34:688][  0]LogPackageLocalizationCache: Processed 10 localized package path(s) for 2 prioritized culture(s) in 0.369161 seconds
[2020.03.19-20.32.34:768][  0]LogUObjectArray: 42205 objects as part of root set at end of initial load.
[2020.03.19-20.32.34:768][  0]LogUObjectAllocator: 7325032 out of 0 bytes used by permanent object pool.
[2020.03.19-20.32.34:768][  0]LogUObjectArray: CloseDisregardForGC: 0/0 objects in disregard for GC pool
[2020.03.19-20.33.22:086][  0]LogTcpMessaging: Initializing TcpMessaging bridge
[2020.03.19-20.33.22:251][  0]LogUdpMessaging: Initializing bridge on interface 0.0.0.0:0 to multicast group 230.0.0.1:6666.
[2020.03.19-20.33.25:711][  0]SourceControl: El control de código fuente está desactivado
[2020.03.19-20.33.25:744][  0]SourceControl: El control de código fuente está desactivado
[2020.03.19-20.33.26:328][  0]SourceControl: El control de código fuente está desactivado
[2020.03.19-20.33.26:435][  0]SourceControl: El control de código fuente está desactivado
[2020.03.19-20.33.26:719][  0]LogVSAccessor: Display: Unable to create Visual Studio setup instance: 80040154
[2020.03.19-20.33.26:722][  0]LogVSAccessor: Display: Unable to create Visual Studio setup instance: 80040154
[2020.03.19-20.33.33:027][  0]LogAndroidPermission: UAndroidPermissionCallbackProxy::GetInstance
[2020.03.19-20.33.35:466][  0]LogOcInput: OculusInput pre-init called
[2020.03.19-20.33.57:453][  0]LogEngine: Initializing Engine...
[2020.03.19-20.33.57:492][  0]LogHMD: Failed to initialize OpenVR with code 110
[2020.03.19-20.33.57:541][  0]LogStats: UGameplayTagsManager::InitializeManager -  0.018 s
[2020.03.19-20.33.59:685][  0]LogInit: Initializing FReadOnlyCVARCache
[2020.03.19-20.34.01:051][  0]LogAIModule: Creating AISystem for world Untitled
[2020.03.19-20.34.01:537][  0]LogInit: XAudio2 using 'Altavoces (Realtek High Definition Audio)' : 2 channels at 48 kHz using 32 bits per sample (channel mask 0x3)
[2020.03.19-20.34.02:148][  0]LogInit: FAudioDevice initialized.
[2020.03.19-20.34.02:151][  0]LogNetVersion: Set ProjectVersion to 1.0.0.0. Version Checksum will be recalculated on next use.
[2020.03.19-20.34.02:761][  0]LogDerivedDataCache: Saved boot cache 0.61s 73MB C:/Users/ayala/AppData/Local/UnrealEngine/4.22/DerivedDataCache/Boot.ddc.
[2020.03.19-20.34.02:793][  0]LogInit: Texture streaming: Enabled
[2020.03.19-20.34.03:503][  0]LogEngineSessionManager: EngineSessionManager initialized
[2020.03.19-20.34.06:141][  0]LogInit: Transaction tracking system initialized
[2020.03.19-20.34.17:775][  0]BlueprintLog: New page: Cargar el editor
[2020.03.19-20.34.26:615][  0]LocalizationService: Localization service is disabled
[2020.03.19-20.34.30:533][  0]LogVSAccessor: Display: Unable to create Visual Studio setup instance: 80040154
[2020.03.19-20.34.30:534][  0]LogVSAccessor: Display: Unable to create Visual Studio setup instance: 80040154
[2020.03.19-20.34.37:409][  0]LogFileCache: Scanning file cache for directory 'C:/Users/ayala/Documents/GitHub/VJ3-test/MapProject 4.22/Content/' took 0.03s
[2020.03.19-20.34.37:409][  0]LogCook: Display: Max memory allowance for cook 16384mb min free memory 0mb
[2020.03.19-20.34.37:410][  0]LogCook: Display: Mobile HDR setting 1
[2020.03.19-20.34.54:764][  0]SourceControl: El control de código fuente está desactivado
[2020.03.19-20.34.55:165][  0]Cmd: MAP LOAD FILE="../../../../../../Users/ayala/Documents/GitHub/VJ3-test/MapProject 4.22/Content/FirstPersonBP/Maps/FirstPersonExampleMap.umap" TEMPLATE=0 SHOWPROGRESS=1 FEATURELEVEL=3
[2020.03.19-20.34.55:419][  0]LightingResults: New page: Diseñar la iluminación
[2020.03.19-20.34.56:588][  0]MapCheck: New page: Revisión del mapa
[2020.03.19-20.34.56:588][  0]LightingResults: New page: Diseñar la iluminación
[2020.03.19-20.34.59:011][  0]LogUObjectHash: Compacting FUObjectHashTables data took  12.39ms
[2020.03.19-20.35.04:099][  0]LogLinker: Warning: No puede encontrar el archivo '/Game/FirstPersonBP/Maps/FirstPersonExampleMap_BuiltData'
[2020.03.19-20.35.04:100][  0]LogLinker: Warning: No puede encontrar el archivo para el activo '/Game/FirstPersonBP/Maps/FirstPersonExampleMap_BuiltData' mientras carga NULL.
[2020.03.19-20.35.09:015][  0]LogLinker: Warning: No puede encontrar el archivo '/Game/FirstPersonBP/Maps/FirstPersonExampleMap_BuiltData'
[2020.03.19-20.35.09:015][  0]LogLinker: Warning: No puede encontrar el archivo para el activo '/Game/FirstPersonBP/Maps/FirstPersonExampleMap_BuiltData' mientras carga NULL.
[2020.03.19-20.35.10:143][  0]LogLinker: Warning: No puede encontrar el archivo '/Game/FirstPersonBP/Maps/FirstPersonExampleMap_BuiltData'
[2020.03.19-20.35.10:144][  0]LogLinker: Warning: No puede encontrar el archivo para el activo '/Game/FirstPersonBP/Maps/FirstPersonExampleMap_BuiltData' mientras carga NULL.
[2020.03.19-20.35.10:144][  0]LogLinker: Warning: No puede encontrar el archivo '/Game/FirstPersonBP/Maps/FirstPersonExampleMap_BuiltData'
[2020.03.19-20.35.10:144][  0]LogLinker: Warning: No puede encontrar el archivo para el activo '/Game/FirstPersonBP/Maps/FirstPersonExampleMap_BuiltData' mientras carga NULL.
[2020.03.19-20.35.39:766][  0]LogTexture: Display: Building textures: WetFloor_DefaultMaterial_Metallic (AutoDXT, 2048X2048)
[2020.03.19-20.35.40:755][  0]LogTexture: Display: Building textures: WetFloor_DefaultMaterial_BaseColor (AutoDXT, 2048X2048)
[2020.03.19-20.35.40:755][  0]LogTexture: Display: Building textures: WetFloor_DefaultMaterial_Roughness (AutoDXT, 2048X2048)
[2020.03.19-20.35.40:755][  0]LogTexture: Display: Building textures: Trolley_DefaultMaterial_Roughness (AutoDXT, 2048X2048)
[2020.03.19-20.35.40:755][  0]LogTexture: Display: Building textures: WetFloor_DefaultMaterial_Normal (BC5, 2048X2048)
[2020.03.19-20.35.40:755][  0]LogTexture: Display: Building textures: Trolley_DefaultMaterial_Normal (BC5, 2048X2048)
[2020.03.19-20.35.40:755][  0]LogTexture: Display: Building textures: Trolley_DefaultMaterial_AO (AutoDXT, 2048X2048)
[2020.03.19-20.35.40:755][  0]LogTexture: Display: Building textures: SmallerPipe_DefaultMaterial_Roughness (AutoDXT, 2048X2048)
[2020.03.19-20.35.40:755][  0]LogTexture: Display: Building textures: Trolley_DefaultMaterial_Metallic (AutoDXT, 2048X2048)
[2020.03.19-20.35.40:755][  0]LogTexture: Display: Building textures: SmallerPipe_DefaultMaterial_Normal (BC5, 2048X2048)
[2020.03.19-20.35.40:755][  0]LogTexture: Display: Building textures: Trolley_DefaultMaterial_BaseColor (AutoDXT, 2048X2048)
[2020.03.19-20.35.40:755][  0]LogTexture: Display: Building textures: SmallerPipe_DefaultMaterial_Metallic (AutoDXT, 2048X2048)
[2020.03.19-20.35.40:755][  0]LogTexture: Display: Building textures: SmallerPipe_DefaultMaterial_BaseColor (AutoDXT, 2048X2048)
[2020.03.19-20.35.40:755][  0]LogTexture: Display: Building textures: SideRoomWallStraight_DefaultMaterial_BaseColor (AutoDXT, 2048X2048)
[2020.03.19-20.35.40:755][  0]LogTexture: Display: Building textures: SideRoomWallStraight_DefaultMaterial_Roughness (AutoDXT, 2048X2048)
[2020.03.19-20.35.40:755][  0]LogTexture: Display: Building textures: SideRoomWallStraight_DefaultMaterial_Metallic (AutoDXT, 2048X2048)
[2020.03.19-20.35.40:755][  0]LogTexture: Display: Building textures: SideRoomWallStraight_DefaultMaterial_Normal (BC5, 2048X2048)
[2020.03.19-20.35.40:755][  0]LogTexture: Display: Building textures: SideRoomWallStraight_DefaultMaterial_Roughness (AutoDXT, 2048X2048)
[2020.03.19-20.35.40:756][  0]LogTexture: Display: Building textures: SideRoomWallStraight_DefaultMaterial_Metallic (AutoDXT, 2048X2048)
[2020.03.19-20.35.40:756][  0]LogTexture: Display: Building textures: Railling_DefaultMaterial_Roughness (AutoDXT, 2048X2048)
[2020.03.19-20.35.40:756][  0]LogTexture: Display: Building textures: SideRoomWallStraight_DefaultMaterial_Normal (BC5, 2048X2048)
[2020.03.19-20.35.40:756][  0]LogTexture: Display: Building textures: SideRoomWallStraight_DefaultMaterial_BaseColor (AutoDXT, 2048X2048)
[2020.03.19-20.35.40:756][  0]LogTexture: Display: Building textures: Railling_DefaultMaterial_Normal (BC5, 2048X2048)
[2020.03.19-20.35.40:756][  0]LogTexture: Display: Building textures: Railling_DefaultMaterial_BaseColor (AutoDXT, 2048X2048)
[2020.03.19-20.35.40:756][  0]LogTexture: Display: Building textures: Poster_DefaultMaterial_BaseColor (AutoDXT, 2048X2048)
[2020.03.19-20.35.40:756][  0]LogTexture: Display: Building textures: Railling_DefaultMaterial_Metallic (AutoDXT, 2048X2048)
[2020.03.19-20.35.40:756][  0]LogTexture: Display: Building textures: SpaceCadersDiffuse (AutoDXT, 2048X2048)
[2020.03.19-20.35.40:756][  0]LogTexture: Display: Building textures: Poster_DefaultMaterial_BaseColor (AutoDXT, 2048X2048)
[2020.03.19-20.35.40:756][  0]LogTexture: Display: Building textures: Poster_DefaultMaterial_Normal (BC5, 2048X2048)
[2020.03.19-20.35.40:756][  0]LogTexture: Display: Building textures: Poster_DefaultMaterial_Metallic (AutoDXT, 2048X2048)
[2020.03.19-20.35.40:756][  0]LogTexture: Display: Building textures: Poster_DefaultMaterial_Roughness (AutoDXT, 2048X2048)
[2020.03.19-20.35.40:756][  0]LogTexture: Display: Building textures: Phone_DefaultMaterial_Roughness (AutoDXT, 2048X2048)
[2020.03.19-20.35.40:756][  0]LogTexture: Display: Building textures: Poster_DefaultMaterial_BaseColor (AutoDXT, 2048X2048)
[2020.03.19-20.35.40:756][  0]LogTexture: Display: Building textures: Phone_DefaultMaterial_Metallic (AutoDXT, 2048X2048)
[2020.03.19-20.35.40:756][  0]LogTexture: Display: Building textures: Phone_DefaultMaterial_BaseColor (AutoDXT, 2048X2048)
[2020.03.19-20.35.40:756][  0]LogTexture: Display: Building textures: Phone_DefaultMaterial_Normal (BC5, 2048X2048)
[2020.03.19-20.35.40:756][  0]LogTexture: Display: Building textures: Barrel_DefaultMaterial_BaseColor (AutoDXT, 2048X2048)
[2020.03.19-20.35.40:756][  0]LogTexture: Display: Building textures: Big_wall_edge_DefaultMaterial_Metallic (AutoDXT, 2048X2048)
[2020.03.19-20.35.40:756][  0]LogTexture: Display: Building textures: Big_wall_edge_DefaultMaterial_Normal (BC5, 2048X2048)
[2020.03.19-20.35.40:757][  0]LogTexture: Display: Building textures: Big_wall_edge_DefaultMaterial_BaseColor (AutoDXT, 2048X2048)
[2020.03.19-20.35.40:757][  0]LogTexture: Display: Building textures: Big_wall_edge_DefaultMaterial_Emissive (AutoDXT, 2048X2048)
[2020.03.19-20.35.40:757][  0]LogTexture: Display: Building textures: Big_wall_edge_DefaultMaterial_Roughness (AutoDXT, 2048X2048)
[2020.03.19-20.35.41:209][  0]LogLinker: Warning: No puede encontrar el archivo '/Game/FirstPersonBP/Maps/FirstPersonExampleMap_BuiltData'
[2020.03.19-20.35.41:617][  0]LoadErrors: Error al cargar /Game/FirstPersonBP/Maps/FirstPersonExampleMap_BuiltData.FirstPersonExampleMap_BuiltData Referenciado por PersistentLevel
[2020.03.19-20.35.41:620][  0]LogLinker: Warning: No puede encontrar el archivo para el activo '/Game/FirstPersonBP/Maps/FirstPersonExampleMap_BuiltData' mientras carga NULL.
[2020.03.19-20.36.30:302][  0]LogTexture: Display: Building textures: Mug_DefaultMaterial_BaseColor (AutoDXT, 512X512)
[2020.03.19-20.36.30:302][  0]LogTexture: Display: Building textures: Mug_DefaultMaterial_Metallic (AutoDXT, 512X512)
[2020.03.19-20.36.30:302][  0]LogTexture: Display: Building textures: Mug_DefaultMaterial_Roughness (AutoDXT, 512X512)
[2020.03.19-20.36.30:302][  0]LogTexture: Display: Building textures: Mug_DefaultMaterial_Normal (BC5, 512X512)
[2020.03.19-20.36.30:302][  0]LogTexture: Display: Building textures: lower_wall_DefaultMaterial_Metallic (AutoDXT, 2048X2048)
[2020.03.19-20.36.30:302][  0]LogTexture: Display: Building textures: lower_wall_DefaultMaterial_Roughness (AutoDXT, 2048X2048)
[2020.03.19-20.36.30:302][  0]LogTexture: Display: Building textures: lower_wall_DefaultMaterial_BaseColor (AutoDXT, 2048X2048)
[2020.03.19-20.36.30:302][  0]LogTexture: Display: Building textures: lower_wall_DefaultMaterial_Normal (BC5, 2048X2048)
[2020.03.19-20.36.30:302][  0]LogTexture: Display: Building textures: FuelCell_DefaultMaterial_Roughness (AutoDXT, 2048X2048)
[2020.03.19-20.36.30:303][  0]LogTexture: Display: Building textures: FuelCell_DefaultMaterial_Metallic (AutoDXT, 2048X2048)
[2020.03.19-20.36.30:303][  0]LogTexture: Display: Building textures: FuelCell_DefaultMaterial_BaseColor (AutoDXT, 2048X2048)
[2020.03.19-20.36.30:303][  0]LogTexture: Display: Building textures: FuelCell_DefaultMaterial_Normal (BC5, 2048X2048)
[2020.03.19-20.36.30:303][  0]LogTexture: Display: Building textures: Flooredge_DefaultMaterial_Roughness (AutoDXT, 2048X2048)
[2020.03.19-20.36.30:303][  0]LogTexture: Display: Building textures: Flooredge_DefaultMaterial_Normal (BC5, 2048X2048)
[2020.03.19-20.36.30:303][  0]LogTexture: Display: Building textures: Flooredge_DefaultMaterial_Metallic (AutoDXT, 2048X2048)
[2020.03.19-20.36.30:303][  0]LogTexture: Display: Building textures: Flooredge_DefaultMaterial_BaseColor (AutoDXT, 2048X2048)
[2020.03.19-20.36.30:304][  0]LogTexture: Display: Building textures: Flooredge_DefaultMaterial_Normal (BC5, 2048X2048)
[2020.03.19-20.36.30:304][  0]LogTexture: Display: Building textures: Flooredge_DefaultMaterial_Roughness (AutoDXT, 2048X2048)
[2020.03.19-20.36.30:304][  0]LogTexture: Display: Building textures: Flooredge_DefaultMaterial_BaseColor (AutoDXT, 2048X2048)
[2020.03.19-20.36.30:304][  0]LogTexture: Display: Building textures: Flooredge_DefaultMaterial_Metallic (AutoDXT, 2048X2048)
[2020.03.19-20.36.30:304][  0]LogTexture: Display: Building textures: Floor_bridge_DefaultMaterial_Roughness (AutoDXT, 2048X2048)
[2020.03.19-20.36.30:304][  0]LogTexture: Display: Building textures: Floor_bridge_DefaultMaterial_Normal (BC5, 2048X2048)
[2020.03.19-20.36.30:304][  0]LogTexture: Display: Building textures: Floor_bridge_DefaultMaterial_Metallic (AutoDXT, 2048X2048)
[2020.03.19-20.36.30:304][  0]LogTexture: Display: Building textures: Floor_bridge_DefaultMaterial_BaseColor (AutoDXT, 2048X2048)
[2020.03.19-20.36.30:304][  0]LogTexture: Display: Building textures: FireExtinguisher_DefaultMaterial_Roughness (AutoDXT, 2048X2048)
[2020.03.19-20.36.30:304][  0]LogTexture: Display: Building textures: FireExtinguisher_DefaultMaterial_Metallic (AutoDXT, 2048X2048)
[2020.03.19-20.36.30:304][  0]LogTexture: Display: Building textures: FireExtinguisher_DefaultMaterial_BaseColor (AutoDXT, 2048X2048)
[2020.03.19-20.36.30:304][  0]LogTexture: Display: Building textures: FireExtinguisher_DefaultMaterial_Normal (BC5, 2048X2048)
[2020.03.19-20.36.30:304][  0]LogTexture: Display: Building textures: Doorway_DefaultMaterial_Roughness (AutoDXT, 2048X2048)
[2020.03.19-20.36.30:305][  0]LogTexture: Display: Building textures: Doorway_DefaultMaterial_Metallic (AutoDXT, 2048X2048)
[2020.03.19-20.36.30:305][  0]LogTexture: Display: Building textures: Doorway_DefaultMaterial_Normal (BC5, 2048X2048)
[2020.03.19-20.36.30:305][  0]LogTexture: Display: Building textures: Doorway_DefaultMaterial_BaseColor (AutoDXT, 2048X2048)
[2020.03.19-20.36.30:305][  0]LogTexture: Display: Building textures: DoorwayWall_DefaultMaterial_Metallic (AutoDXT, 2048X2048)
[2020.03.19-20.36.30:305][  0]LogTexture: Display: Building textures: DoorwayWall_DefaultMaterial_Roughness (AutoDXT, 2048X2048)
[2020.03.19-20.36.30:305][  0]LogTexture: Display: Building textures: DoorwayWall_DefaultMaterial_Normal (BC5, 2048X2048)
[2020.03.19-20.36.30:305][  0]LogTexture: Display: Building textures: DoorwayWall_DefaultMaterial_BaseColor (AutoDXT, 2048X2048)
[2020.03.19-20.36.30:305][  0]LogTexture: Display: Building textures: dOORWAYfLOOR_DefaultMaterial_Normal (BC5, 2048X2048)
[2020.03.19-20.36.30:305][  0]LogTexture: Display: Building textures: dOORWAYfLOOR_DefaultMaterial_Roughness (AutoDXT, 2048X2048)
[2020.03.19-20.36.30:305][  0]LogTexture: Display: Building textures: Doorway_DefaultMaterial_Roughness (AutoDXT, 2048X2048)
[2020.03.19-20.36.30:305][  0]LogTexture: Display: Building textures: dOORWAYfLOOR_DefaultMaterial_BaseColor (AutoDXT, 2048X2048)
[2020.03.19-20.36.30:305][  0]LogTexture: Display: Building textures: dOORWAYfLOOR_DefaultMaterial_Metallic (AutoDXT, 2048X2048)
[2020.03.19-20.36.30:305][  0]LogTexture: Display: Building textures: Doorway_DefaultMaterial_Normal (BC5, 2048X2048)
[2020.03.19-20.36.30:305][  0]LogTexture: Display: Building textures: Doorway_DefaultMaterial_BaseColor (AutoDXT, 2048X2048)
[2020.03.19-20.36.30:305][  0]LogTexture: Display: Building textures: Doorway_DefaultMaterial_Metallic (AutoDXT, 2048X2048)
[2020.03.19-20.36.30:305][  0]LogTexture: Display: Building textures: CorridorWallBlank_Material__24_Roughness (AutoDXT, 2048X2048)
[2020.03.19-20.36.30:306][  0]LogTexture: Display: Building textures: CorridorWallBlank_Material__24_Metallic (AutoDXT, 2048X2048)
[2020.03.19-20.36.30:306][  0]LogTexture: Display: Building textures: CorridorWallBlank_Material__24_Normal (BC5, 2048X2048)
[2020.03.19-20.36.30:306][  0]LogTexture: Display: Building textures: CorridorWallBlank_Material__24_BaseColor (AutoDXT, 2048X2048)
[2020.03.19-20.36.30:306][  0]LogTexture: Display: Building textures: CoreTerminal_DefaultMaterial_Normal (BC5, 2048X2048)
[2020.03.19-20.36.30:306][  0]LogTexture: Display: Building textures: CoreTerminal_DefaultMaterial_Roughness (AutoDXT, 2048X2048)
[2020.03.19-20.36.30:306][  0]LogTexture: Display: Building textures: CoreTerminal_DefaultMaterial_Emissive (AutoDXT, 2048X2048)
[2020.03.19-20.36.30:306][  0]LogTexture: Display: Building textures: CoreTerminal_DefaultMaterial_Metallic (AutoDXT, 2048X2048)
[2020.03.19-20.36.30:306][  0]LogTexture: Display: Building textures: CoreTerminal_DefaultMaterial_BaseColor (AutoDXT, 2048X2048)
[2020.03.19-20.36.30:306][  0]LogTexture: Display: Building textures: Box1_DefaultMaterial_Roughness (AutoDXT, 2048X2048)
[2020.03.19-20.36.30:306][  0]LogTexture: Display: Building textures: Box1_DefaultMaterial_Metallic (AutoDXT, 2048X2048)
[2020.03.19-20.36.30:306][  0]LogTexture: Display: Building textures: Box1_DefaultMaterial_Normal (BC5, 2048X2048)
[2020.03.19-20.36.30:306][  0]LogTexture: Display: Building textures: Box1_DefaultMaterial_BaseColor (AutoDXT, 2048X2048)
[2020.03.19-20.36.30:306][  0]LogTexture: Display: Building textures: Box1_DefaultMaterial_Roughness (AutoDXT, 2048X2048)
[2020.03.19-20.36.30:306][  0]LogTexture: Display: Building textures: Box1_DefaultMaterial_Metallic (AutoDXT, 2048X2048)
[2020.03.19-20.36.30:307][  0]LogTexture: Display: Building textures: Big_wall_edge_DefaultMaterial_Normal (BC5, 2048X2048)
[2020.03.19-20.36.30:307][  0]LogTexture: Display: Building textures: Big_wall_edge_DefaultMaterial_Roughness (AutoDXT, 2048X2048)
[2020.03.19-20.36.30:307][  0]LogTexture: Display: Building textures: Big_wall_edge_DefaultMaterial_Metallic (AutoDXT, 2048X2048)
[2020.03.19-20.36.30:307][  0]LogTexture: Display: Building textures: Box1_DefaultMaterial_Normal (BC5, 2048X2048)
[2020.03.19-20.36.30:307][  0]LogTexture: Display: Building textures: Big_wall_edge_DefaultMaterial_Emissive (AutoDXT, 2048X2048)
[2020.03.19-20.36.30:307][  0]LogTexture: Display: Building textures: Big_pipe_bend_DefaultMaterial_Roughness (AutoDXT, 2048X2048)
[2020.03.19-20.36.30:307][  0]LogTexture: Display: Building textures: Big_pipe_bend_DefaultMaterial_BaseColor (AutoDXT, 2048X2048)
[2020.03.19-20.36.30:307][  0]LogTexture: Display: Building textures: Big_wall_edge_DefaultMaterial_BaseColor (AutoDXT, 2048X2048)
[2020.03.19-20.36.30:307][  0]LogTexture: Display: Building textures: Big_pipe_bend_DefaultMaterial_Normal (BC5, 2048X2048)
[2020.03.19-20.36.30:307][  0]LogTexture: Display: Building textures: Big_pipe_bend_DefaultMaterial_Metallic (AutoDXT, 2048X2048)
[2020.03.19-20.36.30:307][  0]LogTexture: Display: Building textures: Big_pipe_up_DefaultMaterial_Roughness (AutoDXT, 2048X2048)
[2020.03.19-20.36.30:307][  0]LogTexture: Display: Building textures: Box1_DefaultMaterial_BaseColor (AutoDXT, 2048X2048)
[2020.03.19-20.36.30:307][  0]LogTexture: Display: Building textures: Big_pipe_up_DefaultMaterial_Normal (BC5, 2048X2048)
[2020.03.19-20.36.30:307][  0]LogTexture: Display: Building textures: Big_pipe_up_DefaultMaterial_Metallic (AutoDXT, 2048X2048)
[2020.03.19-20.36.30:307][  0]LogTexture: Display: Building textures: Big_pipe_up_DefaultMaterial_BaseColor (AutoDXT, 2048X2048)
[2020.03.19-20.36.30:307][  0]LogTexture: Display: Building textures: Pillar_DefaultMaterial_Roughness (AutoDXT, 2048X2048)
[2020.03.19-20.36.30:307][  0]LogTexture: Display: Building textures: Pillar_DefaultMaterial_Normal (BC5, 2048X2048)
[2020.03.19-20.36.30:308][  0]LogTexture: Display: Building textures: Pillar_DefaultMaterial_Metallic (AutoDXT, 2048X2048)
[2020.03.19-20.36.30:308][  0]LogTexture: Display: Building textures: Barrel_DefaultMaterial_Roughness (AutoDXT, 2048X2048)
[2020.03.19-20.36.30:308][  0]LogTexture: Display: Building textures: Pillar_DefaultMaterial_BaseColor (AutoDXT, 2048X2048)
[2020.03.19-20.36.30:308][  0]LogTexture: Display: Building textures: Barrel_DefaultMaterial_Normal (BC5, 2048X2048)
[2020.03.19-20.36.30:308][  0]LogTexture: Display: Building textures: Barrel_DefaultMaterial_Metallic (AutoDXT, 2048X2048)
[2020.03.19-20.36.30:308][  0]LogStaticMesh: Generando la malla estática SideRoomWallStraight...
[2020.03.19-20.36.41:631][  0]LogStaticMesh: Built static mesh [14.54s] /Game/Geometry/Walls/SideRoomWallStraight.SideRoomWallStraight
[2020.03.19-20.36.48:685][  0]LogStaticMesh: Generando la malla estática SideRoomWallCorner...
[2020.03.19-20.36.48:706][  0]LogStaticMesh: Built static mesh [0.23s] /Game/Geometry/Walls/SideRoomWallCorner.SideRoomWallCorner
[2020.03.19-20.36.49:357][  0]LogStaticMesh: Generando la malla estática lower_wall...
[2020.03.19-20.36.49:381][  0]LogStaticMesh: Built static mesh [0.02s] /Game/Geometry/Walls/lower_wall.lower_wall
[2020.03.19-20.36.49:584][  0]LogStaticMesh: Generando la malla estática DoorwayWall...
[2020.03.19-20.36.49:587][  0]LogStaticMesh: Built static mesh [0.20s] /Game/Geometry/Walls/DoorwayWall.DoorwayWall
[2020.03.19-20.36.49:589][  0]LogStaticMesh: Generando la malla estática DoorwayRoof...
[2020.03.19-20.36.49:589][  0]LogStaticMesh: Built static mesh [0.00s] /Game/Geometry/Walls/DoorwayRoof.DoorwayRoof
[2020.03.19-20.36.50:702][  0]LogStaticMesh: Generando la malla estática Doorway...
[2020.03.19-20.36.50:738][  0]LogStaticMesh: Built static mesh [0.37s] /Game/Geometry/Walls/Doorway.Doorway
[2020.03.19-20.36.51:468][  0]LogStaticMesh: Generando la malla estática CorridorWallBlank...
[2020.03.19-20.36.52:064][  0]LogStaticMesh: Built static mesh [0.62s] /Game/Geometry/Walls/CorridorWallBlank.CorridorWallBlank
[2020.03.19-20.36.53:449][  0]LogStaticMesh: Generando la malla estática Big_wall_edge...
[2020.03.19-20.36.53:490][  0]LogStaticMesh: Built static mesh [0.50s] /Game/Geometry/Walls/Big_wall_edge.Big_wall_edge
[2020.03.19-20.36.53:879][  0]LogStaticMesh: Generando la malla estática SideRoomFloorStraight...
[2020.03.19-20.36.53:881][  0]LogStaticMesh: Built static mesh [0.39s] /Game/Geometry/Floorpieces/SideRoomFloorStraight.SideRoomFloorStraight
[2020.03.19-20.36.53:913][  0]LogStaticMesh: Generando la malla estática FloorEdge2...
[2020.03.19-20.36.54:074][  0]LogStaticMesh: Built static mesh [0.16s] /Game/Geometry/Floorpieces/FloorEdge2.FloorEdge2
[2020.03.19-20.36.54:590][  0]LogStaticMesh: Generando la malla estática Flooredge...
[2020.03.19-20.36.54:620][  0]LogStaticMesh: Built static mesh [0.03s] /Game/Geometry/Floorpieces/Flooredge.Flooredge
[2020.03.19-20.36.54:639][  0]LogStaticMesh: Generando la malla estática Floor_bridge...
[2020.03.19-20.36.54:652][  0]LogStaticMesh: Built static mesh [0.01s] /Game/Geometry/Floorpieces/Floor_bridge.Floor_bridge
[2020.03.19-20.36.54:655][  0]LogStaticMesh: Generando la malla estática dOORWAYfLOOR...
[2020.03.19-20.36.54:657][  0]LogStaticMesh: Built static mesh [0.00s] /Game/Geometry/Floorpieces/dOORWAYfLOOR.dOORWAYfLOOR
[2020.03.19-20.36.55:439][  0]LogStaticMesh: Generando la malla estática WetFloor...
[2020.03.19-20.36.55:470][  0]LogStaticMesh: Built static mesh [0.03s] /Game/Geometry/Decorations/WetFloor.WetFloor
[2020.03.19-20.36.56:034][  0]LogStaticMesh: Generando la malla estática TrolleyOneBarrel...
[2020.03.19-20.36.56:676][  0]LogStaticMesh: Built static mesh [0.64s] /Game/Geometry/Decorations/TrolleyOneBarrel.TrolleyOneBarrel
[2020.03.19-20.36.57:696][  0]LogStaticMesh: Generando la malla estática TrolleyEmpty...
[2020.03.19-20.36.57:859][  0]LogStaticMesh: Built static mesh [0.16s] /Game/Geometry/Decorations/TrolleyEmpty.TrolleyEmpty
[2020.03.19-20.36.58:218][  0]LogStaticMesh: Generando la malla estática Trolley...
[2020.03.19-20.36.58:279][  0]LogStaticMesh: Built static mesh [0.06s] /Game/Geometry/Decorations/Trolley.Trolley
[2020.03.19-20.36.58:326][  0]LogStaticMesh: Generando la malla estática SmallerPipe...
[2020.03.19-20.36.58:328][  0]LogStaticMesh: Built static mesh [0.00s] /Game/Geometry/Decorations/SmallerPipe.SmallerPipe
[2020.03.19-20.36.58:482][  0]LogStaticMesh: Generando la malla estática Railling...
[2020.03.19-20.36.58:491][  0]LogStaticMesh: Built static mesh [0.01s] /Game/Geometry/Decorations/Railling.Railling
[2020.03.19-20.36.58:704][  0]LogStaticMesh: Generando la malla estática Poster...
[2020.03.19-20.36.58:718][  0]LogStaticMesh: Built static mesh [0.18s] /Game/Geometry/Decorations/Poster.Poster
[2020.03.19-20.36.58:968][  0]LogStaticMesh: Generando la malla estática Pillar...
[2020.03.19-20.36.58:981][  0]LogStaticMesh: Built static mesh [0.18s] /Game/Geometry/Decorations/Pillar.Pillar
[2020.03.19-20.36.59:070][  0]LogStaticMesh: Generando la malla estática Phone...
[2020.03.19-20.36.59:091][  0]LogStaticMesh: Built static mesh [0.02s] /Game/Geometry/Decorations/Phone.Phone
[2020.03.19-20.36.59:098][  0]LogStaticMesh: Generando la malla estática Mug...
[2020.03.19-20.36.59:108][  0]LogStaticMesh: Built static mesh [0.01s] /Game/Geometry/Decorations/Mug.Mug
[2020.03.19-20.36.59:374][  0]LogStaticMesh: Generando la malla estática FuelCell...
[2020.03.19-20.36.59:419][  0]LogStaticMesh: Built static mesh [0.22s] /Game/Geometry/Decorations/FuelCell.FuelCell
[2020.03.19-20.36.59:592][  0]LogStaticMesh: Generando la malla estática FireExtinguisher...
[2020.03.19-20.36.59:612][  0]LogStaticMesh: Built static mesh [0.18s] /Game/Geometry/Decorations/FireExtinguisher.FireExtinguisher
[2020.03.19-20.36.59:744][  0]LogStaticMesh: Generando la malla estática CoreTerminal...
[2020.03.19-20.36.59:789][  0]LogStaticMesh: Built static mesh [0.05s] /Game/Geometry/Decorations/CoreTerminal.CoreTerminal
[2020.03.19-20.36.59:944][  0]LogStaticMesh: Generando la malla estática Box1...
[2020.03.19-20.36.59:953][  0]LogStaticMesh: Built static mesh [0.01s] /Game/Geometry/Decorations/Box1.Box1
[2020.03.19-20.37.00:181][  0]LogStaticMesh: Generando la malla estática Big_pipe_up...
[2020.03.19-20.37.00:242][  0]LogStaticMesh: Built static mesh [0.06s] /Game/Geometry/Decorations/Big_pipe_up.Big_pipe_up
[2020.03.19-20.37.00:828][  0]LogStaticMesh: Generando la malla estática Big_pipe_bend...
[2020.03.19-20.37.00:835][  0]LogStaticMesh: Built static mesh [0.01s] /Game/Geometry/Decorations/Big_pipe_bend.Big_pipe_bend
[2020.03.19-20.37.01:150][  0]LogStaticMesh: Generando la malla estática Barrel...
[2020.03.19-20.37.01:179][  0]LogStaticMesh: Built static mesh [0.03s] /Game/Geometry/Decorations/Barrel.Barrel
[2020.03.19-20.37.01:185][  0]LogStaticMesh: Generando la malla estática CatwalkBottom...
[2020.03.19-20.37.01:191][  0]LogStaticMesh: Built static mesh [0.01s] /Game/Geometry/Catwalk/CatwalkBottom.CatwalkBottom
[2020.03.19-20.37.01:521][  0]LogStaticMesh: Generando la malla estática Catwalk_Stair...
[2020.03.19-20.37.01:606][  0]LogStaticMesh: Built static mesh [0.09s] /Game/Geometry/Catwalk/Catwalk_Stair.Catwalk_Stair
[2020.03.19-20.37.01:691][  0]LogStaticMesh: Generando la malla estática Catwalk...
[2020.03.19-20.37.01:712][  0]LogStaticMesh: Built static mesh [0.06s] /Game/Geometry/Catwalk/Catwalk.Catwalk
[2020.03.19-20.37.08:039][  0]LogMaterial: Display: Missing cached shader map for material WetFloor, compiling. 
[2020.03.19-20.37.10:572][  0]LogMaterial: Display: Missing cached shader map for material Trolley, compiling. 
[2020.03.19-20.37.10:712][  0]LogMaterial: Display: Missing cached shader map for material SmallerPipe, compiling. 
[2020.03.19-20.37.10:731][  0]LogMaterial: Display: Missing cached shader map for material SideRoomWallStraight, compiling. 
[2020.03.19-20.37.10:750][  0]LogMaterial: Display: Missing cached shader map for material SideRoomWall2, compiling. 
[2020.03.19-20.37.10:968][  0]LogMaterial: Display: Missing cached shader map for material Railing, compiling. 
[2020.03.19-20.37.11:104][  0]LogMaterial: Display: Missing cached shader map for material Casets, compiling. 
[2020.03.19-20.37.11:264][  0]LogMaterial: Display: Missing cached shader map for material Infinity, compiling. 
[2020.03.19-20.37.11:284][  0]LogMaterial: Display: Missing cached shader map for material Infinity, compiling. 
[2020.03.19-20.37.11:304][  0]LogMaterial: Display: Missing cached shader map for material Infinity, compiling. 
[2020.03.19-20.37.11:338][  0]LogMaterial: Display: Missing cached shader map for material Phone, compiling. 
[2020.03.19-20.37.16:524][  0]LogShaderCompilers: Display: Shaders left to compile 310
[2020.03.19-20.37.16:524][  0]LogMaterial: Display: Missing cached shader map for material Barrel, compiling. 
[2020.03.19-20.37.16:548][  0]LogMaterial: Display: Missing cached shader map for material liGHT, compiling. 
[2020.03.19-20.37.16:675][  0]LogMaterial: Display: Missing cached shader map for material Material__24, compiling. 
[2020.03.19-20.37.16:726][  0]LogMaterial: Display: Missing cached shader map for material Material__24, compiling. 
[2020.03.19-20.37.16:770][  0]LogMaterial: Display: Missing cached shader map for material CubeMaterial, compiling. 
[2020.03.19-20.37.19:880][  0]LogSkeletalMesh: Building Skeletal Mesh SK_Mannequin_Arms...
[2020.03.19-20.37.20:079][  0]LogSkeletalMesh: Built Skeletal Mesh [0.43s] /Game/FirstPerson/Character/Mesh/SK_Mannequin_Arms.SK_Mannequin_Arms
[2020.03.19-20.37.24:454][  0]LogShaderCompilers: Display: Shaders left to compile 460
[2020.03.19-20.37.24:454][  0]LogShaderCompilers: Display: Shaders left to compile 450
[2020.03.19-20.37.24:454][  0]LogShaderCompilers: Display: Shaders left to compile 440
[2020.03.19-20.37.24:454][  0]LogSkeletalMesh: Building Skeletal Mesh SK_FPGun...
[2020.03.19-20.37.24:475][  0]LogSkeletalMesh: Built Skeletal Mesh [0.02s] /Game/FirstPerson/FPWeapon/Mesh/SK_FPGun.SK_FPGun
[2020.03.19-20.37.24:482][  0]LogMaterial: Display: Missing cached shader map for material BigWallEdge2, compiling. 
[2020.03.19-20.37.29:694][  0]LogMaterial: Display: Missing cached shader map for material Mug, compiling. 
[2020.03.19-20.37.29:800][  0]LogMaterial: Display: Missing cached shader map for material LowerWall, compiling. 
[2020.03.19-20.37.29:836][  0]LogMaterial: Display: Missing cached shader map for material FuelCore, compiling. 
[2020.03.19-20.37.29:874][  0]LogMaterial: Display: Missing cached shader map for material FloorEdge2, compiling. 
[2020.03.19-20.37.29:910][  0]LogMaterial: Display: Missing cached shader map for material FloorEdge, compiling. 
[2020.03.19-20.37.30:075][  0]LogMaterial: Display: Missing cached shader map for material FloorBridge, compiling. 
[2020.03.19-20.37.30:175][  0]LogMaterial: Display: Missing cached shader map for material Extinguisher, compiling. 
[2020.03.19-20.37.30:623][  0]LogMaterial: Display: Missing cached shader map for material DoorwayWhite, compiling. 
[2020.03.19-20.37.30:649][  0]LogMaterial: Display: Missing cached shader map for material DoorwayWall, compiling. 
[2020.03.19-20.37.31:394][  0]LogShaderCompilers: Display: Shaders left to compile 670
[2020.03.19-20.37.31:394][  0]LogShaderCompilers: Display: Shaders left to compile 660
[2020.03.19-20.37.31:394][  0]LogMaterial: Display: Missing cached shader map for material DoorwayFloor, compiling. 
[2020.03.19-20.37.31:420][  0]LogMaterial: Display: Missing cached shader map for material Doorway, compiling. 
[2020.03.19-20.37.31:737][  0]LogMaterial: Display: Missing cached shader map for material CorridorBlank, compiling. 
[2020.03.19-20.37.31:823][  0]LogMaterial: Display: Missing cached shader map for material CoreTerminal, compiling. 
[2020.03.19-20.37.32:287][  0]LogMaterial: Display: Missing cached shader map for material Box2, compiling. 
[2020.03.19-20.37.32:313][  0]LogMaterial: Display: Missing cached shader map for material Box1, compiling. 
[2020.03.19-20.37.32:337][  0]LogMaterial: Display: Missing cached shader map for material BigWallEdge, compiling. 
[2020.03.19-20.37.32:366][  0]LogMaterial: Display: Missing cached shader map for material BigPipeBend, compiling. 
[2020.03.19-20.37.32:565][  0]LogMaterial: Display: Missing cached shader map for material BigPipe, compiling. 
[2020.03.19-20.37.32:597][  0]LogMaterial: Display: Missing cached shader map for material Beam, compiling. 
[2020.03.19-20.38.05:953][  0]LogAIModule: Creating AISystem for world FirstPersonExampleMap
[2020.03.19-20.38.54:919][  0]LogEditorServer: Finished looking for orphan Actors (0.277 secs)
[2020.03.19-20.39.07:725][  0]LogUObjectHash: Compacting FUObjectHashTables data took 249.97ms
[2020.03.19-20.39.09:404][  0]Cmd: MAP CHECKDEP NOCLEARLOG
[2020.03.19-20.39.10:191][  0]MapCheck: Map check complete: 0 Error(s), 0 Warning(s), took 152.131ms to complete.
[2020.03.19-20.39.10:192][  0]LogFileHelpers: Loading map 'FirstPersonExampleMap' took 255.332
[2020.03.19-20.39.51:390][  0]LogSlate: Updating window title bar state: overlay mode, drag disabled, window buttons hidden, title bar hidden
[2020.03.19-20.39.51:719][  0]LogSlate: Updating window title bar state: overlay mode, drag disabled, window buttons hidden, title bar hidden
[2020.03.19-20.39.51:729][  0]LogSlate: Updating window title bar state: overlay mode, drag disabled, window buttons hidden, title bar hidden
[2020.03.19-20.39.51:738][  0]LogSlate: Updating window title bar state: overlay mode, drag disabled, window buttons hidden, title bar hidden
[2020.03.19-20.39.52:614][  0]LogCollectionManager: Loaded 0 collections in 0.002795 seconds
[2020.03.19-20.39.55:128][  0]LogFileCache: Scanning file cache for directory 'C:/Users/ayala/Documents/GitHub/VJ3-test/MapProject 4.22/Saved/Collections/' took 0.42s
[2020.03.19-20.39.55:128][  0]LogFileCache: Scanning file cache for directory 'C:/Users/ayala/Documents/GitHub/VJ3-test/MapProject 4.22/Content/Developers/ayala/Collections/' took 0.01s
[2020.03.19-20.39.55:128][  0]LogFileCache: Scanning file cache for directory 'C:/Users/ayala/Documents/GitHub/VJ3-test/MapProject 4.22/Content/Collections/' took 0.01s
[2020.03.19-20.39.55:128][  0]LogCollectionManager: Rebuilt the GUID cache for 0 collections in 0.000001 seconds
[2020.03.19-20.39.56:288][  0]LogContentBrowser: Native class hierarchy populated in 1.1557 seconds. Added 2732 classes and 659 folders.
[2020.03.19-20.39.58:564][  0]LogContentBrowser: Native class hierarchy updated for 'WidgetCarousel' in 0.0003 seconds. Added 0 classes and 0 folders.
[2020.03.19-20.40.00:236][  0]LogPakFile: Registered encryption key '00000000000000000000000000000000': 0 pak files mounted, 0 remain pending
[2020.03.19-20.40.00:586][  0]LogPakFile: Registered encryption key '00000000000000000000000000000000': 0 pak files mounted, 0 remain pending
[2020.03.19-20.40.00:645][  0]LogPakFile: Registered encryption key '00000000000000000000000000000000': 0 pak files mounted, 0 remain pending
[2020.03.19-20.40.00:667][  0]LogPakFile: Registered encryption key '00000000000000000000000000000000': 0 pak files mounted, 0 remain pending
[2020.03.19-20.40.00:728][  0]LogPakFile: Registered encryption key '00000000000000000000000000000000': 0 pak files mounted, 0 remain pending
[2020.03.19-20.40.00:735][  0]LogPakFile: Registered encryption key '00000000000000000000000000000000': 0 pak files mounted, 0 remain pending
[2020.03.19-20.40.00:741][  0]LogPakFile: Registered encryption key '00000000000000000000000000000000': 0 pak files mounted, 0 remain pending
[2020.03.19-20.40.00:748][  0]LogPakFile: Registered encryption key '00000000000000000000000000000000': 0 pak files mounted, 0 remain pending
[2020.03.19-20.40.00:781][  0]LogPakFile: Registered encryption key '00000000000000000000000000000000': 0 pak files mounted, 0 remain pending
[2020.03.19-20.40.00:911][  0]LogPakFile: Registered encryption key '00000000000000000000000000000000': 0 pak files mounted, 0 remain pending
[2020.03.19-20.40.01:011][  0]LogPakFile: Registered encryption key '00000000000000000000000000000000': 0 pak files mounted, 0 remain pending
[2020.03.19-20.40.01:018][  0]LogPakFile: Registered encryption key '00000000000000000000000000000000': 0 pak files mounted, 0 remain pending
[2020.03.19-20.40.01:025][  0]LogPakFile: Registered encryption key '00000000000000000000000000000000': 0 pak files mounted, 0 remain pending
[2020.03.19-20.40.01:033][  0]LogPakFile: Registered encryption key '00000000000000000000000000000000': 0 pak files mounted, 0 remain pending
[2020.03.19-20.40.01:040][  0]LogPakFile: Registered encryption key '00000000000000000000000000000000': 0 pak files mounted, 0 remain pending
[2020.03.19-20.40.01:047][  0]LogPakFile: Registered encryption key '00000000000000000000000000000000': 0 pak files mounted, 0 remain pending
[2020.03.19-20.40.01:091][  0]LogPakFile: Registered encryption key '00000000000000000000000000000000': 0 pak files mounted, 0 remain pending
[2020.03.19-20.40.01:099][  0]LogPakFile: Registered encryption key '00000000000000000000000000000000': 0 pak files mounted, 0 remain pending
[2020.03.19-20.40.01:107][  0]LogPakFile: Registered encryption key '00000000000000000000000000000000': 0 pak files mounted, 0 remain pending
[2020.03.19-20.40.01:113][  0]LogPakFile: Registered encryption key '00000000000000000000000000000000': 0 pak files mounted, 0 remain pending
[2020.03.19-20.40.01:121][  0]LogPakFile: Registered encryption key '00000000000000000000000000000000': 0 pak files mounted, 0 remain pending
[2020.03.19-20.40.01:173][  0]LogPakFile: Registered encryption key '00000000000000000000000000000000': 0 pak files mounted, 0 remain pending
[2020.03.19-20.40.01:180][  0]LogPakFile: Registered encryption key '00000000000000000000000000000000': 0 pak files mounted, 0 remain pending
[2020.03.19-20.40.01:228][  0]LogPakFile: Registered encryption key '00000000000000000000000000000000': 0 pak files mounted, 0 remain pending
[2020.03.19-20.40.01:236][  0]LogPakFile: Registered encryption key '00000000000000000000000000000000': 0 pak files mounted, 0 remain pending
[2020.03.19-20.40.01:244][  0]LogPakFile: Registered encryption key '00000000000000000000000000000000': 0 pak files mounted, 0 remain pending
[2020.03.19-20.40.05:740][  0]LogContentBrowser: Native class hierarchy updated for 'AddContentDialog' in 0.0005 seconds. Added 0 classes and 0 folders.
[2020.03.19-20.40.07:010][  0]LogContentBrowser: Native class hierarchy updated for 'SceneOutliner' in 0.0008 seconds. Added 1 classes and 2 folders.
[2020.03.19-20.40.11:678][  0]LogSlate: Took 0.112851 seconds to synchronously load lazily loaded font '../../../Engine/Content/Slate/Fonts/Roboto-Regular.ttf' (155K)
[2020.03.19-20.40.11:823][  0]LogSlate: Took 0.109367 seconds to synchronously load lazily loaded font '../../../Engine/Content/Slate/Fonts/Roboto-Bold.ttf' (160K)
[2020.03.19-20.40.12:516][  0]LogSlate: Took 0.192090 seconds to synchronously load lazily loaded font '../../../Engine/Content/Editor/Slate/Fonts/FontAwesome.ttf' (139K)
[2020.03.19-20.40.17:293][  0]LogRenderer: Reallocating scene render targets to support 964x436 Format 10 NumSamples 1 (Frame:1).
[2020.03.19-20.40.37:288][  0]LogSlate: Took 0.016948 seconds to synchronously load lazily loaded font '../../../Engine/Content/Slate/Fonts/Roboto-Light.ttf' (167K)
[2020.03.19-20.40.42:267][  0]LogSlate: FSceneViewport::OnFocusLost() reason 2
[2020.03.19-20.40.43:385][  0]LogSlate: Window 'Tutoriales' being destroyed
[2020.03.19-20.40.44:550][  0]LogContentBrowser: Native class hierarchy updated for 'HierarchicalLODOutliner' in 0.0003 seconds. Added 0 classes and 0 folders.
[2020.03.19-20.40.44:633][  0]LogLoad: (Engine Initialization) Total time: 737.69 seconds
[2020.03.19-20.40.44:634][  0]LogLoad: (Engine Initialization) Total Blueprint compile time: 0.00 seconds
[2020.03.19-20.40.51:033][  0]LogContentStreaming: Texture pool size now 1000 MB
[2020.03.19-20.40.51:494][  0]LogSlate: FSceneViewport::OnFocusLost() reason 2
[2020.03.19-20.41.00:188][ 10]LogAssetRegistry: Asset discovery search completed in 533.4748 seconds
[2020.03.19-20.41.00:685][ 10]LogCollectionManager: Rebuilt the object cache for 0 collections in 0.000001 seconds (found 0 objects)
[2020.03.19-20.41.00:686][ 10]LogCollectionManager: Fixed up redirectors for 0 collections in 0.000286 seconds (updated 0 objects)
[2020.03.19-20.42.39:096][418]LogSlate: Window 'Registro del mensaje' being destroyed
[2020.03.19-20.42.39:102][418]LogSlate: Window 'Registro del mensaje' being destroyed
[2020.03.19-20.42.40:793][454]LogSlate: FSceneViewport::OnFocusLost() reason 0
[2020.03.19-20.42.40:887][454]LogTemp: Repeating last play command: Selected Viewport
[2020.03.19-20.42.41:390][454]LogBlueprintUserMessages: Early PlayInEditor Detection: Level '/Game/FirstPersonBP/Maps/FirstPersonExampleMap.FirstPersonExampleMap:PersistentLevel' has LevelScriptBlueprint '/Game/FirstPersonBP/Maps/FirstPersonExampleMap.FirstPersonExampleMap:PersistentLevel.FirstPersonExampleMap' with GeneratedClass '/Game/FirstPersonBP/Maps/FirstPersonExampleMap.FirstPersonExampleMap_C' with ClassGeneratedBy '/Game/FirstPersonBP/Maps/FirstPersonExampleMap.FirstPersonExampleMap:PersistentLevel.FirstPersonExampleMap'
[2020.03.19-20.42.41:455][454]LogPlayLevel: PlayLevel: No blueprints needed recompiling
[2020.03.19-20.42.42:398][454]PIE: New page: Sesión PIE (reproducción en el editor): FirstPersonExampleMap (19/03/2020 08:42:41)
[2020.03.19-20.42.43:726][454]LogPlayLevel: Creating play world package: /Game/FirstPersonBP/Maps/UEDPIE_0_FirstPersonExampleMap
[2020.03.19-20.42.44:632][454]LogPlayLevel: PIE: StaticDuplicateObject took: (0.880544s)
[2020.03.19-20.42.44:796][454]LogAIModule: Creating AISystem for world FirstPersonExampleMap
[2020.03.19-20.42.44:910][454]LogPlayLevel: PIE: World Init took: (0.278179s)
[2020.03.19-20.42.44:911][454]LogPlayLevel: PIE: Created PIE world by copying editor world from /Game/FirstPersonBP/Maps/FirstPersonExampleMap.FirstPersonExampleMap to /Game/FirstPersonBP/Maps/UEDPIE_0_FirstPersonExampleMap.FirstPersonExampleMap (1.184337s)
[2020.03.19-20.42.45:154][454]LogUObjectHash: Compacting FUObjectHashTables data took   2.14ms
[2020.03.19-20.42.45:526][454]LogInit: XAudio2 using 'Altavoces (Realtek High Definition Audio)' : 2 channels at 48 kHz using 32 bits per sample (channel mask 0x3)
[2020.03.19-20.42.45:773][454]LogInit: FAudioDevice initialized.
[2020.03.19-20.42.46:079][454]LogLoad: Game class is 'FirstPersonGameMode_C'
[2020.03.19-20.42.46:584][454]LogWorld: Bringing World /Game/FirstPersonBP/Maps/UEDPIE_0_FirstPersonExampleMap.FirstPersonExampleMap up for play (max tick rate 60) at 2020.03.19-14.42.46
[2020.03.19-20.42.46:767][454]LogWorld: Bringing up level for play took: 0.387113
[2020.03.19-20.42.46:958][454]LogGameMode: FindPlayerStart: PATHS NOT DEFINED or NO PLAYERSTART with positive rating
[2020.03.19-20.42.47:363][454]LogContentBrowser: Native class hierarchy updated for 'MovieSceneCapture' in 0.0013 seconds. Added 20 classes and 0 folders.
[2020.03.19-20.42.47:746][454]PIE: Tiempo de inicio de la reproducción en el editor para  /Game/FirstPersonBP/Maps/UEDPIE_0_FirstPersonExampleMap 7.134
[2020.03.19-20.42.47:747][454]LogBlueprintUserMessages: Late PlayInEditor Detection: Level '/Game/FirstPersonBP/Maps/FirstPersonExampleMap.FirstPersonExampleMap:PersistentLevel' has LevelScriptBlueprint '/Game/FirstPersonBP/Maps/FirstPersonExampleMap.FirstPersonExampleMap:PersistentLevel.FirstPersonExampleMap' with GeneratedClass '/Game/FirstPersonBP/Maps/FirstPersonExampleMap.FirstPersonExampleMap_C' with ClassGeneratedBy '/Game/FirstPersonBP/Maps/FirstPersonExampleMap.FirstPersonExampleMap:PersistentLevel.FirstPersonExampleMap'
[2020.03.19-20.43.07:737][462]LogBlueprintUserMessages: Early EndPlayMap Detection: Level '/Game/FirstPersonBP/Maps/FirstPersonExampleMap.FirstPersonExampleMap:PersistentLevel' has LevelScriptBlueprint '/Game/FirstPersonBP/Maps/FirstPersonExampleMap.FirstPersonExampleMap:PersistentLevel.FirstPersonExampleMap' with GeneratedClass '/Game/FirstPersonBP/Maps/FirstPersonExampleMap.FirstPersonExampleMap_C' with ClassGeneratedBy '/Game/FirstPersonBP/Maps/FirstPersonExampleMap.FirstPersonExampleMap:PersistentLevel.FirstPersonExampleMap'
[2020.03.19-20.43.07:976][462]LogSlate: Updating window title bar state: overlay mode, drag disabled, window buttons hidden, title bar hidden
[2020.03.19-20.43.08:545][462]LogPlayLevel: Display: Shutting down PIE online subsystems
[2020.03.19-20.43.08:546][462]LogBlueprintUserMessages: Late EndPlayMap Detection: Level '/Game/FirstPersonBP/Maps/FirstPersonExampleMap.FirstPersonExampleMap:PersistentLevel' has LevelScriptBlueprint '/Game/FirstPersonBP/Maps/FirstPersonExampleMap.FirstPersonExampleMap:PersistentLevel.FirstPersonExampleMap' with GeneratedClass '/Game/FirstPersonBP/Maps/FirstPersonExampleMap.FirstPersonExampleMap_C' with ClassGeneratedBy '/Game/FirstPersonBP/Maps/FirstPersonExampleMap.FirstPersonExampleMap:PersistentLevel.FirstPersonExampleMap'
[2020.03.19-20.43.09:091][462]LogSlate: Updating window title bar state: overlay mode, drag disabled, window buttons hidden, title bar hidden
[2020.03.19-20.43.09:768][462]LogUObjectHash: Compacting FUObjectHashTables data took   3.73ms
[2020.03.19-20.43.10:034][463]LogPlayLevel: Display: Destroying online subsystem :Context_2
[2020.03.19-20.43.21:232][ 35]LogSlate: FSceneViewport::OnFocusLost() reason 0
[2020.03.19-20.50.49:792][883]SourceControl: El control de código fuente está desactivado
[2020.03.19-20.50.49:883][883]LogSlate: Window 'Inicio de sesión del control del código fuente' being destroyed
[2020.03.19-20.51.10:554][240]LogSlate: Took 0.012377 seconds to synchronously load lazily loaded font '../../../Engine/Content/Slate/Fonts/Roboto-Light.ttf' (167K)
[2020.03.19-20.52.13:301][792]LogAssetEditorManager: Opening Asset editor for Blueprint /Game/FirstPersonBP/Blueprints/FirstPersonCharacter.FirstPersonCharacter
[2020.03.19-20.52.22:129][792]LogContentBrowser: Native class hierarchy updated for 'BlueprintGraph' in 0.0194 seconds. Added 121 classes and 0 folders.
[2020.03.19-20.52.32:569][792]LogSlate: Took 0.077324 seconds to synchronously load lazily loaded font '../../../Engine/Content/Slate/Fonts/Roboto-BoldCondensed.ttf' (158K)
[2020.03.19-20.52.34:309][793]LogSlate: Took 0.038472 seconds to synchronously load lazily loaded font '../../../Engine/Content/Slate/Fonts/Roboto-Italic.ttf' (157K)
[2020.03.19-20.52.45:441][228]LogRenderer: Reallocating scene render targets to support 964x684 Format 10 NumSamples 1 (Frame:1).
