Log file open, 03/29/20 19:07:27
LogWindows: Failed to load 'aqProf.dll' (GetLastError=126)
LogWindows: File 'aqProf.dll' does not exist
LogWindows: Failed to load 'VtuneApi.dll' (GetLastError=126)
LogWindows: File 'VtuneApi.dll' does not exist
LogWindows: Failed to load 'VtuneApi32e.dll' (GetLastError=126)
LogWindows: File 'VtuneApi32e.dll' does not exist
LogConsoleResponse: Display: Failed to find resolution value strings in scalability ini. Falling back to default.
LogInit: Display: Running engine for game: Vis2
LogPakFile: Registered encryption key '00000000000000000000000000000000': 0 pak files mounted, 0 remain pending
LogPlatformFile: Not using cached read wrapper
LogTaskGraph: Started task graph with 5 named threads and 23 total threads with 3 sets of task threads.
LogStats: Stats thread started at 0.325441
LogD3D11RHI: Loaded GFSDK_Aftermath_Lib.x64.dll
LogICUInternationalization: ICU TimeZone Detection - Raw Offset: -6:00, Platform Override: ''
LogPluginManager: Mounting plugin Paper2D
LogPluginManager: Mounting plugin AdvancedSessions
LogPluginManager: Mounting plugin AdvancedSteamSessions
LogPluginManager: Mounting plugin AISupport
LogPluginManager: Mounting plugin LightPropagationVolume
LogPluginManager: Mounting plugin ActorLayerUtilities
LogPluginManager: Mounting plugin AnimationSharing
LogPluginManager: Mounting plugin CLionSourceCodeAccess
LogPluginManager: Mounting plugin CodeLiteSourceCodeAccess
LogPluginManager: Mounting plugin GitSourceControl
LogPluginManager: Mounting plugin KDevelopSourceCodeAccess
LogPluginManager: Mounting plugin NullSourceCodeAccess
LogPluginManager: Mounting plugin PerforceSourceControl
LogPluginManager: Mounting plugin SubversionSourceControl
LogPluginManager: Mounting plugin UObjectPlugin
LogPluginManager: Mounting plugin VisualStudioCodeSourceCodeAccess
LogPluginManager: Mounting plugin VisualStudioSourceCodeAccess
LogPluginManager: Mounting plugin XCodeSourceCodeAccess
LogPluginManager: Mounting plugin AssetManagerEditor
LogPluginManager: Mounting plugin CryptoKeys
LogPluginManager: Mounting plugin DataValidation
LogPluginManager: Mounting plugin FacialAnimation
LogPluginManager: Mounting plugin GameplayTagsEditor
LogPluginManager: Mounting plugin MacGraphicsSwitching
LogPluginManager: Mounting plugin MaterialAnalyzer
LogPluginManager: Mounting plugin MobileLauncherProfileWizard
LogPluginManager: Mounting plugin PluginBrowser
LogPluginManager: Mounting plugin SpeedTreeImporter
LogPluginManager: Mounting plugin DatasmithContent
LogPluginManager: Mounting plugin VariantManagerContent
LogPluginManager: Mounting plugin AlembicImporter
LogPluginManager: Mounting plugin AppleImageUtils
LogPluginManager: Mounting plugin AppleVision
LogPluginManager: Mounting plugin BackChannel
LogPluginManager: Mounting plugin CharacterAI
LogPluginManager: Mounting plugin GeometryCache
LogPluginManager: Mounting plugin HTML5Networking
LogPluginManager: Mounting plugin ProxyLODPlugin
LogPluginManager: Mounting plugin SkeletalReduction
LogPluginManager: Mounting plugin MagicLeap
LogPluginManager: Mounting plugin MagicLeapMedia
LogPluginManager: Mounting plugin GraphFormatter
LogPluginManager: Mounting plugin AndroidMedia
LogPluginManager: Mounting plugin AvfMedia
LogPluginManager: Mounting plugin ImgMedia
LogPluginManager: Mounting plugin LinearTimecode
LogPluginManager: Mounting plugin MediaCompositing
LogPluginManager: Mounting plugin MediaPlayerEditor
LogPluginManager: Mounting plugin WebMMedia
LogPluginManager: Mounting plugin WmfMedia
LogPluginManager: Mounting plugin TcpMessaging
LogPluginManager: Mounting plugin UdpMessaging
LogPluginManager: Mounting plugin ActorSequence
LogPluginManager: Mounting plugin LevelSequenceEditor
LogPluginManager: Mounting plugin MatineeToLevelSequence
LogPluginManager: Mounting plugin NetcodeUnitTest
LogPluginManager: Mounting plugin NUTUnrealEngine4
LogPluginManager: Mounting plugin OnlineSubsystemGooglePlay
LogPluginManager: Mounting plugin OnlineSubsystemIOS
LogPluginManager: Mounting plugin OnlineSubsystem
LogPluginManager: Mounting plugin OnlineSubsystemNull
LogPluginManager: Mounting plugin OnlineSubsystemSteam
LogPluginManager: Mounting plugin OnlineSubsystemUtils
LogPluginManager: Mounting plugin LauncherChunkInstaller
LogPluginManager: Mounting plugin AndroidDeviceProfileSelector
LogPluginManager: Mounting plugin AndroidMoviePlayer
LogPluginManager: Mounting plugin AndroidPermission
LogPluginManager: Mounting plugin AppleMoviePlayer
LogPluginManager: Mounting plugin ArchVisCharacter
LogPluginManager: Mounting plugin AudioCapture
LogPluginManager: Mounting plugin CableComponent
LogPluginManager: Mounting plugin CustomMeshComponent
LogPluginManager: Mounting plugin EditableMesh
LogPluginManager: Mounting plugin ExampleDeviceProfileSelector
LogPluginManager: Mounting plugin Firebase
LogPluginManager: Mounting plugin GoogleCloudMessaging
LogPluginManager: Mounting plugin IOSDeviceProfileSelector
LogPluginManager: Mounting plugin LinuxDeviceProfileSelector
LogPluginManager: Mounting plugin LocationServicesBPLibrary
LogPluginManager: Mounting plugin MobilePatchingUtils
LogPluginManager: Mounting plugin OculusVR
LogPluginManager: Mounting plugin PhysXVehicles
LogPluginManager: Mounting plugin ProceduralMeshComponent
LogPluginManager: Mounting plugin RuntimePhysXCooking
LogPluginManager: Mounting plugin SignificanceManager
LogPluginManager: Mounting plugin SteamVR
LogPluginManager: Mounting plugin WebMMoviePlayer
LogPluginManager: Mounting plugin WindowsMoviePlayer
LogInit: Using libcurl 7.55.1-DEV
LogInit:  - built for x86_64-pc-win32
LogInit:  - supports SSL with OpenSSL/1.1.1
LogInit:  - supports HTTP deflate (compression) using libz 1.2.8
LogInit:  - other features:
LogInit:      CURL_VERSION_SSL
LogInit:      CURL_VERSION_LIBZ
LogInit:      CURL_VERSION_IPV6
LogInit:      CURL_VERSION_ASYNCHDNS
LogInit:      CURL_VERSION_LARGEFILE
LogInit:      CURL_VERSION_IDN
LogInit:  CurlRequestOptions (configurable via config and command line):
LogInit:  - bVerifyPeer = true  - Libcurl will verify peer certificate
LogInit:  - bUseHttpProxy = false  - Libcurl will NOT use HTTP proxy
LogInit:  - bDontReuseConnections = false  - Libcurl will reuse connections
LogInit:  - MaxHostConnections = 16  - Libcurl will limit the number of connections to a host
LogInit:  - LocalHostAddr = Default
LogInit:  - BufferSize = 65536
LogOnline: Display: STEAM: Loading Steam SDK 1.39
LogOnline: STEAM: Steam User is subscribed 1
LogOnline: STEAM: [AppId: 480] Client API initialized 1
LogOnline: STEAM: [AppId: 480] Game Server API initialized 0
LogOnline: Warning: STEAM: Failed to initialize Steam, this could be due to a Steam server and client running on the same machine. Try running with -NOSTEAM on the cmdline to disable.
LogOnline: Display: STEAM: OnlineSubsystemSteam::Shutdown()
LogOnline: Warning: STEAM: Steam API failed to initialize!
LogOnline: Display: STEAM: OnlineSubsystemSteam::Shutdown()
LogOnline: OSS: Unable to create OnlineSubsystem module Steam
LogInit: WinSock: version 1.1 (2.2), MaxSocks=32767, MaxUdp=65467
LogInit: Build: ++UE4+Release-4.22-CL-7053642
LogInit: Engine Version: 4.22.3-7053642+++UE4+Release-4.22
LogInit: Compatible Engine Version: 4.22.0-5660361+++UE4+Release-4.22
LogInit: Net CL: 5660361
LogInit: OS: Windows 10 (Release 1903) (), CPU: Intel(R) Core(TM) i7-7700HQ CPU @ 2.80GHz, GPU: Intel(R) HD Graphics 630
LogInit: Compiled (64-bit): Jun 18 2019 03:09:11
LogInit: Compiled with Visual C++: 19.16.27025.01
LogInit: Build Configuration: Development
LogInit: Branch Name: ++UE4+Release-4.22
LogInit: Command Line:  /Game/Maps/MenuMap -game -PIEVIACONSOLE -ResX=1280 -ResY=720 -Multiprocess -messaging -SessionName="Play in Standalone Game" -windowed
LogInit: Base Directory: C:/Program Files/Epic Games/UE_4.22/Engine/Binaries/Win64/
LogInit: Installed Engine Build: 1
LogDevObjectVersion: Number of dev versions registered: 23
LogDevObjectVersion:   Dev-Blueprints (B0D832E4-1F89-4F0D-ACCF-7EB736FD4AA2): 10
LogDevObjectVersion:   Dev-Build (E1C64328-A22C-4D53-A36C-8E866417BD8C): 0
LogDevObjectVersion:   Dev-Core (375EC13C-06E4-48FB-B500-84F0262A717E): 3
LogDevObjectVersion:   Dev-Editor (E4B068ED-F494-42E9-A231-DA0B2E46BB41): 30
LogDevObjectVersion:   Dev-Framework (CFFC743F-43B0-4480-9391-14DF171D2073): 35
LogDevObjectVersion:   Dev-Mobile (B02B49B5-BB20-44E9-A304-32B752E40360): 2
LogDevObjectVersion:   Dev-Networking (A4E4105C-59A1-49B5-A7C5-40C4547EDFEE): 0
LogDevObjectVersion:   Dev-Online (39C831C9-5AE6-47DC-9A44-9C173E1C8E7C): 0
LogDevObjectVersion:   Dev-Physics (78F01B33-EBEA-4F98-B9B4-84EACCB95AA2): 0
LogDevObjectVersion:   Dev-Platform (6631380F-2D4D-43E0-8009-CF276956A95A): 0
LogDevObjectVersion:   Dev-Rendering (12F88B9F-8875-4AFC-A67C-D90C383ABD29): 28
LogDevObjectVersion:   Dev-Sequencer (7B5AE74C-D270-4C10-A958-57980B212A5A): 11
LogDevObjectVersion:   Dev-VR (D7296918-1DD6-4BDD-9DE2-64A83CC13884): 2
LogDevObjectVersion:   Dev-LoadTimes (C2A15278-BFE7-4AFE-6C17-90FF531DF755): 1
LogDevObjectVersion:   Private-Geometry (6EACA3D4-40EC-4CC1-B786-8BED09428FC5): 3
LogDevObjectVersion:   Dev-AnimPhys (29E575DD-E0A3-4627-9D10-D276232CDCEA): 17
LogDevObjectVersion:   Dev-Anim (AF43A65D-7FD3-4947-9873-3E8ED9C1BB05): 2
LogDevObjectVersion:   Dev-ReflectionCapture (6B266CEC-1EC7-4B8F-A30B-E4D90942FC07): 1
LogDevObjectVersion:   Dev-Automation (0DF73D61-A23F-47EA-B727-89E90C41499A): 1
LogDevObjectVersion:   FortniteMain (601D1886-AC64-4F84-AA16-D3DE0DEAC7D6): 25
LogDevObjectVersion:   Dev-Enterprise (9DFFBCD6-494F-0158-E221-12823C92A888): 6
LogDevObjectVersion:   Dev-Niagara (F2AED0AC-9AFE-416F-8664-AA7FFA26D6FC): 1
LogDevObjectVersion:   Dev-Destruction (174F1F0B-B4C6-45A5-B13F-2EE8D0FB917D): 2
LogInit: Presizing for max 16777216 objects, including 0 objects not considered by GC, pre-allocating 0 bytes for permanent pool.
LogInit: Object subsystem initialized
LogConfig: Setting CVar [[con.DebugEarlyDefault:1]]
LogConfig: Setting CVar [[r.setres:1280x720]]
[2020.03.30-01.07.28:466][  0]LogConfig: Setting CVar [[con.DebugEarlyDefault:1]]
[2020.03.30-01.07.28:466][  0]LogConfig: Setting CVar [[r.setres:1280x720]]
[2020.03.30-01.07.28:466][  0]LogConfig: Applying CVar settings from Section [/Script/Engine.RendererSettings] File [C:/Users/ayala/Documents/GitHub/VJ3-test/MapProject 4.22/Saved/Config/Windows/Engine.ini]
[2020.03.30-01.07.28:466][  0]LogConfig: Setting CVar [[r.GPUCrashDebugging:0]]
[2020.03.30-01.07.28:466][  0]LogConfig: Applying CVar settings from Section [/Script/Engine.RendererOverrideSettings] File [C:/Users/ayala/Documents/GitHub/VJ3-test/MapProject 4.22/Saved/Config/Windows/Engine.ini]
[2020.03.30-01.07.28:466][  0]LogConfig: Applying CVar settings from Section [/Script/Engine.StreamingSettings] File [C:/Users/ayala/Documents/GitHub/VJ3-test/MapProject 4.22/Saved/Config/Windows/Engine.ini]
[2020.03.30-01.07.28:467][  0]LogConfig: Setting CVar [[s.MinBulkDataSizeForAsyncLoading:131072]]
[2020.03.30-01.07.28:467][  0]LogConfig: Setting CVar [[s.AsyncLoadingThreadEnabled:0]]
[2020.03.30-01.07.28:467][  0]LogConfig: Setting CVar [[s.EventDrivenLoaderEnabled:1]]
[2020.03.30-01.07.28:467][  0]LogConfig: Setting CVar [[s.WarnIfTimeLimitExceeded:0]]
[2020.03.30-01.07.28:467][  0]LogConfig: Setting CVar [[s.TimeLimitExceededMultiplier:1.5]]
[2020.03.30-01.07.28:467][  0]LogConfig: Setting CVar [[s.TimeLimitExceededMinTime:0.005]]
[2020.03.30-01.07.28:467][  0]LogConfig: Setting CVar [[s.UseBackgroundLevelStreaming:1]]
[2020.03.30-01.07.28:467][  0]LogConfig: Setting CVar [[s.PriorityAsyncLoadingExtraTime:15.0]]
[2020.03.30-01.07.28:467][  0]LogConfig: Setting CVar [[s.LevelStreamingActorsUpdateTimeLimit:5.0]]
[2020.03.30-01.07.28:467][  0]LogConfig: Setting CVar [[s.PriorityLevelStreamingActorsUpdateExtraTime:5.0]]
[2020.03.30-01.07.28:467][  0]LogConfig: Setting CVar [[s.LevelStreamingComponentsRegistrationGranularity:10]]
[2020.03.30-01.07.28:467][  0]LogConfig: Setting CVar [[s.UnregisterComponentsTimeLimit:1.0]]
[2020.03.30-01.07.28:467][  0]LogConfig: Setting CVar [[s.LevelStreamingComponentsUnregistrationGranularity:5]]
[2020.03.30-01.07.28:467][  0]LogConfig: Applying CVar settings from Section [/Script/Engine.GarbageCollectionSettings] File [C:/Users/ayala/Documents/GitHub/VJ3-test/MapProject 4.22/Saved/Config/Windows/Engine.ini]
[2020.03.30-01.07.28:467][  0]LogConfig: Setting CVar [[gc.MaxObjectsNotConsideredByGC:1]]
[2020.03.30-01.07.28:467][  0]LogConfig: Setting CVar [[gc.SizeOfPermanentObjectPool:0]]
[2020.03.30-01.07.28:467][  0]LogConfig: Setting CVar [[gc.FlushStreamingOnGC:0]]
[2020.03.30-01.07.28:467][  0]LogConfig: Setting CVar [[gc.NumRetriesBeforeForcingGC:10]]
[2020.03.30-01.07.28:467][  0]LogConfig: Setting CVar [[gc.AllowParallelGC:1]]
[2020.03.30-01.07.28:467][  0]LogConfig: Setting CVar [[gc.TimeBetweenPurgingPendingKillObjects:61.1]]
[2020.03.30-01.07.28:467][  0]LogConfig: Setting CVar [[gc.MaxObjectsInEditor:16777216]]
[2020.03.30-01.07.28:467][  0]LogConfig: Setting CVar [[gc.IncrementalBeginDestroyEnabled:1]]
[2020.03.30-01.07.28:467][  0]LogConfig: Setting CVar [[gc.CreateGCClusters:1]]
[2020.03.30-01.07.28:467][  0]LogConfig: Setting CVar [[gc.MinGCClusterSize:5]]
[2020.03.30-01.07.28:467][  0]LogConfig: Setting CVar [[gc.ActorClusteringEnabled:0]]
[2020.03.30-01.07.28:467][  0]LogConfig: Setting CVar [[gc.BlueprintClusteringEnabled:0]]
[2020.03.30-01.07.28:467][  0]LogConfig: Setting CVar [[gc.UseDisregardForGCOnDedicatedServers:0]]
[2020.03.30-01.07.28:467][  0]LogConfig: Applying CVar settings from Section [/Script/Engine.NetworkSettings] File [C:/Users/ayala/Documents/GitHub/VJ3-test/MapProject 4.22/Saved/Config/Windows/Engine.ini]
[2020.03.30-01.07.28:467][  0]LogConfig: Applying CVar settings from Section [/Script/UnrealEd.CookerSettings] File [C:/Users/ayala/Documents/GitHub/VJ3-test/MapProject 4.22/Saved/Config/Windows/Engine.ini]
[2020.03.30-01.07.28:469][  0]LogConfig: Applying CVar settings from Section [ViewDistanceQuality@3] File [C:/Users/ayala/Documents/GitHub/VJ3-test/MapProject 4.22/Saved/Config/Windows/Scalability.ini]
[2020.03.30-01.07.28:469][  0]LogConfig: Setting CVar [[r.SkeletalMeshLODBias:0]]
[2020.03.30-01.07.28:469][  0]LogConfig: Setting CVar [[r.ViewDistanceScale:1.0]]
[2020.03.30-01.07.28:469][  0]LogConfig: Applying CVar settings from Section [AntiAliasingQuality@3] File [C:/Users/ayala/Documents/GitHub/VJ3-test/MapProject 4.22/Saved/Config/Windows/Scalability.ini]
[2020.03.30-01.07.28:469][  0]LogConfig: Setting CVar [[r.PostProcessAAQuality:4]]
[2020.03.30-01.07.28:469][  0]LogConfig: Applying CVar settings from Section [ShadowQuality@3] File [C:/Users/ayala/Documents/GitHub/VJ3-test/MapProject 4.22/Saved/Config/Windows/Scalability.ini]
[2020.03.30-01.07.28:469][  0]LogConfig: Setting CVar [[r.LightFunctionQuality:1]]
[2020.03.30-01.07.28:469][  0]LogConfig: Setting CVar [[r.ShadowQuality:5]]
[2020.03.30-01.07.28:469][  0]LogConfig: Setting CVar [[r.Shadow.CSM.MaxCascades:10]]
[2020.03.30-01.07.28:469][  0]LogConfig: Setting CVar [[r.Shadow.MaxResolution:2048]]
[2020.03.30-01.07.28:469][  0]LogConfig: Setting CVar [[r.Shadow.MaxCSMResolution:2048]]
[2020.03.30-01.07.28:469][  0]LogConfig: Setting CVar [[r.Shadow.RadiusThreshold:0.01]]
[2020.03.30-01.07.28:469][  0]LogConfig: Setting CVar [[r.Shadow.DistanceScale:1.0]]
[2020.03.30-01.07.28:469][  0]LogConfig: Setting CVar [[r.Shadow.CSM.TransitionScale:1.0]]
[2020.03.30-01.07.28:469][  0]LogConfig: Setting CVar [[r.Shadow.PreShadowResolutionFactor:1.0]]
[2020.03.30-01.07.28:469][  0]LogConfig: Setting CVar [[r.DistanceFieldShadowing:1]]
[2020.03.30-01.07.28:469][  0]LogConfig: Setting CVar [[r.DistanceFieldAO:1]]
[2020.03.30-01.07.28:469][  0]LogConfig: Setting CVar [[r.AOQuality:2]]
[2020.03.30-01.07.28:469][  0]LogConfig: Setting CVar [[r.VolumetricFog:1]]
[2020.03.30-01.07.28:469][  0]LogConfig: Setting CVar [[r.VolumetricFog.GridPixelSize:8]]
[2020.03.30-01.07.28:469][  0]LogConfig: Setting CVar [[r.VolumetricFog.GridSizeZ:128]]
[2020.03.30-01.07.28:469][  0]LogConfig: Setting CVar [[r.VolumetricFog.HistoryMissSupersampleCount:4]]
[2020.03.30-01.07.28:469][  0]LogConfig: Setting CVar [[r.LightMaxDrawDistanceScale:1]]
[2020.03.30-01.07.28:469][  0]LogConfig: Setting CVar [[r.CapsuleShadows:1]]
[2020.03.30-01.07.28:469][  0]LogConfig: Applying CVar settings from Section [PostProcessQuality@3] File [C:/Users/ayala/Documents/GitHub/VJ3-test/MapProject 4.22/Saved/Config/Windows/Scalability.ini]
[2020.03.30-01.07.28:469][  0]LogConfig: Setting CVar [[r.MotionBlurQuality:4]]
[2020.03.30-01.07.28:469][  0]LogConfig: Setting CVar [[r.AmbientOcclusionMipLevelFactor:0.4]]
[2020.03.30-01.07.28:469][  0]LogConfig: Setting CVar [[r.AmbientOcclusionMaxQuality:100]]
[2020.03.30-01.07.28:469][  0]LogConfig: Setting CVar [[r.AmbientOcclusionLevels:-1]]
[2020.03.30-01.07.28:469][  0]LogConfig: Setting CVar [[r.AmbientOcclusionRadiusScale:1.0]]
[2020.03.30-01.07.28:469][  0]LogConfig: Setting CVar [[r.DepthOfFieldQuality:2]]
[2020.03.30-01.07.28:469][  0]LogConfig: Setting CVar [[r.RenderTargetPoolMin:400]]
[2020.03.30-01.07.28:470][  0]LogConfig: Setting CVar [[r.LensFlareQuality:2]]
[2020.03.30-01.07.28:470][  0]LogConfig: Setting CVar [[r.SceneColorFringeQuality:1]]
[2020.03.30-01.07.28:470][  0]LogConfig: Setting CVar [[r.EyeAdaptationQuality:2]]
[2020.03.30-01.07.28:470][  0]LogConfig: Setting CVar [[r.BloomQuality:5]]
[2020.03.30-01.07.28:470][  0]LogConfig: Setting CVar [[r.FastBlurThreshold:100]]
[2020.03.30-01.07.28:470][  0]LogConfig: Setting CVar [[r.Upscale.Quality:3]]
[2020.03.30-01.07.28:470][  0]LogConfig: Setting CVar [[r.Tonemapper.GrainQuantization:1]]
[2020.03.30-01.07.28:470][  0]LogConfig: Setting CVar [[r.LightShaftQuality:1]]
[2020.03.30-01.07.28:470][  0]LogConfig: Setting CVar [[r.Filter.SizeScale:1]]
[2020.03.30-01.07.28:470][  0]LogConfig: Setting CVar [[r.Tonemapper.Quality:5]]
[2020.03.30-01.07.28:470][  0]LogConfig: Setting CVar [[r.DOF.Gather.AccumulatorQuality:1        ; higher gathering accumulator quality]]
[2020.03.30-01.07.28:470][  0]LogConfig: Setting CVar [[r.DOF.Gather.PostfilterMethod:1          ; Median3x3 postfilering method]]
[2020.03.30-01.07.28:470][  0]LogConfig: Setting CVar [[r.DOF.Gather.EnableBokehSettings:0       ; no bokeh simulation when gathering]]
[2020.03.30-01.07.28:470][  0]LogConfig: Setting CVar [[r.DOF.Gather.RingCount:4                 ; medium number of samples when gathering]]
[2020.03.30-01.07.28:470][  0]LogConfig: Setting CVar [[r.DOF.Scatter.ForegroundCompositing:1    ; additive foreground scattering]]
[2020.03.30-01.07.28:470][  0]LogConfig: Setting CVar [[r.DOF.Scatter.BackgroundCompositing:2    ; additive background scattering]]
[2020.03.30-01.07.28:470][  0]LogConfig: Setting CVar [[r.DOF.Scatter.EnableBokehSettings:1      ; bokeh simulation when scattering]]
[2020.03.30-01.07.28:470][  0]LogConfig: Setting CVar [[r.DOF.Scatter.MaxSpriteRatio:0.1         ; only a maximum of 10% of scattered bokeh]]
[2020.03.30-01.07.28:470][  0]LogConfig: Setting CVar [[r.DOF.Recombine.Quality:1                ; cheap slight out of focus]]
[2020.03.30-01.07.28:470][  0]LogConfig: Setting CVar [[r.DOF.Recombine.EnableBokehSettings:0    ; no bokeh simulation on slight out of focus]]
[2020.03.30-01.07.28:470][  0]LogConfig: Setting CVar [[r.DOF.TemporalAAQuality:1                ; more stable temporal accumulation]]
[2020.03.30-01.07.28:470][  0]LogConfig: Setting CVar [[r.DOF.Kernel.MaxForegroundRadius:0.025]]
[2020.03.30-01.07.28:470][  0]LogConfig: Setting CVar [[r.DOF.Kernel.MaxBackgroundRadius:0.025]]
[2020.03.30-01.07.28:470][  0]LogConfig: Applying CVar settings from Section [TextureQuality@3] File [C:/Users/ayala/Documents/GitHub/VJ3-test/MapProject 4.22/Saved/Config/Windows/Scalability.ini]
[2020.03.30-01.07.28:470][  0]LogConfig: Setting CVar [[r.Streaming.MipBias:0]]
[2020.03.30-01.07.28:470][  0]LogConfig: Setting CVar [[r.Streaming.AmortizeCPUToGPUCopy:0]]
[2020.03.30-01.07.28:470][  0]LogConfig: Setting CVar [[r.Streaming.MaxNumTexturesToStreamPerFrame:0]]
[2020.03.30-01.07.28:470][  0]LogConfig: Setting CVar [[r.Streaming.Boost:1]]
[2020.03.30-01.07.28:470][  0]LogConfig: Setting CVar [[r.MaxAnisotropy:8]]
[2020.03.30-01.07.28:470][  0]LogConfig: Setting CVar [[r.Streaming.LimitPoolSizeToVRAM:0]]
[2020.03.30-01.07.28:470][  0]LogConfig: Setting CVar [[r.Streaming.PoolSize:1000]]
[2020.03.30-01.07.28:470][  0]LogConfig: Setting CVar [[r.Streaming.MaxEffectiveScreenSize:0]]
[2020.03.30-01.07.28:470][  0]LogConfig: Applying CVar settings from Section [EffectsQuality@3] File [C:/Users/ayala/Documents/GitHub/VJ3-test/MapProject 4.22/Saved/Config/Windows/Scalability.ini]
[2020.03.30-01.07.28:470][  0]LogConfig: Setting CVar [[r.TranslucencyLightingVolumeDim:64]]
[2020.03.30-01.07.28:470][  0]LogConfig: Setting CVar [[r.RefractionQuality:2]]
[2020.03.30-01.07.28:470][  0]LogConfig: Setting CVar [[r.SSR.Quality:3]]
[2020.03.30-01.07.28:470][  0]LogConfig: Setting CVar [[r.SceneColorFormat:4]]
[2020.03.30-01.07.28:470][  0]LogConfig: Setting CVar [[r.DetailMode:2]]
[2020.03.30-01.07.28:470][  0]LogConfig: Setting CVar [[r.TranslucencyVolumeBlur:1]]
[2020.03.30-01.07.28:470][  0]LogConfig: Setting CVar [[r.MaterialQualityLevel:1 ; High quality]]
[2020.03.30-01.07.28:470][  0]LogConfig: Setting CVar [[r.SSS.Scale:1]]
[2020.03.30-01.07.28:470][  0]LogConfig: Setting CVar [[r.SSS.SampleSet:2]]
[2020.03.30-01.07.28:470][  0]LogConfig: Setting CVar [[r.SSS.Quality:1]]
[2020.03.30-01.07.28:470][  0]LogConfig: Setting CVar [[r.SSS.HalfRes:1]]
[2020.03.30-01.07.28:470][  0]LogConfig: Setting CVar [[r.EmitterSpawnRateScale:1.0]]
[2020.03.30-01.07.28:470][  0]LogConfig: Setting CVar [[r.ParticleLightQuality:2]]
[2020.03.30-01.07.28:470][  0]LogConfig: Applying CVar settings from Section [FoliageQuality@3] File [C:/Users/ayala/Documents/GitHub/VJ3-test/MapProject 4.22/Saved/Config/Windows/Scalability.ini]
[2020.03.30-01.07.28:471][  0]LogConfig: Setting CVar [[foliage.DensityScale:1.0]]
[2020.03.30-01.07.28:471][  0]LogConfig: Setting CVar [[grass.DensityScale:1.0]]
[2020.03.30-01.07.28:471][  0]LogInit: Selected Device Profile: [Windows]
[2020.03.30-01.07.28:471][  0]LogInit: Applying CVar settings loaded from the selected device profile: [Windows]
[2020.03.30-01.07.28:477][  0]LogHAL: Display: Platform has ~ 8 GB [8443301888 / 8589934592 / 8], which maps to Default [LargestMinGB=32, LargerMinGB=12, DefaultMinGB=8, SmallerMinGB=6, SmallestMinGB=0)
[2020.03.30-01.07.28:477][  0]LogConfig: Setting CVar [[r.Vulkan.UseRealUBs:0		; Required until we fix HLR fall-out]]
[2020.03.30-01.07.28:477][  0]LogInit: Going up to parent DeviceProfile []
[2020.03.30-01.07.28:477][  0]LogConfig: Applying CVar settings from Section [ViewDistanceQuality@3] File [C:/Users/ayala/Documents/GitHub/VJ3-test/MapProject 4.22/Saved/Config/Windows/Scalability.ini]
[2020.03.30-01.07.28:477][  0]LogConfig: Setting CVar [[r.SkeletalMeshLODBias:0]]
[2020.03.30-01.07.28:477][  0]LogConfig: Setting CVar [[r.ViewDistanceScale:1.0]]
[2020.03.30-01.07.28:477][  0]LogConfig: Applying CVar settings from Section [AntiAliasingQuality@3] File [C:/Users/ayala/Documents/GitHub/VJ3-test/MapProject 4.22/Saved/Config/Windows/Scalability.ini]
[2020.03.30-01.07.28:477][  0]LogConfig: Setting CVar [[r.PostProcessAAQuality:4]]
[2020.03.30-01.07.28:477][  0]LogConfig: Applying CVar settings from Section [ShadowQuality@3] File [C:/Users/ayala/Documents/GitHub/VJ3-test/MapProject 4.22/Saved/Config/Windows/Scalability.ini]
[2020.03.30-01.07.28:477][  0]LogConfig: Setting CVar [[r.LightFunctionQuality:1]]
[2020.03.30-01.07.28:477][  0]LogConfig: Setting CVar [[r.ShadowQuality:5]]
[2020.03.30-01.07.28:477][  0]LogConfig: Setting CVar [[r.Shadow.CSM.MaxCascades:10]]
[2020.03.30-01.07.28:477][  0]LogConfig: Setting CVar [[r.Shadow.MaxResolution:2048]]
[2020.03.30-01.07.28:477][  0]LogConfig: Setting CVar [[r.Shadow.MaxCSMResolution:2048]]
[2020.03.30-01.07.28:477][  0]LogConfig: Setting CVar [[r.Shadow.RadiusThreshold:0.01]]
[2020.03.30-01.07.28:477][  0]LogConfig: Setting CVar [[r.Shadow.DistanceScale:1.0]]
[2020.03.30-01.07.28:478][  0]LogConfig: Setting CVar [[r.Shadow.CSM.TransitionScale:1.0]]
[2020.03.30-01.07.28:478][  0]LogConfig: Setting CVar [[r.Shadow.PreShadowResolutionFactor:1.0]]
[2020.03.30-01.07.28:478][  0]LogConfig: Setting CVar [[r.DistanceFieldShadowing:1]]
[2020.03.30-01.07.28:478][  0]LogConfig: Setting CVar [[r.DistanceFieldAO:1]]
[2020.03.30-01.07.28:478][  0]LogConfig: Setting CVar [[r.AOQuality:2]]
[2020.03.30-01.07.28:478][  0]LogConfig: Setting CVar [[r.VolumetricFog:1]]
[2020.03.30-01.07.28:478][  0]LogConfig: Setting CVar [[r.VolumetricFog.GridPixelSize:8]]
[2020.03.30-01.07.28:478][  0]LogConfig: Setting CVar [[r.VolumetricFog.GridSizeZ:128]]
[2020.03.30-01.07.28:478][  0]LogConfig: Setting CVar [[r.VolumetricFog.HistoryMissSupersampleCount:4]]
[2020.03.30-01.07.28:478][  0]LogConfig: Setting CVar [[r.LightMaxDrawDistanceScale:1]]
[2020.03.30-01.07.28:478][  0]LogConfig: Setting CVar [[r.CapsuleShadows:1]]
[2020.03.30-01.07.28:478][  0]LogConfig: Applying CVar settings from Section [PostProcessQuality@3] File [C:/Users/ayala/Documents/GitHub/VJ3-test/MapProject 4.22/Saved/Config/Windows/Scalability.ini]
[2020.03.30-01.07.28:478][  0]LogConfig: Setting CVar [[r.MotionBlurQuality:4]]
[2020.03.30-01.07.28:478][  0]LogConfig: Setting CVar [[r.AmbientOcclusionMipLevelFactor:0.4]]
[2020.03.30-01.07.28:478][  0]LogConfig: Setting CVar [[r.AmbientOcclusionMaxQuality:100]]
[2020.03.30-01.07.28:478][  0]LogConfig: Setting CVar [[r.AmbientOcclusionLevels:-1]]
[2020.03.30-01.07.28:478][  0]LogConfig: Setting CVar [[r.AmbientOcclusionRadiusScale:1.0]]
[2020.03.30-01.07.28:478][  0]LogConfig: Setting CVar [[r.DepthOfFieldQuality:2]]
[2020.03.30-01.07.28:478][  0]LogConfig: Setting CVar [[r.RenderTargetPoolMin:400]]
[2020.03.30-01.07.28:478][  0]LogConfig: Setting CVar [[r.LensFlareQuality:2]]
[2020.03.30-01.07.28:478][  0]LogConfig: Setting CVar [[r.SceneColorFringeQuality:1]]
[2020.03.30-01.07.28:478][  0]LogConfig: Setting CVar [[r.EyeAdaptationQuality:2]]
[2020.03.30-01.07.28:478][  0]LogConfig: Setting CVar [[r.BloomQuality:5]]
[2020.03.30-01.07.28:478][  0]LogConfig: Setting CVar [[r.FastBlurThreshold:100]]
[2020.03.30-01.07.28:478][  0]LogConfig: Setting CVar [[r.Upscale.Quality:3]]
[2020.03.30-01.07.28:478][  0]LogConfig: Setting CVar [[r.Tonemapper.GrainQuantization:1]]
[2020.03.30-01.07.28:478][  0]LogConfig: Setting CVar [[r.LightShaftQuality:1]]
[2020.03.30-01.07.28:478][  0]LogConfig: Setting CVar [[r.Filter.SizeScale:1]]
[2020.03.30-01.07.28:478][  0]LogConfig: Setting CVar [[r.Tonemapper.Quality:5]]
[2020.03.30-01.07.28:478][  0]LogConfig: Setting CVar [[r.DOF.Gather.AccumulatorQuality:1        ; higher gathering accumulator quality]]
[2020.03.30-01.07.28:478][  0]LogConfig: Setting CVar [[r.DOF.Gather.PostfilterMethod:1          ; Median3x3 postfilering method]]
[2020.03.30-01.07.28:478][  0]LogConfig: Setting CVar [[r.DOF.Gather.EnableBokehSettings:0       ; no bokeh simulation when gathering]]
[2020.03.30-01.07.28:478][  0]LogConfig: Setting CVar [[r.DOF.Gather.RingCount:4                 ; medium number of samples when gathering]]
[2020.03.30-01.07.28:478][  0]LogConfig: Setting CVar [[r.DOF.Scatter.ForegroundCompositing:1    ; additive foreground scattering]]
[2020.03.30-01.07.28:478][  0]LogConfig: Setting CVar [[r.DOF.Scatter.BackgroundCompositing:2    ; additive background scattering]]
[2020.03.30-01.07.28:478][  0]LogConfig: Setting CVar [[r.DOF.Scatter.EnableBokehSettings:1      ; bokeh simulation when scattering]]
[2020.03.30-01.07.28:479][  0]LogConfig: Setting CVar [[r.DOF.Scatter.MaxSpriteRatio:0.1         ; only a maximum of 10% of scattered bokeh]]
[2020.03.30-01.07.28:479][  0]LogConfig: Setting CVar [[r.DOF.Recombine.Quality:1                ; cheap slight out of focus]]
[2020.03.30-01.07.28:479][  0]LogConfig: Setting CVar [[r.DOF.Recombine.EnableBokehSettings:0    ; no bokeh simulation on slight out of focus]]
[2020.03.30-01.07.28:479][  0]LogConfig: Setting CVar [[r.DOF.TemporalAAQuality:1                ; more stable temporal accumulation]]
[2020.03.30-01.07.28:479][  0]LogConfig: Setting CVar [[r.DOF.Kernel.MaxForegroundRadius:0.025]]
[2020.03.30-01.07.28:479][  0]LogConfig: Setting CVar [[r.DOF.Kernel.MaxBackgroundRadius:0.025]]
[2020.03.30-01.07.28:479][  0]LogConfig: Applying CVar settings from Section [TextureQuality@3] File [C:/Users/ayala/Documents/GitHub/VJ3-test/MapProject 4.22/Saved/Config/Windows/Scalability.ini]
[2020.03.30-01.07.28:479][  0]LogConfig: Setting CVar [[r.Streaming.MipBias:0]]
[2020.03.30-01.07.28:479][  0]LogConfig: Setting CVar [[r.Streaming.AmortizeCPUToGPUCopy:0]]
[2020.03.30-01.07.28:479][  0]LogConfig: Setting CVar [[r.Streaming.MaxNumTexturesToStreamPerFrame:0]]
[2020.03.30-01.07.28:479][  0]LogConfig: Setting CVar [[r.Streaming.Boost:1]]
[2020.03.30-01.07.28:479][  0]LogConfig: Setting CVar [[r.MaxAnisotropy:8]]
[2020.03.30-01.07.28:479][  0]LogConfig: Setting CVar [[r.Streaming.LimitPoolSizeToVRAM:0]]
[2020.03.30-01.07.28:479][  0]LogConfig: Setting CVar [[r.Streaming.PoolSize:1000]]
[2020.03.30-01.07.28:479][  0]LogConfig: Setting CVar [[r.Streaming.MaxEffectiveScreenSize:0]]
[2020.03.30-01.07.28:479][  0]LogConfig: Applying CVar settings from Section [EffectsQuality@3] File [C:/Users/ayala/Documents/GitHub/VJ3-test/MapProject 4.22/Saved/Config/Windows/Scalability.ini]
[2020.03.30-01.07.28:479][  0]LogConfig: Setting CVar [[r.TranslucencyLightingVolumeDim:64]]
[2020.03.30-01.07.28:479][  0]LogConfig: Setting CVar [[r.RefractionQuality:2]]
[2020.03.30-01.07.28:479][  0]LogConfig: Setting CVar [[r.SSR.Quality:3]]
[2020.03.30-01.07.28:479][  0]LogConfig: Setting CVar [[r.SceneColorFormat:4]]
[2020.03.30-01.07.28:479][  0]LogConfig: Setting CVar [[r.DetailMode:2]]
[2020.03.30-01.07.28:479][  0]LogConfig: Setting CVar [[r.TranslucencyVolumeBlur:1]]
[2020.03.30-01.07.28:479][  0]LogConfig: Setting CVar [[r.MaterialQualityLevel:1 ; High quality]]
[2020.03.30-01.07.28:479][  0]LogConfig: Setting CVar [[r.SSS.Scale:1]]
[2020.03.30-01.07.28:479][  0]LogConfig: Setting CVar [[r.SSS.SampleSet:2]]
[2020.03.30-01.07.28:479][  0]LogConfig: Setting CVar [[r.SSS.Quality:1]]
[2020.03.30-01.07.28:479][  0]LogConfig: Setting CVar [[r.SSS.HalfRes:1]]
[2020.03.30-01.07.28:479][  0]LogConfig: Setting CVar [[r.EmitterSpawnRateScale:1.0]]
[2020.03.30-01.07.28:479][  0]LogConfig: Setting CVar [[r.ParticleLightQuality:2]]
[2020.03.30-01.07.28:479][  0]LogConfig: Applying CVar settings from Section [FoliageQuality@3] File [C:/Users/ayala/Documents/GitHub/VJ3-test/MapProject 4.22/Saved/Config/Windows/Scalability.ini]
[2020.03.30-01.07.28:479][  0]LogConfig: Setting CVar [[foliage.DensityScale:1.0]]
[2020.03.30-01.07.28:479][  0]LogConfig: Setting CVar [[grass.DensityScale:1.0]]
[2020.03.30-01.07.28:479][  0]LogConfig: Applying CVar settings from Section [Startup] File [../../../Engine/Config/ConsoleVariables.ini]
[2020.03.30-01.07.28:480][  0]LogConfig: Setting CVar [[net.UseAdaptiveNetUpdateFrequency:0]]
[2020.03.30-01.07.28:480][  0]LogConfig: Setting CVar [[p.chaos.AllowCreatePhysxBodies:1]]
[2020.03.30-01.07.28:480][  0]LogConfig: Applying CVar settings from Section [ConsoleVariables] File [C:/Users/ayala/Documents/GitHub/VJ3-test/MapProject 4.22/Saved/Config/Windows/Engine.ini]
[2020.03.30-01.07.28:480][  0]LogInit: Computer: DESKTOP-8J0KLND
[2020.03.30-01.07.28:480][  0]LogInit: User: ayala
[2020.03.30-01.07.28:480][  0]LogInit: CPU Page size=4096, Cores=4
[2020.03.30-01.07.28:480][  0]LogInit: High frequency timer resolution =10.000000 MHz
[2020.03.30-01.07.28:481][  0]LogMemory: Memory total: Physical=7.9GB (8GB approx)
[2020.03.30-01.07.28:481][  0]LogMemory: Platform Memory Stats for Windows
[2020.03.30-01.07.28:481][  0]LogMemory: Process Physical Memory: 133.52 MB used, 133.52 MB peak
[2020.03.30-01.07.28:481][  0]LogMemory: Process Virtual Memory: 104.25 MB used, 104.25 MB peak
[2020.03.30-01.07.28:481][  0]LogMemory: Physical Memory: 7056.28 MB used,  995.88 MB free, 8052.16 MB total
[2020.03.30-01.07.28:481][  0]LogMemory: Virtual Memory: 4800.22 MB used,  134212928.00 MB free, 134217728.00 MB total
[2020.03.30-01.07.28:519][  0]LogInit: Using OS detected language (es-MX).
[2020.03.30-01.07.28:519][  0]LogInit: Using OS detected locale (es-MX).
[2020.03.30-01.07.28:520][  0]LogTextLocalizationResource: LocRes '../../../Engine/Content/Localization/Editor/es-MX/Editor.locres' could not be opened for reading!
[2020.03.30-01.07.28:520][  0]LogTextLocalizationResource: LocRes '../../../Engine/Content/Localization/EditorTutorials/es-MX/EditorTutorials.locres' could not be opened for reading!
[2020.03.30-01.07.28:520][  0]LogTextLocalizationResource: LocRes '../../../Engine/Content/Localization/Keywords/es-MX/Keywords.locres' could not be opened for reading!
[2020.03.30-01.07.28:521][  0]LogTextLocalizationResource: LocRes '../../../Engine/Content/Localization/Category/es-MX/Category.locres' could not be opened for reading!
[2020.03.30-01.07.28:521][  0]LogTextLocalizationResource: LocRes '../../../Engine/Content/Localization/ToolTips/es-MX/ToolTips.locres' could not be opened for reading!
[2020.03.30-01.07.28:521][  0]LogTextLocalizationResource: LocRes '../../../Engine/Content/Localization/PropertyNames/es-MX/PropertyNames.locres' could not be opened for reading!
[2020.03.30-01.07.28:521][  0]LogTextLocalizationResource: LocRes '../../../Engine/Content/Localization/Engine/es-MX/Engine.locres' could not be opened for reading!
[2020.03.30-01.07.28:521][  0]LogTextLocalizationResource: LocRes '../../../Engine/Plugins/Online/Android/OnlineSubsystemGooglePlay/Content/Localization/OnlineSubsystemGooglePlay/es-MX/OnlineSubsystemGooglePlay.locres' could not be opened for reading!
[2020.03.30-01.07.28:521][  0]LogTextLocalizationResource: LocRes '../../../Engine/Plugins/Online/IOS/OnlineSubsystemIOS/Content/Localization/OnlineSubsystemIOS/es-MX/OnlineSubsystemIOS.locres' could not be opened for reading!
[2020.03.30-01.07.28:522][  0]LogTextLocalizationResource: LocRes '../../../Engine/Plugins/Online/OnlineSubsystemSteam/Content/Localization/OnlineSubsystemSteam/es-MX/OnlineSubsystemSteam.locres' could not be opened for reading!
[2020.03.30-01.07.28:522][  0]LogTextLocalizationResource: LocRes '../../../Engine/Plugins/Online/OnlineSubsystemUtils/Content/Localization/OnlineSubsystemUtils/es-MX/OnlineSubsystemUtils.locres' could not be opened for reading!
[2020.03.30-01.07.28:625][  0]LogSlate: New Slate User Created.  User Index 0, Is Virtual User: 0
[2020.03.30-01.07.28:625][  0]LogSlate: Slate User Registered.  User Index 0, Is Virtual User: 0
[2020.03.30-01.07.28:705][  0]LogHMD: Failed to initialize OpenVR with code 110
[2020.03.30-01.07.28:705][  0]LogD3D11RHI: D3D11 adapters:
[2020.03.30-01.07.28:869][  0]LogD3D11RHI:    0. 'NVIDIA GeForce GTX 1060' (Feature Level 11_0)
[2020.03.30-01.07.28:870][  0]LogD3D11RHI:       6052/0/4026 MB DedicatedVideo/DedicatedSystem/SharedSystem, Outputs:1, VendorId:0x10de
[2020.03.30-01.07.28:904][  0]LogD3D11RHI:    1. 'Intel(R) HD Graphics 630' (Feature Level 11_0)
[2020.03.30-01.07.28:904][  0]LogD3D11RHI:       128/0/4026 MB DedicatedVideo/DedicatedSystem/SharedSystem, Outputs:0, VendorId:0x8086
[2020.03.30-01.07.28:911][  0]LogD3D11RHI:    2. 'Microsoft Basic Render Driver' (Feature Level 11_0)
[2020.03.30-01.07.28:911][  0]LogD3D11RHI:       0/0/4026 MB DedicatedVideo/DedicatedSystem/SharedSystem, Outputs:0, VendorId:0x1414
[2020.03.30-01.07.28:911][  0]LogD3D11RHI: Chosen D3D11 Adapter: 0
[2020.03.30-01.07.28:963][  0]LogD3D11RHI: Creating new Direct3DDevice
[2020.03.30-01.07.28:964][  0]LogD3D11RHI:     GPU DeviceId: 0x1c20 (for the marketing name, search the web for "GPU Device Id")
[2020.03.30-01.07.28:964][  0]LogWindows: EnumDisplayDevices:
[2020.03.30-01.07.28:965][  0]LogWindows:    0. 'Intel(R) HD Graphics 630' (P:1 D:1)
[2020.03.30-01.07.28:966][  0]LogWindows:    1. 'Intel(R) HD Graphics 630' (P:0 D:0)
[2020.03.30-01.07.28:966][  0]LogWindows:    2. 'Intel(R) HD Graphics 630' (P:0 D:0)
[2020.03.30-01.07.28:967][  0]LogWindows:    3. 'NVIDIA GeForce GTX 1060' (P:0 D:0)
[2020.03.30-01.07.28:967][  0]LogWindows:    4. 'NVIDIA GeForce GTX 1060' (P:0 D:0)
[2020.03.30-01.07.28:968][  0]LogWindows:    5. 'NVIDIA GeForce GTX 1060' (P:0 D:0)
[2020.03.30-01.07.28:968][  0]LogWindows:    6. 'NVIDIA GeForce GTX 1060' (P:0 D:0)
[2020.03.30-01.07.28:968][  0]LogWindows: DebugString: PrimaryIsNotTheChoosenAdapter PrimaryIsNotTheChoosenAdapter PrimaryIsNotTheChoosenAdapter FoundDriverCount:4 
[2020.03.30-01.07.28:968][  0]LogD3D11RHI:     Adapter Name: NVIDIA GeForce GTX 1060
[2020.03.30-01.07.28:968][  0]LogD3D11RHI:   Driver Version: 441.66 (internal:26.21.14.4166, unified:441.66)
[2020.03.30-01.07.28:968][  0]LogD3D11RHI:      Driver Date: 12-6-2019
[2020.03.30-01.07.28:968][  0]LogRHI: Texture pool is 4236 MB (70% of 6052 MB)
[2020.03.30-01.07.29:063][  0]LogD3D11RHI: Async texture creation enabled
[2020.03.30-01.07.29:068][  0]LogRendererCore: FGlobalReadBuffer::InitRHI
[2020.03.30-01.07.29:068][  0]LogRendererCore: FGlobalReadBuffer::InitRHI
[2020.03.30-01.07.29:068][  0]LogRendererCore: FGlobalReadBuffer::InitRHI
[2020.03.30-01.07.29:077][  0]LogD3D11RHI: GPU Timing Frequency: 1000.000000 (Debug: 2 1)
[2020.03.30-01.07.31:822][  0]LogTemp: Display: Module 'WindowsClientTargetPlatform' loaded TargetPlatform 'WindowsClient'
[2020.03.30-01.07.31:844][  0]LogTemp: Display: Module 'WindowsNoEditorTargetPlatform' loaded TargetPlatform 'WindowsNoEditor'
[2020.03.30-01.07.31:868][  0]LogTemp: Display: Module 'WindowsServerTargetPlatform' loaded TargetPlatform 'WindowsServer'
[2020.03.30-01.07.31:881][  0]LogTemp: Display: Module 'WindowsTargetPlatform' loaded TargetPlatform 'Windows'
[2020.03.30-01.07.31:881][  0]LogTargetPlatformManager: Display: Building Assets For Windows
[2020.03.30-01.07.31:897][  0]LogAudioDebug: Display: Lib vorbis DLL was dynamically loaded.
[2020.03.30-01.07.31:979][  0]LogShaderCompilers: Guid format shader working directory is -26 characters bigger than the processId version (../../../../../../Users/ayala/Documents/GitHub/VJ3-test/MapProject 4.22/Intermediate/Shaders/WorkingDirectory/14056/).
[2020.03.30-01.07.31:979][  0]LogShaderCompilers: Cleaned the shader compiler working directory 'C:/Users/ayala/AppData/Local/Temp/UnrealShaderWorkingDir/343028374D74D9A64F614398B0388C9B/'.
[2020.03.30-01.07.31:983][  0]LogXGEController: Cannot use XGE Controller as Incredibuild is not installed on this machine.
[2020.03.30-01.07.31:983][  0]LogShaderCompilers: Cannot use XGE Shader Compiler as Incredibuild is not installed on this machine.
[2020.03.30-01.07.31:983][  0]LogShaderCompilers: Display: Using Local Shader Compiler.
[2020.03.30-01.07.32:793][  0]LogDerivedDataCache: Display: Max Cache Size: 512 MB
[2020.03.30-01.07.32:858][  0]LogDerivedDataCache: Loaded boot cache 0.07s 71MB C:/Users/ayala/AppData/Local/UnrealEngine/4.22/DerivedDataCache/Boot.ddc.
[2020.03.30-01.07.32:858][  0]LogDerivedDataCache: Display: Loaded Boot cache: C:/Users/ayala/AppData/Local/UnrealEngine/4.22/DerivedDataCache/Boot.ddc
[2020.03.30-01.07.32:858][  0]LogDerivedDataCache: FDerivedDataBackendGraph:  Pak pak cache file ../../../../../../Users/ayala/Documents/GitHub/VJ3-test/MapProject 4.22/DerivedDataCache/DDC.ddp not found, will not use a pak cache.
[2020.03.30-01.07.32:858][  0]LogDerivedDataCache: Unable to find inner node Pak for hierarchical cache Hierarchy.
[2020.03.30-01.07.32:858][  0]LogDerivedDataCache: FDerivedDataBackendGraph:  CompressedPak pak cache file ../../../../../../Users/ayala/Documents/GitHub/VJ3-test/MapProject 4.22/DerivedDataCache/Compressed.ddp not found, will not use a pak cache.
[2020.03.30-01.07.32:858][  0]LogDerivedDataCache: Unable to find inner node CompressedPak for hierarchical cache Hierarchy.
[2020.03.30-01.07.32:877][  0]LogDerivedDataCache: Display: Pak cache opened for reading ../../../Engine/DerivedDataCache/Compressed.ddp.
[2020.03.30-01.07.32:877][  0]LogDerivedDataCache: FDerivedDataBackendGraph:  EnterprisePak pak cache file ../../../Enterprise/DerivedDataCache/Compressed.ddp not found, will not use a pak cache.
[2020.03.30-01.07.32:877][  0]LogDerivedDataCache: Unable to find inner node EnterprisePak for hierarchical cache Hierarchy.
[2020.03.30-01.07.32:889][  0]LogDerivedDataCache: Using Local data cache path C:/Users/ayala/AppData/Local/UnrealEngine/Common/DerivedDataCache: Writable
[2020.03.30-01.07.32:889][  0]LogDerivedDataCache: Shared data cache path not found in *engine.ini, will not use an Shared cache.
[2020.03.30-01.07.32:889][  0]LogDerivedDataCache: Unable to find inner node Shared for hierarchical cache Hierarchy.
[2020.03.30-01.07.32:922][  0]LogMaterial: Verifying Global Shaders for PCD3D_SM5
[2020.03.30-01.07.32:923][  0]LogSlate: Using FreeType 2.6.0
[2020.03.30-01.07.32:924][  0]LogSlate: SlateFontServices - WITH_FREETYPE: 1, WITH_HARFBUZZ: 1
[2020.03.30-01.07.33:227][  0]LogInit: Using OS detected language (es-MX).
[2020.03.30-01.07.33:227][  0]LogInit: Using OS detected locale (es-MX).
[2020.03.30-01.07.33:227][  0]LogTextLocalizationManager: No localization for 'es-MX' exists, so 'en' will be used for the language.
[2020.03.30-01.07.33:227][  0]LogTextLocalizationManager: No localization for 'es-MX' exists, so 'en' will be used for the locale.
[2020.03.30-01.07.33:228][  0]LogSlate: FontCache flush requested. Reason: Culture for localization was changed
[2020.03.30-01.07.33:228][  0]LogSlate: FontCache flush requested. Reason: Culture for localization was changed
[2020.03.30-01.07.33:228][  0]LogTextLocalizationManager: Compacting localization data took   0.00ms
[2020.03.30-01.07.33:244][  0]LogAssetRegistry: FAssetRegistry took 0.0097 seconds to start up
[2020.03.30-01.07.33:543][  0]LogPackageLocalizationCache: Processed 10 localized package path(s) for 1 prioritized culture(s) in 0.000800 seconds
[2020.03.30-01.07.33:736][  0]LogInit: Selected Device Profile: [Windows]
[2020.03.30-01.07.33:925][  0]LogMeshReduction: Using QuadricMeshReduction for automatic static mesh reduction
[2020.03.30-01.07.33:925][  0]LogMeshReduction: Using SimplygonMeshReduction for automatic skeletal mesh reduction
[2020.03.30-01.07.33:925][  0]LogMeshReduction: Using ProxyLODMeshReduction for automatic mesh merging
[2020.03.30-01.07.33:925][  0]LogMeshReduction: No distributed automatic mesh merging module available
[2020.03.30-01.07.33:925][  0]LogMeshMerging: No distributed automatic mesh merging module available
[2020.03.30-01.07.33:938][  0]LogNetVersion: Vis2 1.0.0, NetCL: 5660361, EngineNetVer: 10, GameNetVer: 0 (Checksum: 1012566908)
[2020.03.30-01.07.34:836][  0]LogMoviePlayer: Initializing movie player
[2020.03.30-01.07.34:994][  0]LogTcpMessaging: Initializing TcpMessaging bridge
[2020.03.30-01.07.35:008][  0]LogUdpMessaging: Initializing bridge on interface 0.0.0.0:0 to multicast group 230.0.0.1:6666.
[2020.03.30-01.07.35:112][  0]SourceControl: El control de código fuente está desactivado
[2020.03.30-01.07.35:112][  0]SourceControl: El control de código fuente está desactivado
[2020.03.30-01.07.35:114][  0]SourceControl: El control de código fuente está desactivado
[2020.03.30-01.07.35:129][  0]LogVSAccessor: Display: Unable to create Visual Studio setup instance: 80040154
[2020.03.30-01.07.35:129][  0]LogVSAccessor: Display: Unable to create Visual Studio setup instance: 80040154
[2020.03.30-01.07.35:201][  0]LogAndroidPermission: UAndroidPermissionCallbackProxy::GetInstance
[2020.03.30-01.07.35:472][  0]LogOcInput: OculusInput pre-init called
[2020.03.30-01.07.35:486][  0]LogUObjectArray: 47126 objects as part of root set at end of initial load.
[2020.03.30-01.07.35:486][  0]LogUObjectAllocator: 8283160 out of 0 bytes used by permanent object pool.
[2020.03.30-01.07.35:486][  0]LogUObjectArray: CloseDisregardForGC: 0/0 objects in disregard for GC pool
[2020.03.30-01.07.35:646][  0]LogEngine: Initializing Engine...
[2020.03.30-01.07.35:647][  0]LogHMD: Failed to initialize OpenVR with code 110
[2020.03.30-01.07.35:660][  0]LogStats: UGameplayTagsManager::InitializeManager -  0.000 s
[2020.03.30-01.07.35:890][  0]LogInit: Initializing FReadOnlyCVARCache
[2020.03.30-01.07.35:903][  0]LogInit: XAudio2 using 'Altavoces (Realtek High Definition Audio)' : 2 channels at 48 kHz using 32 bits per sample (channel mask 0x3)
[2020.03.30-01.07.35:934][  0]LogInit: FAudioDevice initialized.
[2020.03.30-01.07.35:946][  0]LogNetVersion: Set ProjectVersion to 1.0.0.0. Version Checksum will be recalculated on next use.
[2020.03.30-01.07.35:954][  0]LogInit: Texture streaming: Enabled
[2020.03.30-01.07.36:191][  0]LogSlate: Updating window title bar state: overlay mode, drag disabled, window buttons hidden, title bar hidden
[2020.03.30-01.07.36:191][  0]LogInit: Display: Game Engine Initialized.
[2020.03.30-01.07.36:271][  0]LogInit: Display: Starting Game.
[2020.03.30-01.07.36:271][  0]LogNet: Browse: /Game/Maps/MenuMap?Name=Player
[2020.03.30-01.07.36:272][  0]LogLoad: LoadMap: /Game/Maps/MenuMap?Name=Player
[2020.03.30-01.07.36:307][  0]LogUObjectHash: Compacting FUObjectHashTables data took   2.16ms
[2020.03.30-01.07.36:432][  0]LogAIModule: Creating AISystem for world MenuMap
[2020.03.30-01.07.36:873][  0]LogLoad: Game class is 'ThirdPersonGameMode_C'
[2020.03.30-01.07.36:876][  0]LogWorld: Bringing World /Game/Maps/MenuMap.MenuMap up for play (max tick rate 0) at 2020.03.29-19.07.36
[2020.03.30-01.07.36:876][  0]LogWorld: Bringing up level for play took: 0.001666
[2020.03.30-01.07.36:883][  0]LogPlayerManagement: Error: Failed to Create Player: A local player already exists for controller ID 0,
[2020.03.30-01.07.36:888][  0]LogLoad: Took 0.616417 seconds to LoadMap(/Game/Maps/MenuMap)
[2020.03.30-01.07.36:969][  0]LogRenderer: Reallocating scene render targets to support 1280x720 Format 10 NumSamples 1 (Frame:1).
[2020.03.30-01.07.36:969][  0]LogLoad: (Engine Initialization) Total time: 11.04 seconds
[2020.03.30-01.07.36:969][  0]LogLoad: (Engine Initialization) Total Blueprint compile time: 0.00 seconds
[2020.03.30-01.07.37:002][  0]LogContentStreaming: Texture pool size now 1000 MB
[2020.03.30-01.07.37:196][  0]LogRenderer: Reallocating scene render targets to support 128x128 Format 10 NumSamples 1 (Frame:1).
[2020.03.30-01.07.37:239][  0]LogRenderer: Reallocating scene render targets to support 1280x720 Format 10 NumSamples 1 (Frame:2).
[2020.03.30-01.07.49:066][673]LogSlate: FSceneViewport::OnFocusLost() reason 0
[2020.03.30-01.07.55:508][ 19]LogSlate: Window 'Vis2 (64-bit Development PCD3D_SM5) ' being destroyed
[2020.03.30-01.07.55:509][ 19]LogWindowsTextInputMethodSystem: Display: IME system now deactivated.
[2020.03.30-01.07.55:514][ 19]LogSlate: Updating window title bar state: overlay mode, drag disabled, window buttons hidden, title bar hidden
[2020.03.30-01.07.55:514][ 19]LogEngine: All Windows Closed
[2020.03.30-01.07.55:514][ 19]LogWindows: FPlatformMisc::RequestExit(0)
[2020.03.30-01.07.55:662][ 20]LogExit: Preparing to exit.
[2020.03.30-01.07.55:663][ 20]LogMoviePlayer: Shutting down movie player
[2020.03.30-01.07.56:039][ 20]LogSlate: Updating window title bar state: overlay mode, drag disabled, window buttons hidden, title bar hidden
[2020.03.30-01.07.56:057][ 20]LogExit: Game engine shut down
[2020.03.30-01.07.56:137][ 20]LogExit: Object subsystem successfully closed.
[2020.03.30-01.07.56:152][ 20]LogShaderCompilers: Display: Shaders left to compile 0
[2020.03.30-01.07.56:156][ 20]LogD3D11RHI: Shutdown
[2020.03.30-01.07.56:156][ 20]LogD3D11RHI: CleanupD3DDevice
[2020.03.30-01.07.56:157][ 20]LogRendererCore: FGlobalReadBuffer::ReleaseRHI
[2020.03.30-01.07.56:157][ 20]LogRendererCore: FGlobalDynamicReadBuffer::Cleanup()
[2020.03.30-01.07.56:157][ 20]LogRendererCore: FGlobalReadBuffer::ReleaseRHI
[2020.03.30-01.07.56:157][ 20]LogRendererCore: FGlobalDynamicReadBuffer::Cleanup()
[2020.03.30-01.07.56:157][ 20]LogRendererCore: FGlobalReadBuffer::ReleaseRHI
[2020.03.30-01.07.56:157][ 20]LogRendererCore: FGlobalDynamicReadBuffer::Cleanup()
[2020.03.30-01.07.56:310][ 20]LogD3D11RHI: ~FD3D11DynamicRHI
[2020.03.30-01.07.56:336][ 20]LogModuleManager: Shutting down and abandoning module SequenceRecorderSections (404)
[2020.03.30-01.07.56:337][ 20]LogModuleManager: Shutting down and abandoning module SequenceRecorder (402)
[2020.03.30-01.07.56:337][ 20]LogModuleManager: Shutting down and abandoning module AutomationController (400)
[2020.03.30-01.07.56:337][ 20]LogModuleManager: Shutting down and abandoning module AutomationWorker (398)
[2020.03.30-01.07.56:337][ 20]LogModuleManager: Shutting down and abandoning module Voice (396)
[2020.03.30-01.07.56:337][ 20]LogModuleManager: Shutting down and abandoning module AIModule (394)
[2020.03.30-01.07.56:337][ 20]LogModuleManager: Shutting down and abandoning module GameplayDebugger (393)
[2020.03.30-01.07.56:337][ 20]LogModuleManager: Shutting down and abandoning module AITestSuite (391)
[2020.03.30-01.07.56:337][ 20]LogModuleManager: Shutting down and abandoning module NavigationSystem (389)
[2020.03.30-01.07.56:337][ 20]LogModuleManager: Shutting down and abandoning module OculusMR (386)
[2020.03.30-01.07.56:337][ 20]LogModuleManager: Shutting down and abandoning module WmfMediaFactory (384)
[2020.03.30-01.07.56:337][ 20]LogModuleManager: Shutting down and abandoning module WebMMediaFactory (382)
[2020.03.30-01.07.56:337][ 20]LogModuleManager: Shutting down and abandoning module WebMMedia (380)
[2020.03.30-01.07.56:337][ 20]LogModuleManager: Shutting down and abandoning module OpenExrWrapper (378)
[2020.03.30-01.07.56:337][ 20]LogModuleManager: Shutting down and abandoning module ImgMediaFactory (376)
[2020.03.30-01.07.56:337][ 20]LogModuleManager: Shutting down and abandoning module AvfMediaFactory (374)
[2020.03.30-01.07.56:337][ 20]LogModuleManager: Shutting down and abandoning module MagicLeapCameraPreviewFactory (372)
[2020.03.30-01.07.56:337][ 20]LogModuleManager: Shutting down and abandoning module MagicLeapMediaCodecFactory (370)
[2020.03.30-01.07.56:337][ 20]LogModuleManager: Shutting down and abandoning module MagicLeapMediaFactory (368)
[2020.03.30-01.07.56:337][ 20]LogModuleManager: Shutting down and abandoning module CharacterAI (366)
[2020.03.30-01.07.56:337][ 20]LogModuleManager: Shutting down and abandoning module SessionServices (364)
[2020.03.30-01.07.56:337][ 20]LogModuleManager: Shutting down and abandoning module MovieSceneCapture (362)
[2020.03.30-01.07.56:337][ 20]LogModuleManager: Shutting down and abandoning module LiveCoding (360)
[2020.03.30-01.07.56:337][ 20]LogModuleManager: Shutting down and abandoning module LevelSequence (358)
[2020.03.30-01.07.56:337][ 20]LogModuleManager: Shutting down and abandoning module MovieSceneTracks (356)
[2020.03.30-01.07.56:337][ 20]LogModuleManager: Shutting down and abandoning module MovieScene (354)
[2020.03.30-01.07.56:337][ 20]LogModuleManager: Shutting down and abandoning module StreamingPauseRendering (352)
[2020.03.30-01.07.56:337][ 20]LogModuleManager: Shutting down and abandoning module PortalServices (350)
[2020.03.30-01.07.56:337][ 20]LogModuleManager: Shutting down and abandoning module PortalRpc (348)
[2020.03.30-01.07.56:337][ 20]LogModuleManager: Shutting down and abandoning module MessagingRpc (346)
[2020.03.30-01.07.56:337][ 20]LogModuleManager: Shutting down and abandoning module ImageWriteQueue (344)
[2020.03.30-01.07.56:342][ 20]LogModuleManager: Shutting down and abandoning module ProfilerService (342)
[2020.03.30-01.07.56:542][ 20]LogModuleManager: Shutting down and abandoning module TaskGraph (340)
[2020.03.30-01.07.56:542][ 20]LogModuleManager: Shutting down and abandoning module SteamVRController (338)
[2020.03.30-01.07.56:542][ 20]LogModuleManager: Shutting down and abandoning module ProceduralMeshComponent (336)
[2020.03.30-01.07.56:542][ 20]LogModuleManager: Shutting down and abandoning module OculusInput (334)
[2020.03.30-01.07.56:542][ 20]LogModuleManager: Shutting down and abandoning module MobilePatchingUtils (332)
[2020.03.30-01.07.56:542][ 20]LogModuleManager: Shutting down and abandoning module EditableMesh (330)
[2020.03.30-01.07.56:542][ 20]LogModuleManager: Shutting down and abandoning module CustomMeshComponent (328)
[2020.03.30-01.07.56:542][ 20]LogModuleManager: Shutting down and abandoning module CableComponent (326)
[2020.03.30-01.07.56:542][ 20]LogModuleManager: Shutting down and abandoning module AudioCapture (324)
[2020.03.30-01.07.56:542][ 20]LogModuleManager: Shutting down and abandoning module ArchVisCharacter (322)
[2020.03.30-01.07.56:542][ 20]LogModuleManager: Shutting down and abandoning module AndroidPermission (320)
[2020.03.30-01.07.56:542][ 20]LogModuleManager: Shutting down and abandoning module NUTUnrealEngine4 (318)
[2020.03.30-01.07.56:542][ 20]LogModuleManager: Shutting down and abandoning module NetcodeUnitTest (316)
[2020.03.30-01.07.56:542][ 20]LogModuleManager: Shutting down and abandoning module MediaCompositing (314)
[2020.03.30-01.07.56:542][ 20]LogModuleManager: Shutting down and abandoning module LinearTimecode (312)
[2020.03.30-01.07.56:542][ 20]LogModuleManager: Shutting down and abandoning module ImgMedia (310)
[2020.03.30-01.07.56:542][ 20]LogModuleManager: Shutting down and abandoning module MagicLeapHelperVulkan (308)
[2020.03.30-01.07.56:542][ 20]LogModuleManager: Shutting down and abandoning module MagicLeapHelperOpenGL (306)
[2020.03.30-01.07.56:542][ 20]LogModuleManager: Shutting down and abandoning module MagicLeapAudio (304)
[2020.03.30-01.07.56:542][ 20]LogModuleManager: Shutting down and abandoning module HTML5Networking (302)
[2020.03.30-01.07.56:542][ 20]LogModuleManager: Shutting down and abandoning module GeometryCacheTracks (300)
[2020.03.30-01.07.56:542][ 20]LogModuleManager: Shutting down and abandoning module GeometryCacheSequencer (299)
[2020.03.30-01.07.56:542][ 20]LogModuleManager: Shutting down and abandoning module GeometryCache (296)
[2020.03.30-01.07.56:542][ 20]LogModuleManager: Shutting down and abandoning module GeometryCacheEd (295)
[2020.03.30-01.07.56:542][ 20]LogModuleManager: Shutting down and abandoning module BackChannel (292)
[2020.03.30-01.07.56:542][ 20]LogModuleManager: Shutting down and abandoning module AppleVision (290)
[2020.03.30-01.07.56:542][ 20]LogModuleManager: Shutting down and abandoning module AppleImageUtilsBlueprintSupport (288)
[2020.03.30-01.07.56:542][ 20]LogModuleManager: Shutting down and abandoning module AppleImageUtils (286)
[2020.03.30-01.07.56:542][ 20]LogModuleManager: Shutting down and abandoning module VariantManagerContent (284)
[2020.03.30-01.07.56:542][ 20]LogModuleManager: Shutting down and abandoning module CryptoKeysOpenSSL (282)
[2020.03.30-01.07.56:542][ 20]LogModuleManager: Shutting down and abandoning module CryptoKeys (280)
[2020.03.30-01.07.56:542][ 20]LogModuleManager: Shutting down and abandoning module VisualStudioSourceCodeAccess (278)
[2020.03.30-01.07.56:542][ 20]LogModuleManager: Shutting down and abandoning module HotReload (277)
[2020.03.30-01.07.56:542][ 20]LogModuleManager: Shutting down and abandoning module DirectoryWatcher (276)
[2020.03.30-01.07.56:542][ 20]LogModuleManager: Shutting down and abandoning module VisualStudioCodeSourceCodeAccess (272)
[2020.03.30-01.07.56:542][ 20]LogModuleManager: Shutting down and abandoning module UObjectPlugin (270)
[2020.03.30-01.07.56:542][ 20]LogModuleManager: Shutting down and abandoning module SubversionSourceControl (268)
[2020.03.30-01.07.56:542][ 20]LogModuleManager: Shutting down and abandoning module PerforceSourceControl (266)
[2020.03.30-01.07.56:542][ 20]LogModuleManager: Shutting down and abandoning module SourceControl (265)
[2020.03.30-01.07.56:543][ 20]LogModuleManager: Shutting down and abandoning module CLionSourceCodeAccess (262)
[2020.03.30-01.07.56:543][ 20]LogModuleManager: Shutting down and abandoning module ActorLayerUtilities (260)
[2020.03.30-01.07.56:543][ 20]LogModuleManager: Shutting down and abandoning module SignificanceManager (258)
[2020.03.30-01.07.56:543][ 20]LogModuleManager: Shutting down and abandoning module RuntimePhysXCooking (256)
[2020.03.30-01.07.56:543][ 20]LogModuleManager: Shutting down and abandoning module PhysXVehiclesEditor (254)
[2020.03.30-01.07.56:543][ 20]LogModuleManager: Shutting down and abandoning module PhysXVehicles (252)
[2020.03.30-01.07.56:543][ 20]LogModuleManager: Shutting down and abandoning module LocationServicesBPLibrary (250)
[2020.03.30-01.07.56:543][ 20]LogModuleManager: Shutting down and abandoning module ActorSequence (248)
[2020.03.30-01.07.56:543][ 20]LogModuleManager: Shutting down and abandoning module UdpMessaging (246)
[2020.03.30-01.07.56:643][ 20]LogModuleManager: Shutting down and abandoning module TcpMessaging (244)
[2020.03.30-01.07.57:005][ 20]LogModuleManager: Shutting down and abandoning module MagicLeapIdentity (242)
[2020.03.30-01.07.57:005][ 20]LogModuleManager: Shutting down and abandoning module MagicLeapSecureStorage (240)
[2020.03.30-01.07.57:005][ 20]LogModuleManager: Shutting down and abandoning module MagicLeapHandTracking (238)
[2020.03.30-01.07.57:005][ 20]LogModuleManager: Shutting down and abandoning module MagicLeapEyeTracker (236)
[2020.03.30-01.07.57:005][ 20]LogModuleManager: Shutting down and abandoning module MagicLeapController (234)
[2020.03.30-01.07.57:005][ 20]LogSlate: Slate User Destroyed.  User Index 0, Is Virtual User: 0
[2020.03.30-01.07.57:005][ 20]LogModuleManager: Shutting down and abandoning module MagicLeapAR (232)
[2020.03.30-01.07.57:005][ 20]LogModuleManager: Shutting down and abandoning module AugmentedReality (231)
[2020.03.30-01.07.57:005][ 20]LogModuleManager: Shutting down and abandoning module GameplayTagsEditor (228)
[2020.03.30-01.07.57:005][ 20]LogModuleManager: Shutting down and abandoning module FacialAnimation (226)
[2020.03.30-01.07.57:005][ 20]LogModuleManager: Shutting down and abandoning module DataValidation (224)
[2020.03.30-01.07.57:005][ 20]LogModuleManager: Shutting down and abandoning module AssetManagerEditor (222)
[2020.03.30-01.07.57:005][ 20]LogModuleManager: Shutting down and abandoning module TreeMap (221)
[2020.03.30-01.07.57:005][ 20]LogModuleManager: Shutting down and abandoning module AnimationSharing (218)
[2020.03.30-01.07.57:005][ 20]LogModuleManager: Shutting down and abandoning module LightPropagationVolumeRuntime (216)
[2020.03.30-01.07.57:005][ 20]LogModuleManager: Shutting down and abandoning module AISupportModule (214)
[2020.03.30-01.07.57:005][ 20]LogModuleManager: Shutting down and abandoning module AdvancedSteamSessions (212)
[2020.03.30-01.07.57:005][ 20]LogModuleManager: Shutting down and abandoning module AdvancedSessions (210)
[2020.03.30-01.07.57:005][ 20]LogModuleManager: Shutting down and abandoning module Paper2D (208)
[2020.03.30-01.07.57:007][ 20]LogModuleManager: Shutting down and abandoning module WindowsMoviePlayer (206)
[2020.03.30-01.07.57:007][ 20]LogModuleManager: Shutting down and abandoning module WebMMoviePlayer (204)
[2020.03.30-01.07.57:007][ 20]LogModuleManager: Shutting down and abandoning module PacketHandler (202)
[2020.03.30-01.07.57:007][ 20]LogModuleManager: Shutting down and abandoning module ClothingSystemEditor (200)
[2020.03.30-01.07.57:007][ 20]LogModuleManager: Shutting down and abandoning module ClothingSystemRuntime (198)
[2020.03.30-01.07.57:007][ 20]LogModuleManager: Shutting down and abandoning module MediaAssets (196)
[2020.03.30-01.07.57:007][ 20]LogModuleManager: Shutting down and abandoning module Overlay (194)
[2020.03.30-01.07.57:007][ 20]LogModuleManager: Shutting down and abandoning module OverlayEditor (193)
[2020.03.30-01.07.57:007][ 20]LogModuleManager: Shutting down and abandoning module VREditor (190)
[2020.03.30-01.07.57:007][ 20]LogModuleManager: Shutting down and abandoning module StringTableEditor (188)
[2020.03.30-01.07.57:007][ 20]LogModuleManager: Shutting down and abandoning module GameplayTasksEditor (186)
[2020.03.30-01.07.57:007][ 20]LogModuleManager: Shutting down and abandoning module BehaviorTreeEditor (184)
[2020.03.30-01.07.57:007][ 20]LogModuleManager: Shutting down and abandoning module FunctionalTesting (182)
[2020.03.30-01.07.57:007][ 20]LogModuleManager: Shutting down and abandoning module CollisionAnalyzer (180)
[2020.03.30-01.07.57:007][ 20]LogModuleManager: Shutting down and abandoning module WorkspaceMenuStructure (179)
[2020.03.30-01.07.57:007][ 20]LogModuleManager: Shutting down and abandoning module UMG (176)
[2020.03.30-01.07.57:007][ 20]LogModuleManager: Shutting down and abandoning module UMGEditor (175)
[2020.03.30-01.07.57:007][ 20]LogModuleManager: Shutting down and abandoning module Sequencer (174)
[2020.03.30-01.07.57:007][ 20]LogModuleManager: Shutting down and abandoning module MessageLog (171)
[2020.03.30-01.07.57:007][ 20]LogModuleManager: Shutting down and abandoning module SlateReflector (166)
[2020.03.30-01.07.57:007][ 20]LogModuleManager: Shutting down and abandoning module Slate (164)
[2020.03.30-01.07.57:007][ 20]LogModuleManager: Shutting down and abandoning module EditorStyle (162)
[2020.03.30-01.07.57:009][ 20]LogModuleManager: Shutting down and abandoning module UnrealEd (160)
[2020.03.30-01.07.57:009][ 20]LogModuleManager: Shutting down and abandoning module MRMesh (158)
[2020.03.30-01.07.57:009][ 20]LogModuleManager: Shutting down and abandoning module Messaging (156)
[2020.03.30-01.07.57:009][ 20]LogModuleManager: Shutting down and abandoning module SourceCodeAccess (154)
[2020.03.30-01.07.57:009][ 20]LogModuleManager: Shutting down and abandoning module HeadMountedDisplay (152)
[2020.03.30-01.07.57:009][ 20]LogModuleManager: Shutting down and abandoning module XAudio2 (150)
[2020.03.30-01.07.57:009][ 20]LogModuleManager: Shutting down and abandoning module Networking (148)
[2020.03.30-01.07.57:009][ 20]LogModuleManager: Shutting down and abandoning module Core (146)
[2020.03.30-01.07.57:009][ 20]LogModuleManager: Shutting down and abandoning module KismetCompiler (144)
[2020.03.30-01.07.57:009][ 20]LogModuleManager: Shutting down and abandoning module MeshUtilities (142)
[2020.03.30-01.07.57:009][ 20]LogModuleManager: Shutting down and abandoning module MeshMergeUtilities (141)
[2020.03.30-01.07.57:009][ 20]LogModuleManager: Shutting down and abandoning module MeshReductionInterface (140)
[2020.03.30-01.07.57:009][ 20]LogModuleManager: Shutting down and abandoning module SkeletalMeshReduction (139)
[2020.03.30-01.07.57:009][ 20]LogModuleManager: Shutting down and abandoning module ProxyLODMeshReduction (137)
[2020.03.30-01.07.57:009][ 20]LogModuleManager: Shutting down and abandoning module QuadricMeshReduction (135)
[2020.03.30-01.07.57:009][ 20]LogModuleManager: Shutting down and abandoning module MaterialBaking (131)
[2020.03.30-01.07.57:009][ 20]LogModuleManager: Shutting down and abandoning module PIEPreviewDeviceProfileSelector (126)
[2020.03.30-01.07.57:009][ 20]LogModuleManager: Shutting down and abandoning module DerivedDataCache (124)
[2020.03.30-01.07.57:869][ 20]LogDerivedDataCache: Shutdown
[2020.03.30-01.07.57:870][ 20]LogModuleManager: Shutting down and abandoning module XGEController (122)
[2020.03.30-01.07.57:870][ 20]LogModuleManager: Shutting down and abandoning module TargetPlatform (120)
[2020.03.30-01.07.57:870][ 20]LogModuleManager: Shutting down and abandoning module VulkanShaderFormat (119)
[2020.03.30-01.07.57:870][ 20]LogModuleManager: Shutting down and abandoning module ShaderFormatVectorVM (117)
[2020.03.30-01.07.57:870][ 20]LogModuleManager: Shutting down and abandoning module ShaderFormatOpenGL (115)
[2020.03.30-01.07.57:870][ 20]LogModuleManager: Shutting down and abandoning module ShaderFormatD3D (113)
[2020.03.30-01.07.57:870][ 20]LogModuleManager: Shutting down and abandoning module MetalShaderFormat (111)
[2020.03.30-01.07.57:870][ 20]LogModuleManager: Shutting down and abandoning module TextureFormatUncompressed (109)
[2020.03.30-01.07.57:870][ 20]LogModuleManager: Shutting down and abandoning module TextureFormatPVR (107)
[2020.03.30-01.07.57:870][ 20]LogModuleManager: Shutting down and abandoning module TextureFormatDXT (105)
[2020.03.30-01.07.57:870][ 20]LogModuleManager: Shutting down and abandoning module TextureFormatIntelISPCTexComp (103)
[2020.03.30-01.07.57:870][ 20]LogModuleManager: Shutting down and abandoning module TextureFormatASTC (101)
[2020.03.30-01.07.57:870][ 20]LogModuleManager: Shutting down and abandoning module ImageWrapper (100)
[2020.03.30-01.07.57:870][ 20]LogModuleManager: Shutting down and abandoning module TextureFormatAndroid (97)
[2020.03.30-01.07.57:870][ 20]LogModuleManager: Shutting down and abandoning module AudioFormatOpus (95)
[2020.03.30-01.07.57:870][ 20]LogModuleManager: Shutting down and abandoning module AudioFormatOgg (93)
[2020.03.30-01.07.57:870][ 20]LogModuleManager: Shutting down and abandoning module AudioFormatADPCM (91)
[2020.03.30-01.07.57:870][ 20]LogModuleManager: Shutting down and abandoning module WindowsTargetPlatform (89)
[2020.03.30-01.07.57:870][ 20]LogModuleManager: Shutting down and abandoning module WindowsServerTargetPlatform (87)
[2020.03.30-01.07.57:870][ 20]LogModuleManager: Shutting down and abandoning module WindowsNoEditorTargetPlatform (85)
[2020.03.30-01.07.57:870][ 20]LogModuleManager: Shutting down and abandoning module WindowsClientTargetPlatform (83)
[2020.03.30-01.07.57:870][ 20]LogModuleManager: Shutting down and abandoning module InputCore (80)
[2020.03.30-01.07.57:870][ 20]LogModuleManager: Shutting down and abandoning module Settings (78)
[2020.03.30-01.07.57:870][ 20]LogModuleManager: Shutting down and abandoning module PhysXCooking (76)
[2020.03.30-01.07.57:870][ 20]LogModuleManager: Shutting down and abandoning module SteamVR (74)
[2020.03.30-01.07.57:870][ 20]LogHMD: Freeing OpenVRDLLHandle.
[2020.03.30-01.07.57:870][ 20]LogModuleManager: Shutting down and abandoning module OculusHMD (72)
[2020.03.30-01.07.57:870][ 20]LogModuleManager: Shutting down and abandoning module ExampleDeviceProfileSelector (70)
[2020.03.30-01.07.57:870][ 20]LogModuleManager: Shutting down and abandoning module LauncherChunkInstaller (68)
[2020.03.30-01.07.57:870][ 20]LogModuleManager: Shutting down and abandoning module OnlineBlueprintSupport (66)
[2020.03.30-01.07.57:870][ 20]LogModuleManager: Shutting down and abandoning module OnlineSubsystem (62)
[2020.03.30-01.07.57:871][ 20]LogModuleManager: Shutting down and abandoning module XMPP (55)
[2020.03.30-01.07.57:871][ 20]LogModuleManager: Shutting down and abandoning module WebSockets (54)
[2020.03.30-01.07.57:899][ 20]LogModuleManager: Shutting down and abandoning module HTTP (51)
[2020.03.30-01.07.57:932][ 20]LogModuleManager: Shutting down and abandoning module SSL (50)
[2020.03.30-01.07.57:935][ 20]LogModuleManager: Shutting down and abandoning module WmfMedia (46)
[2020.03.30-01.07.57:936][ 20]LogModuleManager: Shutting down and abandoning module Media (45)
[2020.03.30-01.07.57:943][ 20]LogModuleManager: Shutting down and abandoning module MagicLeap (42)
[2020.03.30-01.07.57:943][ 20]LogModuleManager: Shutting down and abandoning module DatasmithContent (40)
[2020.03.30-01.07.57:943][ 20]LogModuleManager: Shutting down and abandoning module AnimationModifiers (38)
[2020.03.30-01.07.57:943][ 20]LogModuleManager: Shutting down and abandoning module PropertyEditor (37)
[2020.03.30-01.07.57:943][ 20]LogModuleManager: Shutting down and abandoning module AudioEditor (34)
[2020.03.30-01.07.57:944][ 20]LogModuleManager: Shutting down and abandoning module TextureCompressor (32)
[2020.03.30-01.07.57:944][ 20]LogModuleManager: Shutting down and abandoning module RenderCore (30)
[2020.03.30-01.07.57:944][ 20]LogModuleManager: Shutting down and abandoning module Landscape (28)
[2020.03.30-01.07.57:944][ 20]LogModuleManager: Shutting down and abandoning module SlateRHIRenderer (26)
[2020.03.30-01.07.57:944][ 20]LogModuleManager: Shutting down and abandoning module OpenGLDrv (24)
[2020.03.30-01.07.57:944][ 20]LogModuleManager: Shutting down and abandoning module D3D11RHI (22)
[2020.03.30-01.07.57:944][ 20]LogModuleManager: Shutting down and abandoning module AnimGraphRuntime (20)
[2020.03.30-01.07.57:944][ 20]LogModuleManager: Shutting down and abandoning module Renderer (18)
[2020.03.30-01.07.57:944][ 20]LogModuleManager: Shutting down and abandoning module Engine (16)
[2020.03.30-01.07.57:944][ 20]LogModuleManager: Shutting down and abandoning module CoreUObject (14)
[2020.03.30-01.07.57:944][ 20]LogModuleManager: Shutting down and abandoning module NetworkFile (12)
[2020.03.30-01.07.57:944][ 20]LogModuleManager: Shutting down and abandoning module CookedIterativeFile (10)
[2020.03.30-01.07.57:944][ 20]LogModuleManager: Shutting down and abandoning module StreamingFile (8)
[2020.03.30-01.07.57:944][ 20]LogModuleManager: Shutting down and abandoning module SandboxFile (6)
[2020.03.30-01.07.57:944][ 20]LogModuleManager: Shutting down and abandoning module PakFile (4)
[2020.03.30-01.07.57:944][ 20]LogModuleManager: Shutting down and abandoning module RSA (3)
[2020.03.30-01.07.57:951][ 20]LogExit: Exiting.
[2020.03.30-01.07.58:303][ 20]Log file closed, 03/29/20 19:07:58
