Log file open, 05/01/20 21:53:59
LogWindows: Failed to load 'aqProf.dll' (GetLastError=126)
LogWindows: File 'aqProf.dll' does not exist
LogWindows: Failed to load 'VtuneApi.dll' (GetLastError=126)
LogWindows: File 'VtuneApi.dll' does not exist
LogWindows: Failed to load 'VtuneApi32e.dll' (GetLastError=126)
LogWindows: File 'VtuneApi32e.dll' does not exist
LogConsoleResponse: Display: Failed to find resolution value strings in scalability ini. Falling back to default.
LogInit: Display: Running engine for game: Vis2
LogPakFile: Registered encryption key '00000000000000000000000000000000': 0 pak files mounted, 0 remain pending
LogPlatformFile: Not using cached read wrapper
LogTaskGraph: Started task graph with 5 named threads and 35 total threads with 3 sets of task threads.
LogStats: Stats thread started at 0.396632
LogD3D11RHI: Loaded GFSDK_Aftermath_Lib.x64.dll
LogICUInternationalization: ICU TimeZone Detection - Raw Offset: -6:00, Platform Override: ''
LogPluginManager: Mounting plugin Paper2D
LogPluginManager: Mounting plugin AdvancedSessions
LogPluginManager: Mounting plugin AdvancedSteamSessions
LogPluginManager: Mounting plugin AISupport
LogPluginManager: Mounting plugin LightPropagationVolume
LogPluginManager: Mounting plugin ActorLayerUtilities
LogPluginManager: Mounting plugin AnimationSharing
LogPluginManager: Mounting plugin CLionSourceCodeAccess
LogPluginManager: Mounting plugin CodeLiteSourceCodeAccess
LogPluginManager: Mounting plugin GitSourceControl
LogPluginManager: Mounting plugin KDevelopSourceCodeAccess
LogPluginManager: Mounting plugin NullSourceCodeAccess
LogPluginManager: Mounting plugin PerforceSourceControl
LogPluginManager: Mounting plugin SubversionSourceControl
LogPluginManager: Mounting plugin UObjectPlugin
LogPluginManager: Mounting plugin VisualStudioCodeSourceCodeAccess
LogPluginManager: Mounting plugin VisualStudioSourceCodeAccess
LogPluginManager: Mounting plugin XCodeSourceCodeAccess
LogPluginManager: Mounting plugin AssetManagerEditor
LogPluginManager: Mounting plugin CryptoKeys
LogPluginManager: Mounting plugin DataValidation
LogPluginManager: Mounting plugin FacialAnimation
LogPluginManager: Mounting plugin GameplayTagsEditor
LogPluginManager: Mounting plugin MacGraphicsSwitching
LogPluginManager: Mounting plugin MaterialAnalyzer
LogPluginManager: Mounting plugin MobileLauncherProfileWizard
LogPluginManager: Mounting plugin PluginBrowser
LogPluginManager: Mounting plugin SpeedTreeImporter
LogPluginManager: Mounting plugin DatasmithContent
LogPluginManager: Mounting plugin VariantManagerContent
LogPluginManager: Mounting plugin AlembicImporter
LogPluginManager: Mounting plugin AppleImageUtils
LogPluginManager: Mounting plugin AppleVision
LogPluginManager: Mounting plugin BackChannel
LogPluginManager: Mounting plugin CharacterAI
LogPluginManager: Mounting plugin GeometryCache
LogPluginManager: Mounting plugin HTML5Networking
LogPluginManager: Mounting plugin ProxyLODPlugin
LogPluginManager: Mounting plugin SkeletalReduction
LogPluginManager: Mounting plugin MagicLeap
LogPluginManager: Mounting plugin MagicLeapMedia
LogPluginManager: Mounting plugin GraphFormatter
LogPluginManager: Mounting plugin AndroidMedia
LogPluginManager: Mounting plugin AvfMedia
LogPluginManager: Mounting plugin ImgMedia
LogPluginManager: Mounting plugin LinearTimecode
LogPluginManager: Mounting plugin MediaCompositing
LogPluginManager: Mounting plugin MediaPlayerEditor
LogPluginManager: Mounting plugin WebMMedia
LogPluginManager: Mounting plugin WmfMedia
LogPluginManager: Mounting plugin TcpMessaging
LogPluginManager: Mounting plugin UdpMessaging
LogPluginManager: Mounting plugin ActorSequence
LogPluginManager: Mounting plugin LevelSequenceEditor
LogPluginManager: Mounting plugin MatineeToLevelSequence
LogPluginManager: Mounting plugin NetcodeUnitTest
LogPluginManager: Mounting plugin NUTUnrealEngine4
LogPluginManager: Mounting plugin OnlineSubsystemGooglePlay
LogPluginManager: Mounting plugin OnlineSubsystemIOS
LogPluginManager: Mounting plugin OnlineSubsystem
LogPluginManager: Mounting plugin OnlineSubsystemNull
LogPluginManager: Mounting plugin OnlineSubsystemSteam
LogPluginManager: Mounting plugin OnlineSubsystemUtils
LogPluginManager: Mounting plugin LauncherChunkInstaller
LogPluginManager: Mounting plugin AndroidDeviceProfileSelector
LogPluginManager: Mounting plugin AndroidMoviePlayer
LogPluginManager: Mounting plugin AndroidPermission
LogPluginManager: Mounting plugin AppleMoviePlayer
LogPluginManager: Mounting plugin ArchVisCharacter
LogPluginManager: Mounting plugin AudioCapture
LogPluginManager: Mounting plugin CableComponent
LogPluginManager: Mounting plugin CustomMeshComponent
LogPluginManager: Mounting plugin EditableMesh
LogPluginManager: Mounting plugin ExampleDeviceProfileSelector
LogPluginManager: Mounting plugin Firebase
LogPluginManager: Mounting plugin GoogleCloudMessaging
LogPluginManager: Mounting plugin IOSDeviceProfileSelector
LogPluginManager: Mounting plugin LinuxDeviceProfileSelector
LogPluginManager: Mounting plugin LocationServicesBPLibrary
LogPluginManager: Mounting plugin MobilePatchingUtils
LogPluginManager: Mounting plugin OculusVR
LogPluginManager: Mounting plugin PhysXVehicles
LogPluginManager: Mounting plugin ProceduralMeshComponent
LogPluginManager: Mounting plugin RuntimePhysXCooking
LogPluginManager: Mounting plugin SignificanceManager
LogPluginManager: Mounting plugin SteamVR
LogPluginManager: Mounting plugin WebMMoviePlayer
LogPluginManager: Mounting plugin WindowsMoviePlayer
LogInit: Using libcurl 7.55.1-DEV
LogInit:  - built for x86_64-pc-win32
LogInit:  - supports SSL with OpenSSL/1.1.1
LogInit:  - supports HTTP deflate (compression) using libz 1.2.8
LogInit:  - other features:
LogInit:      CURL_VERSION_SSL
LogInit:      CURL_VERSION_LIBZ
LogInit:      CURL_VERSION_IPV6
LogInit:      CURL_VERSION_ASYNCHDNS
LogInit:      CURL_VERSION_LARGEFILE
LogInit:      CURL_VERSION_IDN
LogInit:  CurlRequestOptions (configurable via config and command line):
LogInit:  - bVerifyPeer = true  - Libcurl will verify peer certificate
LogInit:  - bUseHttpProxy = false  - Libcurl will NOT use HTTP proxy
LogInit:  - bDontReuseConnections = false  - Libcurl will reuse connections
LogInit:  - MaxHostConnections = 16  - Libcurl will limit the number of connections to a host
LogInit:  - LocalHostAddr = Default
LogInit:  - BufferSize = 65536
LogOnline: Display: STEAM: Loading Steam SDK 1.39
LogOnline: Display: STEAM: OnlineSubsystemSteam::Shutdown()
LogOnline: OSS: Unable to create OnlineSubsystem module Steam
LogInit: WinSock: version 1.1 (2.2), MaxSocks=32767, MaxUdp=65467
LogInit: Build: ++UE4+Release-4.22-CL-7053642
LogInit: Engine Version: 4.22.3-7053642+++UE4+Release-4.22
LogInit: Compatible Engine Version: 4.22.0-5660361+++UE4+Release-4.22
LogInit: Net CL: 5660361
LogInit: OS: Windows 10 (Release 1909) (), CPU: Intel(R) Core(TM) i7-8750H CPU @ 2.20GHz, GPU: Intel(R) UHD Graphics 630
LogInit: Compiled (64-bit): Jun 18 2019 03:09:11
LogInit: Compiled with Visual C++: 19.16.27025.01
LogInit: Build Configuration: Development
LogInit: Branch Name: ++UE4+Release-4.22
LogInit: Command Line:  -EpicPortal -epicusername=mEdwardBot -epicuserid=571314535b4d4071876c71ce604ca91b -epiclocale=es
LogInit: Base Directory: D:/EpicGames/UE_4.22/Engine/Binaries/Win64/
LogInit: Installed Engine Build: 1
LogDevObjectVersion: Number of dev versions registered: 23
LogDevObjectVersion:   Dev-Blueprints (B0D832E4-1F89-4F0D-ACCF-7EB736FD4AA2): 10
LogDevObjectVersion:   Dev-Build (E1C64328-A22C-4D53-A36C-8E866417BD8C): 0
LogDevObjectVersion:   Dev-Core (375EC13C-06E4-48FB-B500-84F0262A717E): 3
LogDevObjectVersion:   Dev-Editor (E4B068ED-F494-42E9-A231-DA0B2E46BB41): 30
LogDevObjectVersion:   Dev-Framework (CFFC743F-43B0-4480-9391-14DF171D2073): 35
LogDevObjectVersion:   Dev-Mobile (B02B49B5-BB20-44E9-A304-32B752E40360): 2
LogDevObjectVersion:   Dev-Networking (A4E4105C-59A1-49B5-A7C5-40C4547EDFEE): 0
LogDevObjectVersion:   Dev-Online (39C831C9-5AE6-47DC-9A44-9C173E1C8E7C): 0
LogDevObjectVersion:   Dev-Physics (78F01B33-EBEA-4F98-B9B4-84EACCB95AA2): 0
LogDevObjectVersion:   Dev-Platform (6631380F-2D4D-43E0-8009-CF276956A95A): 0
LogDevObjectVersion:   Dev-Rendering (12F88B9F-8875-4AFC-A67C-D90C383ABD29): 28
LogDevObjectVersion:   Dev-Sequencer (7B5AE74C-D270-4C10-A958-57980B212A5A): 11
LogDevObjectVersion:   Dev-VR (D7296918-1DD6-4BDD-9DE2-64A83CC13884): 2
LogDevObjectVersion:   Dev-LoadTimes (C2A15278-BFE7-4AFE-6C17-90FF531DF755): 1
LogDevObjectVersion:   Private-Geometry (6EACA3D4-40EC-4CC1-B786-8BED09428FC5): 3
LogDevObjectVersion:   Dev-AnimPhys (29E575DD-E0A3-4627-9D10-D276232CDCEA): 17
LogDevObjectVersion:   Dev-Anim (AF43A65D-7FD3-4947-9873-3E8ED9C1BB05): 2
LogDevObjectVersion:   Dev-ReflectionCapture (6B266CEC-1EC7-4B8F-A30B-E4D90942FC07): 1
LogDevObjectVersion:   Dev-Automation (0DF73D61-A23F-47EA-B727-89E90C41499A): 1
LogDevObjectVersion:   FortniteMain (601D1886-AC64-4F84-AA16-D3DE0DEAC7D6): 25
LogDevObjectVersion:   Dev-Enterprise (9DFFBCD6-494F-0158-E221-12823C92A888): 6
LogDevObjectVersion:   Dev-Niagara (F2AED0AC-9AFE-416F-8664-AA7FFA26D6FC): 1
LogDevObjectVersion:   Dev-Destruction (174F1F0B-B4C6-45A5-B13F-2EE8D0FB917D): 2
LogInit: Presizing for max 16777216 objects, including 0 objects not considered by GC, pre-allocating 0 bytes for permanent pool.
LogInit: Object subsystem initialized
LogConfig: Setting CVar [[con.DebugEarlyDefault:1]]
LogConfig: Setting CVar [[r.setres:1280x720]]
[2020.05.02-02.54.00:562][  0]LogConfig: Setting CVar [[r.VSync:0]]
[2020.05.02-02.54.00:562][  0]LogConfig: Setting CVar [[r.RHICmdBypass:0]]
[2020.05.02-02.54.00:562][  0]LogConfig: Applying CVar settings from Section [/Script/Engine.RendererSettings] File [D:/Documentos/UNI/8vo Semestre/V3/ProyectoFinal/VJ3-test/MapProject 4.22/Saved/Config/Windows/Engine.ini]
[2020.05.02-02.54.00:562][  0]LogConfig: Setting CVar [[r.GPUCrashDebugging:0]]
[2020.05.02-02.54.00:562][  0]LogConfig: Applying CVar settings from Section [/Script/Engine.RendererOverrideSettings] File [D:/Documentos/UNI/8vo Semestre/V3/ProyectoFinal/VJ3-test/MapProject 4.22/Saved/Config/Windows/Engine.ini]
[2020.05.02-02.54.00:562][  0]LogConfig: Applying CVar settings from Section [/Script/Engine.StreamingSettings] File [D:/Documentos/UNI/8vo Semestre/V3/ProyectoFinal/VJ3-test/MapProject 4.22/Saved/Config/Windows/Engine.ini]
[2020.05.02-02.54.00:562][  0]LogConfig: Setting CVar [[s.MinBulkDataSizeForAsyncLoading:131072]]
[2020.05.02-02.54.00:562][  0]LogConfig: Setting CVar [[s.AsyncLoadingThreadEnabled:0]]
[2020.05.02-02.54.00:562][  0]LogConfig: Setting CVar [[s.EventDrivenLoaderEnabled:1]]
[2020.05.02-02.54.00:562][  0]LogConfig: Setting CVar [[s.WarnIfTimeLimitExceeded:0]]
[2020.05.02-02.54.00:562][  0]LogConfig: Setting CVar [[s.TimeLimitExceededMultiplier:1.5]]
[2020.05.02-02.54.00:562][  0]LogConfig: Setting CVar [[s.TimeLimitExceededMinTime:0.005]]
[2020.05.02-02.54.00:562][  0]LogConfig: Setting CVar [[s.UseBackgroundLevelStreaming:1]]
[2020.05.02-02.54.00:562][  0]LogConfig: Setting CVar [[s.PriorityAsyncLoadingExtraTime:15.0]]
[2020.05.02-02.54.00:562][  0]LogConfig: Setting CVar [[s.LevelStreamingActorsUpdateTimeLimit:5.0]]
[2020.05.02-02.54.00:562][  0]LogConfig: Setting CVar [[s.PriorityLevelStreamingActorsUpdateExtraTime:5.0]]
[2020.05.02-02.54.00:562][  0]LogConfig: Setting CVar [[s.LevelStreamingComponentsRegistrationGranularity:10]]
[2020.05.02-02.54.00:562][  0]LogConfig: Setting CVar [[s.UnregisterComponentsTimeLimit:1.0]]
[2020.05.02-02.54.00:562][  0]LogConfig: Setting CVar [[s.LevelStreamingComponentsUnregistrationGranularity:5]]
[2020.05.02-02.54.00:562][  0]LogConfig: Applying CVar settings from Section [/Script/Engine.GarbageCollectionSettings] File [D:/Documentos/UNI/8vo Semestre/V3/ProyectoFinal/VJ3-test/MapProject 4.22/Saved/Config/Windows/Engine.ini]
[2020.05.02-02.54.00:562][  0]LogConfig: Setting CVar [[gc.MaxObjectsNotConsideredByGC:1]]
[2020.05.02-02.54.00:562][  0]LogConfig: Setting CVar [[gc.SizeOfPermanentObjectPool:0]]
[2020.05.02-02.54.00:562][  0]LogConfig: Setting CVar [[gc.FlushStreamingOnGC:0]]
[2020.05.02-02.54.00:562][  0]LogConfig: Setting CVar [[gc.NumRetriesBeforeForcingGC:10]]
[2020.05.02-02.54.00:562][  0]LogConfig: Setting CVar [[gc.AllowParallelGC:1]]
[2020.05.02-02.54.00:562][  0]LogConfig: Setting CVar [[gc.TimeBetweenPurgingPendingKillObjects:61.1]]
[2020.05.02-02.54.00:562][  0]LogConfig: Setting CVar [[gc.MaxObjectsInEditor:16777216]]
[2020.05.02-02.54.00:562][  0]LogConfig: Setting CVar [[gc.IncrementalBeginDestroyEnabled:1]]
[2020.05.02-02.54.00:562][  0]LogConfig: Setting CVar [[gc.CreateGCClusters:1]]
[2020.05.02-02.54.00:562][  0]LogConfig: Setting CVar [[gc.MinGCClusterSize:5]]
[2020.05.02-02.54.00:562][  0]LogConfig: Setting CVar [[gc.ActorClusteringEnabled:0]]
[2020.05.02-02.54.00:562][  0]LogConfig: Setting CVar [[gc.BlueprintClusteringEnabled:0]]
[2020.05.02-02.54.00:562][  0]LogConfig: Setting CVar [[gc.UseDisregardForGCOnDedicatedServers:0]]
[2020.05.02-02.54.00:562][  0]LogConfig: Applying CVar settings from Section [/Script/Engine.NetworkSettings] File [D:/Documentos/UNI/8vo Semestre/V3/ProyectoFinal/VJ3-test/MapProject 4.22/Saved/Config/Windows/Engine.ini]
[2020.05.02-02.54.00:562][  0]LogConfig: Applying CVar settings from Section [/Script/UnrealEd.CookerSettings] File [D:/Documentos/UNI/8vo Semestre/V3/ProyectoFinal/VJ3-test/MapProject 4.22/Saved/Config/Windows/Engine.ini]
[2020.05.02-02.54.00:566][  0]LogConfig: Applying CVar settings from Section [ViewDistanceQuality@3] File [D:/Documentos/UNI/8vo Semestre/V3/ProyectoFinal/VJ3-test/MapProject 4.22/Saved/Config/Windows/Scalability.ini]
[2020.05.02-02.54.00:566][  0]LogConfig: Setting CVar [[r.SkeletalMeshLODBias:0]]
[2020.05.02-02.54.00:566][  0]LogConfig: Setting CVar [[r.ViewDistanceScale:1.0]]
[2020.05.02-02.54.00:566][  0]LogConfig: Applying CVar settings from Section [AntiAliasingQuality@3] File [D:/Documentos/UNI/8vo Semestre/V3/ProyectoFinal/VJ3-test/MapProject 4.22/Saved/Config/Windows/Scalability.ini]
[2020.05.02-02.54.00:566][  0]LogConfig: Setting CVar [[r.PostProcessAAQuality:4]]
[2020.05.02-02.54.00:566][  0]LogConfig: Applying CVar settings from Section [ShadowQuality@3] File [D:/Documentos/UNI/8vo Semestre/V3/ProyectoFinal/VJ3-test/MapProject 4.22/Saved/Config/Windows/Scalability.ini]
[2020.05.02-02.54.00:566][  0]LogConfig: Setting CVar [[r.LightFunctionQuality:1]]
[2020.05.02-02.54.00:566][  0]LogConfig: Setting CVar [[r.ShadowQuality:5]]
[2020.05.02-02.54.00:566][  0]LogConfig: Setting CVar [[r.Shadow.CSM.MaxCascades:10]]
[2020.05.02-02.54.00:566][  0]LogConfig: Setting CVar [[r.Shadow.MaxResolution:2048]]
[2020.05.02-02.54.00:566][  0]LogConfig: Setting CVar [[r.Shadow.MaxCSMResolution:2048]]
[2020.05.02-02.54.00:566][  0]LogConfig: Setting CVar [[r.Shadow.RadiusThreshold:0.01]]
[2020.05.02-02.54.00:566][  0]LogConfig: Setting CVar [[r.Shadow.DistanceScale:1.0]]
[2020.05.02-02.54.00:566][  0]LogConfig: Setting CVar [[r.Shadow.CSM.TransitionScale:1.0]]
[2020.05.02-02.54.00:566][  0]LogConfig: Setting CVar [[r.Shadow.PreShadowResolutionFactor:1.0]]
[2020.05.02-02.54.00:566][  0]LogConfig: Setting CVar [[r.DistanceFieldShadowing:1]]
[2020.05.02-02.54.00:566][  0]LogConfig: Setting CVar [[r.DistanceFieldAO:1]]
[2020.05.02-02.54.00:566][  0]LogConfig: Setting CVar [[r.AOQuality:2]]
[2020.05.02-02.54.00:566][  0]LogConfig: Setting CVar [[r.VolumetricFog:1]]
[2020.05.02-02.54.00:566][  0]LogConfig: Setting CVar [[r.VolumetricFog.GridPixelSize:8]]
[2020.05.02-02.54.00:566][  0]LogConfig: Setting CVar [[r.VolumetricFog.GridSizeZ:128]]
[2020.05.02-02.54.00:566][  0]LogConfig: Setting CVar [[r.VolumetricFog.HistoryMissSupersampleCount:4]]
[2020.05.02-02.54.00:566][  0]LogConfig: Setting CVar [[r.LightMaxDrawDistanceScale:1]]
[2020.05.02-02.54.00:566][  0]LogConfig: Setting CVar [[r.CapsuleShadows:1]]
[2020.05.02-02.54.00:567][  0]LogConfig: Applying CVar settings from Section [PostProcessQuality@3] File [D:/Documentos/UNI/8vo Semestre/V3/ProyectoFinal/VJ3-test/MapProject 4.22/Saved/Config/Windows/Scalability.ini]
[2020.05.02-02.54.00:567][  0]LogConfig: Setting CVar [[r.MotionBlurQuality:4]]
[2020.05.02-02.54.00:567][  0]LogConfig: Setting CVar [[r.AmbientOcclusionMipLevelFactor:0.4]]
[2020.05.02-02.54.00:567][  0]LogConfig: Setting CVar [[r.AmbientOcclusionMaxQuality:100]]
[2020.05.02-02.54.00:567][  0]LogConfig: Setting CVar [[r.AmbientOcclusionLevels:-1]]
[2020.05.02-02.54.00:567][  0]LogConfig: Setting CVar [[r.AmbientOcclusionRadiusScale:1.0]]
[2020.05.02-02.54.00:567][  0]LogConfig: Setting CVar [[r.DepthOfFieldQuality:2]]
[2020.05.02-02.54.00:567][  0]LogConfig: Setting CVar [[r.RenderTargetPoolMin:400]]
[2020.05.02-02.54.00:567][  0]LogConfig: Setting CVar [[r.LensFlareQuality:2]]
[2020.05.02-02.54.00:567][  0]LogConfig: Setting CVar [[r.SceneColorFringeQuality:1]]
[2020.05.02-02.54.00:567][  0]LogConfig: Setting CVar [[r.EyeAdaptationQuality:2]]
[2020.05.02-02.54.00:567][  0]LogConfig: Setting CVar [[r.BloomQuality:5]]
[2020.05.02-02.54.00:567][  0]LogConfig: Setting CVar [[r.FastBlurThreshold:100]]
[2020.05.02-02.54.00:567][  0]LogConfig: Setting CVar [[r.Upscale.Quality:3]]
[2020.05.02-02.54.00:567][  0]LogConfig: Setting CVar [[r.Tonemapper.GrainQuantization:1]]
[2020.05.02-02.54.00:567][  0]LogConfig: Setting CVar [[r.LightShaftQuality:1]]
[2020.05.02-02.54.00:567][  0]LogConfig: Setting CVar [[r.Filter.SizeScale:1]]
[2020.05.02-02.54.00:567][  0]LogConfig: Setting CVar [[r.Tonemapper.Quality:5]]
[2020.05.02-02.54.00:567][  0]LogConfig: Setting CVar [[r.DOF.Gather.AccumulatorQuality:1        ; higher gathering accumulator quality]]
[2020.05.02-02.54.00:567][  0]LogConfig: Setting CVar [[r.DOF.Gather.PostfilterMethod:1          ; Median3x3 postfilering method]]
[2020.05.02-02.54.00:567][  0]LogConfig: Setting CVar [[r.DOF.Gather.EnableBokehSettings:0       ; no bokeh simulation when gathering]]
[2020.05.02-02.54.00:567][  0]LogConfig: Setting CVar [[r.DOF.Gather.RingCount:4                 ; medium number of samples when gathering]]
[2020.05.02-02.54.00:567][  0]LogConfig: Setting CVar [[r.DOF.Scatter.ForegroundCompositing:1    ; additive foreground scattering]]
[2020.05.02-02.54.00:567][  0]LogConfig: Setting CVar [[r.DOF.Scatter.BackgroundCompositing:2    ; additive background scattering]]
[2020.05.02-02.54.00:567][  0]LogConfig: Setting CVar [[r.DOF.Scatter.EnableBokehSettings:1      ; bokeh simulation when scattering]]
[2020.05.02-02.54.00:567][  0]LogConfig: Setting CVar [[r.DOF.Scatter.MaxSpriteRatio:0.1         ; only a maximum of 10% of scattered bokeh]]
[2020.05.02-02.54.00:567][  0]LogConfig: Setting CVar [[r.DOF.Recombine.Quality:1                ; cheap slight out of focus]]
[2020.05.02-02.54.00:567][  0]LogConfig: Setting CVar [[r.DOF.Recombine.EnableBokehSettings:0    ; no bokeh simulation on slight out of focus]]
[2020.05.02-02.54.00:567][  0]LogConfig: Setting CVar [[r.DOF.TemporalAAQuality:1                ; more stable temporal accumulation]]
[2020.05.02-02.54.00:567][  0]LogConfig: Setting CVar [[r.DOF.Kernel.MaxForegroundRadius:0.025]]
[2020.05.02-02.54.00:567][  0]LogConfig: Setting CVar [[r.DOF.Kernel.MaxBackgroundRadius:0.025]]
[2020.05.02-02.54.00:567][  0]LogConfig: Applying CVar settings from Section [TextureQuality@3] File [D:/Documentos/UNI/8vo Semestre/V3/ProyectoFinal/VJ3-test/MapProject 4.22/Saved/Config/Windows/Scalability.ini]
[2020.05.02-02.54.00:567][  0]LogConfig: Setting CVar [[r.Streaming.MipBias:0]]
[2020.05.02-02.54.00:567][  0]LogConfig: Setting CVar [[r.Streaming.AmortizeCPUToGPUCopy:0]]
[2020.05.02-02.54.00:567][  0]LogConfig: Setting CVar [[r.Streaming.MaxNumTexturesToStreamPerFrame:0]]
[2020.05.02-02.54.00:567][  0]LogConfig: Setting CVar [[r.Streaming.Boost:1]]
[2020.05.02-02.54.00:567][  0]LogConfig: Setting CVar [[r.MaxAnisotropy:8]]
[2020.05.02-02.54.00:568][  0]LogConfig: Setting CVar [[r.Streaming.LimitPoolSizeToVRAM:0]]
[2020.05.02-02.54.00:568][  0]LogConfig: Setting CVar [[r.Streaming.PoolSize:1000]]
[2020.05.02-02.54.00:568][  0]LogConfig: Setting CVar [[r.Streaming.MaxEffectiveScreenSize:0]]
[2020.05.02-02.54.00:568][  0]LogConfig: Applying CVar settings from Section [EffectsQuality@3] File [D:/Documentos/UNI/8vo Semestre/V3/ProyectoFinal/VJ3-test/MapProject 4.22/Saved/Config/Windows/Scalability.ini]
[2020.05.02-02.54.00:568][  0]LogConfig: Setting CVar [[r.TranslucencyLightingVolumeDim:64]]
[2020.05.02-02.54.00:568][  0]LogConfig: Setting CVar [[r.RefractionQuality:2]]
[2020.05.02-02.54.00:568][  0]LogConfig: Setting CVar [[r.SSR.Quality:3]]
[2020.05.02-02.54.00:568][  0]LogConfig: Setting CVar [[r.SceneColorFormat:4]]
[2020.05.02-02.54.00:568][  0]LogConfig: Setting CVar [[r.DetailMode:2]]
[2020.05.02-02.54.00:568][  0]LogConfig: Setting CVar [[r.TranslucencyVolumeBlur:1]]
[2020.05.02-02.54.00:568][  0]LogConfig: Setting CVar [[r.MaterialQualityLevel:1 ; High quality]]
[2020.05.02-02.54.00:568][  0]LogConfig: Setting CVar [[r.SSS.Scale:1]]
[2020.05.02-02.54.00:568][  0]LogConfig: Setting CVar [[r.SSS.SampleSet:2]]
[2020.05.02-02.54.00:568][  0]LogConfig: Setting CVar [[r.SSS.Quality:1]]
[2020.05.02-02.54.00:568][  0]LogConfig: Setting CVar [[r.SSS.HalfRes:1]]
[2020.05.02-02.54.00:568][  0]LogConfig: Setting CVar [[r.EmitterSpawnRateScale:1.0]]
[2020.05.02-02.54.00:568][  0]LogConfig: Setting CVar [[r.ParticleLightQuality:2]]
[2020.05.02-02.54.00:568][  0]LogConfig: Applying CVar settings from Section [FoliageQuality@3] File [D:/Documentos/UNI/8vo Semestre/V3/ProyectoFinal/VJ3-test/MapProject 4.22/Saved/Config/Windows/Scalability.ini]
[2020.05.02-02.54.00:568][  0]LogConfig: Setting CVar [[foliage.DensityScale:1.0]]
[2020.05.02-02.54.00:568][  0]LogConfig: Setting CVar [[grass.DensityScale:1.0]]
[2020.05.02-02.54.00:568][  0]LogInit: Selected Device Profile: [Windows]
[2020.05.02-02.54.00:568][  0]LogInit: Applying CVar settings loaded from the selected device profile: [Windows]
[2020.05.02-02.54.00:635][  0]LogHAL: Display: Platform has ~ 8 GB [8428679168 / 8589934592 / 8], which maps to Default [LargestMinGB=32, LargerMinGB=12, DefaultMinGB=8, SmallerMinGB=6, SmallestMinGB=0)
[2020.05.02-02.54.00:635][  0]LogConfig: Setting CVar [[r.Vulkan.UseRealUBs:0		; Required until we fix HLR fall-out]]
[2020.05.02-02.54.00:635][  0]LogInit: Going up to parent DeviceProfile []
[2020.05.02-02.54.00:635][  0]LogConfig: Applying CVar settings from Section [ViewDistanceQuality@Cine] File [D:/Documentos/UNI/8vo Semestre/V3/ProyectoFinal/VJ3-test/MapProject 4.22/Saved/Config/Windows/Scalability.ini]
[2020.05.02-02.54.00:635][  0]LogConfig: Setting CVar [[r.SkeletalMeshLODBias:0]]
[2020.05.02-02.54.00:635][  0]LogConfig: Setting CVar [[r.ViewDistanceScale:10.0]]
[2020.05.02-02.54.00:635][  0]LogConfig: Applying CVar settings from Section [AntiAliasingQuality@Cine] File [D:/Documentos/UNI/8vo Semestre/V3/ProyectoFinal/VJ3-test/MapProject 4.22/Saved/Config/Windows/Scalability.ini]
[2020.05.02-02.54.00:635][  0]LogConfig: Setting CVar [[r.PostProcessAAQuality:6]]
[2020.05.02-02.54.00:635][  0]LogConfig: Applying CVar settings from Section [ShadowQuality@Cine] File [D:/Documentos/UNI/8vo Semestre/V3/ProyectoFinal/VJ3-test/MapProject 4.22/Saved/Config/Windows/Scalability.ini]
[2020.05.02-02.54.00:635][  0]LogConfig: Setting CVar [[r.LightFunctionQuality:1]]
[2020.05.02-02.54.00:635][  0]LogConfig: Setting CVar [[r.ShadowQuality:5]]
[2020.05.02-02.54.00:635][  0]LogConfig: Setting CVar [[r.Shadow.CSM.MaxCascades:10]]
[2020.05.02-02.54.00:636][  0]LogConfig: Setting CVar [[r.Shadow.MaxResolution:4096]]
[2020.05.02-02.54.00:636][  0]LogConfig: Setting CVar [[r.Shadow.MaxCSMResolution:4096]]
[2020.05.02-02.54.00:636][  0]LogConfig: Setting CVar [[r.Shadow.RadiusThreshold:0]]
[2020.05.02-02.54.00:636][  0]LogConfig: Setting CVar [[r.Shadow.DistanceScale:1.0]]
[2020.05.02-02.54.00:636][  0]LogConfig: Setting CVar [[r.Shadow.CSM.TransitionScale:1.0]]
[2020.05.02-02.54.00:636][  0]LogConfig: Setting CVar [[r.Shadow.PreShadowResolutionFactor:1.0]]
[2020.05.02-02.54.00:636][  0]LogConfig: Setting CVar [[r.DistanceFieldShadowing:1]]
[2020.05.02-02.54.00:636][  0]LogConfig: Setting CVar [[r.DistanceFieldAO:1]]
[2020.05.02-02.54.00:636][  0]LogConfig: Setting CVar [[r.AOQuality:2]]
[2020.05.02-02.54.00:636][  0]LogConfig: Setting CVar [[r.VolumetricFog:1]]
[2020.05.02-02.54.00:636][  0]LogConfig: Setting CVar [[r.VolumetricFog.GridPixelSize:4]]
[2020.05.02-02.54.00:636][  0]LogConfig: Setting CVar [[r.VolumetricFog.GridSizeZ:128]]
[2020.05.02-02.54.00:636][  0]LogConfig: Setting CVar [[r.VolumetricFog.HistoryMissSupersampleCount:16]]
[2020.05.02-02.54.00:636][  0]LogConfig: Setting CVar [[r.LightMaxDrawDistanceScale:1]]
[2020.05.02-02.54.00:636][  0]LogConfig: Setting CVar [[r.CapsuleShadows:1]]
[2020.05.02-02.54.00:636][  0]LogConfig: Applying CVar settings from Section [PostProcessQuality@Cine] File [D:/Documentos/UNI/8vo Semestre/V3/ProyectoFinal/VJ3-test/MapProject 4.22/Saved/Config/Windows/Scalability.ini]
[2020.05.02-02.54.00:636][  0]LogConfig: Setting CVar [[r.MotionBlurQuality:4]]
[2020.05.02-02.54.00:636][  0]LogConfig: Setting CVar [[r.AmbientOcclusionMipLevelFactor:0.4]]
[2020.05.02-02.54.00:636][  0]LogConfig: Setting CVar [[r.AmbientOcclusionMaxQuality:100]]
[2020.05.02-02.54.00:636][  0]LogConfig: Setting CVar [[r.AmbientOcclusionLevels:-1]]
[2020.05.02-02.54.00:636][  0]LogConfig: Setting CVar [[r.AmbientOcclusionRadiusScale:1.0]]
[2020.05.02-02.54.00:637][  0]LogConfig: Setting CVar [[r.DepthOfFieldQuality:4]]
[2020.05.02-02.54.00:637][  0]LogConfig: Setting CVar [[r.RenderTargetPoolMin:1000]]
[2020.05.02-02.54.00:637][  0]LogConfig: Setting CVar [[r.LensFlareQuality:3]]
[2020.05.02-02.54.00:637][  0]LogConfig: Setting CVar [[r.SceneColorFringeQuality:1]]
[2020.05.02-02.54.00:637][  0]LogConfig: Setting CVar [[r.EyeAdaptationQuality:2]]
[2020.05.02-02.54.00:637][  0]LogConfig: Setting CVar [[r.BloomQuality:5]]
[2020.05.02-02.54.00:637][  0]LogConfig: Setting CVar [[r.FastBlurThreshold:100]]
[2020.05.02-02.54.00:637][  0]LogConfig: Setting CVar [[r.Upscale.Quality:3]]
[2020.05.02-02.54.00:637][  0]LogConfig: Setting CVar [[r.Tonemapper.GrainQuantization:1]]
[2020.05.02-02.54.00:637][  0]LogConfig: Setting CVar [[r.LightShaftQuality:1]]
[2020.05.02-02.54.00:637][  0]LogConfig: Setting CVar [[r.Filter.SizeScale:1]]
[2020.05.02-02.54.00:637][  0]LogConfig: Setting CVar [[r.Tonemapper.Quality:5]]
[2020.05.02-02.54.00:637][  0]LogConfig: Setting CVar [[r.DOF.Gather.AccumulatorQuality:1        ; higher gathering accumulator quality]]
[2020.05.02-02.54.00:637][  0]LogConfig: Setting CVar [[r.DOF.Gather.PostfilterMethod:1          ; Median3x3 postfilering method]]
[2020.05.02-02.54.00:637][  0]LogConfig: Setting CVar [[r.DOF.Gather.EnableBokehSettings:1       ; bokeh simulation when gathering]]
[2020.05.02-02.54.00:637][  0]LogConfig: Setting CVar [[r.DOF.Gather.RingCount:5                 ; high number of samples when gathering]]
[2020.05.02-02.54.00:637][  0]LogConfig: Setting CVar [[r.DOF.Scatter.ForegroundCompositing:1    ; additive foreground scattering]]
[2020.05.02-02.54.00:637][  0]LogConfig: Setting CVar [[r.DOF.Scatter.BackgroundCompositing:2    ; background scattering occlusion]]
[2020.05.02-02.54.00:637][  0]LogConfig: Setting CVar [[r.DOF.Scatter.EnableBokehSettings:1      ; no bokeh simulation when scattering]]
[2020.05.02-02.54.00:637][  0]LogConfig: Setting CVar [[r.DOF.Scatter.MaxSpriteRatio:0.1         ; only a maximum of 10% of scattered bokeh]]
[2020.05.02-02.54.00:637][  0]LogConfig: Setting CVar [[r.DOF.Recombine.Quality:2                ; highest slight out of focus]]
[2020.05.02-02.54.00:638][  0]LogConfig: Setting CVar [[r.DOF.Recombine.EnableBokehSettings:1    ; bokeh simulation on slight out of focus]]
[2020.05.02-02.54.00:638][  0]LogConfig: Setting CVar [[r.DOF.TemporalAAQuality:1                ; more stable temporal accumulation]]
[2020.05.02-02.54.00:638][  0]LogConfig: Setting CVar [[r.DOF.Kernel.MaxForegroundRadius:0.025]]
[2020.05.02-02.54.00:638][  0]LogConfig: Setting CVar [[r.DOF.Kernel.MaxBackgroundRadius:0.025]]
[2020.05.02-02.54.00:638][  0]LogConfig: Applying CVar settings from Section [TextureQuality@Cine] File [D:/Documentos/UNI/8vo Semestre/V3/ProyectoFinal/VJ3-test/MapProject 4.22/Saved/Config/Windows/Scalability.ini]
[2020.05.02-02.54.00:638][  0]LogConfig: Setting CVar [[r.Streaming.MipBias:0]]
[2020.05.02-02.54.00:638][  0]LogConfig: Setting CVar [[r.Streaming.AmortizeCPUToGPUCopy:0]]
[2020.05.02-02.54.00:638][  0]LogConfig: Setting CVar [[r.Streaming.MaxNumTexturesToStreamPerFrame:0]]
[2020.05.02-02.54.00:638][  0]LogConfig: Setting CVar [[r.Streaming.Boost:1]]
[2020.05.02-02.54.00:638][  0]LogConfig: Setting CVar [[r.MaxAnisotropy:8]]
[2020.05.02-02.54.00:638][  0]LogConfig: Setting CVar [[r.Streaming.LimitPoolSizeToVRAM:0]]
[2020.05.02-02.54.00:638][  0]LogConfig: Setting CVar [[r.Streaming.PoolSize:3000]]
[2020.05.02-02.54.00:638][  0]LogConfig: Setting CVar [[r.Streaming.MaxEffectiveScreenSize:0]]
[2020.05.02-02.54.00:638][  0]LogConfig: Applying CVar settings from Section [EffectsQuality@Cine] File [D:/Documentos/UNI/8vo Semestre/V3/ProyectoFinal/VJ3-test/MapProject 4.22/Saved/Config/Windows/Scalability.ini]
[2020.05.02-02.54.00:638][  0]LogConfig: Setting CVar [[r.TranslucencyLightingVolumeDim:64]]
[2020.05.02-02.54.00:638][  0]LogConfig: Setting CVar [[r.RefractionQuality:2]]
[2020.05.02-02.54.00:638][  0]LogConfig: Setting CVar [[r.SSR.Quality:4]]
[2020.05.02-02.54.00:638][  0]LogConfig: Setting CVar [[r.SceneColorFormat:4]]
[2020.05.02-02.54.00:638][  0]LogConfig: Setting CVar [[r.DetailMode:2]]
[2020.05.02-02.54.00:638][  0]LogConfig: Setting CVar [[r.TranslucencyVolumeBlur:1]]
[2020.05.02-02.54.00:639][  0]LogConfig: Setting CVar [[r.MaterialQualityLevel:1 ; High quality]]
[2020.05.02-02.54.00:639][  0]LogConfig: Setting CVar [[r.SSS.Scale:1]]
[2020.05.02-02.54.00:639][  0]LogConfig: Setting CVar [[r.SSS.SampleSet:2]]
[2020.05.02-02.54.00:639][  0]LogConfig: Setting CVar [[r.SSS.Quality:1]]
[2020.05.02-02.54.00:639][  0]LogConfig: Setting CVar [[r.SSS.HalfRes:0]]
[2020.05.02-02.54.00:639][  0]LogConfig: Setting CVar [[r.EmitterSpawnRateScale:1.0]]
[2020.05.02-02.54.00:639][  0]LogConfig: Setting CVar [[r.ParticleLightQuality:2]]
[2020.05.02-02.54.00:639][  0]LogConfig: Applying CVar settings from Section [FoliageQuality@Cine] File [D:/Documentos/UNI/8vo Semestre/V3/ProyectoFinal/VJ3-test/MapProject 4.22/Saved/Config/Windows/Scalability.ini]
[2020.05.02-02.54.00:639][  0]LogConfig: Setting CVar [[foliage.DensityScale:1.0]]
[2020.05.02-02.54.00:639][  0]LogConfig: Setting CVar [[grass.DensityScale:1.0]]
[2020.05.02-02.54.00:639][  0]LogConfig: Applying CVar settings from Section [Startup] File [../../../Engine/Config/ConsoleVariables.ini]
[2020.05.02-02.54.00:640][  0]LogConfig: Setting CVar [[net.UseAdaptiveNetUpdateFrequency:0]]
[2020.05.02-02.54.00:640][  0]LogConfig: Setting CVar [[p.chaos.AllowCreatePhysxBodies:1]]
[2020.05.02-02.54.00:640][  0]LogConfig: Applying CVar settings from Section [ConsoleVariables] File [D:/Documentos/UNI/8vo Semestre/V3/ProyectoFinal/VJ3-test/MapProject 4.22/Saved/Config/Windows/Engine.ini]
[2020.05.02-02.54.00:640][  0]LogInit: Computer: DESKTOP-22LHQ34
[2020.05.02-02.54.00:640][  0]LogInit: User: edwa
[2020.05.02-02.54.00:640][  0]LogInit: CPU Page size=4096, Cores=6
[2020.05.02-02.54.00:640][  0]LogInit: High frequency timer resolution =10.000000 MHz
[2020.05.02-02.54.00:641][  0]LogMemory: Memory total: Physical=7.8GB (8GB approx)
[2020.05.02-02.54.00:641][  0]LogMemory: Platform Memory Stats for Windows
[2020.05.02-02.54.00:641][  0]LogMemory: Process Physical Memory: 99.28 MB used, 99.28 MB peak
[2020.05.02-02.54.00:641][  0]LogMemory: Process Virtual Memory: 89.94 MB used, 89.94 MB peak
[2020.05.02-02.54.00:641][  0]LogMemory: Physical Memory: 4487.64 MB used,  3550.57 MB free, 8038.21 MB total
[2020.05.02-02.54.00:641][  0]LogMemory: Virtual Memory: 4661.73 MB used,  134213064.00 MB free, 134217728.00 MB total
[2020.05.02-02.54.00:697][  0]LogInit: Overriding language with editor language configuration option (en).
[2020.05.02-02.54.00:697][  0]LogInit: Overriding locale with editor locale configuration option (en).
[2020.05.02-02.54.00:865][  0]LogInit: Setting process to per monitor DPI aware
[2020.05.02-02.54.00:894][  0]LogSlate: New Slate User Created.  User Index 0, Is Virtual User: 0
[2020.05.02-02.54.00:894][  0]LogSlate: Slate User Registered.  User Index 0, Is Virtual User: 0
[2020.05.02-02.54.01:074][  0]LogHMD: Failed to initialize OpenVR with code 110
[2020.05.02-02.54.01:074][  0]LogD3D11RHI: D3D11 adapters:
[2020.05.02-02.54.01:142][  0]LogD3D11RHI:    0. 'NVIDIA GeForce GTX 1050' (Feature Level 11_0)
[2020.05.02-02.54.01:143][  0]LogD3D11RHI:       1979/0/4019 MB DedicatedVideo/DedicatedSystem/SharedSystem, Outputs:1, VendorId:0x10de
[2020.05.02-02.54.01:163][  0]LogD3D11RHI:    1. 'Intel(R) UHD Graphics 630' (Feature Level 11_0)
[2020.05.02-02.54.01:163][  0]LogD3D11RHI:       128/0/4019 MB DedicatedVideo/DedicatedSystem/SharedSystem, Outputs:0, VendorId:0x8086
[2020.05.02-02.54.01:164][  0]LogD3D11RHI:    2. 'Microsoft Basic Render Driver' (Feature Level 11_0)
[2020.05.02-02.54.01:165][  0]LogD3D11RHI:       0/0/4019 MB DedicatedVideo/DedicatedSystem/SharedSystem, Outputs:0, VendorId:0x1414
[2020.05.02-02.54.01:165][  0]LogD3D11RHI: Chosen D3D11 Adapter: 0
[2020.05.02-02.54.01:191][  0]LogD3D11RHI: Creating new Direct3DDevice
[2020.05.02-02.54.01:191][  0]LogD3D11RHI:     GPU DeviceId: 0x1c8d (for the marketing name, search the web for "GPU Device Id")
[2020.05.02-02.54.01:191][  0]LogWindows: EnumDisplayDevices:
[2020.05.02-02.54.01:191][  0]LogWindows:    0. 'Intel(R) UHD Graphics 630' (P:1 D:1)
[2020.05.02-02.54.01:191][  0]LogWindows:    1. 'Intel(R) UHD Graphics 630' (P:0 D:0)
[2020.05.02-02.54.01:191][  0]LogWindows:    2. 'Intel(R) UHD Graphics 630' (P:0 D:0)
[2020.05.02-02.54.01:192][  0]LogWindows: DebugString: PrimaryIsNotTheChoosenAdapter PrimaryIsNotTheChoosenAdapter PrimaryIsNotTheChoosenAdapter FoundDriverCount:0 
[2020.05.02-02.54.01:192][  0]LogD3D11RHI:     Adapter Name: NVIDIA GeForce GTX 1050
[2020.05.02-02.54.01:192][  0]LogD3D11RHI:   Driver Version: Unknown (internal:Unknown, unified:Unknown)
[2020.05.02-02.54.01:192][  0]LogD3D11RHI:      Driver Date: Unknown
[2020.05.02-02.54.01:192][  0]LogRHI: Texture pool is 1385 MB (70% of 1979 MB)
[2020.05.02-02.54.01:231][  0]LogD3D11RHI: Async texture creation enabled
[2020.05.02-02.54.01:234][  0]LogRendererCore: FGlobalReadBuffer::InitRHI
[2020.05.02-02.54.01:234][  0]LogRendererCore: FGlobalReadBuffer::InitRHI
[2020.05.02-02.54.01:234][  0]LogRendererCore: FGlobalReadBuffer::InitRHI
[2020.05.02-02.54.01:242][  0]LogD3D11RHI: GPU Timing Frequency: 1000.000000 (Debug: 2 1)
[2020.05.02-02.54.01:460][  0]LogTemp: Display: Module 'AllDesktopTargetPlatform' loaded TargetPlatform 'AllDesktop'
[2020.05.02-02.54.01:471][  0]LogTemp: Display: Module 'MacClientTargetPlatform' loaded TargetPlatform 'MacClient'
[2020.05.02-02.54.01:481][  0]LogTemp: Display: Module 'MacNoEditorTargetPlatform' loaded TargetPlatform 'MacNoEditor'
[2020.05.02-02.54.01:492][  0]LogTemp: Display: Module 'MacServerTargetPlatform' loaded TargetPlatform 'MacServer'
[2020.05.02-02.54.01:502][  0]LogTemp: Display: Module 'MacTargetPlatform' loaded TargetPlatform 'Mac'
[2020.05.02-02.54.01:513][  0]LogTemp: Display: Module 'WindowsClientTargetPlatform' loaded TargetPlatform 'WindowsClient'
[2020.05.02-02.54.01:524][  0]LogTemp: Display: Module 'WindowsNoEditorTargetPlatform' loaded TargetPlatform 'WindowsNoEditor'
[2020.05.02-02.54.01:534][  0]LogTemp: Display: Module 'WindowsServerTargetPlatform' loaded TargetPlatform 'WindowsServer'
[2020.05.02-02.54.01:539][  0]LogTemp: Display: Module 'WindowsTargetPlatform' loaded TargetPlatform 'Windows'
[2020.05.02-02.54.01:605][  0]LogTemp: Display: Module 'AndroidTargetPlatform' loaded TargetPlatform 'Android'
[2020.05.02-02.54.01:605][  0]LogTemp: Display: Module 'AndroidTargetPlatform' loaded TargetPlatform 'Android_ASTC'
[2020.05.02-02.54.01:605][  0]LogTemp: Display: Module 'AndroidTargetPlatform' loaded TargetPlatform 'Android_ATC'
[2020.05.02-02.54.01:605][  0]LogTemp: Display: Module 'AndroidTargetPlatform' loaded TargetPlatform 'Android_DXT'
[2020.05.02-02.54.01:605][  0]LogTemp: Display: Module 'AndroidTargetPlatform' loaded TargetPlatform 'Android_ETC1'
[2020.05.02-02.54.01:605][  0]LogTemp: Display: Module 'AndroidTargetPlatform' loaded TargetPlatform 'Android_ETC1a'
[2020.05.02-02.54.01:605][  0]LogTemp: Display: Module 'AndroidTargetPlatform' loaded TargetPlatform 'Android_ETC2'
[2020.05.02-02.54.01:605][  0]LogTemp: Display: Module 'AndroidTargetPlatform' loaded TargetPlatform 'Android_PVRTC'
[2020.05.02-02.54.01:605][  0]LogTemp: Display: Module 'AndroidTargetPlatform' loaded TargetPlatform 'AndroidClient'
[2020.05.02-02.54.01:605][  0]LogTemp: Display: Module 'AndroidTargetPlatform' loaded TargetPlatform 'Android_ASTCClient'
[2020.05.02-02.54.01:605][  0]LogTemp: Display: Module 'AndroidTargetPlatform' loaded TargetPlatform 'Android_ATCClient'
[2020.05.02-02.54.01:605][  0]LogTemp: Display: Module 'AndroidTargetPlatform' loaded TargetPlatform 'Android_DXTClient'
[2020.05.02-02.54.01:605][  0]LogTemp: Display: Module 'AndroidTargetPlatform' loaded TargetPlatform 'Android_ETC1Client'
[2020.05.02-02.54.01:605][  0]LogTemp: Display: Module 'AndroidTargetPlatform' loaded TargetPlatform 'Android_ETC1aClient'
[2020.05.02-02.54.01:605][  0]LogTemp: Display: Module 'AndroidTargetPlatform' loaded TargetPlatform 'Android_ETC2Client'
[2020.05.02-02.54.01:605][  0]LogTemp: Display: Module 'AndroidTargetPlatform' loaded TargetPlatform 'Android_PVRTCClient'
[2020.05.02-02.54.01:605][  0]LogTemp: Display: Module 'AndroidTargetPlatform' loaded TargetPlatform 'Android_Multi'
[2020.05.02-02.54.01:605][  0]LogTemp: Display: Module 'AndroidTargetPlatform' loaded TargetPlatform 'Android_MultiClient'
[2020.05.02-02.54.01:606][  0]LogTemp: Display: Module 'HTML5TargetPlatform' loaded TargetPlatform 'HTML5'
[2020.05.02-02.54.01:649][  0]LogTemp: Display: Module 'IOSTargetPlatform' loaded TargetPlatform 'IOSClient'
[2020.05.02-02.54.01:650][  0]LogTemp: Display: Module 'IOSTargetPlatform' loaded TargetPlatform 'IOS'
[2020.05.02-02.54.01:669][  0]LogTemp: Display: Module 'TVOSTargetPlatform' loaded TargetPlatform 'TVOSClient'
[2020.05.02-02.54.01:669][  0]LogTemp: Display: Module 'TVOSTargetPlatform' loaded TargetPlatform 'TVOS'
[2020.05.02-02.54.01:679][  0]LogTemp: Display: Module 'LinuxClientTargetPlatform' loaded TargetPlatform 'LinuxClient'
[2020.05.02-02.54.01:689][  0]LogTemp: Display: Module 'LinuxNoEditorTargetPlatform' loaded TargetPlatform 'LinuxNoEditor'
[2020.05.02-02.54.01:700][  0]LogTemp: Display: Module 'LinuxServerTargetPlatform' loaded TargetPlatform 'LinuxServer'
[2020.05.02-02.54.01:710][  0]LogTemp: Display: Module 'LinuxTargetPlatform' loaded TargetPlatform 'Linux'
[2020.05.02-02.54.01:747][  0]LogTemp: Display: Module 'LuminTargetPlatform' loaded TargetPlatform 'Lumin'
[2020.05.02-02.54.01:747][  0]LogTemp: Display: Module 'LuminTargetPlatform' loaded TargetPlatform 'LuminClient'
[2020.05.02-02.54.01:747][  0]LogTargetPlatformManager: Display: Building Assets For Windows
[2020.05.02-02.54.01:752][  0]LogAudioDebug: Display: Lib vorbis DLL was dynamically loaded.
[2020.05.02-02.54.01:779][  0]LogShaderCompilers: Guid format shader working directory is -38 characters bigger than the processId version (../../../../../Documentos/UNI/8vo Semestre/V3/ProyectoFinal/VJ3-test/MapProject 4.22/Intermediate/Shaders/WorkingDirectory/9404/).
[2020.05.02-02.54.01:779][  0]LogShaderCompilers: Cleaned the shader compiler working directory 'C:/Users/ed_wa/AppData/Local/Temp/UnrealShaderWorkingDir/D12859C34DF41E13387D81A590CEB028/'.
[2020.05.02-02.54.01:780][  0]LogXGEController: Cannot use XGE Controller as Incredibuild is not installed on this machine.
[2020.05.02-02.54.01:780][  0]LogShaderCompilers: Cannot use XGE Shader Compiler as Incredibuild is not installed on this machine.
[2020.05.02-02.54.01:780][  0]LogShaderCompilers: Display: Using Local Shader Compiler.
[2020.05.02-02.54.02:252][  0]LogDerivedDataCache: Display: Max Cache Size: 512 MB
[2020.05.02-02.54.02:298][  0]LogDerivedDataCache: Loaded boot cache 0.05s 71MB C:/Users/ed_wa/AppData/Local/UnrealEngine/4.22/DerivedDataCache/Boot.ddc.
[2020.05.02-02.54.02:298][  0]LogDerivedDataCache: Display: Loaded Boot cache: C:/Users/ed_wa/AppData/Local/UnrealEngine/4.22/DerivedDataCache/Boot.ddc
[2020.05.02-02.54.02:298][  0]LogDerivedDataCache: FDerivedDataBackendGraph:  Pak pak cache file ../../../../../Documentos/UNI/8vo Semestre/V3/ProyectoFinal/VJ3-test/MapProject 4.22/DerivedDataCache/DDC.ddp not found, will not use a pak cache.
[2020.05.02-02.54.02:298][  0]LogDerivedDataCache: Unable to find inner node Pak for hierarchical cache Hierarchy.
[2020.05.02-02.54.02:298][  0]LogDerivedDataCache: FDerivedDataBackendGraph:  CompressedPak pak cache file ../../../../../Documentos/UNI/8vo Semestre/V3/ProyectoFinal/VJ3-test/MapProject 4.22/DerivedDataCache/Compressed.ddp not found, will not use a pak cache.
[2020.05.02-02.54.02:298][  0]LogDerivedDataCache: Unable to find inner node CompressedPak for hierarchical cache Hierarchy.
[2020.05.02-02.54.02:309][  0]LogDerivedDataCache: Display: Pak cache opened for reading ../../../Engine/DerivedDataCache/Compressed.ddp.
[2020.05.02-02.54.02:309][  0]LogDerivedDataCache: FDerivedDataBackendGraph:  EnterprisePak pak cache file ../../../Enterprise/DerivedDataCache/Compressed.ddp not found, will not use a pak cache.
[2020.05.02-02.54.02:309][  0]LogDerivedDataCache: Unable to find inner node EnterprisePak for hierarchical cache Hierarchy.
[2020.05.02-02.54.02:321][  0]LogDerivedDataCache: Using Local data cache path C:/Users/ed_wa/AppData/Local/UnrealEngine/Common/DerivedDataCache: Writable
[2020.05.02-02.54.02:321][  0]LogDerivedDataCache: Shared data cache path not found in *engine.ini, will not use an Shared cache.
[2020.05.02-02.54.02:321][  0]LogDerivedDataCache: Unable to find inner node Shared for hierarchical cache Hierarchy.
[2020.05.02-02.54.02:340][  0]LogMaterial: Verifying Global Shaders for PCD3D_SM5
[2020.05.02-02.54.02:341][  0]LogSlate: Using FreeType 2.6.0
[2020.05.02-02.54.02:341][  0]LogSlate: SlateFontServices - WITH_FREETYPE: 1, WITH_HARFBUZZ: 1
[2020.05.02-02.54.02:412][  0]LogAssetRegistry: FAssetRegistry took 0.0310 seconds to start up
[2020.05.02-02.54.02:684][  0]LogInit: Selected Device Profile: [Windows]
[2020.05.02-02.54.02:791][  0]LogMeshReduction: Using QuadricMeshReduction for automatic static mesh reduction
[2020.05.02-02.54.02:791][  0]LogMeshReduction: Using SimplygonMeshReduction for automatic skeletal mesh reduction
[2020.05.02-02.54.02:791][  0]LogMeshReduction: Using ProxyLODMeshReduction for automatic mesh merging
[2020.05.02-02.54.02:791][  0]LogMeshReduction: No distributed automatic mesh merging module available
[2020.05.02-02.54.02:791][  0]LogMeshMerging: No distributed automatic mesh merging module available
[2020.05.02-02.54.02:800][  0]LogNetVersion: Vis2 1.0.0, NetCL: 5660361, EngineNetVer: 10, GameNetVer: 0 (Checksum: 1012566908)
[2020.05.02-02.54.03:126][  0]LogPackageLocalizationCache: Processed 10 localized package path(s) for 1 prioritized culture(s) in 0.032822 seconds
[2020.05.02-02.54.03:132][  0]LogUObjectArray: 42214 objects as part of root set at end of initial load.
[2020.05.02-02.54.03:132][  0]LogUObjectAllocator: 7335800 out of 0 bytes used by permanent object pool.
[2020.05.02-02.54.03:132][  0]LogUObjectArray: CloseDisregardForGC: 0/0 objects in disregard for GC pool
[2020.05.02-02.54.03:892][  0]LogTcpMessaging: Initializing TcpMessaging bridge
[2020.05.02-02.54.03:905][  0]LogUdpMessaging: Initializing bridge on interface 0.0.0.0:0 to multicast group 230.0.0.1:6666.
[2020.05.02-02.54.04:038][  0]SourceControl: Source control is disabled
[2020.05.02-02.54.04:038][  0]SourceControl: Source control is disabled
[2020.05.02-02.54.04:039][  0]SourceControl: Source control is disabled
[2020.05.02-02.54.04:040][  0]SourceControl: Source control is disabled
[2020.05.02-02.54.04:094][  0]LogAndroidPermission: UAndroidPermissionCallbackProxy::GetInstance
[2020.05.02-02.54.04:147][  0]LogOcInput: OculusInput pre-init called
[2020.05.02-02.54.04:762][  0]LogEngine: Initializing Engine...
[2020.05.02-02.54.04:763][  0]LogHMD: Failed to initialize OpenVR with code 110
[2020.05.02-02.54.04:764][  0]LogStats: UGameplayTagsManager::InitializeManager -  0.000 s
[2020.05.02-02.54.04:972][  0]LogInit: Initializing FReadOnlyCVARCache
[2020.05.02-02.54.04:979][  0]LogAIModule: Creating AISystem for world Untitled
[2020.05.02-02.54.04:999][  0]LogInit: XAudio2 using 'Altavoces (2- Realtek(R) Audio)' : 2 channels at 48 kHz using 32 bits per sample (channel mask 0x3)
[2020.05.02-02.54.05:009][  0]LogInit: FAudioDevice initialized.
[2020.05.02-02.54.05:009][  0]LogNetVersion: Set ProjectVersion to 1.0.0.0. Version Checksum will be recalculated on next use.
[2020.05.02-02.54.05:092][  0]LogDerivedDataCache: Saved boot cache 0.08s 71MB C:/Users/ed_wa/AppData/Local/UnrealEngine/4.22/DerivedDataCache/Boot.ddc.
[2020.05.02-02.54.05:106][  0]LogInit: Texture streaming: Enabled
[2020.05.02-02.54.05:129][  0]LogEngineSessionManager: EngineSessionManager initialized
[2020.05.02-02.54.05:150][  0]LogInit: Transaction tracking system initialized
[2020.05.02-02.54.05:162][  0]BlueprintLog: New page: Editor Load
[2020.05.02-02.54.05:207][  0]LocalizationService: Localization service is disabled
[2020.05.02-02.54.05:429][  0]LogCook: Display: Max memory allowance for cook 16384mb min free memory 0mb
[2020.05.02-02.54.05:429][  0]LogCook: Display: Mobile HDR setting 1
[2020.05.02-02.54.05:591][  0]LogFileCache: Scanning file cache for directory 'D:/Documentos/UNI/8vo Semestre/V3/ProyectoFinal/VJ3-test/MapProject 4.22/Content/' took 0.02s
[2020.05.02-02.54.05:619][  0]SourceControl: Source control is disabled
[2020.05.02-02.54.05:619][  0]Cmd: MAP LOAD FILE="../../../../../Documentos/UNI/8vo Semestre/V3/ProyectoFinal/VJ3-test/MapProject 4.22/Content/FirstPersonBP/Maps/FirstPersonExampleMap.umap" TEMPLATE=0 SHOWPROGRESS=1 FEATURELEVEL=3
[2020.05.02-02.54.05:866][  0]LightingResults: New page: Lighting Build
[2020.05.02-02.54.05:872][  0]MapCheck: New page: Map Check
[2020.05.02-02.54.05:872][  0]LightingResults: New page: Lighting Build
[2020.05.02-02.54.05:924][  0]LogUObjectHash: Compacting FUObjectHashTables data took   1.58ms
[2020.05.02-02.54.13:801][  0]LogAIModule: Creating AISystem for world FirstPersonExampleMap
[2020.05.02-02.54.14:870][  0]LogEditorServer: Finished looking for orphan Actors (0.000 secs)
[2020.05.02-02.54.14:931][  0]LogUObjectHash: Compacting FUObjectHashTables data took   2.03ms
[2020.05.02-02.54.14:931][  0]Cmd: MAP CHECKDEP NOCLEARLOG
[2020.05.02-02.54.14:931][  0]MapCheck: Map check complete: 0 Error(s), 0 Warning(s), took 0.218ms to complete.
[2020.05.02-02.54.14:931][  0]LogFileHelpers: Loading map 'FirstPersonExampleMap' took 9.312
[2020.05.02-02.54.15:269][  0]LogSlate: Updating window title bar state: overlay mode, drag disabled, window buttons hidden, title bar hidden
[2020.05.02-02.54.15:296][  0]LogSlate: Updating window title bar state: overlay mode, drag disabled, window buttons hidden, title bar hidden
[2020.05.02-02.54.15:313][  0]LogSlate: Updating window title bar state: overlay mode, drag disabled, window buttons hidden, title bar hidden
[2020.05.02-02.54.15:321][  0]LogSlate: Updating window title bar state: overlay mode, drag disabled, window buttons hidden, title bar hidden
[2020.05.02-02.54.15:328][  0]LogCollectionManager: Loaded 0 collections in 0.000685 seconds
[2020.05.02-02.54.15:354][  0]LogFileCache: Scanning file cache for directory 'D:/Documentos/UNI/8vo Semestre/V3/ProyectoFinal/VJ3-test/MapProject 4.22/Saved/Collections/' took 0.01s
[2020.05.02-02.54.15:354][  0]LogFileCache: Scanning file cache for directory 'D:/Documentos/UNI/8vo Semestre/V3/ProyectoFinal/VJ3-test/MapProject 4.22/Content/Developers/edwa/Collections/' took 0.00s
[2020.05.02-02.54.15:354][  0]LogFileCache: Scanning file cache for directory 'D:/Documentos/UNI/8vo Semestre/V3/ProyectoFinal/VJ3-test/MapProject 4.22/Content/Collections/' took 0.00s
[2020.05.02-02.54.15:354][  0]LogCollectionManager: Rebuilt the GUID cache for 0 collections in 0.000000 seconds
[2020.05.02-02.54.15:362][  0]LogContentBrowser: Native class hierarchy populated in 0.0076 seconds. Added 2759 classes and 672 folders.
[2020.05.02-02.54.15:366][  0]LogContentBrowser: Native class hierarchy updated for 'WidgetCarousel' in 0.0006 seconds. Added 0 classes and 0 folders.
[2020.05.02-02.54.15:402][  0]LogPakFile: Registered encryption key '00000000000000000000000000000000': 0 pak files mounted, 0 remain pending
[2020.05.02-02.54.15:489][  0]LogPakFile: Registered encryption key '00000000000000000000000000000000': 0 pak files mounted, 0 remain pending
[2020.05.02-02.54.15:544][  0]LogPakFile: Registered encryption key '00000000000000000000000000000000': 0 pak files mounted, 0 remain pending
[2020.05.02-02.54.15:565][  0]LogPakFile: Registered encryption key '00000000000000000000000000000000': 0 pak files mounted, 0 remain pending
[2020.05.02-02.54.15:581][  0]LogPakFile: Registered encryption key '00000000000000000000000000000000': 0 pak files mounted, 0 remain pending
[2020.05.02-02.54.15:604][  0]LogPakFile: Registered encryption key '00000000000000000000000000000000': 0 pak files mounted, 0 remain pending
[2020.05.02-02.54.15:617][  0]LogPakFile: Registered encryption key '00000000000000000000000000000000': 0 pak files mounted, 0 remain pending
[2020.05.02-02.54.15:631][  0]LogPakFile: Registered encryption key '00000000000000000000000000000000': 0 pak files mounted, 0 remain pending
[2020.05.02-02.54.15:647][  0]LogPakFile: Registered encryption key '00000000000000000000000000000000': 0 pak files mounted, 0 remain pending
[2020.05.02-02.54.15:674][  0]LogPakFile: Registered encryption key '00000000000000000000000000000000': 0 pak files mounted, 0 remain pending
[2020.05.02-02.54.15:717][  0]LogPakFile: Registered encryption key '00000000000000000000000000000000': 0 pak files mounted, 0 remain pending
[2020.05.02-02.54.15:737][  0]LogPakFile: Registered encryption key '00000000000000000000000000000000': 0 pak files mounted, 0 remain pending
[2020.05.02-02.54.15:757][  0]LogPakFile: Registered encryption key '00000000000000000000000000000000': 0 pak files mounted, 0 remain pending
[2020.05.02-02.54.15:793][  0]LogPakFile: Registered encryption key '00000000000000000000000000000000': 0 pak files mounted, 0 remain pending
[2020.05.02-02.54.15:811][  0]LogPakFile: Registered encryption key '00000000000000000000000000000000': 0 pak files mounted, 0 remain pending
[2020.05.02-02.54.15:829][  0]LogPakFile: Registered encryption key '00000000000000000000000000000000': 0 pak files mounted, 0 remain pending
[2020.05.02-02.54.15:893][  0]LogPakFile: Registered encryption key '00000000000000000000000000000000': 0 pak files mounted, 0 remain pending
[2020.05.02-02.54.15:915][  0]LogPakFile: Registered encryption key '00000000000000000000000000000000': 0 pak files mounted, 0 remain pending
[2020.05.02-02.54.15:971][  0]LogPakFile: Registered encryption key '00000000000000000000000000000000': 0 pak files mounted, 0 remain pending
[2020.05.02-02.54.15:998][  0]LogPakFile: Registered encryption key '00000000000000000000000000000000': 0 pak files mounted, 0 remain pending
[2020.05.02-02.54.16:016][  0]LogPakFile: Registered encryption key '00000000000000000000000000000000': 0 pak files mounted, 0 remain pending
[2020.05.02-02.54.16:045][  0]LogPakFile: Registered encryption key '00000000000000000000000000000000': 0 pak files mounted, 0 remain pending
[2020.05.02-02.54.16:067][  0]LogPakFile: Registered encryption key '00000000000000000000000000000000': 0 pak files mounted, 0 remain pending
[2020.05.02-02.54.16:088][  0]LogPakFile: Registered encryption key '00000000000000000000000000000000': 0 pak files mounted, 0 remain pending
[2020.05.02-02.54.16:110][  0]LogPakFile: Registered encryption key '00000000000000000000000000000000': 0 pak files mounted, 0 remain pending
[2020.05.02-02.54.16:130][  0]LogPakFile: Registered encryption key '00000000000000000000000000000000': 0 pak files mounted, 0 remain pending
[2020.05.02-02.54.16:918][  0]LogContentBrowser: Native class hierarchy updated for 'AddContentDialog' in 0.0026 seconds. Added 0 classes and 0 folders.
[2020.05.02-02.54.16:999][  0]LogContentBrowser: Native class hierarchy updated for 'SceneOutliner' in 0.0014 seconds. Added 1 classes and 2 folders.
[2020.05.02-02.54.17:132][  0]LogSlate: Took 0.000373 seconds to synchronously load lazily loaded font '../../../Engine/Content/Slate/Fonts/Roboto-Regular.ttf' (155K)
[2020.05.02-02.54.17:137][  0]LogSlate: Took 0.000224 seconds to synchronously load lazily loaded font '../../../Engine/Content/Slate/Fonts/Roboto-Bold.ttf' (160K)
[2020.05.02-02.54.17:171][  0]LogSlate: Took 0.021530 seconds to synchronously load lazily loaded font '../../../Engine/Content/Editor/Slate/Fonts/FontAwesome.ttf' (139K)
[2020.05.02-02.54.17:442][  0]LogRenderer: Reallocating scene render targets to support 892x432 Format 10 NumSamples 1 (Frame:1).
[2020.05.02-02.54.17:623][  0]LogSlate: Took 0.017719 seconds to synchronously load lazily loaded font '../../../Engine/Content/Slate/Fonts/Roboto-Light.ttf' (167K)
[2020.05.02-02.54.17:814][  0]LogContentBrowser: Native class hierarchy updated for 'HierarchicalLODOutliner' in 0.0016 seconds. Added 0 classes and 0 folders.
[2020.05.02-02.54.17:814][  0]LogLoad: (Engine Initialization) Total time: 19.69 seconds
[2020.05.02-02.54.17:814][  0]LogLoad: (Engine Initialization) Total Blueprint compile time: 0.00 seconds
[2020.05.02-02.54.18:031][  0]LogAssetRegistry: Asset discovery search completed in 15.6418 seconds
[2020.05.02-02.54.18:038][  0]LogCollectionManager: Rebuilt the object cache for 0 collections in 0.000000 seconds (found 0 objects)
[2020.05.02-02.54.18:038][  0]LogCollectionManager: Fixed up redirectors for 0 collections in 0.000059 seconds (updated 0 objects)
[2020.05.02-02.54.18:039][  0]LogContentStreaming: Texture pool size now 3000 MB
[2020.05.02-02.54.35:937][113]LogSlate: FSceneViewport::OnFocusLost() reason 2
[2020.05.02-02.55.30:914][589]LogSlate: FSceneViewport::OnFocusLost() reason 0
[2020.05.02-02.55.39:242][165]LogEditorViewport: Clicking on Actor (LMB): StaticMeshActor (FuelCell29)
[2020.05.02-02.55.41:563][278]LogEditorViewport: Clicking on Actor (LMB): StaticMeshActor (FuelCell27)
[2020.05.02-02.55.42:963][353]LogEditorViewport: Clicking on Actor (LMB): StaticMeshActor (FuelCell26)
[2020.05.02-02.55.44:129][414]LogEditorViewport: Clicking on Actor (LMB): StaticMeshActor (FuelCell23)
[2020.05.02-02.55.45:946][515]LogEditorViewport: Clicking on Actor (LMB): StaticMeshActor (FuelCell22)
[2020.05.02-02.55.47:349][591]LogSlate: FSceneViewport::OnFocusLost() reason 2
[2020.05.02-02.55.50:855][802]LogEditorViewport: Clicking on Actor (context menu): StaticMeshActor (FuelCell21)
[2020.05.02-02.55.51:136][802]LogSlate: FSceneViewport::OnFocusLost() reason 2
[2020.05.02-02.55.51:164][802]LogEditorViewport: Clicking on Actor (context menu): StaticMeshActor (FuelCell21)
[2020.05.02-02.55.51:183][802]LogSlate: FSceneViewport::OnFocusLost() reason 2
[2020.05.02-02.55.51:613][826]LogEditorViewport: Clicking on Actor (context menu): StaticMeshActor (FuelCell21)
[2020.05.02-02.55.51:638][826]LogSlate: FSceneViewport::OnFocusLost() reason 2
[2020.05.02-02.55.52:668][887]LogEditorViewport: Clicking on Actor (LMB): StaticMeshActor (Pillar20)
[2020.05.02-02.56.31:502][ 49]LogSlate: FSceneViewport::OnFocusLost() reason 2
[2020.05.02-02.56.54:940][354]LogSlate: FSceneViewport::OnFocusLost() reason 2
[2020.05.02-03.04.21:464][461]LogSlate: FSceneViewport::OnFocusLost() reason 0
[2020.05.02-03.05.17:643][ 70]LogSlate: FSceneViewport::OnFocusLost() reason 0
[2020.05.02-03.09.28:571][932]LogUObjectHash: Compacting FUObjectHashTables data took   0.67ms
[2020.05.02-03.09.28:639][932]LogSlate: Window 'Vis2 - Unreal Editor' being destroyed
[2020.05.02-03.09.28:841][933]Cmd: QUIT_EDITOR
[2020.05.02-03.09.28:877][933]LogWindowsTextInputMethodSystem: Display: IME system now deactivated.
[2020.05.02-03.09.28:887][933]LogExit: Preparing to exit.
[2020.05.02-03.09.29:505][933]LogExit: Editor shut down
[2020.05.02-03.09.29:505][933]LogExit: Transaction tracking system shut down
[2020.05.02-03.09.29:637][933]LogExit: Object subsystem successfully closed.
[2020.05.02-03.09.29:658][933]LogShaderCompilers: Display: Shaders left to compile 0
[2020.05.02-03.09.29:661][933]LogD3D11RHI: Shutdown
[2020.05.02-03.09.29:662][933]LogD3D11RHI: CleanupD3DDevice
[2020.05.02-03.09.29:662][933]LogRendererCore: FGlobalReadBuffer::ReleaseRHI
[2020.05.02-03.09.29:662][933]LogRendererCore: FGlobalDynamicReadBuffer::Cleanup()
[2020.05.02-03.09.29:662][933]LogRendererCore: FGlobalReadBuffer::ReleaseRHI
[2020.05.02-03.09.29:662][933]LogRendererCore: FGlobalDynamicReadBuffer::Cleanup()
[2020.05.02-03.09.29:662][933]LogRendererCore: FGlobalReadBuffer::ReleaseRHI
[2020.05.02-03.09.29:662][933]LogRendererCore: FGlobalDynamicReadBuffer::Cleanup()
[2020.05.02-03.09.29:827][933]LogD3D11RHI: ~FD3D11DynamicRHI
[2020.05.02-03.09.29:835][933]LogModuleManager: Shutting down and abandoning module HierarchicalLODOutliner (650)
[2020.05.02-03.09.29:835][933]LogModuleManager: Shutting down and abandoning module SceneOutliner (648)
[2020.05.02-03.09.29:835][933]LogModuleManager: Shutting down and abandoning module AddContentDialog (646)
[2020.05.02-03.09.29:835][933]LogModuleManager: Shutting down and abandoning module WidgetCarousel (645)
[2020.05.02-03.09.29:835][933]LogModuleManager: Shutting down and abandoning module EditorWidgets (642)
[2020.05.02-03.09.29:835][933]LogModuleManager: Shutting down and abandoning module CollectionManager (640)
[2020.05.02-03.09.29:835][933]LogModuleManager: Shutting down and abandoning module StatsViewer (638)
[2020.05.02-03.09.29:835][933]LogModuleManager: Shutting down and abandoning module FoliageEdit (636)
[2020.05.02-03.09.29:835][933]LogModuleManager: Shutting down and abandoning module LandscapeEditor (634)
[2020.05.02-03.09.29:835][933]LogModuleManager: Shutting down and abandoning module MeshPaintMode (632)
[2020.05.02-03.09.29:835][933]LogModuleManager: Shutting down and abandoning module SceneDepthPickerMode (630)
[2020.05.02-03.09.29:836][933]LogModuleManager: Shutting down and abandoning module ActorPickerMode (628)
[2020.05.02-03.09.29:836][933]LogModuleManager: Shutting down and abandoning module GeometryMode (626)
[2020.05.02-03.09.29:836][933]LogModuleManager: Shutting down and abandoning module TextureAlignMode (624)
[2020.05.02-03.09.29:836][933]LogModuleManager: Shutting down and abandoning module BspMode (622)
[2020.05.02-03.09.29:836][933]LogModuleManager: Shutting down and abandoning module PIEPreviewDeviceProfileSelector (620)
[2020.05.02-03.09.29:836][933]LogModuleManager: Shutting down and abandoning module SequenceRecorderSections (618)
[2020.05.02-03.09.29:836][933]LogModuleManager: Shutting down and abandoning module AutomationWorker (616)
[2020.05.02-03.09.29:836][933]LogModuleManager: Shutting down and abandoning module OculusMR (614)
[2020.05.02-03.09.29:836][933]LogModuleManager: Shutting down and abandoning module AudioCaptureEditor (612)
[2020.05.02-03.09.29:836][933]LogModuleManager: Shutting down and abandoning module MatineeToLevelSequence (610)
[2020.05.02-03.09.29:836][933]LogModuleManager: Shutting down and abandoning module LevelSequenceEditor (608)
[2020.05.02-03.09.29:836][933]LogModuleManager: Shutting down and abandoning module PlacementMode (607)
[2020.05.02-03.09.29:836][933]LogModuleManager: Shutting down and abandoning module MaterialEditor (606)
[2020.05.02-03.09.29:836][933]LogModuleManager: Shutting down and abandoning module ActorSequenceEditor (602)
[2020.05.02-03.09.29:836][933]LogModuleManager: Shutting down and abandoning module WmfMediaFactory (600)
[2020.05.02-03.09.29:836][933]LogModuleManager: Shutting down and abandoning module WmfMediaEditor (598)
[2020.05.02-03.09.29:836][933]LogModuleManager: Shutting down and abandoning module WebMMediaFactory (596)
[2020.05.02-03.09.29:836][933]LogModuleManager: Shutting down and abandoning module WebMMediaEditor (594)
[2020.05.02-03.09.29:836][933]LogModuleManager: Shutting down and abandoning module WebMMedia (592)
[2020.05.02-03.09.29:836][933]LogModuleManager: Shutting down and abandoning module MediaPlayerEditor (590)
[2020.05.02-03.09.29:836][933]LogModuleManager: Shutting down and abandoning module MediaCompositingEditor (588)
[2020.05.02-03.09.29:836][933]LogModuleManager: Shutting down and abandoning module SequenceRecorder (587)
[2020.05.02-03.09.29:836][933]LogModuleManager: Shutting down and abandoning module OpenExrWrapper (584)
[2020.05.02-03.09.29:836][933]LogModuleManager: Shutting down and abandoning module ImgMediaFactory (582)
[2020.05.02-03.09.29:836][933]LogModuleManager: Shutting down and abandoning module ImgMediaEditor (580)
[2020.05.02-03.09.29:836][933]LogModuleManager: Shutting down and abandoning module AvfMediaFactory (578)
[2020.05.02-03.09.29:836][933]LogModuleManager: Shutting down and abandoning module AvfMediaEditor (576)
[2020.05.02-03.09.29:836][933]LogModuleManager: Shutting down and abandoning module AndroidMediaFactory (574)
[2020.05.02-03.09.29:836][933]LogModuleManager: Shutting down and abandoning module AndroidMediaEditor (572)
[2020.05.02-03.09.29:836][933]LogModuleManager: Shutting down and abandoning module GraphFormatter (570)
[2020.05.02-03.09.29:836][933]LogModuleManager: Shutting down and abandoning module MagicLeapCameraPreviewFactory (568)
[2020.05.02-03.09.29:836][933]LogModuleManager: Shutting down and abandoning module MagicLeapMediaCodecFactory (566)
[2020.05.02-03.09.29:836][933]LogModuleManager: Shutting down and abandoning module MagicLeapMediaFactory (564)
[2020.05.02-03.09.29:836][933]LogModuleManager: Shutting down and abandoning module MagicLeapMediaEditor (562)
[2020.05.02-03.09.29:836][933]LogModuleManager: Shutting down and abandoning module CharacterAI (560)
[2020.05.02-03.09.29:836][933]LogModuleManager: Shutting down and abandoning module SmartSnapping (558)
[2020.05.02-03.09.29:836][933]LogModuleManager: Shutting down and abandoning module SessionServices (556)
[2020.05.02-03.09.29:836][933]LogModuleManager: Shutting down and abandoning module MeshPaint (554)
[2020.05.02-03.09.29:836][933]LogModuleManager: Shutting down and abandoning module ViewportSnapping (552)
[2020.05.02-03.09.29:836][933]LogModuleManager: Shutting down and abandoning module ViewportInteraction (550)
[2020.05.02-03.09.29:836][933]LogModuleManager: Shutting down and abandoning module ClothPainter (548)
[2020.05.02-03.09.29:836][933]LogModuleManager: Shutting down and abandoning module SkeletalMeshEditor (547)
[2020.05.02-03.09.29:836][933]LogModuleManager: Shutting down and abandoning module LogVisualizer (544)
[2020.05.02-03.09.29:836][933]LogModuleManager: Shutting down and abandoning module IntroTutorials (542)
[2020.05.02-03.09.29:836][933]LogModuleManager: Shutting down and abandoning module GameProjectGeneration (541)
[2020.05.02-03.09.29:836][933]LogModuleManager: Shutting down and abandoning module LuminPlatformEditor (538)
[2020.05.02-03.09.29:836][933]LogModuleManager: Shutting down and abandoning module IOSPlatformEditor (536)
[2020.05.02-03.09.29:836][933]LogModuleManager: Shutting down and abandoning module HTML5PlatformEditor (534)
[2020.05.02-03.09.29:836][933]LogModuleManager: Shutting down and abandoning module AndroidPlatformEditor (532)
[2020.05.02-03.09.29:837][933]LogModuleManager: Shutting down and abandoning module AndroidDeviceDetection (531)
[2020.05.02-03.09.30:818][933]LogModuleManager: Shutting down and abandoning module WindowsPlatformEditor (528)
[2020.05.02-03.09.30:818][933]LogModuleManager: Shutting down and abandoning module LuminRuntimeSettings (526)
[2020.05.02-03.09.30:818][933]LogModuleManager: Shutting down and abandoning module IOSRuntimeSettings (524)
[2020.05.02-03.09.30:818][933]LogModuleManager: Shutting down and abandoning module AndroidRuntimeSettings (522)
[2020.05.02-03.09.30:818][933]LogModuleManager: Shutting down and abandoning module TimeManagementEditor (520)
[2020.05.02-03.09.30:818][933]LogModuleManager: Shutting down and abandoning module InputBindingEditor (518)
[2020.05.02-03.09.30:818][933]LogModuleManager: Shutting down and abandoning module MergeActors (516)
[2020.05.02-03.09.30:818][933]LogModuleManager: Shutting down and abandoning module LocalizationDashboard (514)
[2020.05.02-03.09.30:819][933]LogModuleManager: Shutting down and abandoning module LocalizationService (513)
[2020.05.02-03.09.30:819][933]LogModuleManager: Shutting down and abandoning module HardwareTargeting (510)
[2020.05.02-03.09.30:819][933]LogModuleManager: Shutting down and abandoning module DeviceProfileEditor (508)
[2020.05.02-03.09.30:819][933]LogModuleManager: Shutting down and abandoning module UndoHistory (506)
[2020.05.02-03.09.30:819][933]LogModuleManager: Shutting down and abandoning module XmlParser (504)
[2020.05.02-03.09.30:819][933]LogModuleManager: Shutting down and abandoning module Blutility (502)
[2020.05.02-03.09.30:819][933]LogModuleManager: Shutting down and abandoning module ProjectSettingsViewer (500)
[2020.05.02-03.09.30:819][933]LogModuleManager: Shutting down and abandoning module ProjectTargetPlatformEditor (499)
[2020.05.02-03.09.30:819][933]LogModuleManager: Shutting down and abandoning module EditorSettingsViewer (496)
[2020.05.02-03.09.30:820][933]LogModuleManager: Shutting down and abandoning module SettingsEditor (494)
[2020.05.02-03.09.30:820][933]LogModuleManager: Shutting down and abandoning module ProjectLauncher (492)
[2020.05.02-03.09.30:820][933]LogModuleManager: Shutting down and abandoning module SessionFrontend (490)
[2020.05.02-03.09.30:820][933]LogModuleManager: Shutting down and abandoning module ProfilerClient (488)
[2020.05.02-03.09.30:820][933]LogModuleManager: Shutting down and abandoning module DeviceManager (486)
[2020.05.02-03.09.30:820][933]LogModuleManager: Shutting down and abandoning module TargetDeviceServices (485)
[2020.05.02-03.09.30:863][933]LogModuleManager: Shutting down and abandoning module AutomationController (482)
[2020.05.02-03.09.30:863][933]LogModuleManager: Shutting down and abandoning module AutomationWindow (480)
[2020.05.02-03.09.30:863][933]LogModuleManager: Shutting down and abandoning module Layers (478)
[2020.05.02-03.09.30:863][933]LogModuleManager: Shutting down and abandoning module ComponentVisualizers (476)
[2020.05.02-03.09.30:863][933]LogModuleManager: Shutting down and abandoning module DetailCustomizations (474)
[2020.05.02-03.09.30:863][933]LogModuleManager: Shutting down and abandoning module PackagesDialog (472)
[2020.05.02-03.09.30:863][933]LogModuleManager: Shutting down and abandoning module AnimationBlueprintEditor (470)
[2020.05.02-03.09.30:863][933]LogModuleManager: Shutting down and abandoning module Persona (468)
[2020.05.02-03.09.30:864][933]LogModuleManager: Shutting down and abandoning module AdvancedPreviewScene (467)
[2020.05.02-03.09.30:864][933]LogModuleManager: Shutting down and abandoning module AnimGraph (465)
[2020.05.02-03.09.30:864][933]LogModuleManager: Shutting down and abandoning module Kismet (462)
[2020.05.02-03.09.30:865][933]LogModuleManager: Shutting down and abandoning module GraphEditor (460)
[2020.05.02-03.09.30:865][933]LogModuleManager: Shutting down and abandoning module ClassViewer (458)
[2020.05.02-03.09.30:865][933]LogModuleManager: Shutting down and abandoning module Toolbox (456)
[2020.05.02-03.09.30:865][933]LogModuleManager: Shutting down and abandoning module ModuleUI (454)
[2020.05.02-03.09.30:865][933]LogModuleManager: Shutting down and abandoning module MovieSceneTools (452)
[2020.05.02-03.09.30:865][933]LogModuleManager: Shutting down and abandoning module OutputLog (450)
[2020.05.02-03.09.30:865][933]LogModuleManager: Shutting down and abandoning module GammaUI (448)
[2020.05.02-03.09.30:865][933]LogModuleManager: Shutting down and abandoning module Documentation (446)
[2020.05.02-03.09.30:866][933]LogModuleManager: Shutting down and abandoning module LiveCoding (444)
[2020.05.02-03.09.30:866][933]LogModuleManager: Shutting down and abandoning module LevelSequence (442)
[2020.05.02-03.09.30:866][933]LogModuleManager: Shutting down and abandoning module MovieSceneTracks (440)
[2020.05.02-03.09.30:866][933]LogModuleManager: Shutting down and abandoning module MovieScene (438)
[2020.05.02-03.09.30:866][933]LogModuleManager: Shutting down and abandoning module StreamingPauseRendering (436)
[2020.05.02-03.09.30:866][933]LogModuleManager: Shutting down and abandoning module LauncherPlatform (434)
[2020.05.02-03.09.30:866][933]LogModuleManager: Shutting down and abandoning module AnalyticsET (432)
[2020.05.02-03.09.30:866][933]LogModuleManager: Shutting down and abandoning module PortalServices (430)
[2020.05.02-03.09.30:866][933]LogModuleManager: Shutting down and abandoning module PortalRpc (428)
[2020.05.02-03.09.30:866][933]LogModuleManager: Shutting down and abandoning module MessagingRpc (426)
[2020.05.02-03.09.30:866][933]LogModuleManager: Shutting down and abandoning module AIModule (424)
[2020.05.02-03.09.30:866][933]LogModuleManager: Shutting down and abandoning module GameplayDebugger (423)
[2020.05.02-03.09.30:867][933]LogModuleManager: Shutting down and abandoning module AITestSuite (421)
[2020.05.02-03.09.30:867][933]LogModuleManager: Shutting down and abandoning module NavigationSystem (419)
[2020.05.02-03.09.30:867][933]LogModuleManager: Shutting down and abandoning module DesktopPlatform (416)
[2020.05.02-03.09.30:867][933]LogModuleManager: Shutting down and abandoning module ImageWriteQueue (414)
[2020.05.02-03.09.30:876][933]LogModuleManager: Shutting down and abandoning module ProfilerService (412)
[2020.05.02-03.09.31:093][933]LogModuleManager: Shutting down and abandoning module TaskGraph (410)
[2020.05.02-03.09.31:093][933]LogModuleManager: Shutting down and abandoning module SteamVRController (408)
[2020.05.02-03.09.31:093][933]LogModuleManager: Shutting down and abandoning module ProceduralMeshComponentEditor (406)
[2020.05.02-03.09.31:093][933]LogModuleManager: Shutting down and abandoning module ProceduralMeshComponent (404)
[2020.05.02-03.09.31:093][933]LogModuleManager: Shutting down and abandoning module OculusEditor (402)
[2020.05.02-03.09.31:093][933]LogModuleManager: Shutting down and abandoning module OculusInput (400)
[2020.05.02-03.09.31:093][933]LogModuleManager: Shutting down and abandoning module MobilePatchingUtils (398)
[2020.05.02-03.09.31:093][933]LogModuleManager: Shutting down and abandoning module EditableMesh (396)
[2020.05.02-03.09.31:093][933]LogModuleManager: Shutting down and abandoning module CustomMeshComponent (394)
[2020.05.02-03.09.31:093][933]LogModuleManager: Shutting down and abandoning module CableComponent (392)
[2020.05.02-03.09.31:093][933]LogModuleManager: Shutting down and abandoning module AudioCapture (390)
[2020.05.02-03.09.31:093][933]LogModuleManager: Shutting down and abandoning module ArchVisCharacter (388)
[2020.05.02-03.09.31:094][933]LogModuleManager: Shutting down and abandoning module AndroidPermission (386)
[2020.05.02-03.09.31:094][933]LogModuleManager: Shutting down and abandoning module NUTUnrealEngine4 (384)
[2020.05.02-03.09.31:094][933]LogModuleManager: Shutting down and abandoning module NetcodeUnitTest (382)
[2020.05.02-03.09.31:094][933]LogModuleManager: Shutting down and abandoning module MediaCompositing (380)
[2020.05.02-03.09.31:094][933]LogModuleManager: Shutting down and abandoning module LinearTimecode (378)
[2020.05.02-03.09.31:094][933]LogModuleManager: Shutting down and abandoning module ImgMedia (376)
[2020.05.02-03.09.31:094][933]LogModuleManager: Shutting down and abandoning module MagicLeapHelperVulkan (374)
[2020.05.02-03.09.31:094][933]LogModuleManager: Shutting down and abandoning module MagicLeapHelperOpenGL (372)
[2020.05.02-03.09.31:094][933]LogModuleManager: Shutting down and abandoning module MagicLeapAudio (370)
[2020.05.02-03.09.31:094][933]LogModuleManager: Shutting down and abandoning module HTML5Networking (368)
[2020.05.02-03.09.31:094][933]LogModuleManager: Shutting down and abandoning module GeometryCacheTracks (366)
[2020.05.02-03.09.31:094][933]LogModuleManager: Shutting down and abandoning module GeometryCacheSequencer (364)
[2020.05.02-03.09.31:094][933]LogModuleManager: Shutting down and abandoning module BackChannel (362)
[2020.05.02-03.09.31:094][933]LogModuleManager: Shutting down and abandoning module AppleVision (360)
[2020.05.02-03.09.31:094][933]LogModuleManager: Shutting down and abandoning module AppleImageUtilsBlueprintSupport (358)
[2020.05.02-03.09.31:094][933]LogModuleManager: Shutting down and abandoning module AppleImageUtils (356)
[2020.05.02-03.09.31:094][933]LogModuleManager: Shutting down and abandoning module AlembicImporter (354)
[2020.05.02-03.09.31:095][933]LogModuleManager: Shutting down and abandoning module AlembicLibrary (353)
[2020.05.02-03.09.31:095][933]LogModuleManager: Shutting down and abandoning module GeometryCache (352)
[2020.05.02-03.09.31:095][933]LogModuleManager: Shutting down and abandoning module GeometryCacheEd (351)
[2020.05.02-03.09.31:095][933]LogModuleManager: Shutting down and abandoning module VariantManagerContent (346)
[2020.05.02-03.09.31:095][933]LogModuleManager: Shutting down and abandoning module DatasmithContentEditor (344)
[2020.05.02-03.09.31:095][933]LogModuleManager: Shutting down and abandoning module SpeedTreeImporter (342)
[2020.05.02-03.09.31:095][933]LogModuleManager: Shutting down and abandoning module PluginBrowser (340)
[2020.05.02-03.09.31:095][933]LogModuleManager: Shutting down and abandoning module MobileLauncherProfileWizard (338)
[2020.05.02-03.09.31:095][933]LogModuleManager: Shutting down and abandoning module MaterialAnalyzer (336)
[2020.05.02-03.09.31:095][933]LogModuleManager: Shutting down and abandoning module CryptoKeysOpenSSL (334)
[2020.05.02-03.09.31:095][933]LogModuleManager: Shutting down and abandoning module CryptoKeys (332)
[2020.05.02-03.09.31:095][933]LogModuleManager: Shutting down and abandoning module VisualStudioSourceCodeAccess (330)
[2020.05.02-03.09.31:095][933]LogModuleManager: Shutting down and abandoning module VisualStudioCodeSourceCodeAccess (328)
[2020.05.02-03.09.31:096][933]LogModuleManager: Shutting down and abandoning module UObjectPlugin (326)
[2020.05.02-03.09.31:096][933]LogModuleManager: Shutting down and abandoning module SubversionSourceControl (324)
[2020.05.02-03.09.31:096][933]LogModuleManager: Shutting down and abandoning module PerforceSourceControl (322)
[2020.05.02-03.09.31:096][933]LogModuleManager: Shutting down and abandoning module GitSourceControl (320)
[2020.05.02-03.09.31:096][933]LogModuleManager: Shutting down and abandoning module SourceControl (319)
[2020.05.02-03.09.31:096][933]LogModuleManager: Shutting down and abandoning module CLionSourceCodeAccess (316)
[2020.05.02-03.09.31:096][933]LogModuleManager: Shutting down and abandoning module AnimationSharingEd (314)
[2020.05.02-03.09.31:096][933]LogModuleManager: Shutting down and abandoning module ActorLayerUtilitiesEditor (312)
[2020.05.02-03.09.31:096][933]LogModuleManager: Shutting down and abandoning module ActorLayerUtilities (310)
[2020.05.02-03.09.31:096][933]LogModuleManager: Shutting down and abandoning module LightPropagationVolumeEditor (308)
[2020.05.02-03.09.31:096][933]LogModuleManager: Shutting down and abandoning module PaperTiledImporter (306)
[2020.05.02-03.09.31:096][933]LogModuleManager: Shutting down and abandoning module PaperSpriteSheetImporter (304)
[2020.05.02-03.09.31:096][933]LogModuleManager: Shutting down and abandoning module Paper2DEditor (302)
[2020.05.02-03.09.31:097][933]LogModuleManager: Shutting down and abandoning module SignificanceManager (300)
[2020.05.02-03.09.31:097][933]LogModuleManager: Shutting down and abandoning module RuntimePhysXCooking (298)
[2020.05.02-03.09.31:097][933]LogModuleManager: Shutting down and abandoning module PhysXVehiclesEditor (296)
[2020.05.02-03.09.31:097][933]LogModuleManager: Shutting down and abandoning module PhysXVehicles (294)
[2020.05.02-03.09.31:097][933]LogModuleManager: Shutting down and abandoning module LocationServicesBPLibrary (292)
[2020.05.02-03.09.31:097][933]LogModuleManager: Shutting down and abandoning module ActorSequence (290)
[2020.05.02-03.09.31:097][933]LogModuleManager: Shutting down and abandoning module UdpMessaging (288)
[2020.05.02-03.09.31:199][933]LogModuleManager: Shutting down and abandoning module TcpMessaging (286)
[2020.05.02-03.09.31:300][933]LogModuleManager: Shutting down and abandoning module MagicLeapIdentity (284)
[2020.05.02-03.09.31:300][933]LogModuleManager: Shutting down and abandoning module MagicLeapSecureStorage (282)
[2020.05.02-03.09.31:300][933]LogModuleManager: Shutting down and abandoning module MagicLeapHandTracking (280)
[2020.05.02-03.09.31:300][933]LogModuleManager: Shutting down and abandoning module MagicLeapEyeTracker (278)
[2020.05.02-03.09.31:300][933]LogModuleManager: Shutting down and abandoning module MagicLeapController (276)
[2020.05.02-03.09.31:300][933]LogSlate: Slate User Destroyed.  User Index 0, Is Virtual User: 0
[2020.05.02-03.09.31:300][933]LogModuleManager: Shutting down and abandoning module MagicLeapAR (274)
[2020.05.02-03.09.31:300][933]LogModuleManager: Shutting down and abandoning module AugmentedReality (273)
[2020.05.02-03.09.31:301][933]LogModuleManager: Shutting down and abandoning module GameplayTagsEditor (270)
[2020.05.02-03.09.31:301][933]LogModuleManager: Shutting down and abandoning module FacialAnimationEditor (268)
[2020.05.02-03.09.31:301][933]LogModuleManager: Shutting down and abandoning module FacialAnimation (266)
[2020.05.02-03.09.31:301][933]LogModuleManager: Shutting down and abandoning module DataValidation (264)
[2020.05.02-03.09.31:301][933]LogModuleManager: Shutting down and abandoning module AssetManagerEditor (262)
[2020.05.02-03.09.31:302][933]LogModuleManager: Shutting down and abandoning module LevelEditor (261)
[2020.05.02-03.09.31:303][933]LogModuleManager: Shutting down and abandoning module PixelInspectorModule (260)
[2020.05.02-03.09.31:304][933]LogModuleManager: Shutting down and abandoning module CommonMenuExtensions (258)
[2020.05.02-03.09.31:304][933]LogModuleManager: Shutting down and abandoning module MainFrame (256)
[2020.05.02-03.09.31:304][933]LogModuleManager: Shutting down and abandoning module HotReload (255)
[2020.05.02-03.09.31:305][933]LogModuleManager: Shutting down and abandoning module ContentBrowser (251)
[2020.05.02-03.09.31:307][933]LogModuleManager: Shutting down and abandoning module TreeMap (249)
[2020.05.02-03.09.31:307][933]LogModuleManager: Shutting down and abandoning module AnimationSharing (246)
[2020.05.02-03.09.31:308][933]LogModuleManager: Shutting down and abandoning module LightPropagationVolumeRuntime (244)
[2020.05.02-03.09.31:308][933]LogModuleManager: Shutting down and abandoning module AISupportModule (242)
[2020.05.02-03.09.31:308][933]LogModuleManager: Shutting down and abandoning module AdvancedSteamSessions (240)
[2020.05.02-03.09.31:308][933]LogModuleManager: Shutting down and abandoning module AdvancedSessions (238)
[2020.05.02-03.09.31:308][933]LogModuleManager: Shutting down and abandoning module Paper2D (236)
[2020.05.02-03.09.31:308][933]LogModuleManager: Shutting down and abandoning module WindowsMoviePlayer (234)
[2020.05.02-03.09.31:308][933]LogModuleManager: Shutting down and abandoning module WebMMoviePlayer (232)
[2020.05.02-03.09.31:308][933]LogModuleManager: Shutting down and abandoning module PacketHandler (230)
[2020.05.02-03.09.31:308][933]LogModuleManager: Shutting down and abandoning module ClothingSystemEditor (228)
[2020.05.02-03.09.31:308][933]LogModuleManager: Shutting down and abandoning module ClothingSystemRuntime (226)
[2020.05.02-03.09.31:308][933]LogModuleManager: Shutting down and abandoning module MediaAssets (224)
[2020.05.02-03.09.31:308][933]LogModuleManager: Shutting down and abandoning module Overlay (222)
[2020.05.02-03.09.31:309][933]LogModuleManager: Shutting down and abandoning module OverlayEditor (221)
[2020.05.02-03.09.31:309][933]LogModuleManager: Shutting down and abandoning module VREditor (218)
[2020.05.02-03.09.31:309][933]LogModuleManager: Shutting down and abandoning module StringTableEditor (216)
[2020.05.02-03.09.31:309][933]LogModuleManager: Shutting down and abandoning module GameplayTasksEditor (214)
[2020.05.02-03.09.31:309][933]LogModuleManager: Shutting down and abandoning module BehaviorTreeEditor (212)
[2020.05.02-03.09.31:309][933]LogModuleManager: Shutting down and abandoning module FunctionalTesting (210)
[2020.05.02-03.09.31:309][933]LogModuleManager: Shutting down and abandoning module CollisionAnalyzer (208)
[2020.05.02-03.09.31:309][933]LogModuleManager: Shutting down and abandoning module WorkspaceMenuStructure (207)
[2020.05.02-03.09.31:309][933]LogModuleManager: Shutting down and abandoning module UMG (204)
[2020.05.02-03.09.31:309][933]LogModuleManager: Shutting down and abandoning module UMGEditor (203)
[2020.05.02-03.09.31:309][933]LogModuleManager: Shutting down and abandoning module Sequencer (202)
[2020.05.02-03.09.31:310][933]LogModuleManager: Shutting down and abandoning module MessageLog (199)
[2020.05.02-03.09.31:310][933]LogModuleManager: Shutting down and abandoning module SlateReflector (194)
[2020.05.02-03.09.31:310][933]LogModuleManager: Shutting down and abandoning module Slate (192)
[2020.05.02-03.09.31:310][933]LogModuleManager: Shutting down and abandoning module EditorStyle (190)
[2020.05.02-03.09.31:314][933]LogModuleManager: Shutting down and abandoning module UnrealEd (188)
[2020.05.02-03.09.31:314][933]LogModuleManager: Shutting down and abandoning module MRMesh (186)
[2020.05.02-03.09.31:314][933]LogModuleManager: Shutting down and abandoning module SourceCodeAccess (184)
[2020.05.02-03.09.31:314][933]LogModuleManager: Shutting down and abandoning module HeadMountedDisplay (182)
[2020.05.02-03.09.31:315][933]LogModuleManager: Shutting down and abandoning module XAudio2 (180)
[2020.05.02-03.09.31:315][933]LogModuleManager: Shutting down and abandoning module Networking (178)
[2020.05.02-03.09.31:315][933]LogModuleManager: Shutting down and abandoning module Core (176)
[2020.05.02-03.09.31:315][933]LogModuleManager: Shutting down and abandoning module KismetCompiler (174)
[2020.05.02-03.09.31:315][933]LogModuleManager: Shutting down and abandoning module MeshUtilities (172)
[2020.05.02-03.09.31:315][933]LogModuleManager: Shutting down and abandoning module MeshMergeUtilities (171)
[2020.05.02-03.09.31:315][933]LogModuleManager: Shutting down and abandoning module MeshReductionInterface (170)
[2020.05.02-03.09.31:315][933]LogModuleManager: Shutting down and abandoning module SkeletalMeshReduction (169)
[2020.05.02-03.09.31:315][933]LogModuleManager: Shutting down and abandoning module ProxyLODMeshReduction (167)
[2020.05.02-03.09.31:315][933]LogModuleManager: Shutting down and abandoning module QuadricMeshReduction (165)
[2020.05.02-03.09.31:315][933]LogModuleManager: Shutting down and abandoning module MaterialBaking (161)
[2020.05.02-03.09.31:315][933]LogModuleManager: Shutting down and abandoning module DerivedDataCache (156)
[2020.05.02-03.09.31:333][933]LogDerivedDataCache: Shutdown
[2020.05.02-03.09.31:333][933]LogModuleManager: Shutting down and abandoning module XGEController (154)
[2020.05.02-03.09.31:333][933]LogModuleManager: Shutting down and abandoning module TargetPlatform (152)
[2020.05.02-03.09.31:333][933]LogModuleManager: Shutting down and abandoning module VulkanShaderFormat (151)
[2020.05.02-03.09.31:333][933]LogModuleManager: Shutting down and abandoning module ShaderFormatVectorVM (149)
[2020.05.02-03.09.31:333][933]LogModuleManager: Shutting down and abandoning module ShaderFormatOpenGL (147)
[2020.05.02-03.09.31:333][933]LogModuleManager: Shutting down and abandoning module ShaderFormatD3D (145)
[2020.05.02-03.09.31:333][933]LogModuleManager: Shutting down and abandoning module MetalShaderFormat (143)
[2020.05.02-03.09.31:333][933]LogModuleManager: Shutting down and abandoning module TextureFormatUncompressed (141)
[2020.05.02-03.09.31:333][933]LogModuleManager: Shutting down and abandoning module TextureFormatPVR (139)
[2020.05.02-03.09.31:333][933]LogModuleManager: Shutting down and abandoning module TextureFormatDXT (137)
[2020.05.02-03.09.31:333][933]LogModuleManager: Shutting down and abandoning module TextureFormatIntelISPCTexComp (135)
[2020.05.02-03.09.31:334][933]LogModuleManager: Shutting down and abandoning module TextureFormatASTC (133)
[2020.05.02-03.09.31:334][933]LogModuleManager: Shutting down and abandoning module ImageWrapper (132)
[2020.05.02-03.09.31:334][933]LogModuleManager: Shutting down and abandoning module TextureFormatAndroid (129)
[2020.05.02-03.09.31:334][933]LogModuleManager: Shutting down and abandoning module AudioFormatOpus (127)
[2020.05.02-03.09.31:334][933]LogModuleManager: Shutting down and abandoning module AudioFormatOgg (125)
[2020.05.02-03.09.31:334][933]LogModuleManager: Shutting down and abandoning module AudioFormatADPCM (123)
[2020.05.02-03.09.31:334][933]LogModuleManager: Shutting down and abandoning module LuminTargetPlatform (121)
[2020.05.02-03.09.31:336][933]LogModuleManager: Shutting down and abandoning module LinuxTargetPlatform (119)
[2020.05.02-03.09.31:336][933]LogModuleManager: Shutting down and abandoning module LinuxServerTargetPlatform (117)
[2020.05.02-03.09.31:336][933]LogModuleManager: Shutting down and abandoning module LinuxNoEditorTargetPlatform (115)
[2020.05.02-03.09.31:336][933]LogModuleManager: Shutting down and abandoning module LinuxClientTargetPlatform (113)
[2020.05.02-03.09.31:336][933]LogModuleManager: Shutting down and abandoning module TVOSTargetPlatform (111)
[2020.05.02-03.09.31:338][933]LogModuleManager: Shutting down and abandoning module Messaging (109)
[2020.05.02-03.09.31:338][933]LogModuleManager: Shutting down and abandoning module IOSTargetPlatform (107)
[2020.05.02-03.09.31:340][933]LogModuleManager: Shutting down and abandoning module HTML5TargetPlatform (105)
[2020.05.02-03.09.31:340][933]LogModuleManager: Shutting down and abandoning module AndroidTargetPlatform (103)
[2020.05.02-03.09.31:354][933]LogModuleManager: Shutting down and abandoning module WindowsTargetPlatform (101)
[2020.05.02-03.09.31:354][933]LogModuleManager: Shutting down and abandoning module WindowsServerTargetPlatform (99)
[2020.05.02-03.09.31:355][933]LogModuleManager: Shutting down and abandoning module WindowsNoEditorTargetPlatform (97)
[2020.05.02-03.09.31:355][933]LogModuleManager: Shutting down and abandoning module WindowsClientTargetPlatform (95)
[2020.05.02-03.09.31:355][933]LogModuleManager: Shutting down and abandoning module MacTargetPlatform (93)
[2020.05.02-03.09.31:355][933]LogModuleManager: Shutting down and abandoning module MacServerTargetPlatform (91)
[2020.05.02-03.09.31:355][933]LogModuleManager: Shutting down and abandoning module MacNoEditorTargetPlatform (89)
[2020.05.02-03.09.31:355][933]LogModuleManager: Shutting down and abandoning module MacClientTargetPlatform (87)
[2020.05.02-03.09.31:355][933]LogModuleManager: Shutting down and abandoning module AllDesktopTargetPlatform (85)
[2020.05.02-03.09.31:355][933]LogModuleManager: Shutting down and abandoning module InputCore (82)
[2020.05.02-03.09.31:355][933]LogModuleManager: Shutting down and abandoning module Settings (80)
[2020.05.02-03.09.31:355][933]LogModuleManager: Shutting down and abandoning module DirectoryWatcher (78)
[2020.05.02-03.09.31:356][933]LogModuleManager: Shutting down and abandoning module PhysXCooking (76)
[2020.05.02-03.09.31:356][933]LogModuleManager: Shutting down and abandoning module SteamVR (74)
[2020.05.02-03.09.31:356][933]LogHMD: Freeing OpenVRDLLHandle.
[2020.05.02-03.09.31:356][933]LogModuleManager: Shutting down and abandoning module OculusHMD (72)
[2020.05.02-03.09.31:356][933]LogModuleManager: Shutting down and abandoning module ExampleDeviceProfileSelector (70)
[2020.05.02-03.09.31:356][933]LogModuleManager: Shutting down and abandoning module LauncherChunkInstaller (68)
[2020.05.02-03.09.31:356][933]LogModuleManager: Shutting down and abandoning module OnlineBlueprintSupport (66)
[2020.05.02-03.09.31:356][933]LogModuleManager: Shutting down and abandoning module OnlineSubsystem (62)
[2020.05.02-03.09.31:358][933]LogModuleManager: Shutting down and abandoning module XMPP (55)
[2020.05.02-03.09.31:359][933]LogModuleManager: Shutting down and abandoning module WebSockets (54)
[2020.05.02-03.09.31:375][933]LogModuleManager: Shutting down and abandoning module HTTP (51)
[2020.05.02-03.09.31:375][933]LogHttp: Display: Http module shutting down, but needs to wait on 1 outstanding Http requests:
[2020.05.02-03.09.31:375][933]LogHttp: Display: 	verb=[POST] url=[https://datarouter.ol.epicgames.com/datarouter/api/v1/public/data?SessionID=%7B350A7467-47AB-62CD-A0AD-CBBA7EF7737F%7D&AppID=UEEditor.Rocket.Release&AppVersion=4.22.3-7053642%2B%2B%2BUE4%2BRelease-4.22&UserID=aa703faf4f3c0a6e1d116b860be1c39a%7C571314535b4d4071876c71ce604ca91b%7C8ac95b3f-3a75-4797-bd37-3f9070682091&AppEnvironment=datacollector-binary&UploadType=eteventstream] status=Processing
[2020.05.02-03.09.31:380][933]LogModuleManager: Shutting down and abandoning module SSL (50)
[2020.05.02-03.09.31:383][933]LogModuleManager: Shutting down and abandoning module WmfMedia (46)
[2020.05.02-03.09.31:388][933]LogModuleManager: Shutting down and abandoning module Media (45)
[2020.05.02-03.09.31:396][933]LogModuleManager: Shutting down and abandoning module MagicLeap (42)
[2020.05.02-03.09.31:397][933]LogModuleManager: Shutting down and abandoning module DatasmithContent (40)
[2020.05.02-03.09.31:397][933]LogModuleManager: Shutting down and abandoning module AnimationModifiers (38)
[2020.05.02-03.09.31:397][933]LogModuleManager: Shutting down and abandoning module PropertyEditor (37)
[2020.05.02-03.09.31:398][933]LogModuleManager: Shutting down and abandoning module AudioEditor (34)
[2020.05.02-03.09.31:398][933]LogModuleManager: Shutting down and abandoning module TextureCompressor (32)
[2020.05.02-03.09.31:398][933]LogModuleManager: Shutting down and abandoning module RenderCore (30)
[2020.05.02-03.09.31:399][933]LogModuleManager: Shutting down and abandoning module Landscape (28)
[2020.05.02-03.09.31:399][933]LogModuleManager: Shutting down and abandoning module SlateRHIRenderer (26)
[2020.05.02-03.09.31:399][933]LogModuleManager: Shutting down and abandoning module OpenGLDrv (24)
[2020.05.02-03.09.31:400][933]LogModuleManager: Shutting down and abandoning module D3D11RHI (22)
[2020.05.02-03.09.31:400][933]LogModuleManager: Shutting down and abandoning module AnimGraphRuntime (20)
[2020.05.02-03.09.31:400][933]LogModuleManager: Shutting down and abandoning module Renderer (18)
[2020.05.02-03.09.31:400][933]LogModuleManager: Shutting down and abandoning module Engine (16)
[2020.05.02-03.09.31:400][933]LogModuleManager: Shutting down and abandoning module CoreUObject (14)
[2020.05.02-03.09.31:400][933]LogModuleManager: Shutting down and abandoning module NetworkFile (12)
[2020.05.02-03.09.31:400][933]LogModuleManager: Shutting down and abandoning module CookedIterativeFile (10)
[2020.05.02-03.09.31:400][933]LogModuleManager: Shutting down and abandoning module StreamingFile (8)
[2020.05.02-03.09.31:400][933]LogModuleManager: Shutting down and abandoning module SandboxFile (6)
[2020.05.02-03.09.31:400][933]LogModuleManager: Shutting down and abandoning module PakFile (4)
[2020.05.02-03.09.31:400][933]LogModuleManager: Shutting down and abandoning module RSA (3)
[2020.05.02-03.09.31:429][933]LogExit: Exiting.
[2020.05.02-03.09.31:466][933]Log file closed, 05/01/20 22:09:31
