Log file open, 03/29/20 19:10:35
LogWindows: Failed to load 'aqProf.dll' (GetLastError=126)
LogWindows: File 'aqProf.dll' does not exist
LogWindows: Failed to load 'VtuneApi.dll' (GetLastError=126)
LogWindows: File 'VtuneApi.dll' does not exist
LogWindows: Failed to load 'VtuneApi32e.dll' (GetLastError=126)
LogWindows: File 'VtuneApi32e.dll' does not exist
LogConsoleResponse: Display: Failed to find resolution value strings in scalability ini. Falling back to default.
LogInit: Display: Running engine for game: Vis2
LogPakFile: Registered encryption key '00000000000000000000000000000000': 0 pak files mounted, 0 remain pending
LogPlatformFile: Not using cached read wrapper
LogTaskGraph: Started task graph with 5 named threads and 23 total threads with 3 sets of task threads.
LogStats: Stats thread started at 0.279657
LogD3D11RHI: Loaded GFSDK_Aftermath_Lib.x64.dll
LogICUInternationalization: ICU TimeZone Detection - Raw Offset: -6:00, Platform Override: ''
LogPluginManager: Mounting plugin Paper2D
LogPluginManager: Mounting plugin AdvancedSessions
LogPluginManager: Mounting plugin AdvancedSteamSessions
LogPluginManager: Mounting plugin AISupport
LogPluginManager: Mounting plugin LightPropagationVolume
LogPluginManager: Mounting plugin ActorLayerUtilities
LogPluginManager: Mounting plugin AnimationSharing
LogPluginManager: Mounting plugin CLionSourceCodeAccess
LogPluginManager: Mounting plugin CodeLiteSourceCodeAccess
LogPluginManager: Mounting plugin GitSourceControl
LogPluginManager: Mounting plugin KDevelopSourceCodeAccess
LogPluginManager: Mounting plugin NullSourceCodeAccess
LogPluginManager: Mounting plugin PerforceSourceControl
LogPluginManager: Mounting plugin SubversionSourceControl
LogPluginManager: Mounting plugin UObjectPlugin
LogPluginManager: Mounting plugin VisualStudioCodeSourceCodeAccess
LogPluginManager: Mounting plugin VisualStudioSourceCodeAccess
LogPluginManager: Mounting plugin XCodeSourceCodeAccess
LogPluginManager: Mounting plugin AssetManagerEditor
LogPluginManager: Mounting plugin CryptoKeys
LogPluginManager: Mounting plugin DataValidation
LogPluginManager: Mounting plugin FacialAnimation
LogPluginManager: Mounting plugin GameplayTagsEditor
LogPluginManager: Mounting plugin MacGraphicsSwitching
LogPluginManager: Mounting plugin MaterialAnalyzer
LogPluginManager: Mounting plugin MobileLauncherProfileWizard
LogPluginManager: Mounting plugin PluginBrowser
LogPluginManager: Mounting plugin SpeedTreeImporter
LogPluginManager: Mounting plugin DatasmithContent
LogPluginManager: Mounting plugin VariantManagerContent
LogPluginManager: Mounting plugin AlembicImporter
LogPluginManager: Mounting plugin AppleImageUtils
LogPluginManager: Mounting plugin AppleVision
LogPluginManager: Mounting plugin BackChannel
LogPluginManager: Mounting plugin CharacterAI
LogPluginManager: Mounting plugin GeometryCache
LogPluginManager: Mounting plugin HTML5Networking
LogPluginManager: Mounting plugin ProxyLODPlugin
LogPluginManager: Mounting plugin SkeletalReduction
LogPluginManager: Mounting plugin MagicLeap
LogPluginManager: Mounting plugin MagicLeapMedia
LogPluginManager: Mounting plugin GraphFormatter
LogPluginManager: Mounting plugin AndroidMedia
LogPluginManager: Mounting plugin AvfMedia
LogPluginManager: Mounting plugin ImgMedia
LogPluginManager: Mounting plugin LinearTimecode
LogPluginManager: Mounting plugin MediaCompositing
LogPluginManager: Mounting plugin MediaPlayerEditor
LogPluginManager: Mounting plugin WebMMedia
LogPluginManager: Mounting plugin WmfMedia
LogPluginManager: Mounting plugin TcpMessaging
LogPluginManager: Mounting plugin UdpMessaging
LogPluginManager: Mounting plugin ActorSequence
LogPluginManager: Mounting plugin LevelSequenceEditor
LogPluginManager: Mounting plugin MatineeToLevelSequence
LogPluginManager: Mounting plugin NetcodeUnitTest
LogPluginManager: Mounting plugin NUTUnrealEngine4
LogPluginManager: Mounting plugin OnlineSubsystemGooglePlay
LogPluginManager: Mounting plugin OnlineSubsystemIOS
LogPluginManager: Mounting plugin OnlineSubsystem
LogPluginManager: Mounting plugin OnlineSubsystemNull
LogPluginManager: Mounting plugin OnlineSubsystemSteam
LogPluginManager: Mounting plugin OnlineSubsystemUtils
LogPluginManager: Mounting plugin LauncherChunkInstaller
LogPluginManager: Mounting plugin AndroidDeviceProfileSelector
LogPluginManager: Mounting plugin AndroidMoviePlayer
LogPluginManager: Mounting plugin AndroidPermission
LogPluginManager: Mounting plugin AppleMoviePlayer
LogPluginManager: Mounting plugin ArchVisCharacter
LogPluginManager: Mounting plugin AudioCapture
LogPluginManager: Mounting plugin CableComponent
LogPluginManager: Mounting plugin CustomMeshComponent
LogPluginManager: Mounting plugin EditableMesh
LogPluginManager: Mounting plugin ExampleDeviceProfileSelector
LogPluginManager: Mounting plugin Firebase
LogPluginManager: Mounting plugin GoogleCloudMessaging
LogPluginManager: Mounting plugin IOSDeviceProfileSelector
LogPluginManager: Mounting plugin LinuxDeviceProfileSelector
LogPluginManager: Mounting plugin LocationServicesBPLibrary
LogPluginManager: Mounting plugin MobilePatchingUtils
LogPluginManager: Mounting plugin OculusVR
LogPluginManager: Mounting plugin PhysXVehicles
LogPluginManager: Mounting plugin ProceduralMeshComponent
LogPluginManager: Mounting plugin RuntimePhysXCooking
LogPluginManager: Mounting plugin SignificanceManager
LogPluginManager: Mounting plugin SteamVR
LogPluginManager: Mounting plugin WebMMoviePlayer
LogPluginManager: Mounting plugin WindowsMoviePlayer
LogInit: Using libcurl 7.55.1-DEV
LogInit:  - built for x86_64-pc-win32
LogInit:  - supports SSL with OpenSSL/1.1.1
LogInit:  - supports HTTP deflate (compression) using libz 1.2.8
LogInit:  - other features:
LogInit:      CURL_VERSION_SSL
LogInit:      CURL_VERSION_LIBZ
LogInit:      CURL_VERSION_IPV6
LogInit:      CURL_VERSION_ASYNCHDNS
LogInit:      CURL_VERSION_LARGEFILE
LogInit:      CURL_VERSION_IDN
LogInit:  CurlRequestOptions (configurable via config and command line):
LogInit:  - bVerifyPeer = true  - Libcurl will verify peer certificate
LogInit:  - bUseHttpProxy = false  - Libcurl will NOT use HTTP proxy
LogInit:  - bDontReuseConnections = false  - Libcurl will reuse connections
LogInit:  - MaxHostConnections = 16  - Libcurl will limit the number of connections to a host
LogInit:  - LocalHostAddr = Default
LogInit:  - BufferSize = 65536
LogOnline: Display: STEAM: Loading Steam SDK 1.39
LogOnline: Display: STEAM: OnlineSubsystemSteam::Shutdown()
LogOnline: OSS: Unable to create OnlineSubsystem module Steam
LogInit: WinSock: version 1.1 (2.2), MaxSocks=32767, MaxUdp=65467
LogInit: Build: ++UE4+Release-4.22-CL-7053642
LogInit: Engine Version: 4.22.3-7053642+++UE4+Release-4.22
LogInit: Compatible Engine Version: 4.22.0-5660361+++UE4+Release-4.22
LogInit: Net CL: 5660361
LogInit: OS: Windows 10 (Release 1903) (), CPU: Intel(R) Core(TM) i7-7700HQ CPU @ 2.80GHz, GPU: Intel(R) HD Graphics 630
LogInit: Compiled (64-bit): Jun 18 2019 03:09:11
LogInit: Compiled with Visual C++: 19.16.27025.01
LogInit: Build Configuration: Development
LogInit: Branch Name: ++UE4+Release-4.22
LogInit: Command Line: 
LogInit: Base Directory: C:/Program Files/Epic Games/UE_4.22/Engine/Binaries/Win64/
LogInit: Installed Engine Build: 1
LogDevObjectVersion: Number of dev versions registered: 23
LogDevObjectVersion:   Dev-Blueprints (B0D832E4-1F89-4F0D-ACCF-7EB736FD4AA2): 10
LogDevObjectVersion:   Dev-Build (E1C64328-A22C-4D53-A36C-8E866417BD8C): 0
LogDevObjectVersion:   Dev-Core (375EC13C-06E4-48FB-B500-84F0262A717E): 3
LogDevObjectVersion:   Dev-Editor (E4B068ED-F494-42E9-A231-DA0B2E46BB41): 30
LogDevObjectVersion:   Dev-Framework (CFFC743F-43B0-4480-9391-14DF171D2073): 35
LogDevObjectVersion:   Dev-Mobile (B02B49B5-BB20-44E9-A304-32B752E40360): 2
LogDevObjectVersion:   Dev-Networking (A4E4105C-59A1-49B5-A7C5-40C4547EDFEE): 0
LogDevObjectVersion:   Dev-Online (39C831C9-5AE6-47DC-9A44-9C173E1C8E7C): 0
LogDevObjectVersion:   Dev-Physics (78F01B33-EBEA-4F98-B9B4-84EACCB95AA2): 0
LogDevObjectVersion:   Dev-Platform (6631380F-2D4D-43E0-8009-CF276956A95A): 0
LogDevObjectVersion:   Dev-Rendering (12F88B9F-8875-4AFC-A67C-D90C383ABD29): 28
LogDevObjectVersion:   Dev-Sequencer (7B5AE74C-D270-4C10-A958-57980B212A5A): 11
LogDevObjectVersion:   Dev-VR (D7296918-1DD6-4BDD-9DE2-64A83CC13884): 2
LogDevObjectVersion:   Dev-LoadTimes (C2A15278-BFE7-4AFE-6C17-90FF531DF755): 1
LogDevObjectVersion:   Private-Geometry (6EACA3D4-40EC-4CC1-B786-8BED09428FC5): 3
LogDevObjectVersion:   Dev-AnimPhys (29E575DD-E0A3-4627-9D10-D276232CDCEA): 17
LogDevObjectVersion:   Dev-Anim (AF43A65D-7FD3-4947-9873-3E8ED9C1BB05): 2
LogDevObjectVersion:   Dev-ReflectionCapture (6B266CEC-1EC7-4B8F-A30B-E4D90942FC07): 1
LogDevObjectVersion:   Dev-Automation (0DF73D61-A23F-47EA-B727-89E90C41499A): 1
LogDevObjectVersion:   FortniteMain (601D1886-AC64-4F84-AA16-D3DE0DEAC7D6): 25
LogDevObjectVersion:   Dev-Enterprise (9DFFBCD6-494F-0158-E221-12823C92A888): 6
LogDevObjectVersion:   Dev-Niagara (F2AED0AC-9AFE-416F-8664-AA7FFA26D6FC): 1
LogDevObjectVersion:   Dev-Destruction (174F1F0B-B4C6-45A5-B13F-2EE8D0FB917D): 2
LogInit: Presizing for max 16777216 objects, including 0 objects not considered by GC, pre-allocating 0 bytes for permanent pool.
LogInit: Object subsystem initialized
LogConfig: Setting CVar [[con.DebugEarlyDefault:1]]
LogConfig: Setting CVar [[r.setres:1280x720]]
[2020.03.30-01.10.36:157][  0]LogConfig: Setting CVar [[r.VSync:0]]
[2020.03.30-01.10.36:157][  0]LogConfig: Setting CVar [[r.RHICmdBypass:0]]
[2020.03.30-01.10.36:157][  0]LogConfig: Applying CVar settings from Section [/Script/Engine.RendererSettings] File [C:/Users/ayala/Documents/GitHub/VJ3-test/MapProject 4.22/Saved/Config/Windows/Engine.ini]
[2020.03.30-01.10.36:157][  0]LogConfig: Setting CVar [[r.GPUCrashDebugging:0]]
[2020.03.30-01.10.36:157][  0]LogConfig: Applying CVar settings from Section [/Script/Engine.RendererOverrideSettings] File [C:/Users/ayala/Documents/GitHub/VJ3-test/MapProject 4.22/Saved/Config/Windows/Engine.ini]
[2020.03.30-01.10.36:157][  0]LogConfig: Applying CVar settings from Section [/Script/Engine.StreamingSettings] File [C:/Users/ayala/Documents/GitHub/VJ3-test/MapProject 4.22/Saved/Config/Windows/Engine.ini]
[2020.03.30-01.10.36:157][  0]LogConfig: Setting CVar [[s.MinBulkDataSizeForAsyncLoading:131072]]
[2020.03.30-01.10.36:157][  0]LogConfig: Setting CVar [[s.AsyncLoadingThreadEnabled:0]]
[2020.03.30-01.10.36:157][  0]LogConfig: Setting CVar [[s.EventDrivenLoaderEnabled:1]]
[2020.03.30-01.10.36:157][  0]LogConfig: Setting CVar [[s.WarnIfTimeLimitExceeded:0]]
[2020.03.30-01.10.36:157][  0]LogConfig: Setting CVar [[s.TimeLimitExceededMultiplier:1.5]]
[2020.03.30-01.10.36:157][  0]LogConfig: Setting CVar [[s.TimeLimitExceededMinTime:0.005]]
[2020.03.30-01.10.36:157][  0]LogConfig: Setting CVar [[s.UseBackgroundLevelStreaming:1]]
[2020.03.30-01.10.36:157][  0]LogConfig: Setting CVar [[s.PriorityAsyncLoadingExtraTime:15.0]]
[2020.03.30-01.10.36:157][  0]LogConfig: Setting CVar [[s.LevelStreamingActorsUpdateTimeLimit:5.0]]
[2020.03.30-01.10.36:157][  0]LogConfig: Setting CVar [[s.PriorityLevelStreamingActorsUpdateExtraTime:5.0]]
[2020.03.30-01.10.36:157][  0]LogConfig: Setting CVar [[s.LevelStreamingComponentsRegistrationGranularity:10]]
[2020.03.30-01.10.36:157][  0]LogConfig: Setting CVar [[s.UnregisterComponentsTimeLimit:1.0]]
[2020.03.30-01.10.36:157][  0]LogConfig: Setting CVar [[s.LevelStreamingComponentsUnregistrationGranularity:5]]
[2020.03.30-01.10.36:158][  0]LogConfig: Applying CVar settings from Section [/Script/Engine.GarbageCollectionSettings] File [C:/Users/ayala/Documents/GitHub/VJ3-test/MapProject 4.22/Saved/Config/Windows/Engine.ini]
[2020.03.30-01.10.36:158][  0]LogConfig: Setting CVar [[gc.MaxObjectsNotConsideredByGC:1]]
[2020.03.30-01.10.36:158][  0]LogConfig: Setting CVar [[gc.SizeOfPermanentObjectPool:0]]
[2020.03.30-01.10.36:158][  0]LogConfig: Setting CVar [[gc.FlushStreamingOnGC:0]]
[2020.03.30-01.10.36:158][  0]LogConfig: Setting CVar [[gc.NumRetriesBeforeForcingGC:10]]
[2020.03.30-01.10.36:158][  0]LogConfig: Setting CVar [[gc.AllowParallelGC:1]]
[2020.03.30-01.10.36:158][  0]LogConfig: Setting CVar [[gc.TimeBetweenPurgingPendingKillObjects:61.1]]
[2020.03.30-01.10.36:158][  0]LogConfig: Setting CVar [[gc.MaxObjectsInEditor:16777216]]
[2020.03.30-01.10.36:158][  0]LogConfig: Setting CVar [[gc.IncrementalBeginDestroyEnabled:1]]
[2020.03.30-01.10.36:158][  0]LogConfig: Setting CVar [[gc.CreateGCClusters:1]]
[2020.03.30-01.10.36:158][  0]LogConfig: Setting CVar [[gc.MinGCClusterSize:5]]
[2020.03.30-01.10.36:158][  0]LogConfig: Setting CVar [[gc.ActorClusteringEnabled:0]]
[2020.03.30-01.10.36:158][  0]LogConfig: Setting CVar [[gc.BlueprintClusteringEnabled:0]]
[2020.03.30-01.10.36:158][  0]LogConfig: Setting CVar [[gc.UseDisregardForGCOnDedicatedServers:0]]
[2020.03.30-01.10.36:158][  0]LogConfig: Applying CVar settings from Section [/Script/Engine.NetworkSettings] File [C:/Users/ayala/Documents/GitHub/VJ3-test/MapProject 4.22/Saved/Config/Windows/Engine.ini]
[2020.03.30-01.10.36:158][  0]LogConfig: Applying CVar settings from Section [/Script/UnrealEd.CookerSettings] File [C:/Users/ayala/Documents/GitHub/VJ3-test/MapProject 4.22/Saved/Config/Windows/Engine.ini]
[2020.03.30-01.10.36:161][  0]LogConfig: Applying CVar settings from Section [ViewDistanceQuality@3] File [C:/Users/ayala/Documents/GitHub/VJ3-test/MapProject 4.22/Saved/Config/Windows/Scalability.ini]
[2020.03.30-01.10.36:161][  0]LogConfig: Setting CVar [[r.SkeletalMeshLODBias:0]]
[2020.03.30-01.10.36:161][  0]LogConfig: Setting CVar [[r.ViewDistanceScale:1.0]]
[2020.03.30-01.10.36:161][  0]LogConfig: Applying CVar settings from Section [AntiAliasingQuality@3] File [C:/Users/ayala/Documents/GitHub/VJ3-test/MapProject 4.22/Saved/Config/Windows/Scalability.ini]
[2020.03.30-01.10.36:161][  0]LogConfig: Setting CVar [[r.PostProcessAAQuality:4]]
[2020.03.30-01.10.36:161][  0]LogConfig: Applying CVar settings from Section [ShadowQuality@3] File [C:/Users/ayala/Documents/GitHub/VJ3-test/MapProject 4.22/Saved/Config/Windows/Scalability.ini]
[2020.03.30-01.10.36:161][  0]LogConfig: Setting CVar [[r.LightFunctionQuality:1]]
[2020.03.30-01.10.36:161][  0]LogConfig: Setting CVar [[r.ShadowQuality:5]]
[2020.03.30-01.10.36:161][  0]LogConfig: Setting CVar [[r.Shadow.CSM.MaxCascades:10]]
[2020.03.30-01.10.36:161][  0]LogConfig: Setting CVar [[r.Shadow.MaxResolution:2048]]
[2020.03.30-01.10.36:161][  0]LogConfig: Setting CVar [[r.Shadow.MaxCSMResolution:2048]]
[2020.03.30-01.10.36:161][  0]LogConfig: Setting CVar [[r.Shadow.RadiusThreshold:0.01]]
[2020.03.30-01.10.36:161][  0]LogConfig: Setting CVar [[r.Shadow.DistanceScale:1.0]]
[2020.03.30-01.10.36:161][  0]LogConfig: Setting CVar [[r.Shadow.CSM.TransitionScale:1.0]]
[2020.03.30-01.10.36:161][  0]LogConfig: Setting CVar [[r.Shadow.PreShadowResolutionFactor:1.0]]
[2020.03.30-01.10.36:161][  0]LogConfig: Setting CVar [[r.DistanceFieldShadowing:1]]
[2020.03.30-01.10.36:161][  0]LogConfig: Setting CVar [[r.DistanceFieldAO:1]]
[2020.03.30-01.10.36:161][  0]LogConfig: Setting CVar [[r.AOQuality:2]]
[2020.03.30-01.10.36:161][  0]LogConfig: Setting CVar [[r.VolumetricFog:1]]
[2020.03.30-01.10.36:161][  0]LogConfig: Setting CVar [[r.VolumetricFog.GridPixelSize:8]]
[2020.03.30-01.10.36:161][  0]LogConfig: Setting CVar [[r.VolumetricFog.GridSizeZ:128]]
[2020.03.30-01.10.36:161][  0]LogConfig: Setting CVar [[r.VolumetricFog.HistoryMissSupersampleCount:4]]
[2020.03.30-01.10.36:161][  0]LogConfig: Setting CVar [[r.LightMaxDrawDistanceScale:1]]
[2020.03.30-01.10.36:161][  0]LogConfig: Setting CVar [[r.CapsuleShadows:1]]
[2020.03.30-01.10.36:161][  0]LogConfig: Applying CVar settings from Section [PostProcessQuality@3] File [C:/Users/ayala/Documents/GitHub/VJ3-test/MapProject 4.22/Saved/Config/Windows/Scalability.ini]
[2020.03.30-01.10.36:161][  0]LogConfig: Setting CVar [[r.MotionBlurQuality:4]]
[2020.03.30-01.10.36:161][  0]LogConfig: Setting CVar [[r.AmbientOcclusionMipLevelFactor:0.4]]
[2020.03.30-01.10.36:161][  0]LogConfig: Setting CVar [[r.AmbientOcclusionMaxQuality:100]]
[2020.03.30-01.10.36:161][  0]LogConfig: Setting CVar [[r.AmbientOcclusionLevels:-1]]
[2020.03.30-01.10.36:161][  0]LogConfig: Setting CVar [[r.AmbientOcclusionRadiusScale:1.0]]
[2020.03.30-01.10.36:161][  0]LogConfig: Setting CVar [[r.DepthOfFieldQuality:2]]
[2020.03.30-01.10.36:161][  0]LogConfig: Setting CVar [[r.RenderTargetPoolMin:400]]
[2020.03.30-01.10.36:161][  0]LogConfig: Setting CVar [[r.LensFlareQuality:2]]
[2020.03.30-01.10.36:161][  0]LogConfig: Setting CVar [[r.SceneColorFringeQuality:1]]
[2020.03.30-01.10.36:161][  0]LogConfig: Setting CVar [[r.EyeAdaptationQuality:2]]
[2020.03.30-01.10.36:161][  0]LogConfig: Setting CVar [[r.BloomQuality:5]]
[2020.03.30-01.10.36:161][  0]LogConfig: Setting CVar [[r.FastBlurThreshold:100]]
[2020.03.30-01.10.36:161][  0]LogConfig: Setting CVar [[r.Upscale.Quality:3]]
[2020.03.30-01.10.36:161][  0]LogConfig: Setting CVar [[r.Tonemapper.GrainQuantization:1]]
[2020.03.30-01.10.36:161][  0]LogConfig: Setting CVar [[r.LightShaftQuality:1]]
[2020.03.30-01.10.36:161][  0]LogConfig: Setting CVar [[r.Filter.SizeScale:1]]
[2020.03.30-01.10.36:161][  0]LogConfig: Setting CVar [[r.Tonemapper.Quality:5]]
[2020.03.30-01.10.36:161][  0]LogConfig: Setting CVar [[r.DOF.Gather.AccumulatorQuality:1        ; higher gathering accumulator quality]]
[2020.03.30-01.10.36:161][  0]LogConfig: Setting CVar [[r.DOF.Gather.PostfilterMethod:1          ; Median3x3 postfilering method]]
[2020.03.30-01.10.36:161][  0]LogConfig: Setting CVar [[r.DOF.Gather.EnableBokehSettings:0       ; no bokeh simulation when gathering]]
[2020.03.30-01.10.36:161][  0]LogConfig: Setting CVar [[r.DOF.Gather.RingCount:4                 ; medium number of samples when gathering]]
[2020.03.30-01.10.36:161][  0]LogConfig: Setting CVar [[r.DOF.Scatter.ForegroundCompositing:1    ; additive foreground scattering]]
[2020.03.30-01.10.36:161][  0]LogConfig: Setting CVar [[r.DOF.Scatter.BackgroundCompositing:2    ; additive background scattering]]
[2020.03.30-01.10.36:161][  0]LogConfig: Setting CVar [[r.DOF.Scatter.EnableBokehSettings:1      ; bokeh simulation when scattering]]
[2020.03.30-01.10.36:161][  0]LogConfig: Setting CVar [[r.DOF.Scatter.MaxSpriteRatio:0.1         ; only a maximum of 10% of scattered bokeh]]
[2020.03.30-01.10.36:161][  0]LogConfig: Setting CVar [[r.DOF.Recombine.Quality:1                ; cheap slight out of focus]]
[2020.03.30-01.10.36:161][  0]LogConfig: Setting CVar [[r.DOF.Recombine.EnableBokehSettings:0    ; no bokeh simulation on slight out of focus]]
[2020.03.30-01.10.36:161][  0]LogConfig: Setting CVar [[r.DOF.TemporalAAQuality:1                ; more stable temporal accumulation]]
[2020.03.30-01.10.36:161][  0]LogConfig: Setting CVar [[r.DOF.Kernel.MaxForegroundRadius:0.025]]
[2020.03.30-01.10.36:161][  0]LogConfig: Setting CVar [[r.DOF.Kernel.MaxBackgroundRadius:0.025]]
[2020.03.30-01.10.36:161][  0]LogConfig: Applying CVar settings from Section [TextureQuality@3] File [C:/Users/ayala/Documents/GitHub/VJ3-test/MapProject 4.22/Saved/Config/Windows/Scalability.ini]
[2020.03.30-01.10.36:161][  0]LogConfig: Setting CVar [[r.Streaming.MipBias:0]]
[2020.03.30-01.10.36:161][  0]LogConfig: Setting CVar [[r.Streaming.AmortizeCPUToGPUCopy:0]]
[2020.03.30-01.10.36:161][  0]LogConfig: Setting CVar [[r.Streaming.MaxNumTexturesToStreamPerFrame:0]]
[2020.03.30-01.10.36:161][  0]LogConfig: Setting CVar [[r.Streaming.Boost:1]]
[2020.03.30-01.10.36:161][  0]LogConfig: Setting CVar [[r.MaxAnisotropy:8]]
[2020.03.30-01.10.36:161][  0]LogConfig: Setting CVar [[r.Streaming.LimitPoolSizeToVRAM:0]]
[2020.03.30-01.10.36:162][  0]LogConfig: Setting CVar [[r.Streaming.PoolSize:1000]]
[2020.03.30-01.10.36:162][  0]LogConfig: Setting CVar [[r.Streaming.MaxEffectiveScreenSize:0]]
[2020.03.30-01.10.36:162][  0]LogConfig: Applying CVar settings from Section [EffectsQuality@3] File [C:/Users/ayala/Documents/GitHub/VJ3-test/MapProject 4.22/Saved/Config/Windows/Scalability.ini]
[2020.03.30-01.10.36:162][  0]LogConfig: Setting CVar [[r.TranslucencyLightingVolumeDim:64]]
[2020.03.30-01.10.36:162][  0]LogConfig: Setting CVar [[r.RefractionQuality:2]]
[2020.03.30-01.10.36:162][  0]LogConfig: Setting CVar [[r.SSR.Quality:3]]
[2020.03.30-01.10.36:162][  0]LogConfig: Setting CVar [[r.SceneColorFormat:4]]
[2020.03.30-01.10.36:162][  0]LogConfig: Setting CVar [[r.DetailMode:2]]
[2020.03.30-01.10.36:162][  0]LogConfig: Setting CVar [[r.TranslucencyVolumeBlur:1]]
[2020.03.30-01.10.36:162][  0]LogConfig: Setting CVar [[r.MaterialQualityLevel:1 ; High quality]]
[2020.03.30-01.10.36:162][  0]LogConfig: Setting CVar [[r.SSS.Scale:1]]
[2020.03.30-01.10.36:162][  0]LogConfig: Setting CVar [[r.SSS.SampleSet:2]]
[2020.03.30-01.10.36:162][  0]LogConfig: Setting CVar [[r.SSS.Quality:1]]
[2020.03.30-01.10.36:162][  0]LogConfig: Setting CVar [[r.SSS.HalfRes:1]]
[2020.03.30-01.10.36:162][  0]LogConfig: Setting CVar [[r.EmitterSpawnRateScale:1.0]]
[2020.03.30-01.10.36:162][  0]LogConfig: Setting CVar [[r.ParticleLightQuality:2]]
[2020.03.30-01.10.36:162][  0]LogConfig: Applying CVar settings from Section [FoliageQuality@3] File [C:/Users/ayala/Documents/GitHub/VJ3-test/MapProject 4.22/Saved/Config/Windows/Scalability.ini]
[2020.03.30-01.10.36:162][  0]LogConfig: Setting CVar [[foliage.DensityScale:1.0]]
[2020.03.30-01.10.36:162][  0]LogConfig: Setting CVar [[grass.DensityScale:1.0]]
[2020.03.30-01.10.36:162][  0]LogInit: Selected Device Profile: [Windows]
[2020.03.30-01.10.36:162][  0]LogInit: Applying CVar settings loaded from the selected device profile: [Windows]
[2020.03.30-01.10.36:176][  0]LogHAL: Display: Platform has ~ 8 GB [8443301888 / 8589934592 / 8], which maps to Default [LargestMinGB=32, LargerMinGB=12, DefaultMinGB=8, SmallerMinGB=6, SmallestMinGB=0)
[2020.03.30-01.10.36:176][  0]LogConfig: Setting CVar [[r.Vulkan.UseRealUBs:0		; Required until we fix HLR fall-out]]
[2020.03.30-01.10.36:176][  0]LogInit: Going up to parent DeviceProfile []
[2020.03.30-01.10.36:176][  0]LogConfig: Applying CVar settings from Section [ViewDistanceQuality@3] File [C:/Users/ayala/Documents/GitHub/VJ3-test/MapProject 4.22/Saved/Config/Windows/Scalability.ini]
[2020.03.30-01.10.36:177][  0]LogConfig: Setting CVar [[r.SkeletalMeshLODBias:0]]
[2020.03.30-01.10.36:177][  0]LogConfig: Setting CVar [[r.ViewDistanceScale:1.0]]
[2020.03.30-01.10.36:177][  0]LogConfig: Applying CVar settings from Section [AntiAliasingQuality@3] File [C:/Users/ayala/Documents/GitHub/VJ3-test/MapProject 4.22/Saved/Config/Windows/Scalability.ini]
[2020.03.30-01.10.36:177][  0]LogConfig: Setting CVar [[r.PostProcessAAQuality:4]]
[2020.03.30-01.10.36:177][  0]LogConfig: Applying CVar settings from Section [ShadowQuality@3] File [C:/Users/ayala/Documents/GitHub/VJ3-test/MapProject 4.22/Saved/Config/Windows/Scalability.ini]
[2020.03.30-01.10.36:177][  0]LogConfig: Setting CVar [[r.LightFunctionQuality:1]]
[2020.03.30-01.10.36:177][  0]LogConfig: Setting CVar [[r.ShadowQuality:5]]
[2020.03.30-01.10.36:177][  0]LogConfig: Setting CVar [[r.Shadow.CSM.MaxCascades:10]]
[2020.03.30-01.10.36:177][  0]LogConfig: Setting CVar [[r.Shadow.MaxResolution:2048]]
[2020.03.30-01.10.36:177][  0]LogConfig: Setting CVar [[r.Shadow.MaxCSMResolution:2048]]
[2020.03.30-01.10.36:177][  0]LogConfig: Setting CVar [[r.Shadow.RadiusThreshold:0.01]]
[2020.03.30-01.10.36:177][  0]LogConfig: Setting CVar [[r.Shadow.DistanceScale:1.0]]
[2020.03.30-01.10.36:177][  0]LogConfig: Setting CVar [[r.Shadow.CSM.TransitionScale:1.0]]
[2020.03.30-01.10.36:177][  0]LogConfig: Setting CVar [[r.Shadow.PreShadowResolutionFactor:1.0]]
[2020.03.30-01.10.36:177][  0]LogConfig: Setting CVar [[r.DistanceFieldShadowing:1]]
[2020.03.30-01.10.36:177][  0]LogConfig: Setting CVar [[r.DistanceFieldAO:1]]
[2020.03.30-01.10.36:177][  0]LogConfig: Setting CVar [[r.AOQuality:2]]
[2020.03.30-01.10.36:177][  0]LogConfig: Setting CVar [[r.VolumetricFog:1]]
[2020.03.30-01.10.36:177][  0]LogConfig: Setting CVar [[r.VolumetricFog.GridPixelSize:8]]
[2020.03.30-01.10.36:177][  0]LogConfig: Setting CVar [[r.VolumetricFog.GridSizeZ:128]]
[2020.03.30-01.10.36:177][  0]LogConfig: Setting CVar [[r.VolumetricFog.HistoryMissSupersampleCount:4]]
[2020.03.30-01.10.36:177][  0]LogConfig: Setting CVar [[r.LightMaxDrawDistanceScale:1]]
[2020.03.30-01.10.36:177][  0]LogConfig: Setting CVar [[r.CapsuleShadows:1]]
[2020.03.30-01.10.36:177][  0]LogConfig: Applying CVar settings from Section [PostProcessQuality@3] File [C:/Users/ayala/Documents/GitHub/VJ3-test/MapProject 4.22/Saved/Config/Windows/Scalability.ini]
[2020.03.30-01.10.36:177][  0]LogConfig: Setting CVar [[r.MotionBlurQuality:4]]
[2020.03.30-01.10.36:177][  0]LogConfig: Setting CVar [[r.AmbientOcclusionMipLevelFactor:0.4]]
[2020.03.30-01.10.36:177][  0]LogConfig: Setting CVar [[r.AmbientOcclusionMaxQuality:100]]
[2020.03.30-01.10.36:177][  0]LogConfig: Setting CVar [[r.AmbientOcclusionLevels:-1]]
[2020.03.30-01.10.36:177][  0]LogConfig: Setting CVar [[r.AmbientOcclusionRadiusScale:1.0]]
[2020.03.30-01.10.36:177][  0]LogConfig: Setting CVar [[r.DepthOfFieldQuality:2]]
[2020.03.30-01.10.36:177][  0]LogConfig: Setting CVar [[r.RenderTargetPoolMin:400]]
[2020.03.30-01.10.36:177][  0]LogConfig: Setting CVar [[r.LensFlareQuality:2]]
[2020.03.30-01.10.36:177][  0]LogConfig: Setting CVar [[r.SceneColorFringeQuality:1]]
[2020.03.30-01.10.36:177][  0]LogConfig: Setting CVar [[r.EyeAdaptationQuality:2]]
[2020.03.30-01.10.36:177][  0]LogConfig: Setting CVar [[r.BloomQuality:5]]
[2020.03.30-01.10.36:177][  0]LogConfig: Setting CVar [[r.FastBlurThreshold:100]]
[2020.03.30-01.10.36:177][  0]LogConfig: Setting CVar [[r.Upscale.Quality:3]]
[2020.03.30-01.10.36:177][  0]LogConfig: Setting CVar [[r.Tonemapper.GrainQuantization:1]]
[2020.03.30-01.10.36:177][  0]LogConfig: Setting CVar [[r.LightShaftQuality:1]]
[2020.03.30-01.10.36:177][  0]LogConfig: Setting CVar [[r.Filter.SizeScale:1]]
[2020.03.30-01.10.36:177][  0]LogConfig: Setting CVar [[r.Tonemapper.Quality:5]]
[2020.03.30-01.10.36:177][  0]LogConfig: Setting CVar [[r.DOF.Gather.AccumulatorQuality:1        ; higher gathering accumulator quality]]
[2020.03.30-01.10.36:177][  0]LogConfig: Setting CVar [[r.DOF.Gather.PostfilterMethod:1          ; Median3x3 postfilering method]]
[2020.03.30-01.10.36:177][  0]LogConfig: Setting CVar [[r.DOF.Gather.EnableBokehSettings:0       ; no bokeh simulation when gathering]]
[2020.03.30-01.10.36:177][  0]LogConfig: Setting CVar [[r.DOF.Gather.RingCount:4                 ; medium number of samples when gathering]]
[2020.03.30-01.10.36:177][  0]LogConfig: Setting CVar [[r.DOF.Scatter.ForegroundCompositing:1    ; additive foreground scattering]]
[2020.03.30-01.10.36:177][  0]LogConfig: Setting CVar [[r.DOF.Scatter.BackgroundCompositing:2    ; additive background scattering]]
[2020.03.30-01.10.36:177][  0]LogConfig: Setting CVar [[r.DOF.Scatter.EnableBokehSettings:1      ; bokeh simulation when scattering]]
[2020.03.30-01.10.36:177][  0]LogConfig: Setting CVar [[r.DOF.Scatter.MaxSpriteRatio:0.1         ; only a maximum of 10% of scattered bokeh]]
[2020.03.30-01.10.36:177][  0]LogConfig: Setting CVar [[r.DOF.Recombine.Quality:1                ; cheap slight out of focus]]
[2020.03.30-01.10.36:177][  0]LogConfig: Setting CVar [[r.DOF.Recombine.EnableBokehSettings:0    ; no bokeh simulation on slight out of focus]]
[2020.03.30-01.10.36:177][  0]LogConfig: Setting CVar [[r.DOF.TemporalAAQuality:1                ; more stable temporal accumulation]]
[2020.03.30-01.10.36:177][  0]LogConfig: Setting CVar [[r.DOF.Kernel.MaxForegroundRadius:0.025]]
[2020.03.30-01.10.36:177][  0]LogConfig: Setting CVar [[r.DOF.Kernel.MaxBackgroundRadius:0.025]]
[2020.03.30-01.10.36:177][  0]LogConfig: Applying CVar settings from Section [TextureQuality@3] File [C:/Users/ayala/Documents/GitHub/VJ3-test/MapProject 4.22/Saved/Config/Windows/Scalability.ini]
[2020.03.30-01.10.36:177][  0]LogConfig: Setting CVar [[r.Streaming.MipBias:0]]
[2020.03.30-01.10.36:177][  0]LogConfig: Setting CVar [[r.Streaming.AmortizeCPUToGPUCopy:0]]
[2020.03.30-01.10.36:177][  0]LogConfig: Setting CVar [[r.Streaming.MaxNumTexturesToStreamPerFrame:0]]
[2020.03.30-01.10.36:177][  0]LogConfig: Setting CVar [[r.Streaming.Boost:1]]
[2020.03.30-01.10.36:177][  0]LogConfig: Setting CVar [[r.MaxAnisotropy:8]]
[2020.03.30-01.10.36:177][  0]LogConfig: Setting CVar [[r.Streaming.LimitPoolSizeToVRAM:0]]
[2020.03.30-01.10.36:177][  0]LogConfig: Setting CVar [[r.Streaming.PoolSize:1000]]
[2020.03.30-01.10.36:177][  0]LogConfig: Setting CVar [[r.Streaming.MaxEffectiveScreenSize:0]]
[2020.03.30-01.10.36:177][  0]LogConfig: Applying CVar settings from Section [EffectsQuality@3] File [C:/Users/ayala/Documents/GitHub/VJ3-test/MapProject 4.22/Saved/Config/Windows/Scalability.ini]
[2020.03.30-01.10.36:177][  0]LogConfig: Setting CVar [[r.TranslucencyLightingVolumeDim:64]]
[2020.03.30-01.10.36:177][  0]LogConfig: Setting CVar [[r.RefractionQuality:2]]
[2020.03.30-01.10.36:177][  0]LogConfig: Setting CVar [[r.SSR.Quality:3]]
[2020.03.30-01.10.36:177][  0]LogConfig: Setting CVar [[r.SceneColorFormat:4]]
[2020.03.30-01.10.36:177][  0]LogConfig: Setting CVar [[r.DetailMode:2]]
[2020.03.30-01.10.36:177][  0]LogConfig: Setting CVar [[r.TranslucencyVolumeBlur:1]]
[2020.03.30-01.10.36:177][  0]LogConfig: Setting CVar [[r.MaterialQualityLevel:1 ; High quality]]
[2020.03.30-01.10.36:177][  0]LogConfig: Setting CVar [[r.SSS.Scale:1]]
[2020.03.30-01.10.36:178][  0]LogConfig: Setting CVar [[r.SSS.SampleSet:2]]
[2020.03.30-01.10.36:178][  0]LogConfig: Setting CVar [[r.SSS.Quality:1]]
[2020.03.30-01.10.36:178][  0]LogConfig: Setting CVar [[r.SSS.HalfRes:1]]
[2020.03.30-01.10.36:178][  0]LogConfig: Setting CVar [[r.EmitterSpawnRateScale:1.0]]
[2020.03.30-01.10.36:178][  0]LogConfig: Setting CVar [[r.ParticleLightQuality:2]]
[2020.03.30-01.10.36:178][  0]LogConfig: Applying CVar settings from Section [FoliageQuality@3] File [C:/Users/ayala/Documents/GitHub/VJ3-test/MapProject 4.22/Saved/Config/Windows/Scalability.ini]
[2020.03.30-01.10.36:178][  0]LogConfig: Setting CVar [[foliage.DensityScale:1.0]]
[2020.03.30-01.10.36:178][  0]LogConfig: Setting CVar [[grass.DensityScale:1.0]]
[2020.03.30-01.10.36:178][  0]LogConfig: Applying CVar settings from Section [Startup] File [../../../Engine/Config/ConsoleVariables.ini]
[2020.03.30-01.10.36:178][  0]LogConfig: Setting CVar [[net.UseAdaptiveNetUpdateFrequency:0]]
[2020.03.30-01.10.36:178][  0]LogConfig: Setting CVar [[p.chaos.AllowCreatePhysxBodies:1]]
[2020.03.30-01.10.36:178][  0]LogConfig: Applying CVar settings from Section [ConsoleVariables] File [C:/Users/ayala/Documents/GitHub/VJ3-test/MapProject 4.22/Saved/Config/Windows/Engine.ini]
[2020.03.30-01.10.36:178][  0]LogInit: Computer: DESKTOP-8J0KLND
[2020.03.30-01.10.36:178][  0]LogInit: User: ayala
[2020.03.30-01.10.36:178][  0]LogInit: CPU Page size=4096, Cores=4
[2020.03.30-01.10.36:178][  0]LogInit: High frequency timer resolution =10.000000 MHz
[2020.03.30-01.10.36:178][  0]LogMemory: Memory total: Physical=7.9GB (8GB approx)
[2020.03.30-01.10.36:178][  0]LogMemory: Platform Memory Stats for Windows
[2020.03.30-01.10.36:178][  0]LogMemory: Process Physical Memory: 97.69 MB used, 97.69 MB peak
[2020.03.30-01.10.36:178][  0]LogMemory: Process Virtual Memory: 92.52 MB used, 92.52 MB peak
[2020.03.30-01.10.36:178][  0]LogMemory: Physical Memory: 5786.80 MB used,  2265.36 MB free, 8052.16 MB total
[2020.03.30-01.10.36:178][  0]LogMemory: Virtual Memory: 4647.09 MB used,  134213080.00 MB free, 134217728.00 MB total
[2020.03.30-01.10.36:221][  0]LogInit: Overriding language with editor language configuration option (en).
[2020.03.30-01.10.36:221][  0]LogInit: Overriding locale with editor locale configuration option (en).
[2020.03.30-01.10.49:775][  0]LogInit: Setting process to per monitor DPI aware
[2020.03.30-01.10.49:812][  0]LogSlate: New Slate User Created.  User Index 0, Is Virtual User: 0
[2020.03.30-01.10.49:812][  0]LogSlate: Slate User Registered.  User Index 0, Is Virtual User: 0
[2020.03.30-01.10.50:899][  0]LogHMD: Failed to initialize OpenVR with code 110
[2020.03.30-01.10.50:899][  0]LogD3D11RHI: D3D11 adapters:
[2020.03.30-01.10.50:989][  0]LogD3D11RHI:    0. 'NVIDIA GeForce GTX 1060' (Feature Level 11_0)
[2020.03.30-01.10.50:989][  0]LogD3D11RHI:       6052/0/4026 MB DedicatedVideo/DedicatedSystem/SharedSystem, Outputs:1, VendorId:0x10de
[2020.03.30-01.10.51:007][  0]LogD3D11RHI:    1. 'Intel(R) HD Graphics 630' (Feature Level 11_0)
[2020.03.30-01.10.51:007][  0]LogD3D11RHI:       128/0/4026 MB DedicatedVideo/DedicatedSystem/SharedSystem, Outputs:0, VendorId:0x8086
[2020.03.30-01.10.51:010][  0]LogD3D11RHI:    2. 'Microsoft Basic Render Driver' (Feature Level 11_0)
[2020.03.30-01.10.51:010][  0]LogD3D11RHI:       0/0/4026 MB DedicatedVideo/DedicatedSystem/SharedSystem, Outputs:0, VendorId:0x1414
[2020.03.30-01.10.51:010][  0]LogD3D11RHI: Chosen D3D11 Adapter: 0
[2020.03.30-01.10.51:043][  0]LogD3D11RHI: Creating new Direct3DDevice
[2020.03.30-01.10.51:043][  0]LogD3D11RHI:     GPU DeviceId: 0x1c20 (for the marketing name, search the web for "GPU Device Id")
[2020.03.30-01.10.51:043][  0]LogWindows: EnumDisplayDevices:
[2020.03.30-01.10.51:043][  0]LogWindows:    0. 'Intel(R) HD Graphics 630' (P:1 D:1)
[2020.03.30-01.10.51:043][  0]LogWindows:    1. 'Intel(R) HD Graphics 630' (P:0 D:0)
[2020.03.30-01.10.51:044][  0]LogWindows:    2. 'Intel(R) HD Graphics 630' (P:0 D:0)
[2020.03.30-01.10.51:044][  0]LogWindows:    3. 'NVIDIA GeForce GTX 1060' (P:0 D:0)
[2020.03.30-01.10.51:044][  0]LogWindows:    4. 'NVIDIA GeForce GTX 1060' (P:0 D:0)
[2020.03.30-01.10.51:044][  0]LogWindows:    5. 'NVIDIA GeForce GTX 1060' (P:0 D:0)
[2020.03.30-01.10.51:045][  0]LogWindows:    6. 'NVIDIA GeForce GTX 1060' (P:0 D:0)
[2020.03.30-01.10.51:045][  0]LogWindows: DebugString: PrimaryIsNotTheChoosenAdapter PrimaryIsNotTheChoosenAdapter PrimaryIsNotTheChoosenAdapter FoundDriverCount:4 
[2020.03.30-01.10.51:045][  0]LogD3D11RHI:     Adapter Name: NVIDIA GeForce GTX 1060
[2020.03.30-01.10.51:045][  0]LogD3D11RHI:   Driver Version: 441.66 (internal:26.21.14.4166, unified:441.66)
[2020.03.30-01.10.51:045][  0]LogD3D11RHI:      Driver Date: 12-6-2019
[2020.03.30-01.10.51:045][  0]LogRHI: Texture pool is 4236 MB (70% of 6052 MB)
[2020.03.30-01.10.51:103][  0]LogD3D11RHI: Async texture creation enabled
[2020.03.30-01.10.51:107][  0]LogRendererCore: FGlobalReadBuffer::InitRHI
[2020.03.30-01.10.51:108][  0]LogRendererCore: FGlobalReadBuffer::InitRHI
[2020.03.30-01.10.51:108][  0]LogRendererCore: FGlobalReadBuffer::InitRHI
[2020.03.30-01.10.51:117][  0]LogD3D11RHI: GPU Timing Frequency: 1000.000000 (Debug: 2 1)
[2020.03.30-01.10.53:130][  0]LogTemp: Display: Module 'AllDesktopTargetPlatform' loaded TargetPlatform 'AllDesktop'
[2020.03.30-01.10.53:700][  0]LogTemp: Display: Module 'MacClientTargetPlatform' loaded TargetPlatform 'MacClient'
[2020.03.30-01.10.53:748][  0]LogTemp: Display: Module 'MacNoEditorTargetPlatform' loaded TargetPlatform 'MacNoEditor'
[2020.03.30-01.10.53:774][  0]LogTemp: Display: Module 'MacServerTargetPlatform' loaded TargetPlatform 'MacServer'
[2020.03.30-01.10.53:825][  0]LogTemp: Display: Module 'MacTargetPlatform' loaded TargetPlatform 'Mac'
[2020.03.30-01.10.53:838][  0]LogTemp: Display: Module 'WindowsClientTargetPlatform' loaded TargetPlatform 'WindowsClient'
[2020.03.30-01.10.53:854][  0]LogTemp: Display: Module 'WindowsNoEditorTargetPlatform' loaded TargetPlatform 'WindowsNoEditor'
[2020.03.30-01.10.53:868][  0]LogTemp: Display: Module 'WindowsServerTargetPlatform' loaded TargetPlatform 'WindowsServer'
[2020.03.30-01.10.53:875][  0]LogTemp: Display: Module 'WindowsTargetPlatform' loaded TargetPlatform 'Windows'
[2020.03.30-01.10.54:065][  0]LogTemp: Display: Module 'AndroidTargetPlatform' loaded TargetPlatform 'Android'
[2020.03.30-01.10.54:065][  0]LogTemp: Display: Module 'AndroidTargetPlatform' loaded TargetPlatform 'Android_ASTC'
[2020.03.30-01.10.54:065][  0]LogTemp: Display: Module 'AndroidTargetPlatform' loaded TargetPlatform 'Android_ATC'
[2020.03.30-01.10.54:065][  0]LogTemp: Display: Module 'AndroidTargetPlatform' loaded TargetPlatform 'Android_DXT'
[2020.03.30-01.10.54:065][  0]LogTemp: Display: Module 'AndroidTargetPlatform' loaded TargetPlatform 'Android_ETC1'
[2020.03.30-01.10.54:065][  0]LogTemp: Display: Module 'AndroidTargetPlatform' loaded TargetPlatform 'Android_ETC1a'
[2020.03.30-01.10.54:065][  0]LogTemp: Display: Module 'AndroidTargetPlatform' loaded TargetPlatform 'Android_ETC2'
[2020.03.30-01.10.54:065][  0]LogTemp: Display: Module 'AndroidTargetPlatform' loaded TargetPlatform 'Android_PVRTC'
[2020.03.30-01.10.54:065][  0]LogTemp: Display: Module 'AndroidTargetPlatform' loaded TargetPlatform 'AndroidClient'
[2020.03.30-01.10.54:065][  0]LogTemp: Display: Module 'AndroidTargetPlatform' loaded TargetPlatform 'Android_ASTCClient'
[2020.03.30-01.10.54:065][  0]LogTemp: Display: Module 'AndroidTargetPlatform' loaded TargetPlatform 'Android_ATCClient'
[2020.03.30-01.10.54:065][  0]LogTemp: Display: Module 'AndroidTargetPlatform' loaded TargetPlatform 'Android_DXTClient'
[2020.03.30-01.10.54:065][  0]LogTemp: Display: Module 'AndroidTargetPlatform' loaded TargetPlatform 'Android_ETC1Client'
[2020.03.30-01.10.54:065][  0]LogTemp: Display: Module 'AndroidTargetPlatform' loaded TargetPlatform 'Android_ETC1aClient'
[2020.03.30-01.10.54:065][  0]LogTemp: Display: Module 'AndroidTargetPlatform' loaded TargetPlatform 'Android_ETC2Client'
[2020.03.30-01.10.54:065][  0]LogTemp: Display: Module 'AndroidTargetPlatform' loaded TargetPlatform 'Android_PVRTCClient'
[2020.03.30-01.10.54:065][  0]LogTemp: Display: Module 'AndroidTargetPlatform' loaded TargetPlatform 'Android_Multi'
[2020.03.30-01.10.54:065][  0]LogTemp: Display: Module 'AndroidTargetPlatform' loaded TargetPlatform 'Android_MultiClient'
[2020.03.30-01.10.54:094][  0]LogTemp: Display: Module 'HTML5TargetPlatform' loaded TargetPlatform 'HTML5'
[2020.03.30-01.10.54:266][  0]LogTemp: Display: Module 'IOSTargetPlatform' loaded TargetPlatform 'IOSClient'
[2020.03.30-01.10.54:266][  0]LogTemp: Display: Module 'IOSTargetPlatform' loaded TargetPlatform 'IOS'
[2020.03.30-01.10.54:304][  0]LogTemp: Display: Module 'TVOSTargetPlatform' loaded TargetPlatform 'TVOSClient'
[2020.03.30-01.10.54:304][  0]LogTemp: Display: Module 'TVOSTargetPlatform' loaded TargetPlatform 'TVOS'
[2020.03.30-01.10.54:319][  0]LogTemp: Display: Module 'LinuxClientTargetPlatform' loaded TargetPlatform 'LinuxClient'
[2020.03.30-01.10.54:352][  0]LogTemp: Display: Module 'LinuxNoEditorTargetPlatform' loaded TargetPlatform 'LinuxNoEditor'
[2020.03.30-01.10.54:370][  0]LogTemp: Display: Module 'LinuxServerTargetPlatform' loaded TargetPlatform 'LinuxServer'
[2020.03.30-01.10.54:413][  0]LogTemp: Display: Module 'LinuxTargetPlatform' loaded TargetPlatform 'Linux'
[2020.03.30-01.10.54:514][  0]LogTemp: Display: Module 'LuminTargetPlatform' loaded TargetPlatform 'Lumin'
[2020.03.30-01.10.54:514][  0]LogTemp: Display: Module 'LuminTargetPlatform' loaded TargetPlatform 'LuminClient'
[2020.03.30-01.10.54:514][  0]LogTargetPlatformManager: Display: Building Assets For Windows
[2020.03.30-01.10.54:523][  0]LogAudioDebug: Display: Lib vorbis DLL was dynamically loaded.
[2020.03.30-01.10.54:580][  0]LogShaderCompilers: Guid format shader working directory is -25 characters bigger than the processId version (../../../../../../Users/ayala/Documents/GitHub/VJ3-test/MapProject 4.22/Intermediate/Shaders/WorkingDirectory/8964/).
[2020.03.30-01.10.54:580][  0]LogShaderCompilers: Cleaned the shader compiler working directory 'C:/Users/ayala/AppData/Local/Temp/UnrealShaderWorkingDir/D2FDAEF94A2D733F6F640FB475BEA49A/'.
[2020.03.30-01.10.54:583][  0]LogXGEController: Cannot use XGE Controller as Incredibuild is not installed on this machine.
[2020.03.30-01.10.54:583][  0]LogShaderCompilers: Cannot use XGE Shader Compiler as Incredibuild is not installed on this machine.
[2020.03.30-01.10.54:583][  0]LogShaderCompilers: Display: Using Local Shader Compiler.
[2020.03.30-01.10.55:167][  0]LogDerivedDataCache: Display: Max Cache Size: 512 MB
[2020.03.30-01.10.55:218][  0]LogDerivedDataCache: Loaded boot cache 0.05s 71MB C:/Users/ayala/AppData/Local/UnrealEngine/4.22/DerivedDataCache/Boot.ddc.
[2020.03.30-01.10.55:218][  0]LogDerivedDataCache: Display: Loaded Boot cache: C:/Users/ayala/AppData/Local/UnrealEngine/4.22/DerivedDataCache/Boot.ddc
[2020.03.30-01.10.55:218][  0]LogDerivedDataCache: FDerivedDataBackendGraph:  Pak pak cache file ../../../../../../Users/ayala/Documents/GitHub/VJ3-test/MapProject 4.22/DerivedDataCache/DDC.ddp not found, will not use a pak cache.
[2020.03.30-01.10.55:218][  0]LogDerivedDataCache: Unable to find inner node Pak for hierarchical cache Hierarchy.
[2020.03.30-01.10.55:218][  0]LogDerivedDataCache: FDerivedDataBackendGraph:  CompressedPak pak cache file ../../../../../../Users/ayala/Documents/GitHub/VJ3-test/MapProject 4.22/DerivedDataCache/Compressed.ddp not found, will not use a pak cache.
[2020.03.30-01.10.55:218][  0]LogDerivedDataCache: Unable to find inner node CompressedPak for hierarchical cache Hierarchy.
[2020.03.30-01.10.55:232][  0]LogDerivedDataCache: Display: Pak cache opened for reading ../../../Engine/DerivedDataCache/Compressed.ddp.
[2020.03.30-01.10.55:232][  0]LogDerivedDataCache: FDerivedDataBackendGraph:  EnterprisePak pak cache file ../../../Enterprise/DerivedDataCache/Compressed.ddp not found, will not use a pak cache.
[2020.03.30-01.10.55:232][  0]LogDerivedDataCache: Unable to find inner node EnterprisePak for hierarchical cache Hierarchy.
[2020.03.30-01.10.55:244][  0]LogDerivedDataCache: Using Local data cache path C:/Users/ayala/AppData/Local/UnrealEngine/Common/DerivedDataCache: Writable
[2020.03.30-01.10.55:244][  0]LogDerivedDataCache: Shared data cache path not found in *engine.ini, will not use an Shared cache.
[2020.03.30-01.10.55:244][  0]LogDerivedDataCache: Unable to find inner node Shared for hierarchical cache Hierarchy.
[2020.03.30-01.10.55:271][  0]LogMaterial: Verifying Global Shaders for PCD3D_SM5
[2020.03.30-01.10.55:272][  0]LogSlate: Using FreeType 2.6.0
[2020.03.30-01.10.55:273][  0]LogSlate: SlateFontServices - WITH_FREETYPE: 1, WITH_HARFBUZZ: 1
[2020.03.30-01.10.55:365][  0]LogAssetRegistry: FAssetRegistry took 0.0347 seconds to start up
[2020.03.30-01.10.55:733][  0]LogInit: Selected Device Profile: [Windows]
[2020.03.30-01.10.55:878][  0]LogMeshReduction: Using QuadricMeshReduction for automatic static mesh reduction
[2020.03.30-01.10.55:878][  0]LogMeshReduction: Using SimplygonMeshReduction for automatic skeletal mesh reduction
[2020.03.30-01.10.55:878][  0]LogMeshReduction: Using ProxyLODMeshReduction for automatic mesh merging
[2020.03.30-01.10.55:878][  0]LogMeshReduction: No distributed automatic mesh merging module available
[2020.03.30-01.10.55:878][  0]LogMeshMerging: No distributed automatic mesh merging module available
[2020.03.30-01.10.55:895][  0]LogNetVersion: Vis2 1.0.0, NetCL: 5660361, EngineNetVer: 10, GameNetVer: 0 (Checksum: 1012566908)
[2020.03.30-01.10.56:495][  0]LogPackageLocalizationCache: Processed 10 localized package path(s) for 1 prioritized culture(s) in 0.052129 seconds
[2020.03.30-01.10.56:501][  0]LogUObjectArray: 42214 objects as part of root set at end of initial load.
[2020.03.30-01.10.56:501][  0]LogUObjectAllocator: 7335800 out of 0 bytes used by permanent object pool.
[2020.03.30-01.10.56:501][  0]LogUObjectArray: CloseDisregardForGC: 0/0 objects in disregard for GC pool
[2020.03.30-01.11.10:084][  0]LogTcpMessaging: Initializing TcpMessaging bridge
[2020.03.30-01.11.10:098][  0]LogUdpMessaging: Initializing bridge on interface 0.0.0.0:0 to multicast group 230.0.0.1:6666.
[2020.03.30-01.11.10:356][  0]SourceControl: Source control is disabled
[2020.03.30-01.11.10:356][  0]SourceControl: Source control is disabled
[2020.03.30-01.11.10:357][  0]SourceControl: Source control is disabled
[2020.03.30-01.11.10:358][  0]SourceControl: Source control is disabled
[2020.03.30-01.11.10:368][  0]LogVSAccessor: Display: Unable to create Visual Studio setup instance: 80040154
[2020.03.30-01.11.10:369][  0]LogVSAccessor: Display: Unable to create Visual Studio setup instance: 80040154
[2020.03.30-01.11.10:683][  0]LogAndroidPermission: UAndroidPermissionCallbackProxy::GetInstance
[2020.03.30-01.11.10:751][  0]LogOcInput: OculusInput pre-init called
[2020.03.30-01.11.12:247][  0]LogEngine: Initializing Engine...
[2020.03.30-01.11.12:248][  0]LogHMD: Failed to initialize OpenVR with code 110
[2020.03.30-01.11.12:249][  0]LogStats: UGameplayTagsManager::InitializeManager -  0.000 s
[2020.03.30-01.11.12:529][  0]LogInit: Initializing FReadOnlyCVARCache
[2020.03.30-01.11.12:543][  0]LogAIModule: Creating AISystem for world Untitled
[2020.03.30-01.11.12:560][  0]LogInit: XAudio2 using 'Altavoces (Realtek High Definition Audio)' : 2 channels at 48 kHz using 32 bits per sample (channel mask 0x3)
[2020.03.30-01.11.12:584][  0]LogInit: FAudioDevice initialized.
[2020.03.30-01.11.12:584][  0]LogNetVersion: Set ProjectVersion to 1.0.0.0. Version Checksum will be recalculated on next use.
[2020.03.30-01.11.12:861][  0]LogDerivedDataCache: Saved boot cache 0.28s 71MB C:/Users/ayala/AppData/Local/UnrealEngine/4.22/DerivedDataCache/Boot.ddc.
[2020.03.30-01.11.13:060][  0]LogInit: Texture streaming: Enabled
[2020.03.30-01.11.13:109][  0]LogEngineSessionManager: EngineSessionManager initialized
[2020.03.30-01.11.13:131][  0]LogInit: Transaction tracking system initialized
[2020.03.30-01.11.13:266][  0]BlueprintLog: New page: Editor Load
[2020.03.30-01.11.13:902][  0]LocalizationService: Localization service is disabled
[2020.03.30-01.11.15:615][  0]LogVSAccessor: Display: Unable to create Visual Studio setup instance: 80040154
[2020.03.30-01.11.15:615][  0]LogVSAccessor: Display: Unable to create Visual Studio setup instance: 80040154
[2020.03.30-01.11.16:627][  0]LogFileCache: Scanning file cache for directory 'C:/Users/ayala/Documents/GitHub/VJ3-test/MapProject 4.22/Content/' took 0.02s
[2020.03.30-01.11.16:627][  0]LogCook: Display: Max memory allowance for cook 16384mb min free memory 0mb
[2020.03.30-01.11.16:627][  0]LogCook: Display: Mobile HDR setting 1
[2020.03.30-01.11.19:507][  0]SourceControl: Source control is disabled
[2020.03.30-01.11.19:507][  0]Cmd: MAP LOAD FILE="../../../../../../Users/ayala/Documents/GitHub/VJ3-test/MapProject 4.22/Content/FirstPersonBP/Maps/FirstPersonExampleMap.umap" TEMPLATE=0 SHOWPROGRESS=1 FEATURELEVEL=3
[2020.03.30-01.11.19:508][  0]LightingResults: New page: Lighting Build
[2020.03.30-01.11.19:552][  0]MapCheck: New page: Map Check
[2020.03.30-01.11.19:552][  0]LightingResults: New page: Lighting Build
[2020.03.30-01.11.19:582][  0]LogUObjectHash: Compacting FUObjectHashTables data took   1.65ms
[2020.03.30-01.11.20:668][  0]LogAIModule: Creating AISystem for world FirstPersonExampleMap
[2020.03.30-01.11.21:058][  0]LogEditorServer: Finished looking for orphan Actors (0.000 secs)
[2020.03.30-01.11.21:125][  0]LogUObjectHash: Compacting FUObjectHashTables data took   3.89ms
[2020.03.30-01.11.21:125][  0]Cmd: MAP CHECKDEP NOCLEARLOG
[2020.03.30-01.11.21:125][  0]MapCheck: Map check complete: 0 Error(s), 0 Warning(s), took 0.365ms to complete.
[2020.03.30-01.11.21:125][  0]LogFileHelpers: Loading map 'FirstPersonExampleMap' took 1.619
[2020.03.30-01.11.21:945][  0]LogSlate: Updating window title bar state: overlay mode, drag disabled, window buttons hidden, title bar hidden
[2020.03.30-01.11.21:953][  0]LogSlate: Updating window title bar state: overlay mode, drag disabled, window buttons hidden, title bar hidden
[2020.03.30-01.11.21:963][  0]LogSlate: Updating window title bar state: overlay mode, drag disabled, window buttons hidden, title bar hidden
[2020.03.30-01.11.21:972][  0]LogSlate: Updating window title bar state: overlay mode, drag disabled, window buttons hidden, title bar hidden
[2020.03.30-01.11.22:006][  0]LogCollectionManager: Loaded 0 collections in 0.001851 seconds
[2020.03.30-01.11.22:075][  0]LogFileCache: Scanning file cache for directory 'C:/Users/ayala/Documents/GitHub/VJ3-test/MapProject 4.22/Saved/Collections/' took 0.01s
[2020.03.30-01.11.22:075][  0]LogFileCache: Scanning file cache for directory 'C:/Users/ayala/Documents/GitHub/VJ3-test/MapProject 4.22/Content/Developers/ayala/Collections/' took 0.00s
[2020.03.30-01.11.22:076][  0]LogFileCache: Scanning file cache for directory 'C:/Users/ayala/Documents/GitHub/VJ3-test/MapProject 4.22/Content/Collections/' took 0.00s
[2020.03.30-01.11.22:076][  0]LogCollectionManager: Rebuilt the GUID cache for 0 collections in 0.000000 seconds
[2020.03.30-01.11.22:085][  0]LogContentBrowser: Native class hierarchy populated in 0.0091 seconds. Added 2759 classes and 672 folders.
[2020.03.30-01.11.22:125][  0]LogContentBrowser: Native class hierarchy updated for 'WidgetCarousel' in 0.0003 seconds. Added 0 classes and 0 folders.
[2020.03.30-01.11.22:239][  0]LogPakFile: Registered encryption key '00000000000000000000000000000000': 0 pak files mounted, 0 remain pending
[2020.03.30-01.11.22:472][  0]LogPakFile: Registered encryption key '00000000000000000000000000000000': 0 pak files mounted, 0 remain pending
[2020.03.30-01.11.22:489][  0]LogPakFile: Registered encryption key '00000000000000000000000000000000': 0 pak files mounted, 0 remain pending
[2020.03.30-01.11.22:496][  0]LogPakFile: Registered encryption key '00000000000000000000000000000000': 0 pak files mounted, 0 remain pending
[2020.03.30-01.11.22:503][  0]LogPakFile: Registered encryption key '00000000000000000000000000000000': 0 pak files mounted, 0 remain pending
[2020.03.30-01.11.22:510][  0]LogPakFile: Registered encryption key '00000000000000000000000000000000': 0 pak files mounted, 0 remain pending
[2020.03.30-01.11.22:515][  0]LogPakFile: Registered encryption key '00000000000000000000000000000000': 0 pak files mounted, 0 remain pending
[2020.03.30-01.11.22:522][  0]LogPakFile: Registered encryption key '00000000000000000000000000000000': 0 pak files mounted, 0 remain pending
[2020.03.30-01.11.22:534][  0]LogPakFile: Registered encryption key '00000000000000000000000000000000': 0 pak files mounted, 0 remain pending
[2020.03.30-01.11.22:626][  0]LogPakFile: Registered encryption key '00000000000000000000000000000000': 0 pak files mounted, 0 remain pending
[2020.03.30-01.11.22:633][  0]LogPakFile: Registered encryption key '00000000000000000000000000000000': 0 pak files mounted, 0 remain pending
[2020.03.30-01.11.22:649][  0]LogPakFile: Registered encryption key '00000000000000000000000000000000': 0 pak files mounted, 0 remain pending
[2020.03.30-01.11.22:673][  0]LogPakFile: Registered encryption key '00000000000000000000000000000000': 0 pak files mounted, 0 remain pending
[2020.03.30-01.11.22:681][  0]LogPakFile: Registered encryption key '00000000000000000000000000000000': 0 pak files mounted, 0 remain pending
[2020.03.30-01.11.22:688][  0]LogPakFile: Registered encryption key '00000000000000000000000000000000': 0 pak files mounted, 0 remain pending
[2020.03.30-01.11.22:694][  0]LogPakFile: Registered encryption key '00000000000000000000000000000000': 0 pak files mounted, 0 remain pending
[2020.03.30-01.11.22:751][  0]LogPakFile: Registered encryption key '00000000000000000000000000000000': 0 pak files mounted, 0 remain pending
[2020.03.30-01.11.22:780][  0]LogPakFile: Registered encryption key '00000000000000000000000000000000': 0 pak files mounted, 0 remain pending
[2020.03.30-01.11.22:788][  0]LogPakFile: Registered encryption key '00000000000000000000000000000000': 0 pak files mounted, 0 remain pending
[2020.03.30-01.11.22:795][  0]LogPakFile: Registered encryption key '00000000000000000000000000000000': 0 pak files mounted, 0 remain pending
[2020.03.30-01.11.22:842][  0]LogPakFile: Registered encryption key '00000000000000000000000000000000': 0 pak files mounted, 0 remain pending
[2020.03.30-01.11.22:850][  0]LogPakFile: Registered encryption key '00000000000000000000000000000000': 0 pak files mounted, 0 remain pending
[2020.03.30-01.11.22:868][  0]LogPakFile: Registered encryption key '00000000000000000000000000000000': 0 pak files mounted, 0 remain pending
[2020.03.30-01.11.22:904][  0]LogPakFile: Registered encryption key '00000000000000000000000000000000': 0 pak files mounted, 0 remain pending
[2020.03.30-01.11.22:911][  0]LogPakFile: Registered encryption key '00000000000000000000000000000000': 0 pak files mounted, 0 remain pending
[2020.03.30-01.11.22:918][  0]LogPakFile: Registered encryption key '00000000000000000000000000000000': 0 pak files mounted, 0 remain pending
[2020.03.30-01.11.24:629][  0]LogContentBrowser: Native class hierarchy updated for 'AddContentDialog' in 0.0003 seconds. Added 0 classes and 0 folders.
[2020.03.30-01.11.24:670][  0]LogContentBrowser: Native class hierarchy updated for 'SceneOutliner' in 0.0002 seconds. Added 1 classes and 2 folders.
[2020.03.30-01.11.24:843][  0]LogSlate: Took 0.000168 seconds to synchronously load lazily loaded font '../../../Engine/Content/Slate/Fonts/Roboto-Regular.ttf' (155K)
[2020.03.30-01.11.24:845][  0]LogSlate: Took 0.000214 seconds to synchronously load lazily loaded font '../../../Engine/Content/Slate/Fonts/Roboto-Bold.ttf' (160K)
[2020.03.30-01.11.24:877][  0]LogSlate: Took 0.024961 seconds to synchronously load lazily loaded font '../../../Engine/Content/Editor/Slate/Fonts/FontAwesome.ttf' (139K)
[2020.03.30-01.11.24:972][  0]LogRenderer: Reallocating scene render targets to support 812x436 Format 10 NumSamples 1 (Frame:1).
[2020.03.30-01.11.25:319][  0]LogSlate: Took 0.058301 seconds to synchronously load lazily loaded font '../../../Engine/Content/Slate/Fonts/Roboto-Light.ttf' (167K)
[2020.03.30-01.11.25:459][  0]LogContentBrowser: Native class hierarchy updated for 'HierarchicalLODOutliner' in 0.0002 seconds. Added 0 classes and 0 folders.
[2020.03.30-01.11.25:459][  0]LogLoad: (Engine Initialization) Total time: 51.97 seconds
[2020.03.30-01.11.25:459][  0]LogLoad: (Engine Initialization) Total Blueprint compile time: 0.00 seconds
[2020.03.30-01.11.25:545][  0]LogAssetRegistry: Asset discovery search completed in 30.2031 seconds
[2020.03.30-01.11.25:549][  0]LogCollectionManager: Rebuilt the object cache for 0 collections in 0.000000 seconds (found 0 objects)
[2020.03.30-01.11.25:549][  0]LogCollectionManager: Fixed up redirectors for 0 collections in 0.000054 seconds (updated 0 objects)
[2020.03.30-01.11.25:549][  0]LogContentStreaming: Texture pool size now 1000 MB
[2020.03.30-01.11.54:948][572]LogSlate: FSceneViewport::OnFocusLost() reason 0
[2020.03.30-01.11.55:117][582]LogSlate: Took 0.000240 seconds to synchronously load lazily loaded font '../../../Engine/Content/Slate/Fonts/Roboto-Light.ttf' (167K)
[2020.03.30-01.11.55:796][582]LogAIModule: Creating AISystem for world MenuMap
[2020.03.30-01.11.55:804][582]LogAssetEditorManager: Opening Asset editor for World /Game/Maps/MenuMap.MenuMap
[2020.03.30-01.11.55:831][582]LogUObjectHash: Compacting FUObjectHashTables data took   2.25ms
[2020.03.30-01.11.55:832][582]Cmd: MAP LOAD FILE="../../../../../../Users/ayala/Documents/GitHub/VJ3-test/MapProject 4.22/Content/Maps/MenuMap.umap" TEMPLATE=0 SHOWPROGRESS=1 FEATURELEVEL=3
[2020.03.30-01.11.55:832][582]LightingResults: New page: Lighting Build
[2020.03.30-01.11.55:833][582]LoadErrors: New page: Loading map: MenuMap.umap
[2020.03.30-01.11.55:842][582]MapCheck: New page: Map Check
[2020.03.30-01.11.55:842][582]LightingResults: New page: Lighting Build
[2020.03.30-01.11.55:874][582]LogUObjectHash: Compacting FUObjectHashTables data took   2.53ms
[2020.03.30-01.11.55:945][582]LogEditorServer: Finished looking for orphan Actors (0.000 secs)
[2020.03.30-01.11.55:971][582]LogUObjectHash: Compacting FUObjectHashTables data took   1.55ms
[2020.03.30-01.11.56:025][582]Cmd: MAP CHECKDEP NOCLEARLOG
[2020.03.30-01.11.56:026][582]MapCheck: Map check complete: 0 Error(s), 0 Warning(s), took 1.036ms to complete.
[2020.03.30-01.11.56:026][582]LogFileHelpers: Loading map 'MenuMap' took 0.195
[2020.03.30-01.12.49:048][  1]LogTemp: Repeating last play command: Standalone Game
[2020.03.30-01.12.49:094][  1]LogUObjectHash: Compacting FUObjectHashTables data took   1.01ms
[2020.03.30-01.13.54:403][490]LogUObjectHash: Compacting FUObjectHashTables data took   0.84ms
[2020.03.30-01.13.54:919][490]LogSlate: Window 'Vis2 - Unreal Editor' being destroyed
[2020.03.30-01.13.54:921][490]LogWindowsTextInputMethodSystem: Display: IME system now deactivated.
[2020.03.30-01.13.55:933][491]Cmd: QUIT_EDITOR
[2020.03.30-01.13.56:207][491]LogExit: Preparing to exit.
[2020.03.30-01.13.57:238][491]LogExit: Editor shut down
[2020.03.30-01.13.57:238][491]LogExit: Transaction tracking system shut down
[2020.03.30-01.13.58:328][491]LogExit: Object subsystem successfully closed.
[2020.03.30-01.13.58:351][491]LogShaderCompilers: Display: Shaders left to compile 0
[2020.03.30-01.13.58:357][491]LogD3D11RHI: Shutdown
[2020.03.30-01.13.58:357][491]LogD3D11RHI: CleanupD3DDevice
[2020.03.30-01.13.58:357][491]LogRendererCore: FGlobalReadBuffer::ReleaseRHI
[2020.03.30-01.13.58:357][491]LogRendererCore: FGlobalDynamicReadBuffer::Cleanup()
[2020.03.30-01.13.58:357][491]LogRendererCore: FGlobalReadBuffer::ReleaseRHI
[2020.03.30-01.13.58:358][491]LogRendererCore: FGlobalDynamicReadBuffer::Cleanup()
[2020.03.30-01.13.58:358][491]LogRendererCore: FGlobalReadBuffer::ReleaseRHI
[2020.03.30-01.13.58:358][491]LogRendererCore: FGlobalDynamicReadBuffer::Cleanup()
[2020.03.30-01.13.58:672][491]LogD3D11RHI: ~FD3D11DynamicRHI
[2020.03.30-01.13.59:743][491]LogModuleManager: Shutting down and abandoning module HierarchicalLODOutliner (650)
[2020.03.30-01.13.59:743][491]LogModuleManager: Shutting down and abandoning module SceneOutliner (648)
[2020.03.30-01.13.59:743][491]LogModuleManager: Shutting down and abandoning module AddContentDialog (646)
[2020.03.30-01.13.59:761][491]LogModuleManager: Shutting down and abandoning module WidgetCarousel (645)
[2020.03.30-01.13.59:762][491]LogModuleManager: Shutting down and abandoning module EditorWidgets (642)
[2020.03.30-01.13.59:762][491]LogModuleManager: Shutting down and abandoning module CollectionManager (640)
[2020.03.30-01.13.59:795][491]LogModuleManager: Shutting down and abandoning module StatsViewer (638)
[2020.03.30-01.13.59:804][491]LogModuleManager: Shutting down and abandoning module FoliageEdit (636)
[2020.03.30-01.13.59:812][491]LogModuleManager: Shutting down and abandoning module LandscapeEditor (634)
[2020.03.30-01.13.59:815][491]LogModuleManager: Shutting down and abandoning module MeshPaintMode (632)
[2020.03.30-01.13.59:835][491]LogModuleManager: Shutting down and abandoning module SceneDepthPickerMode (630)
[2020.03.30-01.13.59:835][491]LogModuleManager: Shutting down and abandoning module ActorPickerMode (628)
[2020.03.30-01.13.59:835][491]LogModuleManager: Shutting down and abandoning module GeometryMode (626)
[2020.03.30-01.13.59:835][491]LogModuleManager: Shutting down and abandoning module TextureAlignMode (624)
[2020.03.30-01.13.59:835][491]LogModuleManager: Shutting down and abandoning module BspMode (622)
[2020.03.30-01.13.59:835][491]LogModuleManager: Shutting down and abandoning module PIEPreviewDeviceProfileSelector (620)
[2020.03.30-01.13.59:867][491]LogModuleManager: Shutting down and abandoning module SequenceRecorderSections (618)
[2020.03.30-01.13.59:867][491]LogModuleManager: Shutting down and abandoning module AutomationWorker (616)
[2020.03.30-01.13.59:867][491]LogModuleManager: Shutting down and abandoning module OculusMR (614)
[2020.03.30-01.13.59:867][491]LogModuleManager: Shutting down and abandoning module AudioCaptureEditor (612)
[2020.03.30-01.13.59:920][491]LogModuleManager: Shutting down and abandoning module MatineeToLevelSequence (610)
[2020.03.30-01.13.59:937][491]LogModuleManager: Shutting down and abandoning module LevelSequenceEditor (608)
[2020.03.30-01.13.59:978][491]LogModuleManager: Shutting down and abandoning module PlacementMode (607)
[2020.03.30-01.13.59:978][491]LogModuleManager: Shutting down and abandoning module MaterialEditor (606)
[2020.03.30-01.14.00:011][491]LogModuleManager: Shutting down and abandoning module ActorSequenceEditor (602)
[2020.03.30-01.14.00:011][491]LogModuleManager: Shutting down and abandoning module WmfMediaFactory (600)
[2020.03.30-01.14.00:011][491]LogModuleManager: Shutting down and abandoning module WmfMediaEditor (598)
[2020.03.30-01.14.00:011][491]LogModuleManager: Shutting down and abandoning module WebMMediaFactory (596)
[2020.03.30-01.14.00:011][491]LogModuleManager: Shutting down and abandoning module WebMMediaEditor (594)
[2020.03.30-01.14.00:011][491]LogModuleManager: Shutting down and abandoning module WebMMedia (592)
[2020.03.30-01.14.00:012][491]LogModuleManager: Shutting down and abandoning module MediaPlayerEditor (590)
[2020.03.30-01.14.00:035][491]LogModuleManager: Shutting down and abandoning module MediaCompositingEditor (588)
[2020.03.30-01.14.00:036][491]LogModuleManager: Shutting down and abandoning module SequenceRecorder (587)
[2020.03.30-01.14.00:036][491]LogModuleManager: Shutting down and abandoning module OpenExrWrapper (584)
[2020.03.30-01.14.00:036][491]LogModuleManager: Shutting down and abandoning module ImgMediaFactory (582)
[2020.03.30-01.14.00:036][491]LogModuleManager: Shutting down and abandoning module ImgMediaEditor (580)
[2020.03.30-01.14.00:036][491]LogModuleManager: Shutting down and abandoning module AvfMediaFactory (578)
[2020.03.30-01.14.00:036][491]LogModuleManager: Shutting down and abandoning module AvfMediaEditor (576)
[2020.03.30-01.14.00:036][491]LogModuleManager: Shutting down and abandoning module AndroidMediaFactory (574)
[2020.03.30-01.14.00:036][491]LogModuleManager: Shutting down and abandoning module AndroidMediaEditor (572)
[2020.03.30-01.14.00:036][491]LogModuleManager: Shutting down and abandoning module GraphFormatter (570)
[2020.03.30-01.14.00:036][491]LogModuleManager: Shutting down and abandoning module MagicLeapCameraPreviewFactory (568)
[2020.03.30-01.14.00:036][491]LogModuleManager: Shutting down and abandoning module MagicLeapMediaCodecFactory (566)
[2020.03.30-01.14.00:036][491]LogModuleManager: Shutting down and abandoning module MagicLeapMediaFactory (564)
[2020.03.30-01.14.00:036][491]LogModuleManager: Shutting down and abandoning module MagicLeapMediaEditor (562)
[2020.03.30-01.14.00:036][491]LogModuleManager: Shutting down and abandoning module CharacterAI (560)
[2020.03.30-01.14.00:036][491]LogModuleManager: Shutting down and abandoning module SmartSnapping (558)
[2020.03.30-01.14.00:036][491]LogModuleManager: Shutting down and abandoning module SessionServices (556)
[2020.03.30-01.14.00:036][491]LogModuleManager: Shutting down and abandoning module MeshPaint (554)
[2020.03.30-01.14.00:036][491]LogModuleManager: Shutting down and abandoning module ViewportSnapping (552)
[2020.03.30-01.14.00:036][491]LogModuleManager: Shutting down and abandoning module ViewportInteraction (550)
[2020.03.30-01.14.00:037][491]LogModuleManager: Shutting down and abandoning module ClothPainter (548)
[2020.03.30-01.14.00:066][491]LogModuleManager: Shutting down and abandoning module SkeletalMeshEditor (547)
[2020.03.30-01.14.00:117][491]LogModuleManager: Shutting down and abandoning module LogVisualizer (544)
[2020.03.30-01.14.00:239][491]LogModuleManager: Shutting down and abandoning module IntroTutorials (542)
[2020.03.30-01.14.00:303][491]LogModuleManager: Shutting down and abandoning module GameProjectGeneration (541)
[2020.03.30-01.14.00:337][491]LogModuleManager: Shutting down and abandoning module LuminPlatformEditor (538)
[2020.03.30-01.14.00:337][491]LogModuleManager: Shutting down and abandoning module IOSPlatformEditor (536)
[2020.03.30-01.14.00:337][491]LogModuleManager: Shutting down and abandoning module HTML5PlatformEditor (534)
[2020.03.30-01.14.00:337][491]LogModuleManager: Shutting down and abandoning module AndroidPlatformEditor (532)
[2020.03.30-01.14.00:349][491]LogModuleManager: Shutting down and abandoning module AndroidDeviceDetection (531)
[2020.03.30-01.14.01:029][491]LogModuleManager: Shutting down and abandoning module WindowsPlatformEditor (528)
[2020.03.30-01.14.01:029][491]LogModuleManager: Shutting down and abandoning module LuminRuntimeSettings (526)
[2020.03.30-01.14.01:029][491]LogModuleManager: Shutting down and abandoning module IOSRuntimeSettings (524)
[2020.03.30-01.14.01:029][491]LogModuleManager: Shutting down and abandoning module AndroidRuntimeSettings (522)
[2020.03.30-01.14.01:029][491]LogModuleManager: Shutting down and abandoning module TimeManagementEditor (520)
[2020.03.30-01.14.01:029][491]LogModuleManager: Shutting down and abandoning module InputBindingEditor (518)
[2020.03.30-01.14.01:051][491]LogModuleManager: Shutting down and abandoning module MergeActors (516)
[2020.03.30-01.14.01:073][491]LogModuleManager: Shutting down and abandoning module LocalizationDashboard (514)
[2020.03.30-01.14.01:086][491]LogModuleManager: Shutting down and abandoning module LocalizationService (513)
[2020.03.30-01.14.01:137][491]LogModuleManager: Shutting down and abandoning module HardwareTargeting (510)
[2020.03.30-01.14.01:137][491]LogModuleManager: Shutting down and abandoning module DeviceProfileEditor (508)
[2020.03.30-01.14.01:140][491]LogModuleManager: Shutting down and abandoning module UndoHistory (506)
[2020.03.30-01.14.01:149][491]LogModuleManager: Shutting down and abandoning module XmlParser (504)
[2020.03.30-01.14.01:170][491]LogModuleManager: Shutting down and abandoning module Blutility (502)
[2020.03.30-01.14.01:190][491]LogModuleManager: Shutting down and abandoning module ProjectSettingsViewer (500)
[2020.03.30-01.14.01:190][491]LogModuleManager: Shutting down and abandoning module ProjectTargetPlatformEditor (499)
[2020.03.30-01.14.01:191][491]LogModuleManager: Shutting down and abandoning module EditorSettingsViewer (496)
[2020.03.30-01.14.01:191][491]LogModuleManager: Shutting down and abandoning module SettingsEditor (494)
[2020.03.30-01.14.01:216][491]LogModuleManager: Shutting down and abandoning module ProjectLauncher (492)
[2020.03.30-01.14.01:264][491]LogModuleManager: Shutting down and abandoning module SessionFrontend (490)
[2020.03.30-01.14.01:285][491]LogModuleManager: Shutting down and abandoning module ProfilerClient (488)
[2020.03.30-01.14.01:381][491]LogModuleManager: Shutting down and abandoning module DeviceManager (486)
[2020.03.30-01.14.01:502][491]LogModuleManager: Shutting down and abandoning module TargetDeviceServices (485)
[2020.03.30-01.14.01:572][491]LogModuleManager: Shutting down and abandoning module AutomationController (482)
[2020.03.30-01.14.01:572][491]LogModuleManager: Shutting down and abandoning module AutomationWindow (480)
[2020.03.30-01.14.01:623][491]LogModuleManager: Shutting down and abandoning module Layers (478)
[2020.03.30-01.14.01:817][491]LogModuleManager: Shutting down and abandoning module ComponentVisualizers (476)
[2020.03.30-01.14.01:817][491]LogModuleManager: Shutting down and abandoning module DetailCustomizations (474)
[2020.03.30-01.14.01:851][491]LogModuleManager: Shutting down and abandoning module PackagesDialog (472)
[2020.03.30-01.14.01:851][491]LogModuleManager: Shutting down and abandoning module AnimationBlueprintEditor (470)
[2020.03.30-01.14.01:883][491]LogModuleManager: Shutting down and abandoning module Persona (468)
[2020.03.30-01.14.01:933][491]LogModuleManager: Shutting down and abandoning module AdvancedPreviewScene (467)
[2020.03.30-01.14.01:933][491]LogModuleManager: Shutting down and abandoning module AnimGraph (465)
[2020.03.30-01.14.01:933][491]LogModuleManager: Shutting down and abandoning module Kismet (462)
[2020.03.30-01.14.01:934][491]LogModuleManager: Shutting down and abandoning module GraphEditor (460)
[2020.03.30-01.14.01:938][491]LogModuleManager: Shutting down and abandoning module ClassViewer (458)
[2020.03.30-01.14.01:938][491]LogModuleManager: Shutting down and abandoning module Toolbox (456)
[2020.03.30-01.14.01:938][491]LogModuleManager: Shutting down and abandoning module ModuleUI (454)
[2020.03.30-01.14.01:944][491]LogModuleManager: Shutting down and abandoning module MovieSceneTools (452)
[2020.03.30-01.14.01:957][491]LogModuleManager: Shutting down and abandoning module OutputLog (450)
[2020.03.30-01.14.01:957][491]LogModuleManager: Shutting down and abandoning module GammaUI (448)
[2020.03.30-01.14.02:034][491]LogModuleManager: Shutting down and abandoning module Documentation (446)
[2020.03.30-01.14.02:034][491]LogModuleManager: Shutting down and abandoning module LiveCoding (444)
[2020.03.30-01.14.02:034][491]LogModuleManager: Shutting down and abandoning module LevelSequence (442)
[2020.03.30-01.14.02:034][491]LogModuleManager: Shutting down and abandoning module MovieSceneTracks (440)
[2020.03.30-01.14.02:034][491]LogModuleManager: Shutting down and abandoning module MovieScene (438)
[2020.03.30-01.14.02:034][491]LogModuleManager: Shutting down and abandoning module StreamingPauseRendering (436)
[2020.03.30-01.14.02:035][491]LogModuleManager: Shutting down and abandoning module LauncherPlatform (434)
[2020.03.30-01.14.02:035][491]LogModuleManager: Shutting down and abandoning module AnalyticsET (432)
[2020.03.30-01.14.02:035][491]LogModuleManager: Shutting down and abandoning module PortalServices (430)
[2020.03.30-01.14.02:035][491]LogModuleManager: Shutting down and abandoning module PortalRpc (428)
[2020.03.30-01.14.02:035][491]LogModuleManager: Shutting down and abandoning module MessagingRpc (426)
[2020.03.30-01.14.02:035][491]LogModuleManager: Shutting down and abandoning module AIModule (424)
[2020.03.30-01.14.02:035][491]LogModuleManager: Shutting down and abandoning module GameplayDebugger (423)
[2020.03.30-01.14.02:035][491]LogModuleManager: Shutting down and abandoning module AITestSuite (421)
[2020.03.30-01.14.02:035][491]LogModuleManager: Shutting down and abandoning module NavigationSystem (419)
[2020.03.30-01.14.02:035][491]LogModuleManager: Shutting down and abandoning module DesktopPlatform (416)
[2020.03.30-01.14.02:035][491]LogModuleManager: Shutting down and abandoning module ImageWriteQueue (414)
[2020.03.30-01.14.02:039][491]LogModuleManager: Shutting down and abandoning module ProfilerService (412)
[2020.03.30-01.14.02:081][491]LogModuleManager: Shutting down and abandoning module TaskGraph (410)
[2020.03.30-01.14.02:082][491]LogModuleManager: Shutting down and abandoning module SteamVRController (408)
[2020.03.30-01.14.02:082][491]LogModuleManager: Shutting down and abandoning module ProceduralMeshComponentEditor (406)
[2020.03.30-01.14.02:145][491]LogModuleManager: Shutting down and abandoning module ProceduralMeshComponent (404)
[2020.03.30-01.14.02:145][491]LogModuleManager: Shutting down and abandoning module OculusEditor (402)
[2020.03.30-01.14.02:146][491]LogModuleManager: Shutting down and abandoning module OculusInput (400)
[2020.03.30-01.14.02:146][491]LogModuleManager: Shutting down and abandoning module MobilePatchingUtils (398)
[2020.03.30-01.14.02:146][491]LogModuleManager: Shutting down and abandoning module EditableMesh (396)
[2020.03.30-01.14.02:146][491]LogModuleManager: Shutting down and abandoning module CustomMeshComponent (394)
[2020.03.30-01.14.02:146][491]LogModuleManager: Shutting down and abandoning module CableComponent (392)
[2020.03.30-01.14.02:146][491]LogModuleManager: Shutting down and abandoning module AudioCapture (390)
[2020.03.30-01.14.02:146][491]LogModuleManager: Shutting down and abandoning module ArchVisCharacter (388)
[2020.03.30-01.14.02:146][491]LogModuleManager: Shutting down and abandoning module AndroidPermission (386)
[2020.03.30-01.14.02:146][491]LogModuleManager: Shutting down and abandoning module NUTUnrealEngine4 (384)
[2020.03.30-01.14.02:146][491]LogModuleManager: Shutting down and abandoning module NetcodeUnitTest (382)
[2020.03.30-01.14.02:146][491]LogModuleManager: Shutting down and abandoning module MediaCompositing (380)
[2020.03.30-01.14.02:146][491]LogModuleManager: Shutting down and abandoning module LinearTimecode (378)
[2020.03.30-01.14.02:146][491]LogModuleManager: Shutting down and abandoning module ImgMedia (376)
[2020.03.30-01.14.02:146][491]LogModuleManager: Shutting down and abandoning module MagicLeapHelperVulkan (374)
[2020.03.30-01.14.02:146][491]LogModuleManager: Shutting down and abandoning module MagicLeapHelperOpenGL (372)
[2020.03.30-01.14.02:147][491]LogModuleManager: Shutting down and abandoning module MagicLeapAudio (370)
[2020.03.30-01.14.02:147][491]LogModuleManager: Shutting down and abandoning module HTML5Networking (368)
[2020.03.30-01.14.02:147][491]LogModuleManager: Shutting down and abandoning module GeometryCacheTracks (366)
[2020.03.30-01.14.02:147][491]LogModuleManager: Shutting down and abandoning module GeometryCacheSequencer (364)
[2020.03.30-01.14.02:147][491]LogModuleManager: Shutting down and abandoning module BackChannel (362)
[2020.03.30-01.14.02:147][491]LogModuleManager: Shutting down and abandoning module AppleVision (360)
[2020.03.30-01.14.02:147][491]LogModuleManager: Shutting down and abandoning module AppleImageUtilsBlueprintSupport (358)
[2020.03.30-01.14.02:147][491]LogModuleManager: Shutting down and abandoning module AppleImageUtils (356)
[2020.03.30-01.14.02:147][491]LogModuleManager: Shutting down and abandoning module AlembicImporter (354)
[2020.03.30-01.14.02:147][491]LogModuleManager: Shutting down and abandoning module AlembicLibrary (353)
[2020.03.30-01.14.02:147][491]LogModuleManager: Shutting down and abandoning module GeometryCache (352)
[2020.03.30-01.14.02:147][491]LogModuleManager: Shutting down and abandoning module GeometryCacheEd (351)
[2020.03.30-01.14.02:147][491]LogModuleManager: Shutting down and abandoning module VariantManagerContent (346)
[2020.03.30-01.14.02:147][491]LogModuleManager: Shutting down and abandoning module DatasmithContentEditor (344)
[2020.03.30-01.14.02:168][491]LogModuleManager: Shutting down and abandoning module SpeedTreeImporter (342)
[2020.03.30-01.14.02:168][491]LogModuleManager: Shutting down and abandoning module PluginBrowser (340)
[2020.03.30-01.14.02:447][491]LogModuleManager: Shutting down and abandoning module MobileLauncherProfileWizard (338)
[2020.03.30-01.14.02:518][491]LogModuleManager: Shutting down and abandoning module MaterialAnalyzer (336)
[2020.03.30-01.14.02:528][491]LogModuleManager: Shutting down and abandoning module CryptoKeysOpenSSL (334)
[2020.03.30-01.14.02:528][491]LogModuleManager: Shutting down and abandoning module CryptoKeys (332)
[2020.03.30-01.14.02:528][491]LogModuleManager: Shutting down and abandoning module VisualStudioSourceCodeAccess (330)
[2020.03.30-01.14.02:528][491]LogModuleManager: Shutting down and abandoning module VisualStudioCodeSourceCodeAccess (328)
[2020.03.30-01.14.02:528][491]LogModuleManager: Shutting down and abandoning module UObjectPlugin (326)
[2020.03.30-01.14.02:528][491]LogModuleManager: Shutting down and abandoning module SubversionSourceControl (324)
[2020.03.30-01.14.02:528][491]LogModuleManager: Shutting down and abandoning module PerforceSourceControl (322)
[2020.03.30-01.14.02:528][491]LogModuleManager: Shutting down and abandoning module GitSourceControl (320)
[2020.03.30-01.14.02:567][491]LogModuleManager: Shutting down and abandoning module SourceControl (319)
[2020.03.30-01.14.02:567][491]LogModuleManager: Shutting down and abandoning module CLionSourceCodeAccess (316)
[2020.03.30-01.14.02:567][491]LogModuleManager: Shutting down and abandoning module AnimationSharingEd (314)
[2020.03.30-01.14.02:567][491]LogModuleManager: Shutting down and abandoning module ActorLayerUtilitiesEditor (312)
[2020.03.30-01.14.02:567][491]LogModuleManager: Shutting down and abandoning module ActorLayerUtilities (310)
[2020.03.30-01.14.02:567][491]LogModuleManager: Shutting down and abandoning module LightPropagationVolumeEditor (308)
[2020.03.30-01.14.02:567][491]LogModuleManager: Shutting down and abandoning module PaperTiledImporter (306)
[2020.03.30-01.14.02:567][491]LogModuleManager: Shutting down and abandoning module PaperSpriteSheetImporter (304)
[2020.03.30-01.14.02:567][491]LogModuleManager: Shutting down and abandoning module Paper2DEditor (302)
[2020.03.30-01.14.02:640][491]LogModuleManager: Shutting down and abandoning module SignificanceManager (300)
[2020.03.30-01.14.02:640][491]LogModuleManager: Shutting down and abandoning module RuntimePhysXCooking (298)
[2020.03.30-01.14.02:640][491]LogModuleManager: Shutting down and abandoning module PhysXVehiclesEditor (296)
[2020.03.30-01.14.02:640][491]LogModuleManager: Shutting down and abandoning module PhysXVehicles (294)
[2020.03.30-01.14.02:640][491]LogModuleManager: Shutting down and abandoning module LocationServicesBPLibrary (292)
[2020.03.30-01.14.02:640][491]LogModuleManager: Shutting down and abandoning module ActorSequence (290)
[2020.03.30-01.14.02:640][491]LogModuleManager: Shutting down and abandoning module UdpMessaging (288)
[2020.03.30-01.14.02:741][491]LogModuleManager: Shutting down and abandoning module TcpMessaging (286)
[2020.03.30-01.14.02:842][491]LogModuleManager: Shutting down and abandoning module MagicLeapIdentity (284)
[2020.03.30-01.14.02:842][491]LogModuleManager: Shutting down and abandoning module MagicLeapSecureStorage (282)
[2020.03.30-01.14.02:842][491]LogModuleManager: Shutting down and abandoning module MagicLeapHandTracking (280)
[2020.03.30-01.14.02:842][491]LogModuleManager: Shutting down and abandoning module MagicLeapEyeTracker (278)
[2020.03.30-01.14.02:842][491]LogModuleManager: Shutting down and abandoning module MagicLeapController (276)
[2020.03.30-01.14.02:842][491]LogSlate: Slate User Destroyed.  User Index 0, Is Virtual User: 0
[2020.03.30-01.14.02:842][491]LogModuleManager: Shutting down and abandoning module MagicLeapAR (274)
[2020.03.30-01.14.02:842][491]LogModuleManager: Shutting down and abandoning module AugmentedReality (273)
[2020.03.30-01.14.02:842][491]LogModuleManager: Shutting down and abandoning module GameplayTagsEditor (270)
[2020.03.30-01.14.02:842][491]LogModuleManager: Shutting down and abandoning module FacialAnimationEditor (268)
[2020.03.30-01.14.02:842][491]LogModuleManager: Shutting down and abandoning module FacialAnimation (266)
[2020.03.30-01.14.02:842][491]LogModuleManager: Shutting down and abandoning module DataValidation (264)
[2020.03.30-01.14.02:842][491]LogModuleManager: Shutting down and abandoning module AssetManagerEditor (262)
[2020.03.30-01.14.02:843][491]LogModuleManager: Shutting down and abandoning module LevelEditor (261)
[2020.03.30-01.14.02:848][491]LogModuleManager: Shutting down and abandoning module PixelInspectorModule (260)
[2020.03.30-01.14.02:875][491]LogModuleManager: Shutting down and abandoning module CommonMenuExtensions (258)
[2020.03.30-01.14.02:876][491]LogModuleManager: Shutting down and abandoning module MainFrame (256)
[2020.03.30-01.14.02:876][491]LogModuleManager: Shutting down and abandoning module HotReload (255)
[2020.03.30-01.14.02:876][491]LogModuleManager: Shutting down and abandoning module ContentBrowser (251)
[2020.03.30-01.14.02:878][491]LogModuleManager: Shutting down and abandoning module TreeMap (249)
[2020.03.30-01.14.02:878][491]LogModuleManager: Shutting down and abandoning module AnimationSharing (246)
[2020.03.30-01.14.02:878][491]LogModuleManager: Shutting down and abandoning module LightPropagationVolumeRuntime (244)
[2020.03.30-01.14.02:878][491]LogModuleManager: Shutting down and abandoning module AISupportModule (242)
[2020.03.30-01.14.02:878][491]LogModuleManager: Shutting down and abandoning module AdvancedSteamSessions (240)
[2020.03.30-01.14.02:878][491]LogModuleManager: Shutting down and abandoning module AdvancedSessions (238)
[2020.03.30-01.14.02:878][491]LogModuleManager: Shutting down and abandoning module Paper2D (236)
[2020.03.30-01.14.02:878][491]LogModuleManager: Shutting down and abandoning module WindowsMoviePlayer (234)
[2020.03.30-01.14.02:878][491]LogModuleManager: Shutting down and abandoning module WebMMoviePlayer (232)
[2020.03.30-01.14.02:878][491]LogModuleManager: Shutting down and abandoning module PacketHandler (230)
[2020.03.30-01.14.02:878][491]LogModuleManager: Shutting down and abandoning module ClothingSystemEditor (228)
[2020.03.30-01.14.02:878][491]LogModuleManager: Shutting down and abandoning module ClothingSystemRuntime (226)
[2020.03.30-01.14.02:878][491]LogModuleManager: Shutting down and abandoning module MediaAssets (224)
[2020.03.30-01.14.02:879][491]LogModuleManager: Shutting down and abandoning module Overlay (222)
[2020.03.30-01.14.02:879][491]LogModuleManager: Shutting down and abandoning module OverlayEditor (221)
[2020.03.30-01.14.02:879][491]LogModuleManager: Shutting down and abandoning module VREditor (218)
[2020.03.30-01.14.02:879][491]LogModuleManager: Shutting down and abandoning module StringTableEditor (216)
[2020.03.30-01.14.02:879][491]LogModuleManager: Shutting down and abandoning module GameplayTasksEditor (214)
[2020.03.30-01.14.02:879][491]LogModuleManager: Shutting down and abandoning module BehaviorTreeEditor (212)
[2020.03.30-01.14.02:879][491]LogModuleManager: Shutting down and abandoning module FunctionalTesting (210)
[2020.03.30-01.14.02:879][491]LogModuleManager: Shutting down and abandoning module CollisionAnalyzer (208)
[2020.03.30-01.14.02:879][491]LogModuleManager: Shutting down and abandoning module WorkspaceMenuStructure (207)
[2020.03.30-01.14.02:907][491]LogModuleManager: Shutting down and abandoning module UMG (204)
[2020.03.30-01.14.02:907][491]LogModuleManager: Shutting down and abandoning module UMGEditor (203)
[2020.03.30-01.14.02:907][491]LogModuleManager: Shutting down and abandoning module Sequencer (202)
[2020.03.30-01.14.02:930][491]LogModuleManager: Shutting down and abandoning module MessageLog (199)
[2020.03.30-01.14.02:930][491]LogModuleManager: Shutting down and abandoning module SlateReflector (194)
[2020.03.30-01.14.02:930][491]LogModuleManager: Shutting down and abandoning module Slate (192)
[2020.03.30-01.14.02:930][491]LogModuleManager: Shutting down and abandoning module EditorStyle (190)
[2020.03.30-01.14.02:932][491]LogModuleManager: Shutting down and abandoning module UnrealEd (188)
[2020.03.30-01.14.02:932][491]LogModuleManager: Shutting down and abandoning module MRMesh (186)
[2020.03.30-01.14.02:932][491]LogModuleManager: Shutting down and abandoning module SourceCodeAccess (184)
[2020.03.30-01.14.02:932][491]LogModuleManager: Shutting down and abandoning module HeadMountedDisplay (182)
[2020.03.30-01.14.02:932][491]LogModuleManager: Shutting down and abandoning module XAudio2 (180)
[2020.03.30-01.14.02:932][491]LogModuleManager: Shutting down and abandoning module Networking (178)
[2020.03.30-01.14.02:932][491]LogModuleManager: Shutting down and abandoning module Core (176)
[2020.03.30-01.14.02:932][491]LogModuleManager: Shutting down and abandoning module KismetCompiler (174)
[2020.03.30-01.14.02:932][491]LogModuleManager: Shutting down and abandoning module MeshUtilities (172)
[2020.03.30-01.14.02:932][491]LogModuleManager: Shutting down and abandoning module MeshMergeUtilities (171)
[2020.03.30-01.14.02:932][491]LogModuleManager: Shutting down and abandoning module MeshReductionInterface (170)
[2020.03.30-01.14.02:932][491]LogModuleManager: Shutting down and abandoning module SkeletalMeshReduction (169)
[2020.03.30-01.14.02:932][491]LogModuleManager: Shutting down and abandoning module ProxyLODMeshReduction (167)
[2020.03.30-01.14.02:932][491]LogModuleManager: Shutting down and abandoning module QuadricMeshReduction (165)
[2020.03.30-01.14.02:932][491]LogModuleManager: Shutting down and abandoning module MaterialBaking (161)
[2020.03.30-01.14.02:932][491]LogModuleManager: Shutting down and abandoning module DerivedDataCache (156)
[2020.03.30-01.14.02:988][491]LogDerivedDataCache: Shutdown
[2020.03.30-01.14.02:988][491]LogModuleManager: Shutting down and abandoning module XGEController (154)
[2020.03.30-01.14.02:988][491]LogModuleManager: Shutting down and abandoning module TargetPlatform (152)
[2020.03.30-01.14.02:988][491]LogModuleManager: Shutting down and abandoning module VulkanShaderFormat (151)
[2020.03.30-01.14.02:988][491]LogModuleManager: Shutting down and abandoning module ShaderFormatVectorVM (149)
[2020.03.30-01.14.02:988][491]LogModuleManager: Shutting down and abandoning module ShaderFormatOpenGL (147)
[2020.03.30-01.14.02:988][491]LogModuleManager: Shutting down and abandoning module ShaderFormatD3D (145)
[2020.03.30-01.14.02:988][491]LogModuleManager: Shutting down and abandoning module MetalShaderFormat (143)
[2020.03.30-01.14.02:988][491]LogModuleManager: Shutting down and abandoning module TextureFormatUncompressed (141)
[2020.03.30-01.14.02:988][491]LogModuleManager: Shutting down and abandoning module TextureFormatPVR (139)
[2020.03.30-01.14.02:988][491]LogModuleManager: Shutting down and abandoning module TextureFormatDXT (137)
[2020.03.30-01.14.02:988][491]LogModuleManager: Shutting down and abandoning module TextureFormatIntelISPCTexComp (135)
[2020.03.30-01.14.02:988][491]LogModuleManager: Shutting down and abandoning module TextureFormatASTC (133)
[2020.03.30-01.14.02:988][491]LogModuleManager: Shutting down and abandoning module ImageWrapper (132)
[2020.03.30-01.14.02:988][491]LogModuleManager: Shutting down and abandoning module TextureFormatAndroid (129)
[2020.03.30-01.14.02:988][491]LogModuleManager: Shutting down and abandoning module AudioFormatOpus (127)
[2020.03.30-01.14.02:988][491]LogModuleManager: Shutting down and abandoning module AudioFormatOgg (125)
[2020.03.30-01.14.02:988][491]LogModuleManager: Shutting down and abandoning module AudioFormatADPCM (123)
[2020.03.30-01.14.02:988][491]LogModuleManager: Shutting down and abandoning module LuminTargetPlatform (121)
[2020.03.30-01.14.03:029][491]LogModuleManager: Shutting down and abandoning module LinuxTargetPlatform (119)
[2020.03.30-01.14.03:030][491]LogModuleManager: Shutting down and abandoning module LinuxServerTargetPlatform (117)
[2020.03.30-01.14.03:166][491]LogModuleManager: Shutting down and abandoning module LinuxNoEditorTargetPlatform (115)
[2020.03.30-01.14.03:345][491]LogModuleManager: Shutting down and abandoning module LinuxClientTargetPlatform (113)
[2020.03.30-01.14.03:358][491]LogModuleManager: Shutting down and abandoning module TVOSTargetPlatform (111)
[2020.03.30-01.14.03:359][491]LogModuleManager: Shutting down and abandoning module Messaging (109)
[2020.03.30-01.14.03:359][491]LogModuleManager: Shutting down and abandoning module IOSTargetPlatform (107)
[2020.03.30-01.14.03:360][491]LogModuleManager: Shutting down and abandoning module HTML5TargetPlatform (105)
[2020.03.30-01.14.03:360][491]LogModuleManager: Shutting down and abandoning module AndroidTargetPlatform (103)
[2020.03.30-01.14.03:367][491]LogModuleManager: Shutting down and abandoning module WindowsTargetPlatform (101)
[2020.03.30-01.14.03:367][491]LogModuleManager: Shutting down and abandoning module WindowsServerTargetPlatform (99)
[2020.03.30-01.14.03:367][491]LogModuleManager: Shutting down and abandoning module WindowsNoEditorTargetPlatform (97)
[2020.03.30-01.14.03:367][491]LogModuleManager: Shutting down and abandoning module WindowsClientTargetPlatform (95)
[2020.03.30-01.14.03:367][491]LogModuleManager: Shutting down and abandoning module MacTargetPlatform (93)
[2020.03.30-01.14.03:367][491]LogModuleManager: Shutting down and abandoning module MacServerTargetPlatform (91)
[2020.03.30-01.14.03:367][491]LogModuleManager: Shutting down and abandoning module MacNoEditorTargetPlatform (89)
[2020.03.30-01.14.03:367][491]LogModuleManager: Shutting down and abandoning module MacClientTargetPlatform (87)
[2020.03.30-01.14.03:367][491]LogModuleManager: Shutting down and abandoning module AllDesktopTargetPlatform (85)
[2020.03.30-01.14.03:367][491]LogModuleManager: Shutting down and abandoning module InputCore (82)
[2020.03.30-01.14.03:367][491]LogModuleManager: Shutting down and abandoning module Settings (80)
[2020.03.30-01.14.03:367][491]LogModuleManager: Shutting down and abandoning module DirectoryWatcher (78)
[2020.03.30-01.14.03:368][491]LogModuleManager: Shutting down and abandoning module PhysXCooking (76)
[2020.03.30-01.14.03:368][491]LogModuleManager: Shutting down and abandoning module SteamVR (74)
[2020.03.30-01.14.03:368][491]LogHMD: Freeing OpenVRDLLHandle.
[2020.03.30-01.14.03:368][491]LogModuleManager: Shutting down and abandoning module OculusHMD (72)
[2020.03.30-01.14.03:368][491]LogModuleManager: Shutting down and abandoning module ExampleDeviceProfileSelector (70)
[2020.03.30-01.14.03:368][491]LogModuleManager: Shutting down and abandoning module LauncherChunkInstaller (68)
[2020.03.30-01.14.03:368][491]LogModuleManager: Shutting down and abandoning module OnlineBlueprintSupport (66)
[2020.03.30-01.14.03:368][491]LogModuleManager: Shutting down and abandoning module OnlineSubsystem (62)
[2020.03.30-01.14.03:483][491]LogModuleManager: Shutting down and abandoning module XMPP (55)
[2020.03.30-01.14.03:483][491]LogModuleManager: Shutting down and abandoning module WebSockets (54)
[2020.03.30-01.14.03:503][491]LogModuleManager: Shutting down and abandoning module HTTP (51)
[2020.03.30-01.14.03:503][491]LogHttp: Display: Http module shutting down, but needs to wait on 1 outstanding Http requests:
[2020.03.30-01.14.03:503][491]LogHttp: Display: 	verb=[POST] url=[https://datarouter.ol.epicgames.com/datarouter/api/v1/public/data?SessionID=%7BF9473DB9-4141-E1F5-5204-66AC2AC94CBC%7D&AppID=UEEditor.Rocket.Release&AppVersion=4.22.3-7053642%2B%2B%2BUE4%2BRelease-4.22&UserID=01a1870346a0e69ac30d549301f90743%7C81b2ef2965c74056bd0cb6b18a956837%7C9c65638a-66ff-4c4f-a5b0-d4c78f8989ac&AppEnvironment=datacollector-binary&UploadType=eteventstream] status=Processing
[2020.03.30-01.14.03:513][491]LogModuleManager: Shutting down and abandoning module SSL (50)
[2020.03.30-01.14.03:514][491]LogModuleManager: Shutting down and abandoning module WmfMedia (46)
[2020.03.30-01.14.03:516][491]LogModuleManager: Shutting down and abandoning module Media (45)
[2020.03.30-01.14.03:522][491]LogModuleManager: Shutting down and abandoning module MagicLeap (42)
[2020.03.30-01.14.03:522][491]LogModuleManager: Shutting down and abandoning module DatasmithContent (40)
[2020.03.30-01.14.03:523][491]LogModuleManager: Shutting down and abandoning module AnimationModifiers (38)
[2020.03.30-01.14.03:523][491]LogModuleManager: Shutting down and abandoning module PropertyEditor (37)
[2020.03.30-01.14.03:523][491]LogModuleManager: Shutting down and abandoning module AudioEditor (34)
[2020.03.30-01.14.03:523][491]LogModuleManager: Shutting down and abandoning module TextureCompressor (32)
[2020.03.30-01.14.03:523][491]LogModuleManager: Shutting down and abandoning module RenderCore (30)
[2020.03.30-01.14.03:523][491]LogModuleManager: Shutting down and abandoning module Landscape (28)
[2020.03.30-01.14.03:523][491]LogModuleManager: Shutting down and abandoning module SlateRHIRenderer (26)
[2020.03.30-01.14.03:523][491]LogModuleManager: Shutting down and abandoning module OpenGLDrv (24)
[2020.03.30-01.14.03:523][491]LogModuleManager: Shutting down and abandoning module D3D11RHI (22)
[2020.03.30-01.14.03:523][491]LogModuleManager: Shutting down and abandoning module AnimGraphRuntime (20)
[2020.03.30-01.14.03:523][491]LogModuleManager: Shutting down and abandoning module Renderer (18)
[2020.03.30-01.14.03:523][491]LogModuleManager: Shutting down and abandoning module Engine (16)
[2020.03.30-01.14.03:523][491]LogModuleManager: Shutting down and abandoning module CoreUObject (14)
[2020.03.30-01.14.03:523][491]LogModuleManager: Shutting down and abandoning module NetworkFile (12)
[2020.03.30-01.14.03:523][491]LogModuleManager: Shutting down and abandoning module CookedIterativeFile (10)
[2020.03.30-01.14.03:524][491]LogModuleManager: Shutting down and abandoning module StreamingFile (8)
[2020.03.30-01.14.03:524][491]LogModuleManager: Shutting down and abandoning module SandboxFile (6)
[2020.03.30-01.14.03:524][491]LogModuleManager: Shutting down and abandoning module PakFile (4)
[2020.03.30-01.14.03:524][491]LogModuleManager: Shutting down and abandoning module RSA (3)
[2020.03.30-01.14.03:537][491]LogExit: Exiting.
[2020.03.30-01.14.03:629][491]Log file closed, 03/29/20 19:14:03
