Log file open, 05/26/20 23:22:17
LogWindows: Failed to load 'aqProf.dll' (GetLastError=126)
LogWindows: File 'aqProf.dll' does not exist
LogWindows: Failed to load 'VtuneApi.dll' (GetLastError=126)
LogWindows: File 'VtuneApi.dll' does not exist
LogWindows: Failed to load 'VtuneApi32e.dll' (GetLastError=126)
LogWindows: File 'VtuneApi32e.dll' does not exist
LogConsoleResponse: Display: Failed to find resolution value strings in scalability ini. Falling back to default.
LogInit: Display: Running engine for game: Vis2
LogPakFile: Registered encryption key '00000000000000000000000000000000': 0 pak files mounted, 0 remain pending
LogPlatformFile: Not using cached read wrapper
LogTaskGraph: Started task graph with 5 named threads and 23 total threads with 3 sets of task threads.
LogStats: Stats thread started at 0.297132
LogD3D11RHI: Loaded GFSDK_Aftermath_Lib.x64.dll
LogICUInternationalization: ICU TimeZone Detection - Raw Offset: -6:00, Platform Override: ''
LogPluginManager: Mounting plugin Paper2D
LogPluginManager: Mounting plugin AdvancedSessions
LogPluginManager: Mounting plugin AdvancedSteamSessions
LogPluginManager: Mounting plugin AISupport
LogPluginManager: Mounting plugin LightPropagationVolume
LogPluginManager: Mounting plugin ActorLayerUtilities
LogPluginManager: Mounting plugin AnimationSharing
LogPluginManager: Mounting plugin CLionSourceCodeAccess
LogPluginManager: Mounting plugin CodeLiteSourceCodeAccess
LogPluginManager: Mounting plugin GitSourceControl
LogPluginManager: Mounting plugin KDevelopSourceCodeAccess
LogPluginManager: Mounting plugin NullSourceCodeAccess
LogPluginManager: Mounting plugin PerforceSourceControl
LogPluginManager: Mounting plugin SubversionSourceControl
LogPluginManager: Mounting plugin UObjectPlugin
LogPluginManager: Mounting plugin VisualStudioCodeSourceCodeAccess
LogPluginManager: Mounting plugin VisualStudioSourceCodeAccess
LogPluginManager: Mounting plugin XCodeSourceCodeAccess
LogPluginManager: Mounting plugin AssetManagerEditor
LogPluginManager: Mounting plugin CryptoKeys
LogPluginManager: Mounting plugin DataValidation
LogPluginManager: Mounting plugin FacialAnimation
LogPluginManager: Mounting plugin GameplayTagsEditor
LogPluginManager: Mounting plugin MacGraphicsSwitching
LogPluginManager: Mounting plugin MaterialAnalyzer
LogPluginManager: Mounting plugin MobileLauncherProfileWizard
LogPluginManager: Mounting plugin PluginBrowser
LogPluginManager: Mounting plugin SpeedTreeImporter
LogPluginManager: Mounting plugin DatasmithContent
LogPluginManager: Mounting plugin VariantManagerContent
LogPluginManager: Mounting plugin AlembicImporter
LogPluginManager: Mounting plugin AppleImageUtils
LogPluginManager: Mounting plugin AppleVision
LogPluginManager: Mounting plugin BackChannel
LogPluginManager: Mounting plugin CharacterAI
LogPluginManager: Mounting plugin GeometryCache
LogPluginManager: Mounting plugin HTML5Networking
LogPluginManager: Mounting plugin ProxyLODPlugin
LogPluginManager: Mounting plugin SkeletalReduction
LogPluginManager: Mounting plugin MagicLeap
LogPluginManager: Mounting plugin MagicLeapMedia
LogPluginManager: Mounting plugin GraphFormatter
LogPluginManager: Mounting plugin AndroidMedia
LogPluginManager: Mounting plugin AvfMedia
LogPluginManager: Mounting plugin ImgMedia
LogPluginManager: Mounting plugin LinearTimecode
LogPluginManager: Mounting plugin MediaCompositing
LogPluginManager: Mounting plugin MediaPlayerEditor
LogPluginManager: Mounting plugin WebMMedia
LogPluginManager: Mounting plugin WmfMedia
LogPluginManager: Mounting plugin TcpMessaging
LogPluginManager: Mounting plugin UdpMessaging
LogPluginManager: Mounting plugin ActorSequence
LogPluginManager: Mounting plugin LevelSequenceEditor
LogPluginManager: Mounting plugin MatineeToLevelSequence
LogPluginManager: Mounting plugin NetcodeUnitTest
LogPluginManager: Mounting plugin NUTUnrealEngine4
LogPluginManager: Mounting plugin OnlineSubsystemGooglePlay
LogPluginManager: Mounting plugin OnlineSubsystemIOS
LogPluginManager: Mounting plugin OnlineSubsystem
LogPluginManager: Mounting plugin OnlineSubsystemNull
LogPluginManager: Mounting plugin OnlineSubsystemSteam
LogPluginManager: Mounting plugin OnlineSubsystemUtils
LogPluginManager: Mounting plugin LauncherChunkInstaller
LogPluginManager: Mounting plugin AndroidDeviceProfileSelector
LogPluginManager: Mounting plugin AndroidMoviePlayer
LogPluginManager: Mounting plugin AndroidPermission
LogPluginManager: Mounting plugin AppleMoviePlayer
LogPluginManager: Mounting plugin ArchVisCharacter
LogPluginManager: Mounting plugin AudioCapture
LogPluginManager: Mounting plugin CableComponent
LogPluginManager: Mounting plugin CustomMeshComponent
LogPluginManager: Mounting plugin EditableMesh
LogPluginManager: Mounting plugin ExampleDeviceProfileSelector
LogPluginManager: Mounting plugin Firebase
LogPluginManager: Mounting plugin GoogleCloudMessaging
LogPluginManager: Mounting plugin IOSDeviceProfileSelector
LogPluginManager: Mounting plugin LinuxDeviceProfileSelector
LogPluginManager: Mounting plugin LocationServicesBPLibrary
LogPluginManager: Mounting plugin MobilePatchingUtils
LogPluginManager: Mounting plugin OculusVR
LogPluginManager: Mounting plugin PhysXVehicles
LogPluginManager: Mounting plugin ProceduralMeshComponent
LogPluginManager: Mounting plugin RuntimePhysXCooking
LogPluginManager: Mounting plugin SignificanceManager
LogPluginManager: Mounting plugin SteamVR
LogPluginManager: Mounting plugin WebMMoviePlayer
LogPluginManager: Mounting plugin WindowsMoviePlayer
LogInit: Using libcurl 7.55.1-DEV
LogInit:  - built for x86_64-pc-win32
LogInit:  - supports SSL with OpenSSL/1.1.1
LogInit:  - supports HTTP deflate (compression) using libz 1.2.8
LogInit:  - other features:
LogInit:      CURL_VERSION_SSL
LogInit:      CURL_VERSION_LIBZ
LogInit:      CURL_VERSION_IPV6
LogInit:      CURL_VERSION_ASYNCHDNS
LogInit:      CURL_VERSION_LARGEFILE
LogInit:      CURL_VERSION_IDN
LogInit:  CurlRequestOptions (configurable via config and command line):
LogInit:  - bVerifyPeer = true  - Libcurl will verify peer certificate
LogInit:  - bUseHttpProxy = false  - Libcurl will NOT use HTTP proxy
LogInit:  - bDontReuseConnections = false  - Libcurl will reuse connections
LogInit:  - MaxHostConnections = 16  - Libcurl will limit the number of connections to a host
LogInit:  - LocalHostAddr = Default
LogInit:  - BufferSize = 65536
LogOnline: Display: STEAM: Loading Steam SDK 1.39
LogOnline: STEAM: Steam User is subscribed 1
LogOnline: STEAM: [AppId: 480] Client API initialized 1
LogOnline: STEAM: [AppId: 480] Game Server API initialized 1
LogOnline: STEAM: Missing P2PCleanupTimeout key in OnlineSubsystemSteam of DefaultEngine.ini, using default
LogInit: WinSock: version 1.1 (2.2), MaxSocks=32767, MaxUdp=65467
LogInit: Build: ++UE4+Release-4.22-CL-7053642
LogInit: Engine Version: 4.22.3-7053642+++UE4+Release-4.22
LogInit: Compatible Engine Version: 4.22.0-5660361+++UE4+Release-4.22
LogInit: Net CL: 5660361
LogInit: OS: Windows 10 (Release 1903) (), CPU: Intel(R) Core(TM) i7-7700HQ CPU @ 2.80GHz, GPU: Intel(R) HD Graphics 630
LogInit: Compiled (64-bit): Jun 18 2019 03:09:11
LogInit: Compiled with Visual C++: 19.16.27025.01
LogInit: Build Configuration: Development
LogInit: Branch Name: ++UE4+Release-4.22
LogInit: Command Line:  /Game/FirstPersonBP/Maps/MultiplayerMenu -game -PIEVIACONSOLE -ResX=1280 -ResY=720 -Multiprocess -messaging -SessionName="Play in Standalone Game" -windowed
LogInit: Base Directory: C:/Program Files/Epic Games/UE_4.22/Engine/Binaries/Win64/
LogInit: Installed Engine Build: 1
LogDevObjectVersion: Number of dev versions registered: 23
LogDevObjectVersion:   Dev-Blueprints (B0D832E4-1F89-4F0D-ACCF-7EB736FD4AA2): 10
LogDevObjectVersion:   Dev-Build (E1C64328-A22C-4D53-A36C-8E866417BD8C): 0
LogDevObjectVersion:   Dev-Core (375EC13C-06E4-48FB-B500-84F0262A717E): 3
LogDevObjectVersion:   Dev-Editor (E4B068ED-F494-42E9-A231-DA0B2E46BB41): 30
LogDevObjectVersion:   Dev-Framework (CFFC743F-43B0-4480-9391-14DF171D2073): 35
LogDevObjectVersion:   Dev-Mobile (B02B49B5-BB20-44E9-A304-32B752E40360): 2
LogDevObjectVersion:   Dev-Networking (A4E4105C-59A1-49B5-A7C5-40C4547EDFEE): 0
LogDevObjectVersion:   Dev-Online (39C831C9-5AE6-47DC-9A44-9C173E1C8E7C): 0
LogDevObjectVersion:   Dev-Physics (78F01B33-EBEA-4F98-B9B4-84EACCB95AA2): 0
LogDevObjectVersion:   Dev-Platform (6631380F-2D4D-43E0-8009-CF276956A95A): 0
LogDevObjectVersion:   Dev-Rendering (12F88B9F-8875-4AFC-A67C-D90C383ABD29): 28
LogDevObjectVersion:   Dev-Sequencer (7B5AE74C-D270-4C10-A958-57980B212A5A): 11
LogDevObjectVersion:   Dev-VR (D7296918-1DD6-4BDD-9DE2-64A83CC13884): 2
LogDevObjectVersion:   Dev-LoadTimes (C2A15278-BFE7-4AFE-6C17-90FF531DF755): 1
LogDevObjectVersion:   Private-Geometry (6EACA3D4-40EC-4CC1-B786-8BED09428FC5): 3
LogDevObjectVersion:   Dev-AnimPhys (29E575DD-E0A3-4627-9D10-D276232CDCEA): 17
LogDevObjectVersion:   Dev-Anim (AF43A65D-7FD3-4947-9873-3E8ED9C1BB05): 2
LogDevObjectVersion:   Dev-ReflectionCapture (6B266CEC-1EC7-4B8F-A30B-E4D90942FC07): 1
LogDevObjectVersion:   Dev-Automation (0DF73D61-A23F-47EA-B727-89E90C41499A): 1
LogDevObjectVersion:   FortniteMain (601D1886-AC64-4F84-AA16-D3DE0DEAC7D6): 25
LogDevObjectVersion:   Dev-Enterprise (9DFFBCD6-494F-0158-E221-12823C92A888): 6
LogDevObjectVersion:   Dev-Niagara (F2AED0AC-9AFE-416F-8664-AA7FFA26D6FC): 1
LogDevObjectVersion:   Dev-Destruction (174F1F0B-B4C6-45A5-B13F-2EE8D0FB917D): 2
LogInit: Presizing for max 16777216 objects, including 0 objects not considered by GC, pre-allocating 0 bytes for permanent pool.
LogInit: Object subsystem initialized
LogConfig: Setting CVar [[con.DebugEarlyDefault:1]]
LogConfig: Setting CVar [[r.setres:1280x720]]
[2020.05.27-04.22.23:492][  0]LogConfig: Setting CVar [[con.DebugEarlyDefault:1]]
[2020.05.27-04.22.23:492][  0]LogConfig: Setting CVar [[r.setres:1280x720]]
[2020.05.27-04.22.23:492][  0]LogConfig: Applying CVar settings from Section [/Script/Engine.RendererSettings] File [C:/Users/ayala/Documents/GitHub/VJ3-test/MapProject 4.22/Saved/Config/Windows/Engine.ini]
[2020.05.27-04.22.23:492][  0]LogConfig: Setting CVar [[r.GPUCrashDebugging:0]]
[2020.05.27-04.22.23:492][  0]LogConfig: Applying CVar settings from Section [/Script/Engine.RendererOverrideSettings] File [C:/Users/ayala/Documents/GitHub/VJ3-test/MapProject 4.22/Saved/Config/Windows/Engine.ini]
[2020.05.27-04.22.23:492][  0]LogConfig: Applying CVar settings from Section [/Script/Engine.StreamingSettings] File [C:/Users/ayala/Documents/GitHub/VJ3-test/MapProject 4.22/Saved/Config/Windows/Engine.ini]
[2020.05.27-04.22.23:492][  0]LogConfig: Setting CVar [[s.MinBulkDataSizeForAsyncLoading:131072]]
[2020.05.27-04.22.23:492][  0]LogConfig: Setting CVar [[s.AsyncLoadingThreadEnabled:0]]
[2020.05.27-04.22.23:492][  0]LogConfig: Setting CVar [[s.EventDrivenLoaderEnabled:1]]
[2020.05.27-04.22.23:492][  0]LogConfig: Setting CVar [[s.WarnIfTimeLimitExceeded:0]]
[2020.05.27-04.22.23:493][  0]LogConfig: Setting CVar [[s.TimeLimitExceededMultiplier:1.5]]
[2020.05.27-04.22.23:493][  0]LogConfig: Setting CVar [[s.TimeLimitExceededMinTime:0.005]]
[2020.05.27-04.22.23:493][  0]LogConfig: Setting CVar [[s.UseBackgroundLevelStreaming:1]]
[2020.05.27-04.22.23:493][  0]LogConfig: Setting CVar [[s.PriorityAsyncLoadingExtraTime:15.0]]
[2020.05.27-04.22.23:493][  0]LogConfig: Setting CVar [[s.LevelStreamingActorsUpdateTimeLimit:5.0]]
[2020.05.27-04.22.23:493][  0]LogConfig: Setting CVar [[s.PriorityLevelStreamingActorsUpdateExtraTime:5.0]]
[2020.05.27-04.22.23:493][  0]LogConfig: Setting CVar [[s.LevelStreamingComponentsRegistrationGranularity:10]]
[2020.05.27-04.22.23:493][  0]LogConfig: Setting CVar [[s.UnregisterComponentsTimeLimit:1.0]]
[2020.05.27-04.22.23:493][  0]LogConfig: Setting CVar [[s.LevelStreamingComponentsUnregistrationGranularity:5]]
[2020.05.27-04.22.23:493][  0]LogConfig: Applying CVar settings from Section [/Script/Engine.GarbageCollectionSettings] File [C:/Users/ayala/Documents/GitHub/VJ3-test/MapProject 4.22/Saved/Config/Windows/Engine.ini]
[2020.05.27-04.22.23:493][  0]LogConfig: Setting CVar [[gc.MaxObjectsNotConsideredByGC:1]]
[2020.05.27-04.22.23:493][  0]LogConfig: Setting CVar [[gc.SizeOfPermanentObjectPool:0]]
[2020.05.27-04.22.23:493][  0]LogConfig: Setting CVar [[gc.FlushStreamingOnGC:0]]
[2020.05.27-04.22.23:493][  0]LogConfig: Setting CVar [[gc.NumRetriesBeforeForcingGC:10]]
[2020.05.27-04.22.23:493][  0]LogConfig: Setting CVar [[gc.AllowParallelGC:1]]
[2020.05.27-04.22.23:493][  0]LogConfig: Setting CVar [[gc.TimeBetweenPurgingPendingKillObjects:61.1]]
[2020.05.27-04.22.23:493][  0]LogConfig: Setting CVar [[gc.MaxObjectsInEditor:16777216]]
[2020.05.27-04.22.23:493][  0]LogConfig: Setting CVar [[gc.IncrementalBeginDestroyEnabled:1]]
[2020.05.27-04.22.23:493][  0]LogConfig: Setting CVar [[gc.CreateGCClusters:1]]
[2020.05.27-04.22.23:493][  0]LogConfig: Setting CVar [[gc.MinGCClusterSize:5]]
[2020.05.27-04.22.23:493][  0]LogConfig: Setting CVar [[gc.ActorClusteringEnabled:0]]
[2020.05.27-04.22.23:493][  0]LogConfig: Setting CVar [[gc.BlueprintClusteringEnabled:0]]
[2020.05.27-04.22.23:493][  0]LogConfig: Setting CVar [[gc.UseDisregardForGCOnDedicatedServers:0]]
[2020.05.27-04.22.23:493][  0]LogConfig: Applying CVar settings from Section [/Script/Engine.NetworkSettings] File [C:/Users/ayala/Documents/GitHub/VJ3-test/MapProject 4.22/Saved/Config/Windows/Engine.ini]
[2020.05.27-04.22.23:493][  0]LogConfig: Applying CVar settings from Section [/Script/UnrealEd.CookerSettings] File [C:/Users/ayala/Documents/GitHub/VJ3-test/MapProject 4.22/Saved/Config/Windows/Engine.ini]
[2020.05.27-04.22.23:496][  0]LogConfig: Applying CVar settings from Section [ViewDistanceQuality@3] File [C:/Users/ayala/Documents/GitHub/VJ3-test/MapProject 4.22/Saved/Config/Windows/Scalability.ini]
[2020.05.27-04.22.23:496][  0]LogConfig: Setting CVar [[r.SkeletalMeshLODBias:0]]
[2020.05.27-04.22.23:496][  0]LogConfig: Setting CVar [[r.ViewDistanceScale:1.0]]
[2020.05.27-04.22.23:496][  0]LogConfig: Applying CVar settings from Section [AntiAliasingQuality@3] File [C:/Users/ayala/Documents/GitHub/VJ3-test/MapProject 4.22/Saved/Config/Windows/Scalability.ini]
[2020.05.27-04.22.23:496][  0]LogConfig: Setting CVar [[r.PostProcessAAQuality:4]]
[2020.05.27-04.22.23:496][  0]LogConfig: Applying CVar settings from Section [ShadowQuality@3] File [C:/Users/ayala/Documents/GitHub/VJ3-test/MapProject 4.22/Saved/Config/Windows/Scalability.ini]
[2020.05.27-04.22.23:496][  0]LogConfig: Setting CVar [[r.LightFunctionQuality:1]]
[2020.05.27-04.22.23:496][  0]LogConfig: Setting CVar [[r.ShadowQuality:5]]
[2020.05.27-04.22.23:496][  0]LogConfig: Setting CVar [[r.Shadow.CSM.MaxCascades:10]]
[2020.05.27-04.22.23:496][  0]LogConfig: Setting CVar [[r.Shadow.MaxResolution:2048]]
[2020.05.27-04.22.23:496][  0]LogConfig: Setting CVar [[r.Shadow.MaxCSMResolution:2048]]
[2020.05.27-04.22.23:496][  0]LogConfig: Setting CVar [[r.Shadow.RadiusThreshold:0.01]]
[2020.05.27-04.22.23:496][  0]LogConfig: Setting CVar [[r.Shadow.DistanceScale:1.0]]
[2020.05.27-04.22.23:496][  0]LogConfig: Setting CVar [[r.Shadow.CSM.TransitionScale:1.0]]
[2020.05.27-04.22.23:496][  0]LogConfig: Setting CVar [[r.Shadow.PreShadowResolutionFactor:1.0]]
[2020.05.27-04.22.23:496][  0]LogConfig: Setting CVar [[r.DistanceFieldShadowing:1]]
[2020.05.27-04.22.23:496][  0]LogConfig: Setting CVar [[r.DistanceFieldAO:1]]
[2020.05.27-04.22.23:496][  0]LogConfig: Setting CVar [[r.AOQuality:2]]
[2020.05.27-04.22.23:496][  0]LogConfig: Setting CVar [[r.VolumetricFog:1]]
[2020.05.27-04.22.23:496][  0]LogConfig: Setting CVar [[r.VolumetricFog.GridPixelSize:8]]
[2020.05.27-04.22.23:496][  0]LogConfig: Setting CVar [[r.VolumetricFog.GridSizeZ:128]]
[2020.05.27-04.22.23:496][  0]LogConfig: Setting CVar [[r.VolumetricFog.HistoryMissSupersampleCount:4]]
[2020.05.27-04.22.23:496][  0]LogConfig: Setting CVar [[r.LightMaxDrawDistanceScale:1]]
[2020.05.27-04.22.23:496][  0]LogConfig: Setting CVar [[r.CapsuleShadows:1]]
[2020.05.27-04.22.23:496][  0]LogConfig: Applying CVar settings from Section [PostProcessQuality@3] File [C:/Users/ayala/Documents/GitHub/VJ3-test/MapProject 4.22/Saved/Config/Windows/Scalability.ini]
[2020.05.27-04.22.23:496][  0]LogConfig: Setting CVar [[r.MotionBlurQuality:4]]
[2020.05.27-04.22.23:496][  0]LogConfig: Setting CVar [[r.AmbientOcclusionMipLevelFactor:0.4]]
[2020.05.27-04.22.23:496][  0]LogConfig: Setting CVar [[r.AmbientOcclusionMaxQuality:100]]
[2020.05.27-04.22.23:496][  0]LogConfig: Setting CVar [[r.AmbientOcclusionLevels:-1]]
[2020.05.27-04.22.23:496][  0]LogConfig: Setting CVar [[r.AmbientOcclusionRadiusScale:1.0]]
[2020.05.27-04.22.23:496][  0]LogConfig: Setting CVar [[r.DepthOfFieldQuality:2]]
[2020.05.27-04.22.23:496][  0]LogConfig: Setting CVar [[r.RenderTargetPoolMin:400]]
[2020.05.27-04.22.23:496][  0]LogConfig: Setting CVar [[r.LensFlareQuality:2]]
[2020.05.27-04.22.23:496][  0]LogConfig: Setting CVar [[r.SceneColorFringeQuality:1]]
[2020.05.27-04.22.23:496][  0]LogConfig: Setting CVar [[r.EyeAdaptationQuality:2]]
[2020.05.27-04.22.23:496][  0]LogConfig: Setting CVar [[r.BloomQuality:5]]
[2020.05.27-04.22.23:496][  0]LogConfig: Setting CVar [[r.FastBlurThreshold:100]]
[2020.05.27-04.22.23:496][  0]LogConfig: Setting CVar [[r.Upscale.Quality:3]]
[2020.05.27-04.22.23:496][  0]LogConfig: Setting CVar [[r.Tonemapper.GrainQuantization:1]]
[2020.05.27-04.22.23:496][  0]LogConfig: Setting CVar [[r.LightShaftQuality:1]]
[2020.05.27-04.22.23:496][  0]LogConfig: Setting CVar [[r.Filter.SizeScale:1]]
[2020.05.27-04.22.23:496][  0]LogConfig: Setting CVar [[r.Tonemapper.Quality:5]]
[2020.05.27-04.22.23:496][  0]LogConfig: Setting CVar [[r.DOF.Gather.AccumulatorQuality:1        ; higher gathering accumulator quality]]
[2020.05.27-04.22.23:496][  0]LogConfig: Setting CVar [[r.DOF.Gather.PostfilterMethod:1          ; Median3x3 postfilering method]]
[2020.05.27-04.22.23:496][  0]LogConfig: Setting CVar [[r.DOF.Gather.EnableBokehSettings:0       ; no bokeh simulation when gathering]]
[2020.05.27-04.22.23:497][  0]LogConfig: Setting CVar [[r.DOF.Gather.RingCount:4                 ; medium number of samples when gathering]]
[2020.05.27-04.22.23:497][  0]LogConfig: Setting CVar [[r.DOF.Scatter.ForegroundCompositing:1    ; additive foreground scattering]]
[2020.05.27-04.22.23:497][  0]LogConfig: Setting CVar [[r.DOF.Scatter.BackgroundCompositing:2    ; additive background scattering]]
[2020.05.27-04.22.23:497][  0]LogConfig: Setting CVar [[r.DOF.Scatter.EnableBokehSettings:1      ; bokeh simulation when scattering]]
[2020.05.27-04.22.23:497][  0]LogConfig: Setting CVar [[r.DOF.Scatter.MaxSpriteRatio:0.1         ; only a maximum of 10% of scattered bokeh]]
[2020.05.27-04.22.23:497][  0]LogConfig: Setting CVar [[r.DOF.Recombine.Quality:1                ; cheap slight out of focus]]
[2020.05.27-04.22.23:497][  0]LogConfig: Setting CVar [[r.DOF.Recombine.EnableBokehSettings:0    ; no bokeh simulation on slight out of focus]]
[2020.05.27-04.22.23:497][  0]LogConfig: Setting CVar [[r.DOF.TemporalAAQuality:1                ; more stable temporal accumulation]]
[2020.05.27-04.22.23:497][  0]LogConfig: Setting CVar [[r.DOF.Kernel.MaxForegroundRadius:0.025]]
[2020.05.27-04.22.23:497][  0]LogConfig: Setting CVar [[r.DOF.Kernel.MaxBackgroundRadius:0.025]]
[2020.05.27-04.22.23:497][  0]LogConfig: Applying CVar settings from Section [TextureQuality@3] File [C:/Users/ayala/Documents/GitHub/VJ3-test/MapProject 4.22/Saved/Config/Windows/Scalability.ini]
[2020.05.27-04.22.23:497][  0]LogConfig: Setting CVar [[r.Streaming.MipBias:0]]
[2020.05.27-04.22.23:497][  0]LogConfig: Setting CVar [[r.Streaming.AmortizeCPUToGPUCopy:0]]
[2020.05.27-04.22.23:497][  0]LogConfig: Setting CVar [[r.Streaming.MaxNumTexturesToStreamPerFrame:0]]
[2020.05.27-04.22.23:497][  0]LogConfig: Setting CVar [[r.Streaming.Boost:1]]
[2020.05.27-04.22.23:497][  0]LogConfig: Setting CVar [[r.MaxAnisotropy:8]]
[2020.05.27-04.22.23:497][  0]LogConfig: Setting CVar [[r.Streaming.LimitPoolSizeToVRAM:0]]
[2020.05.27-04.22.23:497][  0]LogConfig: Setting CVar [[r.Streaming.PoolSize:1000]]
[2020.05.27-04.22.23:497][  0]LogConfig: Setting CVar [[r.Streaming.MaxEffectiveScreenSize:0]]
[2020.05.27-04.22.23:497][  0]LogConfig: Applying CVar settings from Section [EffectsQuality@3] File [C:/Users/ayala/Documents/GitHub/VJ3-test/MapProject 4.22/Saved/Config/Windows/Scalability.ini]
[2020.05.27-04.22.23:497][  0]LogConfig: Setting CVar [[r.TranslucencyLightingVolumeDim:64]]
[2020.05.27-04.22.23:497][  0]LogConfig: Setting CVar [[r.RefractionQuality:2]]
[2020.05.27-04.22.23:497][  0]LogConfig: Setting CVar [[r.SSR.Quality:3]]
[2020.05.27-04.22.23:497][  0]LogConfig: Setting CVar [[r.SceneColorFormat:4]]
[2020.05.27-04.22.23:497][  0]LogConfig: Setting CVar [[r.DetailMode:2]]
[2020.05.27-04.22.23:497][  0]LogConfig: Setting CVar [[r.TranslucencyVolumeBlur:1]]
[2020.05.27-04.22.23:497][  0]LogConfig: Setting CVar [[r.MaterialQualityLevel:1 ; High quality]]
[2020.05.27-04.22.23:497][  0]LogConfig: Setting CVar [[r.SSS.Scale:1]]
[2020.05.27-04.22.23:497][  0]LogConfig: Setting CVar [[r.SSS.SampleSet:2]]
[2020.05.27-04.22.23:497][  0]LogConfig: Setting CVar [[r.SSS.Quality:1]]
[2020.05.27-04.22.23:497][  0]LogConfig: Setting CVar [[r.SSS.HalfRes:1]]
[2020.05.27-04.22.23:497][  0]LogConfig: Setting CVar [[r.EmitterSpawnRateScale:1.0]]
[2020.05.27-04.22.23:497][  0]LogConfig: Setting CVar [[r.ParticleLightQuality:2]]
[2020.05.27-04.22.23:497][  0]LogConfig: Applying CVar settings from Section [FoliageQuality@3] File [C:/Users/ayala/Documents/GitHub/VJ3-test/MapProject 4.22/Saved/Config/Windows/Scalability.ini]
[2020.05.27-04.22.23:497][  0]LogConfig: Setting CVar [[foliage.DensityScale:1.0]]
[2020.05.27-04.22.23:497][  0]LogConfig: Setting CVar [[grass.DensityScale:1.0]]
[2020.05.27-04.22.23:497][  0]LogInit: Selected Device Profile: [Windows]
[2020.05.27-04.22.23:497][  0]LogInit: Applying CVar settings loaded from the selected device profile: [Windows]
[2020.05.27-04.22.23:620][  0]LogHAL: Display: Platform has ~ 8 GB [8443301888 / 8589934592 / 8], which maps to Default [LargestMinGB=32, LargerMinGB=12, DefaultMinGB=8, SmallerMinGB=6, SmallestMinGB=0)
[2020.05.27-04.22.23:621][  0]LogConfig: Setting CVar [[r.Vulkan.UseRealUBs:0		; Required until we fix HLR fall-out]]
[2020.05.27-04.22.23:621][  0]LogInit: Going up to parent DeviceProfile []
[2020.05.27-04.22.23:621][  0]LogConfig: Applying CVar settings from Section [ViewDistanceQuality@3] File [C:/Users/ayala/Documents/GitHub/VJ3-test/MapProject 4.22/Saved/Config/Windows/Scalability.ini]
[2020.05.27-04.22.23:621][  0]LogConfig: Setting CVar [[r.SkeletalMeshLODBias:0]]
[2020.05.27-04.22.23:621][  0]LogConfig: Setting CVar [[r.ViewDistanceScale:1.0]]
[2020.05.27-04.22.23:621][  0]LogConfig: Applying CVar settings from Section [AntiAliasingQuality@3] File [C:/Users/ayala/Documents/GitHub/VJ3-test/MapProject 4.22/Saved/Config/Windows/Scalability.ini]
[2020.05.27-04.22.23:621][  0]LogConfig: Setting CVar [[r.PostProcessAAQuality:4]]
[2020.05.27-04.22.23:621][  0]LogConfig: Applying CVar settings from Section [ShadowQuality@3] File [C:/Users/ayala/Documents/GitHub/VJ3-test/MapProject 4.22/Saved/Config/Windows/Scalability.ini]
[2020.05.27-04.22.23:621][  0]LogConfig: Setting CVar [[r.LightFunctionQuality:1]]
[2020.05.27-04.22.23:621][  0]LogConfig: Setting CVar [[r.ShadowQuality:5]]
[2020.05.27-04.22.23:621][  0]LogConfig: Setting CVar [[r.Shadow.CSM.MaxCascades:10]]
[2020.05.27-04.22.23:621][  0]LogConfig: Setting CVar [[r.Shadow.MaxResolution:2048]]
[2020.05.27-04.22.23:621][  0]LogConfig: Setting CVar [[r.Shadow.MaxCSMResolution:2048]]
[2020.05.27-04.22.23:621][  0]LogConfig: Setting CVar [[r.Shadow.RadiusThreshold:0.01]]
[2020.05.27-04.22.23:621][  0]LogConfig: Setting CVar [[r.Shadow.DistanceScale:1.0]]
[2020.05.27-04.22.23:621][  0]LogConfig: Setting CVar [[r.Shadow.CSM.TransitionScale:1.0]]
[2020.05.27-04.22.23:621][  0]LogConfig: Setting CVar [[r.Shadow.PreShadowResolutionFactor:1.0]]
[2020.05.27-04.22.23:621][  0]LogConfig: Setting CVar [[r.DistanceFieldShadowing:1]]
[2020.05.27-04.22.23:621][  0]LogConfig: Setting CVar [[r.DistanceFieldAO:1]]
[2020.05.27-04.22.23:621][  0]LogConfig: Setting CVar [[r.AOQuality:2]]
[2020.05.27-04.22.23:621][  0]LogConfig: Setting CVar [[r.VolumetricFog:1]]
[2020.05.27-04.22.23:621][  0]LogConfig: Setting CVar [[r.VolumetricFog.GridPixelSize:8]]
[2020.05.27-04.22.23:621][  0]LogConfig: Setting CVar [[r.VolumetricFog.GridSizeZ:128]]
[2020.05.27-04.22.23:621][  0]LogConfig: Setting CVar [[r.VolumetricFog.HistoryMissSupersampleCount:4]]
[2020.05.27-04.22.23:621][  0]LogConfig: Setting CVar [[r.LightMaxDrawDistanceScale:1]]
[2020.05.27-04.22.23:621][  0]LogConfig: Setting CVar [[r.CapsuleShadows:1]]
[2020.05.27-04.22.23:621][  0]LogConfig: Applying CVar settings from Section [PostProcessQuality@3] File [C:/Users/ayala/Documents/GitHub/VJ3-test/MapProject 4.22/Saved/Config/Windows/Scalability.ini]
[2020.05.27-04.22.23:621][  0]LogConfig: Setting CVar [[r.MotionBlurQuality:4]]
[2020.05.27-04.22.23:621][  0]LogConfig: Setting CVar [[r.AmbientOcclusionMipLevelFactor:0.4]]
[2020.05.27-04.22.23:621][  0]LogConfig: Setting CVar [[r.AmbientOcclusionMaxQuality:100]]
[2020.05.27-04.22.23:621][  0]LogConfig: Setting CVar [[r.AmbientOcclusionLevels:-1]]
[2020.05.27-04.22.23:621][  0]LogConfig: Setting CVar [[r.AmbientOcclusionRadiusScale:1.0]]
[2020.05.27-04.22.23:621][  0]LogConfig: Setting CVar [[r.DepthOfFieldQuality:2]]
[2020.05.27-04.22.23:621][  0]LogConfig: Setting CVar [[r.RenderTargetPoolMin:400]]
[2020.05.27-04.22.23:621][  0]LogConfig: Setting CVar [[r.LensFlareQuality:2]]
[2020.05.27-04.22.23:621][  0]LogConfig: Setting CVar [[r.SceneColorFringeQuality:1]]
[2020.05.27-04.22.23:621][  0]LogConfig: Setting CVar [[r.EyeAdaptationQuality:2]]
[2020.05.27-04.22.23:621][  0]LogConfig: Setting CVar [[r.BloomQuality:5]]
[2020.05.27-04.22.23:621][  0]LogConfig: Setting CVar [[r.FastBlurThreshold:100]]
[2020.05.27-04.22.23:621][  0]LogConfig: Setting CVar [[r.Upscale.Quality:3]]
[2020.05.27-04.22.23:621][  0]LogConfig: Setting CVar [[r.Tonemapper.GrainQuantization:1]]
[2020.05.27-04.22.23:621][  0]LogConfig: Setting CVar [[r.LightShaftQuality:1]]
[2020.05.27-04.22.23:621][  0]LogConfig: Setting CVar [[r.Filter.SizeScale:1]]
[2020.05.27-04.22.23:621][  0]LogConfig: Setting CVar [[r.Tonemapper.Quality:5]]
[2020.05.27-04.22.23:621][  0]LogConfig: Setting CVar [[r.DOF.Gather.AccumulatorQuality:1        ; higher gathering accumulator quality]]
[2020.05.27-04.22.23:622][  0]LogConfig: Setting CVar [[r.DOF.Gather.PostfilterMethod:1          ; Median3x3 postfilering method]]
[2020.05.27-04.22.23:622][  0]LogConfig: Setting CVar [[r.DOF.Gather.EnableBokehSettings:0       ; no bokeh simulation when gathering]]
[2020.05.27-04.22.23:622][  0]LogConfig: Setting CVar [[r.DOF.Gather.RingCount:4                 ; medium number of samples when gathering]]
[2020.05.27-04.22.23:622][  0]LogConfig: Setting CVar [[r.DOF.Scatter.ForegroundCompositing:1    ; additive foreground scattering]]
[2020.05.27-04.22.23:622][  0]LogConfig: Setting CVar [[r.DOF.Scatter.BackgroundCompositing:2    ; additive background scattering]]
[2020.05.27-04.22.23:622][  0]LogConfig: Setting CVar [[r.DOF.Scatter.EnableBokehSettings:1      ; bokeh simulation when scattering]]
[2020.05.27-04.22.23:622][  0]LogConfig: Setting CVar [[r.DOF.Scatter.MaxSpriteRatio:0.1         ; only a maximum of 10% of scattered bokeh]]
[2020.05.27-04.22.23:622][  0]LogConfig: Setting CVar [[r.DOF.Recombine.Quality:1                ; cheap slight out of focus]]
[2020.05.27-04.22.23:622][  0]LogConfig: Setting CVar [[r.DOF.Recombine.EnableBokehSettings:0    ; no bokeh simulation on slight out of focus]]
[2020.05.27-04.22.23:622][  0]LogConfig: Setting CVar [[r.DOF.TemporalAAQuality:1                ; more stable temporal accumulation]]
[2020.05.27-04.22.23:622][  0]LogConfig: Setting CVar [[r.DOF.Kernel.MaxForegroundRadius:0.025]]
[2020.05.27-04.22.23:622][  0]LogConfig: Setting CVar [[r.DOF.Kernel.MaxBackgroundRadius:0.025]]
[2020.05.27-04.22.23:622][  0]LogConfig: Applying CVar settings from Section [TextureQuality@3] File [C:/Users/ayala/Documents/GitHub/VJ3-test/MapProject 4.22/Saved/Config/Windows/Scalability.ini]
[2020.05.27-04.22.23:622][  0]LogConfig: Setting CVar [[r.Streaming.MipBias:0]]
[2020.05.27-04.22.23:622][  0]LogConfig: Setting CVar [[r.Streaming.AmortizeCPUToGPUCopy:0]]
[2020.05.27-04.22.23:622][  0]LogConfig: Setting CVar [[r.Streaming.MaxNumTexturesToStreamPerFrame:0]]
[2020.05.27-04.22.23:622][  0]LogConfig: Setting CVar [[r.Streaming.Boost:1]]
[2020.05.27-04.22.23:622][  0]LogConfig: Setting CVar [[r.MaxAnisotropy:8]]
[2020.05.27-04.22.23:622][  0]LogConfig: Setting CVar [[r.Streaming.LimitPoolSizeToVRAM:0]]
[2020.05.27-04.22.23:622][  0]LogConfig: Setting CVar [[r.Streaming.PoolSize:1000]]
[2020.05.27-04.22.23:622][  0]LogConfig: Setting CVar [[r.Streaming.MaxEffectiveScreenSize:0]]
[2020.05.27-04.22.23:622][  0]LogConfig: Applying CVar settings from Section [EffectsQuality@3] File [C:/Users/ayala/Documents/GitHub/VJ3-test/MapProject 4.22/Saved/Config/Windows/Scalability.ini]
[2020.05.27-04.22.23:622][  0]LogConfig: Setting CVar [[r.TranslucencyLightingVolumeDim:64]]
[2020.05.27-04.22.23:622][  0]LogConfig: Setting CVar [[r.RefractionQuality:2]]
[2020.05.27-04.22.23:622][  0]LogConfig: Setting CVar [[r.SSR.Quality:3]]
[2020.05.27-04.22.23:622][  0]LogConfig: Setting CVar [[r.SceneColorFormat:4]]
[2020.05.27-04.22.23:622][  0]LogConfig: Setting CVar [[r.DetailMode:2]]
[2020.05.27-04.22.23:622][  0]LogConfig: Setting CVar [[r.TranslucencyVolumeBlur:1]]
[2020.05.27-04.22.23:622][  0]LogConfig: Setting CVar [[r.MaterialQualityLevel:1 ; High quality]]
[2020.05.27-04.22.23:622][  0]LogConfig: Setting CVar [[r.SSS.Scale:1]]
[2020.05.27-04.22.23:622][  0]LogConfig: Setting CVar [[r.SSS.SampleSet:2]]
[2020.05.27-04.22.23:622][  0]LogConfig: Setting CVar [[r.SSS.Quality:1]]
[2020.05.27-04.22.23:622][  0]LogConfig: Setting CVar [[r.SSS.HalfRes:1]]
[2020.05.27-04.22.23:622][  0]LogConfig: Setting CVar [[r.EmitterSpawnRateScale:1.0]]
[2020.05.27-04.22.23:622][  0]LogConfig: Setting CVar [[r.ParticleLightQuality:2]]
[2020.05.27-04.22.23:622][  0]LogConfig: Applying CVar settings from Section [FoliageQuality@3] File [C:/Users/ayala/Documents/GitHub/VJ3-test/MapProject 4.22/Saved/Config/Windows/Scalability.ini]
[2020.05.27-04.22.23:622][  0]LogConfig: Setting CVar [[foliage.DensityScale:1.0]]
[2020.05.27-04.22.23:623][  0]LogConfig: Setting CVar [[grass.DensityScale:1.0]]
[2020.05.27-04.22.23:623][  0]LogConfig: Applying CVar settings from Section [Startup] File [../../../Engine/Config/ConsoleVariables.ini]
[2020.05.27-04.22.23:671][  0]LogConfig: Setting CVar [[net.UseAdaptiveNetUpdateFrequency:0]]
[2020.05.27-04.22.23:671][  0]LogConfig: Setting CVar [[p.chaos.AllowCreatePhysxBodies:1]]
[2020.05.27-04.22.23:671][  0]LogConfig: Applying CVar settings from Section [ConsoleVariables] File [C:/Users/ayala/Documents/GitHub/VJ3-test/MapProject 4.22/Saved/Config/Windows/Engine.ini]
[2020.05.27-04.22.23:671][  0]LogInit: Computer: DESKTOP-8J0KLND
[2020.05.27-04.22.23:671][  0]LogInit: User: ayala
[2020.05.27-04.22.23:671][  0]LogInit: CPU Page size=4096, Cores=4
[2020.05.27-04.22.23:671][  0]LogInit: High frequency timer resolution =10.000000 MHz
[2020.05.27-04.22.23:671][  0]LogMemory: Memory total: Physical=7.9GB (8GB approx)
[2020.05.27-04.22.23:671][  0]LogMemory: Platform Memory Stats for Windows
[2020.05.27-04.22.23:671][  0]LogMemory: Process Physical Memory: 135.27 MB used, 135.27 MB peak
[2020.05.27-04.22.23:671][  0]LogMemory: Process Virtual Memory: 105.74 MB used, 105.74 MB peak
[2020.05.27-04.22.23:671][  0]LogMemory: Physical Memory: 6839.81 MB used,  1212.35 MB free, 8052.16 MB total
[2020.05.27-04.22.23:671][  0]LogMemory: Virtual Memory: 4800.07 MB used,  134212928.00 MB free, 134217728.00 MB total
[2020.05.27-04.22.24:752][  0]LogInit: Using OS detected language (es-MX).
[2020.05.27-04.22.24:752][  0]LogInit: Using OS detected locale (es-MX).
[2020.05.27-04.22.24:753][  0]LogTextLocalizationResource: LocRes '../../../Engine/Content/Localization/Editor/es-MX/Editor.locres' could not be opened for reading!
[2020.05.27-04.22.24:753][  0]LogTextLocalizationResource: LocRes '../../../Engine/Content/Localization/EditorTutorials/es-MX/EditorTutorials.locres' could not be opened for reading!
[2020.05.27-04.22.24:753][  0]LogTextLocalizationResource: LocRes '../../../Engine/Content/Localization/Keywords/es-MX/Keywords.locres' could not be opened for reading!
[2020.05.27-04.22.24:754][  0]LogTextLocalizationResource: LocRes '../../../Engine/Content/Localization/Category/es-MX/Category.locres' could not be opened for reading!
[2020.05.27-04.22.24:754][  0]LogTextLocalizationResource: LocRes '../../../Engine/Content/Localization/ToolTips/es-MX/ToolTips.locres' could not be opened for reading!
[2020.05.27-04.22.24:754][  0]LogTextLocalizationResource: LocRes '../../../Engine/Content/Localization/PropertyNames/es-MX/PropertyNames.locres' could not be opened for reading!
[2020.05.27-04.22.24:754][  0]LogTextLocalizationResource: LocRes '../../../Engine/Content/Localization/Engine/es-MX/Engine.locres' could not be opened for reading!
[2020.05.27-04.22.24:754][  0]LogTextLocalizationResource: LocRes '../../../Engine/Plugins/Online/Android/OnlineSubsystemGooglePlay/Content/Localization/OnlineSubsystemGooglePlay/es-MX/OnlineSubsystemGooglePlay.locres' could not be opened for reading!
[2020.05.27-04.22.24:754][  0]LogTextLocalizationResource: LocRes '../../../Engine/Plugins/Online/IOS/OnlineSubsystemIOS/Content/Localization/OnlineSubsystemIOS/es-MX/OnlineSubsystemIOS.locres' could not be opened for reading!
[2020.05.27-04.22.24:755][  0]LogTextLocalizationResource: LocRes '../../../Engine/Plugins/Online/OnlineSubsystemSteam/Content/Localization/OnlineSubsystemSteam/es-MX/OnlineSubsystemSteam.locres' could not be opened for reading!
[2020.05.27-04.22.24:755][  0]LogTextLocalizationResource: LocRes '../../../Engine/Plugins/Online/OnlineSubsystemUtils/Content/Localization/OnlineSubsystemUtils/es-MX/OnlineSubsystemUtils.locres' could not be opened for reading!
[2020.05.27-04.22.26:472][  0]LogSlate: New Slate User Created.  User Index 0, Is Virtual User: 0
[2020.05.27-04.22.26:472][  0]LogSlate: Slate User Registered.  User Index 0, Is Virtual User: 0
[2020.05.27-04.22.26:664][  0]LogHMD: Failed to initialize OpenVR with code 110
[2020.05.27-04.22.26:664][  0]LogD3D11RHI: D3D11 adapters:
[2020.05.27-04.22.27:961][  0]LogD3D11RHI:    0. 'NVIDIA GeForce GTX 1060' (Feature Level 11_0)
[2020.05.27-04.22.27:961][  0]LogD3D11RHI:       6052/0/4026 MB DedicatedVideo/DedicatedSystem/SharedSystem, Outputs:1, VendorId:0x10de
[2020.05.27-04.22.28:335][  0]LogD3D11RHI:    1. 'Intel(R) HD Graphics 630' (Feature Level 11_0)
[2020.05.27-04.22.28:335][  0]LogD3D11RHI:       128/0/4026 MB DedicatedVideo/DedicatedSystem/SharedSystem, Outputs:0, VendorId:0x8086
[2020.05.27-04.22.28:563][  0]LogD3D11RHI:    2. 'Microsoft Basic Render Driver' (Feature Level 11_0)
[2020.05.27-04.22.28:563][  0]LogD3D11RHI:       0/0/4026 MB DedicatedVideo/DedicatedSystem/SharedSystem, Outputs:0, VendorId:0x1414
[2020.05.27-04.22.28:563][  0]LogD3D11RHI: Chosen D3D11 Adapter: 0
[2020.05.27-04.22.28:608][  0]LogD3D11RHI: Creating new Direct3DDevice
[2020.05.27-04.22.28:609][  0]LogD3D11RHI:     GPU DeviceId: 0x1c20 (for the marketing name, search the web for "GPU Device Id")
[2020.05.27-04.22.28:609][  0]LogWindows: EnumDisplayDevices:
[2020.05.27-04.22.28:609][  0]LogWindows:    0. 'Intel(R) HD Graphics 630' (P:1 D:1)
[2020.05.27-04.22.28:609][  0]LogWindows:    1. 'Intel(R) HD Graphics 630' (P:0 D:0)
[2020.05.27-04.22.28:610][  0]LogWindows:    2. 'Intel(R) HD Graphics 630' (P:0 D:0)
[2020.05.27-04.22.28:610][  0]LogWindows:    3. 'NVIDIA GeForce GTX 1060' (P:0 D:0)
[2020.05.27-04.22.28:610][  0]LogWindows:    4. 'NVIDIA GeForce GTX 1060' (P:0 D:0)
[2020.05.27-04.22.28:611][  0]LogWindows:    5. 'NVIDIA GeForce GTX 1060' (P:0 D:0)
[2020.05.27-04.22.28:611][  0]LogWindows:    6. 'NVIDIA GeForce GTX 1060' (P:0 D:0)
[2020.05.27-04.22.28:611][  0]LogWindows: DebugString: PrimaryIsNotTheChoosenAdapter PrimaryIsNotTheChoosenAdapter PrimaryIsNotTheChoosenAdapter FoundDriverCount:4 
[2020.05.27-04.22.28:611][  0]LogD3D11RHI:     Adapter Name: NVIDIA GeForce GTX 1060
[2020.05.27-04.22.28:611][  0]LogD3D11RHI:   Driver Version: 441.66 (internal:26.21.14.4166, unified:441.66)
[2020.05.27-04.22.28:611][  0]LogD3D11RHI:      Driver Date: 12-6-2019
[2020.05.27-04.22.28:611][  0]LogRHI: Texture pool is 4236 MB (70% of 6052 MB)
[2020.05.27-04.22.28:854][  0]LogD3D11RHI: Async texture creation enabled
[2020.05.27-04.22.28:859][  0]LogRendererCore: FGlobalReadBuffer::InitRHI
[2020.05.27-04.22.28:860][  0]LogRendererCore: FGlobalReadBuffer::InitRHI
[2020.05.27-04.22.28:860][  0]LogRendererCore: FGlobalReadBuffer::InitRHI
[2020.05.27-04.22.28:868][  0]LogD3D11RHI: GPU Timing Frequency: 1000.000000 (Debug: 2 1)
[2020.05.27-04.22.32:354][  0]LogTemp: Display: Module 'WindowsClientTargetPlatform' loaded TargetPlatform 'WindowsClient'
[2020.05.27-04.22.32:388][  0]LogTemp: Display: Module 'WindowsNoEditorTargetPlatform' loaded TargetPlatform 'WindowsNoEditor'
[2020.05.27-04.22.32:555][  0]LogTemp: Display: Module 'WindowsServerTargetPlatform' loaded TargetPlatform 'WindowsServer'
[2020.05.27-04.22.32:684][  0]LogTemp: Display: Module 'WindowsTargetPlatform' loaded TargetPlatform 'Windows'
[2020.05.27-04.22.32:684][  0]LogTargetPlatformManager: Display: Building Assets For Windows
[2020.05.27-04.22.32:986][  0]LogAudioDebug: Display: Lib vorbis DLL was dynamically loaded.
[2020.05.27-04.22.34:607][  0]LogShaderCompilers: Guid format shader working directory is -26 characters bigger than the processId version (../../../../../../Users/ayala/Documents/GitHub/VJ3-test/MapProject 4.22/Intermediate/Shaders/WorkingDirectory/12044/).
[2020.05.27-04.22.34:607][  0]LogShaderCompilers: Cleaned the shader compiler working directory 'C:/Users/ayala/AppData/Local/Temp/UnrealShaderWorkingDir/7A7FAF61427E45ED77BD7D9F5847092E/'.
[2020.05.27-04.22.34:613][  0]LogXGEController: Cannot use XGE Controller as Incredibuild is not installed on this machine.
[2020.05.27-04.22.34:613][  0]LogShaderCompilers: Cannot use XGE Shader Compiler as Incredibuild is not installed on this machine.
[2020.05.27-04.22.34:613][  0]LogShaderCompilers: Display: Using Local Shader Compiler.
[2020.05.27-04.22.36:869][  0]LogDerivedDataCache: Display: Max Cache Size: 512 MB
[2020.05.27-04.22.39:150][  0]LogDerivedDataCache: Loaded boot cache 2.28s 71MB C:/Users/ayala/AppData/Local/UnrealEngine/4.22/DerivedDataCache/Boot.ddc.
[2020.05.27-04.22.39:150][  0]LogDerivedDataCache: Display: Loaded Boot cache: C:/Users/ayala/AppData/Local/UnrealEngine/4.22/DerivedDataCache/Boot.ddc
[2020.05.27-04.22.39:151][  0]LogDerivedDataCache: FDerivedDataBackendGraph:  Pak pak cache file ../../../../../../Users/ayala/Documents/GitHub/VJ3-test/MapProject 4.22/DerivedDataCache/DDC.ddp not found, will not use a pak cache.
[2020.05.27-04.22.39:151][  0]LogDerivedDataCache: Unable to find inner node Pak for hierarchical cache Hierarchy.
[2020.05.27-04.22.39:151][  0]LogDerivedDataCache: FDerivedDataBackendGraph:  CompressedPak pak cache file ../../../../../../Users/ayala/Documents/GitHub/VJ3-test/MapProject 4.22/DerivedDataCache/Compressed.ddp not found, will not use a pak cache.
[2020.05.27-04.22.39:151][  0]LogDerivedDataCache: Unable to find inner node CompressedPak for hierarchical cache Hierarchy.
[2020.05.27-04.22.39:167][  0]LogDerivedDataCache: Display: Pak cache opened for reading ../../../Engine/DerivedDataCache/Compressed.ddp.
[2020.05.27-04.22.39:167][  0]LogDerivedDataCache: FDerivedDataBackendGraph:  EnterprisePak pak cache file ../../../Enterprise/DerivedDataCache/Compressed.ddp not found, will not use a pak cache.
[2020.05.27-04.22.39:167][  0]LogDerivedDataCache: Unable to find inner node EnterprisePak for hierarchical cache Hierarchy.
[2020.05.27-04.22.39:179][  0]LogDerivedDataCache: Using Local data cache path C:/Users/ayala/AppData/Local/UnrealEngine/Common/DerivedDataCache: Writable
[2020.05.27-04.22.39:179][  0]LogDerivedDataCache: Shared data cache path not found in *engine.ini, will not use an Shared cache.
[2020.05.27-04.22.39:179][  0]LogDerivedDataCache: Unable to find inner node Shared for hierarchical cache Hierarchy.
[2020.05.27-04.22.39:206][  0]LogMaterial: Verifying Global Shaders for PCD3D_SM5
[2020.05.27-04.22.39:207][  0]LogSlate: Using FreeType 2.6.0
[2020.05.27-04.22.39:425][  0]LogSlate: SlateFontServices - WITH_FREETYPE: 1, WITH_HARFBUZZ: 1
[2020.05.27-04.22.44:273][  0]LogInit: Using OS detected language (es-MX).
[2020.05.27-04.22.44:273][  0]LogInit: Using OS detected locale (es-MX).
[2020.05.27-04.22.44:273][  0]LogTextLocalizationManager: No localization for 'es-MX' exists, so 'en' will be used for the language.
[2020.05.27-04.22.44:273][  0]LogTextLocalizationManager: No localization for 'es-MX' exists, so 'en' will be used for the locale.
[2020.05.27-04.22.44:274][  0]LogSlate: FontCache flush requested. Reason: Culture for localization was changed
[2020.05.27-04.22.44:274][  0]LogSlate: FontCache flush requested. Reason: Culture for localization was changed
[2020.05.27-04.22.44:275][  0]LogTextLocalizationManager: Compacting localization data took   0.00ms
[2020.05.27-04.22.44:494][  0]LogAssetRegistry: FAssetRegistry took 0.0063 seconds to start up
[2020.05.27-04.22.44:909][  0]LogPackageLocalizationCache: Processed 10 localized package path(s) for 1 prioritized culture(s) in 0.000631 seconds
[2020.05.27-04.22.45:177][  0]LogInit: Selected Device Profile: [Windows]
[2020.05.27-04.22.46:827][  0]LogMeshReduction: Using QuadricMeshReduction for automatic static mesh reduction
[2020.05.27-04.22.46:828][  0]LogMeshReduction: Using SimplygonMeshReduction for automatic skeletal mesh reduction
[2020.05.27-04.22.46:828][  0]LogMeshReduction: Using ProxyLODMeshReduction for automatic mesh merging
[2020.05.27-04.22.46:828][  0]LogMeshReduction: No distributed automatic mesh merging module available
[2020.05.27-04.22.46:828][  0]LogMeshMerging: No distributed automatic mesh merging module available
[2020.05.27-04.22.46:939][  0]LogNetVersion: Vis2 1.0.0, NetCL: 5660361, EngineNetVer: 10, GameNetVer: 0 (Checksum: 1012566908)
[2020.05.27-04.22.55:996][  0]LogMoviePlayer: Initializing movie player
[2020.05.27-04.22.57:309][  0]LogTcpMessaging: Initializing TcpMessaging bridge
[2020.05.27-04.22.57:404][  0]LogUdpMessaging: Initializing bridge on interface 0.0.0.0:0 to multicast group 230.0.0.1:6666.
[2020.05.27-04.22.58:067][  0]SourceControl: El control de código fuente está desactivado
[2020.05.27-04.22.58:067][  0]SourceControl: El control de código fuente está desactivado
[2020.05.27-04.22.58:070][  0]SourceControl: El control de código fuente está desactivado
[2020.05.27-04.22.58:359][  0]LogVSAccessor: Display: Unable to create Visual Studio setup instance: 80040154
[2020.05.27-04.22.58:360][  0]LogVSAccessor: Display: Unable to create Visual Studio setup instance: 80040154
[2020.05.27-04.22.59:600][  0]LogAndroidPermission: UAndroidPermissionCallbackProxy::GetInstance
[2020.05.27-04.23.00:593][  0]LogOcInput: OculusInput pre-init called
[2020.05.27-04.23.00:665][  0]LogUObjectArray: 47126 objects as part of root set at end of initial load.
[2020.05.27-04.23.00:665][  0]LogUObjectAllocator: 8283160 out of 0 bytes used by permanent object pool.
[2020.05.27-04.23.00:665][  0]LogUObjectArray: CloseDisregardForGC: 0/0 objects in disregard for GC pool
[2020.05.27-04.23.01:311][  0]LogEngine: Initializing Engine...
[2020.05.27-04.23.01:312][  0]LogHMD: Failed to initialize OpenVR with code 110
[2020.05.27-04.23.01:324][  0]LogStats: UGameplayTagsManager::InitializeManager -  0.000 s
[2020.05.27-04.23.01:707][  0]LogInit: Initializing FReadOnlyCVARCache
[2020.05.27-04.23.01:773][  0]LogInit: XAudio2 using 'Altavoces (Realtek High Definition Audio)' : 2 channels at 48 kHz using 32 bits per sample (channel mask 0x3)
[2020.05.27-04.23.02:179][  0]LogInit: FAudioDevice initialized.
[2020.05.27-04.23.02:191][  0]LogNetVersion: Set ProjectVersion to 1.0.0.0. Version Checksum will be recalculated on next use.
[2020.05.27-04.23.02:201][  0]LogInit: Texture streaming: Enabled
[2020.05.27-04.23.03:638][  0]LogSlate: Updating window title bar state: overlay mode, drag disabled, window buttons hidden, title bar hidden
[2020.05.27-04.23.03:638][  0]LogInit: Display: Game Engine Initialized.
[2020.05.27-04.23.04:843][  0]LogInit: Display: Starting Game.
[2020.05.27-04.23.04:843][  0]LogNet: Browse: /Game/FirstPersonBP/Maps/MultiplayerMenu?Name=Player
[2020.05.27-04.23.04:844][  0]LogLoad: LoadMap: /Game/FirstPersonBP/Maps/MultiplayerMenu?Name=Player
[2020.05.27-04.23.04:881][  0]LogUObjectHash: Compacting FUObjectHashTables data took   2.28ms
[2020.05.27-04.23.06:375][  0]LogAIModule: Creating AISystem for world MultiplayerMenu
[2020.05.27-04.23.06:376][  0]LogLoad: Game class is 'GameModeBase'
[2020.05.27-04.23.06:400][  0]LogWorld: Bringing World /Game/FirstPersonBP/Maps/MultiplayerMenu.MultiplayerMenu up for play (max tick rate 0) at 2020.05.26-23.23.06
[2020.05.27-04.23.06:407][  0]LogWorld: Bringing up level for play took: 0.030103
[2020.05.27-04.23.06:461][  0]LogGameMode: FindPlayerStart: PATHS NOT DEFINED or NO PLAYERSTART with positive rating
[2020.05.27-04.23.06:822][  0]LogLoad: Took 1.978649 seconds to LoadMap(/Game/FirstPersonBP/Maps/MultiplayerMenu)
[2020.05.27-04.23.07:279][  0]LogRenderer: Reallocating scene render targets to support 1280x720 Format 10 NumSamples 1 (Frame:1).
[2020.05.27-04.23.07:279][  0]LogLoad: (Engine Initialization) Total time: 66.40 seconds
[2020.05.27-04.23.07:279][  0]LogLoad: (Engine Initialization) Total Blueprint compile time: 0.00 seconds
[2020.05.27-04.23.07:336][  0]LogContentStreaming: Texture pool size now 1000 MB
[2020.05.27-04.23.15:428][491]LogSlate: FSceneViewport::OnFocusLost() reason 0
[2020.05.27-04.23.16:372][541]LogOnlineSession: STEAM: Found 10 lobbies, finalizing the search
[2020.05.27-04.23.16:372][541]LogOnlineSession: STEAM: Search result 0: LobbyId=Lobby[0x18600000B08E85A], LobbyId.IsValid()=true, CSteamID(LobbyId).IsLobby()=true
[2020.05.27-04.23.16:372][541]LogOnlineSession: Warning: STEAM: Unknown or unsupported data type from Steam key data name Akuma1920
[2020.05.27-04.23.16:372][541]LogOnlineSession: Warning: STEAM: Failed to parse setting from key name value Akuma1920
[2020.05.27-04.23.16:373][541]LogOnlineSession: Warning: STEAM: Unknown or unsupported data type from Steam key data OwnerID 01100001416F8154
[2020.05.27-04.23.16:373][541]LogOnlineSession: Warning: STEAM: Failed to parse setting from key OwnerID value 01100001416F8154
[2020.05.27-04.23.16:373][541]LogOnlineSession: Warning: STEAM: Unknown or unsupported data type from Steam key data SearchKey0 0
[2020.05.27-04.23.16:373][541]LogOnlineSession: Warning: STEAM: Failed to parse setting from key SearchKey0 value 0
[2020.05.27-04.23.16:373][541]LogOnlineSession: Warning: STEAM: Unknown or unsupported data type from Steam key data SearchKey1 1
[2020.05.27-04.23.16:373][541]LogOnlineSession: Warning: STEAM: Failed to parse setting from key SearchKey1 value 1
[2020.05.27-04.23.16:373][541]LogOnlineSession: Warning: STEAM: Unknown or unsupported data type from Steam key data SearchKey10 0
[2020.05.27-04.23.16:373][541]LogOnlineSession: Warning: STEAM: Failed to parse setting from key SearchKey10 value 0
[2020.05.27-04.23.16:373][541]LogOnlineSession: Warning: STEAM: Unknown or unsupported data type from Steam key data SearchKey11 0
[2020.05.27-04.23.16:373][541]LogOnlineSession: Warning: STEAM: Failed to parse setting from key SearchKey11 value 0
[2020.05.27-04.23.16:374][541]LogOnlineSession: Warning: STEAM: Unknown or unsupported data type from Steam key data SearchKey12 1
[2020.05.27-04.23.16:374][541]LogOnlineSession: Warning: STEAM: Failed to parse setting from key SearchKey12 value 1
[2020.05.27-04.23.16:374][541]LogOnlineSession: Warning: STEAM: Unknown or unsupported data type from Steam key data SearchKey13 2
[2020.05.27-04.23.16:374][541]LogOnlineSession: Warning: STEAM: Failed to parse setting from key SearchKey13 value 2
[2020.05.27-04.23.16:374][541]LogOnlineSession: Warning: STEAM: Unknown or unsupported data type from Steam key data SearchKey14 12
[2020.05.27-04.23.16:374][541]LogOnlineSession: Warning: STEAM: Failed to parse setting from key SearchKey14 value 12
[2020.05.27-04.23.16:374][541]LogOnlineSession: Warning: STEAM: Unknown or unsupported data type from Steam key data SearchKey15 48
[2020.05.27-04.23.16:374][541]LogOnlineSession: Warning: STEAM: Failed to parse setting from key SearchKey15 value 48
[2020.05.27-04.23.16:374][541]LogOnlineSession: Warning: STEAM: Unknown or unsupported data type from Steam key data SearchKey16 1
[2020.05.27-04.23.16:374][541]LogOnlineSession: Warning: STEAM: Failed to parse setting from key SearchKey16 value 1
[2020.05.27-04.23.16:374][541]LogOnlineSession: Warning: STEAM: Unknown or unsupported data type from Steam key data SearchKey17 2
[2020.05.27-04.23.16:374][541]LogOnlineSession: Warning: STEAM: Failed to parse setting from key SearchKey17 value 2
[2020.05.27-04.23.16:375][541]LogOnlineSession: Warning: STEAM: Unknown or unsupported data type from Steam key data SearchKey18 4
[2020.05.27-04.23.16:375][541]LogOnlineSession: Warning: STEAM: Failed to parse setting from key SearchKey18 value 4
[2020.05.27-04.23.16:375][541]LogOnlineSession: Warning: STEAM: Unknown or unsupported data type from Steam key data SearchKey19 0
[2020.05.27-04.23.16:375][541]LogOnlineSession: Warning: STEAM: Failed to parse setting from key SearchKey19 value 0
[2020.05.27-04.23.16:375][541]LogOnlineSession: Warning: STEAM: Unknown or unsupported data type from Steam key data SearchKey2 0
[2020.05.27-04.23.16:375][541]LogOnlineSession: Warning: STEAM: Failed to parse setting from key SearchKey2 value 0
[2020.05.27-04.23.16:375][541]LogOnlineSession: Warning: STEAM: Unknown or unsupported data type from Steam key data SearchKey20 629
[2020.05.27-04.23.16:375][541]LogOnlineSession: Warning: STEAM: Failed to parse setting from key SearchKey20 value 629
[2020.05.27-04.23.16:375][541]LogOnlineSession: Warning: STEAM: Unknown or unsupported data type from Steam key data SearchKey21 0
[2020.05.27-04.23.16:375][541]LogOnlineSession: Warning: STEAM: Failed to parse setting from key SearchKey21 value 0
[2020.05.27-04.23.16:375][541]LogOnlineSession: Warning: STEAM: Unknown or unsupported data type from Steam key data SearchKey22 1
[2020.05.27-04.23.16:376][541]LogOnlineSession: Warning: STEAM: Failed to parse setting from key SearchKey22 value 1
[2020.05.27-04.23.16:376][541]LogOnlineSession: Warning: STEAM: Unknown or unsupported data type from Steam key data SearchKey23 2
[2020.05.27-04.23.16:376][541]LogOnlineSession: Warning: STEAM: Failed to parse setting from key SearchKey23 value 2
[2020.05.27-04.23.16:376][541]LogOnlineSession: Warning: STEAM: Unknown or unsupported data type from Steam key data SearchKey24 1
[2020.05.27-04.23.16:376][541]LogOnlineSession: Warning: STEAM: Failed to parse setting from key SearchKey24 value 1
[2020.05.27-04.23.16:376][541]LogOnlineSession: Warning: STEAM: Unknown or unsupported data type from Steam key data SearchKey3 2
[2020.05.27-04.23.16:376][541]LogOnlineSession: Warning: STEAM: Failed to parse setting from key SearchKey3 value 2
[2020.05.27-04.23.16:376][541]LogOnlineSession: Warning: STEAM: Unknown or unsupported data type from Steam key data SearchKey4 1
[2020.05.27-04.23.16:376][541]LogOnlineSession: Warning: STEAM: Failed to parse setting from key SearchKey4 value 1
[2020.05.27-04.23.16:376][541]LogOnlineSession: Warning: STEAM: Unknown or unsupported data type from Steam key data SearchKey5 2147483647
[2020.05.27-04.23.16:376][541]LogOnlineSession: Warning: STEAM: Failed to parse setting from key SearchKey5 value 2147483647
[2020.05.27-04.23.16:377][541]LogOnlineSession: Warning: STEAM: Unknown or unsupported data type from Steam key data SearchKey6 0
[2020.05.27-04.23.16:377][541]LogOnlineSession: Warning: STEAM: Failed to parse setting from key SearchKey6 value 0
[2020.05.27-04.23.16:377][541]LogOnlineSession: Warning: STEAM: Unknown or unsupported data type from Steam key data SearchKey7 0
[2020.05.27-04.23.16:377][541]LogOnlineSession: Warning: STEAM: Failed to parse setting from key SearchKey7 value 0
[2020.05.27-04.23.16:377][541]LogOnlineSession: Warning: STEAM: Unknown or unsupported data type from Steam key data SearchKey8 1
[2020.05.27-04.23.16:377][541]LogOnlineSession: Warning: STEAM: Failed to parse setting from key SearchKey8 value 1
[2020.05.27-04.23.16:377][541]LogOnlineSession: Warning: STEAM: Unknown or unsupported data type from Steam key data SearchKey9 0
[2020.05.27-04.23.16:377][541]LogOnlineSession: Warning: STEAM: Failed to parse setting from key SearchKey9 value 0
[2020.05.27-04.23.16:377][541]LogOnlineSession: Warning: STEAM: Unknown or unsupported data type from Steam key data SlotPrivateMax 0
[2020.05.27-04.23.16:377][541]LogOnlineSession: Warning: STEAM: Failed to parse setting from key SlotPrivateMax value 0
[2020.05.27-04.23.16:377][541]LogOnlineSession: Warning: STEAM: Unknown or unsupported data type from Steam key data SlotPrivateOpen 0
[2020.05.27-04.23.16:377][541]LogOnlineSession: Warning: STEAM: Failed to parse setting from key SlotPrivateOpen value 0
[2020.05.27-04.23.16:377][541]LogOnlineSession: Warning: STEAM: Unknown or unsupported data type from Steam key data SlotPublicMax 2
[2020.05.27-04.23.16:377][541]LogOnlineSession: Warning: STEAM: Failed to parse setting from key SlotPublicMax value 2
[2020.05.27-04.23.16:378][541]LogOnlineSession: Warning: STEAM: Unknown or unsupported data type from Steam key data SlotPublicOpen 1
[2020.05.27-04.23.16:378][541]LogOnlineSession: Warning: STEAM: Failed to parse setting from key SlotPublicOpen value 1
[2020.05.27-04.23.16:381][541]LogOnlineSession: Warning: STEAM: Unable to parse search result for lobby 'Lobby[0x18600000B08E85A]'
[2020.05.27-04.23.16:381][541]LogOnlineSession: STEAM: Search result 1: LobbyId=Lobby[0x18600000B08549F], LobbyId.IsValid()=true, CSteamID(LobbyId).IsLobby()=true
[2020.05.27-04.23.16:381][541]LogOnlineSession: Warning: STEAM: Unknown or unsupported data type from Steam key data 1000000c I46
[2020.05.27-04.23.16:381][541]LogOnlineSession: Warning: STEAM: Failed to parse setting from key 1000000c value I46
[2020.05.27-04.23.16:381][541]LogOnlineSession: Warning: STEAM: Unknown or unsupported data type from Steam key data 1000000d I7
[2020.05.27-04.23.16:381][541]LogOnlineSession: Warning: STEAM: Failed to parse setting from key 1000000d value I7
[2020.05.27-04.23.16:381][541]LogOnlineSession: Warning: STEAM: Unknown or unsupported data type from Steam key data 10000010 I0
[2020.05.27-04.23.16:381][541]LogOnlineSession: Warning: STEAM: Failed to parse setting from key 10000010 value I0
[2020.05.27-04.23.16:382][541]LogOnlineSession: Warning: STEAM: Unknown or unsupported data type from Steam key data 10000011 I-1
[2020.05.27-04.23.16:382][541]LogOnlineSession: Warning: STEAM: Failed to parse setting from key 10000011 value I-1
[2020.05.27-04.23.16:382][541]LogOnlineSession: Warning: STEAM: Unknown or unsupported data type from Steam key data 10000012 I0
[2020.05.27-04.23.16:382][541]LogOnlineSession: Warning: STEAM: Failed to parse setting from key 10000012 value I0
[2020.05.27-04.23.16:382][541]LogOnlineSession: Warning: STEAM: Unknown or unsupported data type from Steam key data 10000013 I0
[2020.05.27-04.23.16:382][541]LogOnlineSession: Warning: STEAM: Failed to parse setting from key 10000013 value I0
[2020.05.27-04.23.16:382][541]LogOnlineSession: Warning: STEAM: Unknown or unsupported data type from Steam key data 10000014 I0
[2020.05.27-04.23.16:382][541]LogOnlineSession: Warning: STEAM: Failed to parse setting from key 10000014 value I0
[2020.05.27-04.23.16:382][541]LogOnlineSession: Warning: STEAM: Unknown or unsupported data type from Steam key data 2000000e I3544385890265674032
[2020.05.27-04.23.16:382][541]LogOnlineSession: Warning: STEAM: Failed to parse setting from key 2000000e value I3544385890265674032
[2020.05.27-04.23.16:382][541]LogOnlineSession: Warning: STEAM: Unknown or unsupported data type from Steam key data 2000000f I7365412037174846771
[2020.05.27-04.23.16:382][541]LogOnlineSession: Warning: STEAM: Failed to parse setting from key 2000000f value I7365412037174846771
[2020.05.27-04.23.16:383][541]LogOnlineSession: Warning: STEAM: Unknown or unsupported data type from Steam key data 20000015 I0
[2020.05.27-04.23.16:383][541]LogOnlineSession: Warning: STEAM: Failed to parse setting from key 20000015 value I0
[2020.05.27-04.23.16:383][541]LogOnlineSession: Warning: STEAM: Unknown or unsupported data type from Steam key data 20000017 I0
[2020.05.27-04.23.16:383][541]LogOnlineSession: Warning: STEAM: Failed to parse setting from key 20000017 value I0
[2020.05.27-04.23.16:383][541]LogOnlineSession: Warning: STEAM: Unknown or unsupported data type from Steam key data 20000018 I0
[2020.05.27-04.23.16:383][541]LogOnlineSession: Warning: STEAM: Failed to parse setting from key 20000018 value I0
[2020.05.27-04.23.16:383][541]LogOnlineSession: Warning: STEAM: Unknown or unsupported data type from Steam key data 20000019 I0
[2020.05.27-04.23.16:383][541]LogOnlineSession: Warning: STEAM: Failed to parse setting from key 20000019 value I0
[2020.05.27-04.23.16:383][541]LogOnlineSession: Warning: STEAM: Unknown or unsupported data type from Steam key data 2000001a I0
[2020.05.27-04.23.16:383][541]LogOnlineSession: Warning: STEAM: Failed to parse setting from key 2000001a value I0
[2020.05.27-04.23.16:383][541]LogOnlineSession: Warning: STEAM: Unknown or unsupported data type from Steam key data 2000001b I0
[2020.05.27-04.23.16:383][541]LogOnlineSession: Warning: STEAM: Failed to parse setting from key 2000001b value I0
[2020.05.27-04.23.16:419][541]LogOnlineSession: Warning: STEAM: Unable to parse search result for lobby 'Lobby[0x18600000B08549F]'
[2020.05.27-04.23.16:419][541]LogOnlineSession: STEAM: Search result 2: LobbyId=Lobby[0x18600000B08857A], LobbyId.IsValid()=true, CSteamID(LobbyId).IsLobby()=true
[2020.05.27-04.23.16:419][541]LogOnlineSession: Warning: STEAM: Unknown or unsupported data type from Steam key data 1000000c I46
[2020.05.27-04.23.16:419][541]LogOnlineSession: Warning: STEAM: Failed to parse setting from key 1000000c value I46
[2020.05.27-04.23.16:419][541]LogOnlineSession: Warning: STEAM: Unknown or unsupported data type from Steam key data 1000000d I7
[2020.05.27-04.23.16:419][541]LogOnlineSession: Warning: STEAM: Failed to parse setting from key 1000000d value I7
[2020.05.27-04.23.16:419][541]LogOnlineSession: Warning: STEAM: Unknown or unsupported data type from Steam key data 10000010 I0
[2020.05.27-04.23.16:419][541]LogOnlineSession: Warning: STEAM: Failed to parse setting from key 10000010 value I0
[2020.05.27-04.23.16:420][541]LogOnlineSession: Warning: STEAM: Unknown or unsupported data type from Steam key data 10000011 I-1
[2020.05.27-04.23.16:420][541]LogOnlineSession: Warning: STEAM: Failed to parse setting from key 10000011 value I-1
[2020.05.27-04.23.16:420][541]LogOnlineSession: Warning: STEAM: Unknown or unsupported data type from Steam key data 10000012 I0
[2020.05.27-04.23.16:420][541]LogOnlineSession: Warning: STEAM: Failed to parse setting from key 10000012 value I0
[2020.05.27-04.23.16:420][541]LogOnlineSession: Warning: STEAM: Unknown or unsupported data type from Steam key data 10000013 I0
[2020.05.27-04.23.16:420][541]LogOnlineSession: Warning: STEAM: Failed to parse setting from key 10000013 value I0
[2020.05.27-04.23.16:420][541]LogOnlineSession: Warning: STEAM: Unknown or unsupported data type from Steam key data 10000014 I0
[2020.05.27-04.23.16:420][541]LogOnlineSession: Warning: STEAM: Failed to parse setting from key 10000014 value I0
[2020.05.27-04.23.16:420][541]LogOnlineSession: Warning: STEAM: Unknown or unsupported data type from Steam key data 2000000e I3544385890265674032
[2020.05.27-04.23.16:420][541]LogOnlineSession: Warning: STEAM: Failed to parse setting from key 2000000e value I3544385890265674032
[2020.05.27-04.23.16:421][541]LogOnlineSession: Warning: STEAM: Unknown or unsupported data type from Steam key data 2000000f I3631135382012180529
[2020.05.27-04.23.16:421][541]LogOnlineSession: Warning: STEAM: Failed to parse setting from key 2000000f value I3631135382012180529
[2020.05.27-04.23.16:421][541]LogOnlineSession: Warning: STEAM: Unknown or unsupported data type from Steam key data 20000015 I0
[2020.05.27-04.23.16:421][541]LogOnlineSession: Warning: STEAM: Failed to parse setting from key 20000015 value I0
[2020.05.27-04.23.16:421][541]LogOnlineSession: Warning: STEAM: Unknown or unsupported data type from Steam key data 20000017 I0
[2020.05.27-04.23.16:421][541]LogOnlineSession: Warning: STEAM: Failed to parse setting from key 20000017 value I0
[2020.05.27-04.23.16:421][541]LogOnlineSession: Warning: STEAM: Unknown or unsupported data type from Steam key data 20000018 I0
[2020.05.27-04.23.16:421][541]LogOnlineSession: Warning: STEAM: Failed to parse setting from key 20000018 value I0
[2020.05.27-04.23.16:421][541]LogOnlineSession: Warning: STEAM: Unknown or unsupported data type from Steam key data 20000019 I0
[2020.05.27-04.23.16:421][541]LogOnlineSession: Warning: STEAM: Failed to parse setting from key 20000019 value I0
[2020.05.27-04.23.16:421][541]LogOnlineSession: Warning: STEAM: Unknown or unsupported data type from Steam key data 2000001a I0
[2020.05.27-04.23.16:421][541]LogOnlineSession: Warning: STEAM: Failed to parse setting from key 2000001a value I0
[2020.05.27-04.23.16:421][541]LogOnlineSession: Warning: STEAM: Unknown or unsupported data type from Steam key data 2000001b I0
[2020.05.27-04.23.16:422][541]LogOnlineSession: Warning: STEAM: Failed to parse setting from key 2000001b value I0
[2020.05.27-04.23.16:422][541]LogOnlineSession: Warning: STEAM: Unable to parse search result for lobby 'Lobby[0x18600000B08857A]'
[2020.05.27-04.23.16:422][541]LogOnlineSession: STEAM: Search result 3: LobbyId=Lobby[0x18600000B08E620], LobbyId.IsValid()=true, CSteamID(LobbyId).IsLobby()=true
[2020.05.27-04.23.16:422][541]LogOnlineSession: Warning: STEAM: Unknown or unsupported data type from Steam key data GAMEMODE 3
[2020.05.27-04.23.16:422][541]LogOnlineSession: Warning: STEAM: Failed to parse setting from key GAMEMODE value 3
[2020.05.27-04.23.16:422][541]LogOnlineSession: Warning: STEAM: Unknown or unsupported data type from Steam key data MAXPLAYERS 16
[2020.05.27-04.23.16:422][541]LogOnlineSession: Warning: STEAM: Failed to parse setting from key MAXPLAYERS value 16
[2020.05.27-04.23.16:422][541]LogOnlineSession: Warning: STEAM: Unknown or unsupported data type from Steam key data MODE 0
[2020.05.27-04.23.16:422][541]LogOnlineSession: Warning: STEAM: Failed to parse setting from key MODE value 0
[2020.05.27-04.23.16:422][541]LogOnlineSession: Warning: STEAM: Unknown or unsupported data type from Steam key data RNG 1119568224
[2020.05.27-04.23.16:422][541]LogOnlineSession: Warning: STEAM: Failed to parse setting from key RNG value 1119568224
[2020.05.27-04.23.16:422][541]LogOnlineSession: Warning: STEAM: Unknown or unsupported data type from Steam key data ua 2199023255552
[2020.05.27-04.23.16:422][541]LogOnlineSession: Warning: STEAM: Failed to parse setting from key ua value 2199023255552
[2020.05.27-04.23.16:422][541]LogOnlineSession: Warning: STEAM: Unknown or unsupported data type from Steam key data VS 59018
[2020.05.27-04.23.16:423][541]LogOnlineSession: Warning: STEAM: Failed to parse setting from key VS value 59018
[2020.05.27-04.23.16:423][541]LogOnlineSession: Warning: STEAM: Unable to parse search result for lobby 'Lobby[0x18600000B08E620]'
[2020.05.27-04.23.16:423][541]LogOnlineSession: STEAM: Search result 4: LobbyId=Lobby[0x18600000B08DFF7], LobbyId.IsValid()=true, CSteamID(LobbyId).IsLobby()=true
[2020.05.27-04.23.16:423][541]LogOnlineSession: Warning: STEAM: Unable to parse search result for lobby 'Lobby[0x18600000B08DFF7]'
[2020.05.27-04.23.16:423][541]LogOnlineSession: STEAM: Search result 5: LobbyId=Lobby[0x18600000B08E619], LobbyId.IsValid()=true, CSteamID(LobbyId).IsLobby()=true
[2020.05.27-04.23.16:423][541]LogOnlineSession: Warning: STEAM: Unknown or unsupported data type from Steam key data name jehumister44
[2020.05.27-04.23.16:423][541]LogOnlineSession: Warning: STEAM: Failed to parse setting from key name value jehumister44
[2020.05.27-04.23.16:423][541]LogOnlineSession: Warning: STEAM: Unknown or unsupported data type from Steam key data net 2
[2020.05.27-04.23.16:423][541]LogOnlineSession: Warning: STEAM: Failed to parse setting from key net value 2
[2020.05.27-04.23.16:423][541]LogOnlineSession: Warning: STEAM: Unknown or unsupported data type from Steam key data version v1.4a0 2617
[2020.05.27-04.23.16:423][541]LogOnlineSession: Warning: STEAM: Failed to parse setting from key version value v1.4a0 2617
[2020.05.27-04.23.16:423][541]LogOnlineSession: Warning: STEAM: Unable to parse search result for lobby 'Lobby[0x18600000B08E619]'
[2020.05.27-04.23.16:423][541]LogOnlineSession: STEAM: Search result 6: LobbyId=Lobby[0x18600000B08DF37], LobbyId.IsValid()=true, CSteamID(LobbyId).IsLobby()=true
[2020.05.27-04.23.16:423][541]LogOnlineSession: Warning: STEAM: Unknown or unsupported data type from Steam key data currentmembers 2
[2020.05.27-04.23.16:423][541]LogOnlineSession: Warning: STEAM: Failed to parse setting from key currentmembers value 2
[2020.05.27-04.23.16:423][541]LogOnlineSession: Warning: STEAM: Unknown or unsupported data type from Steam key data guid 9280878e-164a-432f-a13f-70b4d465b6f0
[2020.05.27-04.23.16:423][541]LogOnlineSession: Warning: STEAM: Failed to parse setting from key guid value 9280878e-164a-432f-a13f-70b4d465b6f0
[2020.05.27-04.23.16:424][541]LogOnlineSession: Warning: STEAM: Unknown or unsupported data type from Steam key data name Keviiiiiiiiiiiiiiiiiiiiiiiiin (Alexisfg1)
[2020.05.27-04.23.16:424][541]LogOnlineSession: Warning: STEAM: Failed to parse setting from key name value Keviiiiiiiiiiiiiiiiiiiiiiiiin (Alexisfg1)
[2020.05.27-04.23.16:424][541]LogOnlineSession: Warning: STEAM: Unknown or unsupported data type from Steam key data prefabdbversion 95F414C35DF064A69E628D8344EE5FAC1D8406506A1C0929B8629C37EA18B5C4
[2020.05.27-04.23.16:424][541]LogOnlineSession: Warning: STEAM: Failed to parse setting from key prefabdbversion value 95F414C35DF064A69E628D8344EE5FAC1D8406506A1C0929B8629C37EA18B5C4
[2020.05.27-04.23.16:424][541]LogOnlineSession: Warning: STEAM: Unknown or unsupported data type from Steam key data __gameserverIP 0
[2020.05.27-04.23.16:424][541]LogOnlineSession: Warning: STEAM: Failed to parse setting from key __gameserverIP value 0
[2020.05.27-04.23.16:424][541]LogOnlineSession: Warning: STEAM: Unknown or unsupported data type from Steam key data __gameserverPort 0
[2020.05.27-04.23.16:424][541]LogOnlineSession: Warning: STEAM: Failed to parse setting from key __gameserverPort value 0
[2020.05.27-04.23.16:424][541]LogOnlineSession: Warning: STEAM: Unknown or unsupported data type from Steam key data __gameserverSteamID 90135630962542599
[2020.05.27-04.23.16:424][541]LogOnlineSession: Warning: STEAM: Failed to parse setting from key __gameserverSteamID value 90135630962542599
[2020.05.27-04.23.16:424][541]LogOnlineSession: Warning: STEAM: Unable to parse search result for lobby 'Lobby[0x18600000B08DF37]'
[2020.05.27-04.23.16:424][541]LogOnlineSession: STEAM: Search result 7: LobbyId=Lobby[0x18600000B08D77A], LobbyId.IsValid()=true, CSteamID(LobbyId).IsLobby()=true
[2020.05.27-04.23.16:425][541]LogOnlineSession: Warning: STEAM: Unknown or unsupported data type from Steam key data currentmembers 4
[2020.05.27-04.23.16:425][541]LogOnlineSession: Warning: STEAM: Failed to parse setting from key currentmembers value 4
[2020.05.27-04.23.16:425][541]LogOnlineSession: Warning: STEAM: Unknown or unsupported data type from Steam key data guid 89749679-c862-45ec-be67-186a87de0e95
[2020.05.27-04.23.16:425][541]LogOnlineSession: Warning: STEAM: Failed to parse setting from key guid value 89749679-c862-45ec-be67-186a87de0e95
[2020.05.27-04.23.16:425][541]LogOnlineSession: Warning: STEAM: Unknown or unsupported data type from Steam key data name ScarlettGood (ScarlettGood_112)
[2020.05.27-04.23.16:425][541]LogOnlineSession: Warning: STEAM: Failed to parse setting from key name value ScarlettGood (ScarlettGood_112)
[2020.05.27-04.23.16:425][541]LogOnlineSession: Warning: STEAM: Unknown or unsupported data type from Steam key data prefabdbversion 95F414C35DF064A69E628D8344EE5FAC1D8406506A1C0929B8629C37EA18B5C4
[2020.05.27-04.23.16:425][541]LogOnlineSession: Warning: STEAM: Failed to parse setting from key prefabdbversion value 95F414C35DF064A69E628D8344EE5FAC1D8406506A1C0929B8629C37EA18B5C4
[2020.05.27-04.23.16:425][541]LogOnlineSession: Warning: STEAM: Unknown or unsupported data type from Steam key data __gameserverIP 0
[2020.05.27-04.23.16:425][541]LogOnlineSession: Warning: STEAM: Failed to parse setting from key __gameserverIP value 0
[2020.05.27-04.23.16:425][541]LogOnlineSession: Warning: STEAM: Unknown or unsupported data type from Steam key data __gameserverPort 0
[2020.05.27-04.23.16:425][541]LogOnlineSession: Warning: STEAM: Failed to parse setting from key __gameserverPort value 0
[2020.05.27-04.23.16:425][541]LogOnlineSession: Warning: STEAM: Unknown or unsupported data type from Steam key data __gameserverSteamID 90135630666462209
[2020.05.27-04.23.16:425][541]LogOnlineSession: Warning: STEAM: Failed to parse setting from key __gameserverSteamID value 90135630666462209
[2020.05.27-04.23.16:425][541]LogOnlineSession: Warning: STEAM: Unable to parse search result for lobby 'Lobby[0x18600000B08D77A]'
[2020.05.27-04.23.16:425][541]LogOnlineSession: STEAM: Search result 8: LobbyId=Lobby[0x18600000B08D73B], LobbyId.IsValid()=true, CSteamID(LobbyId).IsLobby()=true
[2020.05.27-04.23.16:426][541]LogOnlineSession: Warning: STEAM: Unknown or unsupported data type from Steam key data GAMEMODE PARTY
[2020.05.27-04.23.16:426][541]LogOnlineSession: Warning: STEAM: Failed to parse setting from key GAMEMODE value PARTY
[2020.05.27-04.23.16:426][541]LogOnlineSession: Warning: STEAM: Unknown or unsupported data type from Steam key data lastHostHearbeat 1590553369
[2020.05.27-04.23.16:426][541]LogOnlineSession: Warning: STEAM: Failed to parse setting from key lastHostHearbeat value 1590553369
[2020.05.27-04.23.16:426][541]LogOnlineSession: Warning: STEAM: Unknown or unsupported data type from Steam key data limitAmount 20
[2020.05.27-04.23.16:426][541]LogOnlineSession: Warning: STEAM: Failed to parse setting from key limitAmount value 20
[2020.05.27-04.23.16:426][541]LogOnlineSession: Warning: STEAM: Unknown or unsupported data type from Steam key data limitType ROUNDS
[2020.05.27-04.23.16:426][541]LogOnlineSession: Warning: STEAM: Failed to parse setting from key limitType value ROUNDS
[2020.05.27-04.23.16:426][541]LogOnlineSession: Warning: STEAM: Unknown or unsupported data type from Steam key data lobbyHealthDebug S185 K0 C250 P-372 Q-150 C560 PNG150 AFK0 P0
[2020.05.27-04.23.16:426][541]LogOnlineSession: Warning: STEAM: Failed to parse setting from key lobbyHealthDebug value S185 K0 C250 P-372 Q-150 C560 PNG150 AFK0 P0
[2020.05.27-04.23.16:426][541]LogOnlineSession: Warning: STEAM: Unknown or unsupported data type from Steam key data lobbyHealthNum 623
[2020.05.27-04.23.16:426][541]LogOnlineSession: Warning: STEAM: Failed to parse setting from key lobbyHealthNum value 623
[2020.05.27-04.23.16:426][541]LogOnlineSession: Warning: STEAM: Unknown or unsupported data type from Steam key data lobbyPlayerSkills 3,25.0342872065773,2.90695311679846,31.8595313129177,3.08687480775844,27.3303409886514,2.32474744451435
[2020.05.27-04.23.16:426][541]LogOnlineSession: Warning: STEAM: Failed to parse setting from key lobbyPlayerSkills value 3,25.0342872065773,2.90695311679846,31.8595313129177,3.08687480775844,27.3303409886514,2.32474744451435
[2020.05.27-04.23.16:426][541]LogOnlineSession: Warning: STEAM: Unknown or unsupported data type from Steam key data matchProgress 45
[2020.05.27-04.23.16:426][541]LogOnlineSession: Warning: STEAM: Failed to parse setting from key matchProgress value 45
[2020.05.27-04.23.16:427][541]LogOnlineSession: Warning: STEAM: Unknown or unsupported data type from Steam key data owner BossBasilik2858
[2020.05.27-04.23.16:427][541]LogOnlineSession: Warning: STEAM: Failed to parse setting from key owner value BossBasilik2858
[2020.05.27-04.23.16:427][541]LogOnlineSession: Warning: STEAM: Unknown or unsupported data type from Steam key data players 3
[2020.05.27-04.23.16:427][541]LogOnlineSession: Warning: STEAM: Failed to parse setting from key players value 3
[2020.05.27-04.23.16:427][541]LogOnlineSession: Warning: STEAM: Unknown or unsupported data type from Steam key data pointLimit 750
[2020.05.27-04.23.16:427][541]LogOnlineSession: Warning: STEAM: Failed to parse setting from key pointLimit value 750
[2020.05.27-04.23.16:427][541]LogOnlineSession: Warning: STEAM: Unknown or unsupported data type from Steam key data port 17778
[2020.05.27-04.23.16:427][541]LogOnlineSession: Warning: STEAM: Failed to parse setting from key port value 17778
[2020.05.27-04.23.16:427][541]LogOnlineSession: Warning: STEAM: Unknown or unsupported data type from Steam key data unityLobbyNetworkID 4503599643695515
[2020.05.27-04.23.16:427][541]LogOnlineSession: Warning: STEAM: Failed to parse setting from key unityLobbyNetworkID value 4503599643695515
[2020.05.27-04.23.16:427][541]LogOnlineSession: Warning: STEAM: Unknown or unsupported data type from Steam key data unityRelayRegion America
[2020.05.27-04.23.16:427][541]LogOnlineSession: Warning: STEAM: Failed to parse setting from key unityRelayRegion value America
[2020.05.27-04.23.16:427][541]LogOnlineSession: Warning: STEAM: Unknown or unsupported data type from Steam key data usingUnityRelay True
[2020.05.27-04.23.16:427][541]LogOnlineSession: Warning: STEAM: Failed to parse setting from key usingUnityRelay value True
[2020.05.27-04.23.16:427][541]LogOnlineSession: Warning: STEAM: Unknown or unsupported data type from Steam key data version 1.3.15
[2020.05.27-04.23.16:427][541]LogOnlineSession: Warning: STEAM: Failed to parse setting from key version value 1.3.15
[2020.05.27-04.23.16:427][541]LogOnlineSession: Warning: STEAM: Unable to parse search result for lobby 'Lobby[0x18600000B08D73B]'
[2020.05.27-04.23.16:427][541]LogOnlineSession: STEAM: Search result 9: LobbyId=Lobby[0x18600000B08E36E], LobbyId.IsValid()=true, CSteamID(LobbyId).IsLobby()=true
[2020.05.27-04.23.16:428][541]LogOnlineSession: Warning: STEAM: Unknown or unsupported data type from Steam key data GAMEMODE 3
[2020.05.27-04.23.16:428][541]LogOnlineSession: Warning: STEAM: Failed to parse setting from key GAMEMODE value 3
[2020.05.27-04.23.16:428][541]LogOnlineSession: Warning: STEAM: Unknown or unsupported data type from Steam key data MAXPLAYERS 4
[2020.05.27-04.23.16:428][541]LogOnlineSession: Warning: STEAM: Failed to parse setting from key MAXPLAYERS value 4
[2020.05.27-04.23.16:428][541]LogOnlineSession: Warning: STEAM: Unknown or unsupported data type from Steam key data MODE 1
[2020.05.27-04.23.16:428][541]LogOnlineSession: Warning: STEAM: Failed to parse setting from key MODE value 1
[2020.05.27-04.23.16:428][541]LogOnlineSession: Warning: STEAM: Unknown or unsupported data type from Steam key data RNG -1781101593
[2020.05.27-04.23.16:428][541]LogOnlineSession: Warning: STEAM: Failed to parse setting from key RNG value -1781101593
[2020.05.27-04.23.16:428][541]LogOnlineSession: Warning: STEAM: Unknown or unsupported data type from Steam key data ua 71468382989985
[2020.05.27-04.23.16:428][541]LogOnlineSession: Warning: STEAM: Failed to parse setting from key ua value 71468382989985
[2020.05.27-04.23.16:428][541]LogOnlineSession: Warning: STEAM: Unknown or unsupported data type from Steam key data VS 59018
[2020.05.27-04.23.16:428][541]LogOnlineSession: Warning: STEAM: Failed to parse setting from key VS value 59018
[2020.05.27-04.23.16:428][541]LogOnlineSession: Warning: STEAM: Unable to parse search result for lobby 'Lobby[0x18600000B08E36E]'
[2020.05.27-04.23.17:188][589]LogOnlineSession: Warning: STEAM: Server response IP:82.18.3.221
[2020.05.27-04.23.17:189][589]LogOnlineSession: Warning: STEAM: Removed incompatible build: ServerBuildUniqueId = 0x00000000, GetBuildUniqueId() = 0x00565ec9
[2020.05.27-04.24.07:201][670]LogSlate: Window 'Vis2 (64-bit Development PCD3D_SM5) ' being destroyed
[2020.05.27-04.24.07:426][670]LogWindowsTextInputMethodSystem: Display: IME system now deactivated.
[2020.05.27-04.24.08:170][670]LogWindowsTextInputMethodSystem: Display: IME system now deactivated.
[2020.05.27-04.24.08:172][670]LogSlate: Updating window title bar state: overlay mode, drag disabled, window buttons hidden, title bar hidden
[2020.05.27-04.24.08:172][670]LogEngine: All Windows Closed
[2020.05.27-04.24.08:172][670]LogWindows: FPlatformMisc::RequestExit(0)
[2020.05.27-04.24.10:144][671]LogExit: Preparing to exit.
[2020.05.27-04.24.10:144][671]LogMoviePlayer: Shutting down movie player
[2020.05.27-04.24.10:791][671]LogSlate: Updating window title bar state: overlay mode, drag disabled, window buttons hidden, title bar hidden
[2020.05.27-04.24.10:866][671]LogExit: Game engine shut down
[2020.05.27-04.24.11:923][671]LogExit: Object subsystem successfully closed.
[2020.05.27-04.24.12:176][671]LogShaderCompilers: Display: Shaders left to compile 0
[2020.05.27-04.24.12:203][671]LogD3D11RHI: Shutdown
[2020.05.27-04.24.12:203][671]LogD3D11RHI: CleanupD3DDevice
[2020.05.27-04.24.12:226][671]LogRendererCore: FGlobalReadBuffer::ReleaseRHI
[2020.05.27-04.24.12:226][671]LogRendererCore: FGlobalDynamicReadBuffer::Cleanup()
[2020.05.27-04.24.12:243][671]LogRendererCore: FGlobalReadBuffer::ReleaseRHI
[2020.05.27-04.24.12:243][671]LogRendererCore: FGlobalDynamicReadBuffer::Cleanup()
[2020.05.27-04.24.12:243][671]LogRendererCore: FGlobalReadBuffer::ReleaseRHI
[2020.05.27-04.24.12:243][671]LogRendererCore: FGlobalDynamicReadBuffer::Cleanup()
[2020.05.27-04.24.12:312][671]LogD3D11RHI: ~FD3D11DynamicRHI
[2020.05.27-04.24.12:974][671]LogModuleManager: Shutting down and abandoning module SequenceRecorderSections (404)
[2020.05.27-04.24.12:974][671]LogModuleManager: Shutting down and abandoning module SequenceRecorder (402)
[2020.05.27-04.24.12:987][671]LogModuleManager: Shutting down and abandoning module AutomationController (400)
[2020.05.27-04.24.13:002][671]LogModuleManager: Shutting down and abandoning module AutomationWorker (398)
[2020.05.27-04.24.13:010][671]LogModuleManager: Shutting down and abandoning module Voice (396)
[2020.05.27-04.24.13:011][671]LogModuleManager: Shutting down and abandoning module AIModule (394)
[2020.05.27-04.24.13:012][671]LogModuleManager: Shutting down and abandoning module GameplayDebugger (393)
[2020.05.27-04.24.13:049][671]LogModuleManager: Shutting down and abandoning module AITestSuite (391)
[2020.05.27-04.24.13:049][671]LogModuleManager: Shutting down and abandoning module NavigationSystem (389)
[2020.05.27-04.24.13:049][671]LogModuleManager: Shutting down and abandoning module OculusMR (386)
[2020.05.27-04.24.13:049][671]LogModuleManager: Shutting down and abandoning module WmfMediaFactory (384)
[2020.05.27-04.24.13:049][671]LogModuleManager: Shutting down and abandoning module WebMMediaFactory (382)
[2020.05.27-04.24.13:049][671]LogModuleManager: Shutting down and abandoning module WebMMedia (380)
[2020.05.27-04.24.13:050][671]LogModuleManager: Shutting down and abandoning module OpenExrWrapper (378)
[2020.05.27-04.24.13:050][671]LogModuleManager: Shutting down and abandoning module ImgMediaFactory (376)
[2020.05.27-04.24.13:050][671]LogModuleManager: Shutting down and abandoning module AvfMediaFactory (374)
[2020.05.27-04.24.13:050][671]LogModuleManager: Shutting down and abandoning module MagicLeapCameraPreviewFactory (372)
[2020.05.27-04.24.13:050][671]LogModuleManager: Shutting down and abandoning module MagicLeapMediaCodecFactory (370)
[2020.05.27-04.24.13:050][671]LogModuleManager: Shutting down and abandoning module MagicLeapMediaFactory (368)
[2020.05.27-04.24.13:050][671]LogModuleManager: Shutting down and abandoning module CharacterAI (366)
[2020.05.27-04.24.13:050][671]LogModuleManager: Shutting down and abandoning module SessionServices (364)
[2020.05.27-04.24.13:050][671]LogModuleManager: Shutting down and abandoning module MovieSceneCapture (362)
[2020.05.27-04.24.13:050][671]LogModuleManager: Shutting down and abandoning module LiveCoding (360)
[2020.05.27-04.24.13:051][671]LogModuleManager: Shutting down and abandoning module LevelSequence (358)
[2020.05.27-04.24.13:051][671]LogModuleManager: Shutting down and abandoning module MovieSceneTracks (356)
[2020.05.27-04.24.13:051][671]LogModuleManager: Shutting down and abandoning module MovieScene (354)
[2020.05.27-04.24.13:051][671]LogModuleManager: Shutting down and abandoning module StreamingPauseRendering (352)
[2020.05.27-04.24.13:064][671]LogModuleManager: Shutting down and abandoning module PortalServices (350)
[2020.05.27-04.24.13:064][671]LogModuleManager: Shutting down and abandoning module PortalRpc (348)
[2020.05.27-04.24.13:064][671]LogModuleManager: Shutting down and abandoning module MessagingRpc (346)
[2020.05.27-04.24.13:064][671]LogModuleManager: Shutting down and abandoning module ImageWriteQueue (344)
[2020.05.27-04.24.13:067][671]LogModuleManager: Shutting down and abandoning module ProfilerService (342)
[2020.05.27-04.24.13:135][671]LogModuleManager: Shutting down and abandoning module TaskGraph (340)
[2020.05.27-04.24.13:137][671]LogModuleManager: Shutting down and abandoning module SteamVRController (338)
[2020.05.27-04.24.13:137][671]LogModuleManager: Shutting down and abandoning module ProceduralMeshComponent (336)
[2020.05.27-04.24.13:146][671]LogModuleManager: Shutting down and abandoning module OculusInput (334)
[2020.05.27-04.24.13:146][671]LogModuleManager: Shutting down and abandoning module MobilePatchingUtils (332)
[2020.05.27-04.24.13:146][671]LogModuleManager: Shutting down and abandoning module EditableMesh (330)
[2020.05.27-04.24.13:147][671]LogModuleManager: Shutting down and abandoning module CustomMeshComponent (328)
[2020.05.27-04.24.13:147][671]LogModuleManager: Shutting down and abandoning module CableComponent (326)
[2020.05.27-04.24.13:147][671]LogModuleManager: Shutting down and abandoning module AudioCapture (324)
[2020.05.27-04.24.13:147][671]LogModuleManager: Shutting down and abandoning module ArchVisCharacter (322)
[2020.05.27-04.24.13:147][671]LogModuleManager: Shutting down and abandoning module AndroidPermission (320)
[2020.05.27-04.24.13:147][671]LogModuleManager: Shutting down and abandoning module NUTUnrealEngine4 (316)
[2020.05.27-04.24.13:156][671]LogModuleManager: Shutting down and abandoning module NetcodeUnitTest (314)
[2020.05.27-04.24.13:158][671]LogModuleManager: Shutting down and abandoning module MediaCompositing (312)
[2020.05.27-04.24.13:158][671]LogModuleManager: Shutting down and abandoning module LinearTimecode (310)
[2020.05.27-04.24.13:158][671]LogModuleManager: Shutting down and abandoning module ImgMedia (308)
[2020.05.27-04.24.13:158][671]LogModuleManager: Shutting down and abandoning module MagicLeapHelperVulkan (306)
[2020.05.27-04.24.13:158][671]LogModuleManager: Shutting down and abandoning module MagicLeapHelperOpenGL (304)
[2020.05.27-04.24.13:158][671]LogModuleManager: Shutting down and abandoning module MagicLeapAudio (302)
[2020.05.27-04.24.13:158][671]LogModuleManager: Shutting down and abandoning module HTML5Networking (300)
[2020.05.27-04.24.13:158][671]LogModuleManager: Shutting down and abandoning module GeometryCacheTracks (298)
[2020.05.27-04.24.13:158][671]LogModuleManager: Shutting down and abandoning module GeometryCacheSequencer (297)
[2020.05.27-04.24.13:162][671]LogModuleManager: Shutting down and abandoning module GeometryCache (294)
[2020.05.27-04.24.13:162][671]LogModuleManager: Shutting down and abandoning module GeometryCacheEd (293)
[2020.05.27-04.24.13:162][671]LogModuleManager: Shutting down and abandoning module BackChannel (290)
[2020.05.27-04.24.13:163][671]LogModuleManager: Shutting down and abandoning module AppleVision (288)
[2020.05.27-04.24.13:163][671]LogModuleManager: Shutting down and abandoning module AppleImageUtilsBlueprintSupport (286)
[2020.05.27-04.24.13:163][671]LogModuleManager: Shutting down and abandoning module AppleImageUtils (284)
[2020.05.27-04.24.13:163][671]LogModuleManager: Shutting down and abandoning module VariantManagerContent (282)
[2020.05.27-04.24.13:163][671]LogModuleManager: Shutting down and abandoning module CryptoKeysOpenSSL (280)
[2020.05.27-04.24.13:163][671]LogModuleManager: Shutting down and abandoning module CryptoKeys (278)
[2020.05.27-04.24.13:163][671]LogModuleManager: Shutting down and abandoning module VisualStudioSourceCodeAccess (276)
[2020.05.27-04.24.13:168][671]LogModuleManager: Shutting down and abandoning module HotReload (275)
[2020.05.27-04.24.13:168][671]LogModuleManager: Shutting down and abandoning module DirectoryWatcher (274)
[2020.05.27-04.24.13:177][671]LogModuleManager: Shutting down and abandoning module VisualStudioCodeSourceCodeAccess (270)
[2020.05.27-04.24.13:177][671]LogModuleManager: Shutting down and abandoning module UObjectPlugin (268)
[2020.05.27-04.24.13:177][671]LogModuleManager: Shutting down and abandoning module SubversionSourceControl (266)
[2020.05.27-04.24.13:185][671]LogModuleManager: Shutting down and abandoning module PerforceSourceControl (264)
[2020.05.27-04.24.13:193][671]LogModuleManager: Shutting down and abandoning module SourceControl (263)
[2020.05.27-04.24.13:201][671]LogModuleManager: Shutting down and abandoning module CLionSourceCodeAccess (260)
[2020.05.27-04.24.13:201][671]LogModuleManager: Shutting down and abandoning module ActorLayerUtilities (258)
[2020.05.27-04.24.13:201][671]LogModuleManager: Shutting down and abandoning module SignificanceManager (256)
[2020.05.27-04.24.13:201][671]LogModuleManager: Shutting down and abandoning module RuntimePhysXCooking (254)
[2020.05.27-04.24.13:201][671]LogModuleManager: Shutting down and abandoning module PhysXVehiclesEditor (252)
[2020.05.27-04.24.13:201][671]LogModuleManager: Shutting down and abandoning module PhysXVehicles (250)
[2020.05.27-04.24.13:201][671]LogModuleManager: Shutting down and abandoning module LocationServicesBPLibrary (248)
[2020.05.27-04.24.13:201][671]LogModuleManager: Shutting down and abandoning module ActorSequence (246)
[2020.05.27-04.24.13:201][671]LogModuleManager: Shutting down and abandoning module UdpMessaging (244)
[2020.05.27-04.24.13:302][671]LogModuleManager: Shutting down and abandoning module TcpMessaging (242)
[2020.05.27-04.24.13:419][671]LogModuleManager: Shutting down and abandoning module MagicLeapIdentity (240)
[2020.05.27-04.24.13:419][671]LogModuleManager: Shutting down and abandoning module MagicLeapSecureStorage (238)
[2020.05.27-04.24.13:419][671]LogModuleManager: Shutting down and abandoning module MagicLeapHandTracking (236)
[2020.05.27-04.24.13:420][671]LogModuleManager: Shutting down and abandoning module MagicLeapEyeTracker (234)
[2020.05.27-04.24.13:420][671]LogModuleManager: Shutting down and abandoning module MagicLeapController (232)
[2020.05.27-04.24.13:431][671]LogSlate: Slate User Destroyed.  User Index 0, Is Virtual User: 0
[2020.05.27-04.24.13:431][671]LogModuleManager: Shutting down and abandoning module MagicLeapAR (230)
[2020.05.27-04.24.13:431][671]LogModuleManager: Shutting down and abandoning module AugmentedReality (229)
[2020.05.27-04.24.13:431][671]LogModuleManager: Shutting down and abandoning module GameplayTagsEditor (226)
[2020.05.27-04.24.13:440][671]LogModuleManager: Shutting down and abandoning module FacialAnimation (224)
[2020.05.27-04.24.13:440][671]LogModuleManager: Shutting down and abandoning module DataValidation (222)
[2020.05.27-04.24.13:440][671]LogModuleManager: Shutting down and abandoning module AssetManagerEditor (220)
[2020.05.27-04.24.13:440][671]LogModuleManager: Shutting down and abandoning module TreeMap (219)
[2020.05.27-04.24.13:450][671]LogModuleManager: Shutting down and abandoning module AnimationSharing (216)
[2020.05.27-04.24.13:450][671]LogModuleManager: Shutting down and abandoning module LightPropagationVolumeRuntime (214)
[2020.05.27-04.24.13:450][671]LogModuleManager: Shutting down and abandoning module AISupportModule (212)
[2020.05.27-04.24.13:450][671]LogModuleManager: Shutting down and abandoning module AdvancedSteamSessions (210)
[2020.05.27-04.24.13:450][671]LogModuleManager: Shutting down and abandoning module AdvancedSessions (208)
[2020.05.27-04.24.13:450][671]LogModuleManager: Shutting down and abandoning module Paper2D (206)
[2020.05.27-04.24.13:451][671]LogModuleManager: Shutting down and abandoning module WindowsMoviePlayer (204)
[2020.05.27-04.24.13:451][671]LogModuleManager: Shutting down and abandoning module WebMMoviePlayer (202)
[2020.05.27-04.24.13:451][671]LogModuleManager: Shutting down and abandoning module PacketHandler (200)
[2020.05.27-04.24.13:460][671]LogModuleManager: Shutting down and abandoning module ClothingSystemEditor (198)
[2020.05.27-04.24.13:460][671]LogModuleManager: Shutting down and abandoning module ClothingSystemRuntime (196)
[2020.05.27-04.24.13:495][671]LogModuleManager: Shutting down and abandoning module MediaAssets (194)
[2020.05.27-04.24.13:495][671]LogModuleManager: Shutting down and abandoning module Overlay (192)
[2020.05.27-04.24.13:495][671]LogModuleManager: Shutting down and abandoning module OverlayEditor (191)
[2020.05.27-04.24.13:495][671]LogModuleManager: Shutting down and abandoning module VREditor (188)
[2020.05.27-04.24.13:535][671]LogModuleManager: Shutting down and abandoning module StringTableEditor (186)
[2020.05.27-04.24.13:536][671]LogModuleManager: Shutting down and abandoning module GameplayTasksEditor (184)
[2020.05.27-04.24.13:536][671]LogModuleManager: Shutting down and abandoning module BehaviorTreeEditor (182)
[2020.05.27-04.24.13:566][671]LogModuleManager: Shutting down and abandoning module FunctionalTesting (180)
[2020.05.27-04.24.13:567][671]LogModuleManager: Shutting down and abandoning module CollisionAnalyzer (178)
[2020.05.27-04.24.13:589][671]LogModuleManager: Shutting down and abandoning module WorkspaceMenuStructure (177)
[2020.05.27-04.24.13:589][671]LogModuleManager: Shutting down and abandoning module UMG (174)
[2020.05.27-04.24.13:589][671]LogModuleManager: Shutting down and abandoning module UMGEditor (173)
[2020.05.27-04.24.13:606][671]LogModuleManager: Shutting down and abandoning module Sequencer (172)
[2020.05.27-04.24.13:617][671]LogModuleManager: Shutting down and abandoning module MessageLog (169)
[2020.05.27-04.24.13:629][671]LogModuleManager: Shutting down and abandoning module SlateReflector (164)
[2020.05.27-04.24.13:664][671]LogModuleManager: Shutting down and abandoning module Slate (162)
[2020.05.27-04.24.13:664][671]LogModuleManager: Shutting down and abandoning module EditorStyle (160)
[2020.05.27-04.24.13:666][671]LogModuleManager: Shutting down and abandoning module UnrealEd (158)
[2020.05.27-04.24.13:679][671]LogModuleManager: Shutting down and abandoning module MRMesh (156)
[2020.05.27-04.24.13:679][671]LogModuleManager: Shutting down and abandoning module Messaging (154)
[2020.05.27-04.24.13:679][671]LogModuleManager: Shutting down and abandoning module SourceCodeAccess (152)
[2020.05.27-04.24.13:679][671]LogModuleManager: Shutting down and abandoning module HeadMountedDisplay (150)
[2020.05.27-04.24.13:679][671]LogModuleManager: Shutting down and abandoning module XAudio2 (148)
[2020.05.27-04.24.13:679][671]LogModuleManager: Shutting down and abandoning module Networking (146)
[2020.05.27-04.24.13:679][671]LogModuleManager: Shutting down and abandoning module Core (144)
[2020.05.27-04.24.13:679][671]LogModuleManager: Shutting down and abandoning module KismetCompiler (142)
[2020.05.27-04.24.13:679][671]LogModuleManager: Shutting down and abandoning module MeshUtilities (140)
[2020.05.27-04.24.13:679][671]LogModuleManager: Shutting down and abandoning module MeshMergeUtilities (139)
[2020.05.27-04.24.13:680][671]LogModuleManager: Shutting down and abandoning module MeshReductionInterface (138)
[2020.05.27-04.24.13:680][671]LogModuleManager: Shutting down and abandoning module SkeletalMeshReduction (137)
[2020.05.27-04.24.13:681][671]LogModuleManager: Shutting down and abandoning module ProxyLODMeshReduction (135)
[2020.05.27-04.24.13:699][671]LogModuleManager: Shutting down and abandoning module QuadricMeshReduction (133)
[2020.05.27-04.24.13:700][671]LogModuleManager: Shutting down and abandoning module MaterialBaking (129)
[2020.05.27-04.24.13:713][671]LogModuleManager: Shutting down and abandoning module PIEPreviewDeviceProfileSelector (124)
[2020.05.27-04.24.13:721][671]LogModuleManager: Shutting down and abandoning module DerivedDataCache (122)
[2020.05.27-04.24.13:772][671]LogDerivedDataCache: Shutdown
[2020.05.27-04.24.13:773][671]LogModuleManager: Shutting down and abandoning module XGEController (120)
[2020.05.27-04.24.13:787][671]LogModuleManager: Shutting down and abandoning module TargetPlatform (118)
[2020.05.27-04.24.13:796][671]LogModuleManager: Shutting down and abandoning module VulkanShaderFormat (117)
[2020.05.27-04.24.13:805][671]LogModuleManager: Shutting down and abandoning module ShaderFormatVectorVM (115)
[2020.05.27-04.24.13:824][671]LogModuleManager: Shutting down and abandoning module ShaderFormatOpenGL (113)
[2020.05.27-04.24.13:825][671]LogModuleManager: Shutting down and abandoning module ShaderFormatD3D (111)
[2020.05.27-04.24.13:836][671]LogModuleManager: Shutting down and abandoning module MetalShaderFormat (109)
[2020.05.27-04.24.13:864][671]LogModuleManager: Shutting down and abandoning module TextureFormatUncompressed (107)
[2020.05.27-04.24.13:864][671]LogModuleManager: Shutting down and abandoning module TextureFormatPVR (105)
[2020.05.27-04.24.13:864][671]LogModuleManager: Shutting down and abandoning module TextureFormatDXT (103)
[2020.05.27-04.24.13:878][671]LogModuleManager: Shutting down and abandoning module TextureFormatIntelISPCTexComp (101)
[2020.05.27-04.24.13:885][671]LogModuleManager: Shutting down and abandoning module TextureFormatASTC (99)
[2020.05.27-04.24.13:885][671]LogModuleManager: Shutting down and abandoning module ImageWrapper (98)
[2020.05.27-04.24.13:885][671]LogModuleManager: Shutting down and abandoning module TextureFormatAndroid (95)
[2020.05.27-04.24.13:885][671]LogModuleManager: Shutting down and abandoning module AudioFormatOpus (93)
[2020.05.27-04.24.13:901][671]LogModuleManager: Shutting down and abandoning module AudioFormatOgg (91)
[2020.05.27-04.24.13:901][671]LogModuleManager: Shutting down and abandoning module AudioFormatADPCM (89)
[2020.05.27-04.24.13:924][671]LogModuleManager: Shutting down and abandoning module WindowsTargetPlatform (87)
[2020.05.27-04.24.13:924][671]LogModuleManager: Shutting down and abandoning module WindowsServerTargetPlatform (85)
[2020.05.27-04.24.13:924][671]LogModuleManager: Shutting down and abandoning module WindowsNoEditorTargetPlatform (83)
[2020.05.27-04.24.13:924][671]LogModuleManager: Shutting down and abandoning module WindowsClientTargetPlatform (81)
[2020.05.27-04.24.13:924][671]LogModuleManager: Shutting down and abandoning module InputCore (78)
[2020.05.27-04.24.13:924][671]LogModuleManager: Shutting down and abandoning module Settings (76)
[2020.05.27-04.24.13:924][671]LogModuleManager: Shutting down and abandoning module PhysXCooking (74)
[2020.05.27-04.24.13:924][671]LogModuleManager: Shutting down and abandoning module SteamVR (72)
[2020.05.27-04.24.13:925][671]LogHMD: Freeing OpenVRDLLHandle.
[2020.05.27-04.24.13:925][671]LogModuleManager: Shutting down and abandoning module OculusHMD (70)
[2020.05.27-04.24.13:947][671]LogModuleManager: Shutting down and abandoning module ExampleDeviceProfileSelector (68)
[2020.05.27-04.24.13:947][671]LogModuleManager: Shutting down and abandoning module LauncherChunkInstaller (66)
[2020.05.27-04.24.13:947][671]LogModuleManager: Shutting down and abandoning module OnlineBlueprintSupport (64)
[2020.05.27-04.24.13:947][671]LogModuleManager: Shutting down and abandoning module OnlineSubsystem (60)
[2020.05.27-04.24.13:966][671]LogOnline: Display: STEAM: OnlineSubsystemSteam::Shutdown()
[2020.05.27-04.24.13:975][671]LogOnline: STEAM: AUTH: Revoking all tickets.
[2020.05.27-04.24.14:681][671]LogOnline: Display: STEAM: OnlineSubsystemSteam::Shutdown()
[2020.05.27-04.24.14:682][671]LogModuleManager: Shutting down and abandoning module XMPP (55)
[2020.05.27-04.24.14:697][671]LogModuleManager: Shutting down and abandoning module WebSockets (54)
[2020.05.27-04.24.14:751][671]LogModuleManager: Shutting down and abandoning module HTTP (51)
[2020.05.27-04.24.14:769][671]LogModuleManager: Shutting down and abandoning module SSL (50)
[2020.05.27-04.24.14:771][671]LogModuleManager: Shutting down and abandoning module WmfMedia (46)
[2020.05.27-04.24.14:785][671]LogModuleManager: Shutting down and abandoning module Media (45)
[2020.05.27-04.24.14:791][671]LogModuleManager: Shutting down and abandoning module MagicLeap (42)
[2020.05.27-04.24.14:792][671]LogModuleManager: Shutting down and abandoning module DatasmithContent (40)
[2020.05.27-04.24.14:792][671]LogModuleManager: Shutting down and abandoning module AnimationModifiers (38)
[2020.05.27-04.24.14:805][671]LogModuleManager: Shutting down and abandoning module PropertyEditor (37)
[2020.05.27-04.24.14:817][671]LogModuleManager: Shutting down and abandoning module AudioEditor (34)
[2020.05.27-04.24.14:891][671]LogModuleManager: Shutting down and abandoning module TextureCompressor (32)
[2020.05.27-04.24.14:916][671]LogModuleManager: Shutting down and abandoning module RenderCore (30)
[2020.05.27-04.24.14:916][671]LogModuleManager: Shutting down and abandoning module Landscape (28)
[2020.05.27-04.24.14:916][671]LogModuleManager: Shutting down and abandoning module SlateRHIRenderer (26)
[2020.05.27-04.24.14:934][671]LogModuleManager: Shutting down and abandoning module OpenGLDrv (24)
[2020.05.27-04.24.14:958][671]LogModuleManager: Shutting down and abandoning module D3D11RHI (22)
[2020.05.27-04.24.14:958][671]LogModuleManager: Shutting down and abandoning module AnimGraphRuntime (20)
[2020.05.27-04.24.14:971][671]LogModuleManager: Shutting down and abandoning module Renderer (18)
[2020.05.27-04.24.14:971][671]LogModuleManager: Shutting down and abandoning module Engine (16)
[2020.05.27-04.24.14:971][671]LogModuleManager: Shutting down and abandoning module CoreUObject (14)
[2020.05.27-04.24.14:971][671]LogModuleManager: Shutting down and abandoning module NetworkFile (12)
[2020.05.27-04.24.14:977][671]LogModuleManager: Shutting down and abandoning module CookedIterativeFile (10)
[2020.05.27-04.24.14:977][671]LogModuleManager: Shutting down and abandoning module StreamingFile (8)
[2020.05.27-04.24.14:986][671]LogModuleManager: Shutting down and abandoning module SandboxFile (6)
[2020.05.27-04.24.14:986][671]LogModuleManager: Shutting down and abandoning module PakFile (4)
[2020.05.27-04.24.15:000][671]LogModuleManager: Shutting down and abandoning module RSA (3)
[2020.05.27-04.24.15:011][671]LogExit: Exiting.
[2020.05.27-04.24.15:050][671]Log file closed, 05/26/20 23:24:15
