Log file open, 05/02/20 22:30:56
LogWindows: Failed to load 'aqProf.dll' (GetLastError=126)
LogWindows: File 'aqProf.dll' does not exist
LogWindows: Failed to load 'VtuneApi.dll' (GetLastError=126)
LogWindows: File 'VtuneApi.dll' does not exist
LogWindows: Failed to load 'VtuneApi32e.dll' (GetLastError=126)
LogWindows: File 'VtuneApi32e.dll' does not exist
LogConsoleResponse: Display: Failed to find resolution value strings in scalability ini. Falling back to default.
LogInit: Display: Running engine for game: Vis2
LogPakFile: Registered encryption key '00000000000000000000000000000000': 0 pak files mounted, 0 remain pending
LogPlatformFile: Not using cached read wrapper
LogTaskGraph: Started task graph with 5 named threads and 35 total threads with 3 sets of task threads.
LogStats: Stats thread started at 0.422369
LogD3D11RHI: Loaded GFSDK_Aftermath_Lib.x64.dll
LogICUInternationalization: ICU TimeZone Detection - Raw Offset: -6:00, Platform Override: ''
LogPluginManager: Mounting plugin Paper2D
LogPluginManager: Mounting plugin AdvancedSessions
LogPluginManager: Mounting plugin AdvancedSteamSessions
LogPluginManager: Mounting plugin AISupport
LogPluginManager: Mounting plugin LightPropagationVolume
LogPluginManager: Mounting plugin ActorLayerUtilities
LogPluginManager: Mounting plugin AnimationSharing
LogPluginManager: Mounting plugin CLionSourceCodeAccess
LogPluginManager: Mounting plugin CodeLiteSourceCodeAccess
LogPluginManager: Mounting plugin GitSourceControl
LogPluginManager: Mounting plugin KDevelopSourceCodeAccess
LogPluginManager: Mounting plugin NullSourceCodeAccess
LogPluginManager: Mounting plugin PerforceSourceControl
LogPluginManager: Mounting plugin SubversionSourceControl
LogPluginManager: Mounting plugin UObjectPlugin
LogPluginManager: Mounting plugin VisualStudioCodeSourceCodeAccess
LogPluginManager: Mounting plugin VisualStudioSourceCodeAccess
LogPluginManager: Mounting plugin XCodeSourceCodeAccess
LogPluginManager: Mounting plugin AssetManagerEditor
LogPluginManager: Mounting plugin CryptoKeys
LogPluginManager: Mounting plugin DataValidation
LogPluginManager: Mounting plugin FacialAnimation
LogPluginManager: Mounting plugin GameplayTagsEditor
LogPluginManager: Mounting plugin MacGraphicsSwitching
LogPluginManager: Mounting plugin MaterialAnalyzer
LogPluginManager: Mounting plugin MobileLauncherProfileWizard
LogPluginManager: Mounting plugin PluginBrowser
LogPluginManager: Mounting plugin SpeedTreeImporter
LogPluginManager: Mounting plugin DatasmithContent
LogPluginManager: Mounting plugin VariantManagerContent
LogPluginManager: Mounting plugin AlembicImporter
LogPluginManager: Mounting plugin AppleImageUtils
LogPluginManager: Mounting plugin AppleVision
LogPluginManager: Mounting plugin BackChannel
LogPluginManager: Mounting plugin CharacterAI
LogPluginManager: Mounting plugin GeometryCache
LogPluginManager: Mounting plugin HTML5Networking
LogPluginManager: Mounting plugin ProxyLODPlugin
LogPluginManager: Mounting plugin SkeletalReduction
LogPluginManager: Mounting plugin MagicLeap
LogPluginManager: Mounting plugin MagicLeapMedia
LogPluginManager: Mounting plugin GraphFormatter
LogPluginManager: Mounting plugin AndroidMedia
LogPluginManager: Mounting plugin AvfMedia
LogPluginManager: Mounting plugin ImgMedia
LogPluginManager: Mounting plugin LinearTimecode
LogPluginManager: Mounting plugin MediaCompositing
LogPluginManager: Mounting plugin MediaPlayerEditor
LogPluginManager: Mounting plugin WebMMedia
LogPluginManager: Mounting plugin WmfMedia
LogPluginManager: Mounting plugin TcpMessaging
LogPluginManager: Mounting plugin UdpMessaging
LogPluginManager: Mounting plugin ActorSequence
LogPluginManager: Mounting plugin LevelSequenceEditor
LogPluginManager: Mounting plugin MatineeToLevelSequence
LogPluginManager: Mounting plugin NetcodeUnitTest
LogPluginManager: Mounting plugin NUTUnrealEngine4
LogPluginManager: Mounting plugin OnlineSubsystemGooglePlay
LogPluginManager: Mounting plugin OnlineSubsystemIOS
LogPluginManager: Mounting plugin OnlineSubsystem
LogPluginManager: Mounting plugin OnlineSubsystemNull
LogPluginManager: Mounting plugin OnlineSubsystemSteam
LogPluginManager: Mounting plugin OnlineSubsystemUtils
LogPluginManager: Mounting plugin LauncherChunkInstaller
LogPluginManager: Mounting plugin AndroidDeviceProfileSelector
LogPluginManager: Mounting plugin AndroidMoviePlayer
LogPluginManager: Mounting plugin AndroidPermission
LogPluginManager: Mounting plugin AppleMoviePlayer
LogPluginManager: Mounting plugin ArchVisCharacter
LogPluginManager: Mounting plugin AudioCapture
LogPluginManager: Mounting plugin CableComponent
LogPluginManager: Mounting plugin CustomMeshComponent
LogPluginManager: Mounting plugin EditableMesh
LogPluginManager: Mounting plugin ExampleDeviceProfileSelector
LogPluginManager: Mounting plugin Firebase
LogPluginManager: Mounting plugin GoogleCloudMessaging
LogPluginManager: Mounting plugin IOSDeviceProfileSelector
LogPluginManager: Mounting plugin LinuxDeviceProfileSelector
LogPluginManager: Mounting plugin LocationServicesBPLibrary
LogPluginManager: Mounting plugin MobilePatchingUtils
LogPluginManager: Mounting plugin OculusVR
LogPluginManager: Mounting plugin PhysXVehicles
LogPluginManager: Mounting plugin ProceduralMeshComponent
LogPluginManager: Mounting plugin RuntimePhysXCooking
LogPluginManager: Mounting plugin SignificanceManager
LogPluginManager: Mounting plugin SteamVR
LogPluginManager: Mounting plugin WebMMoviePlayer
LogPluginManager: Mounting plugin WindowsMoviePlayer
LogInit: Using libcurl 7.55.1-DEV
LogInit:  - built for x86_64-pc-win32
LogInit:  - supports SSL with OpenSSL/1.1.1
LogInit:  - supports HTTP deflate (compression) using libz 1.2.8
LogInit:  - other features:
LogInit:      CURL_VERSION_SSL
LogInit:      CURL_VERSION_LIBZ
LogInit:      CURL_VERSION_IPV6
LogInit:      CURL_VERSION_ASYNCHDNS
LogInit:      CURL_VERSION_LARGEFILE
LogInit:      CURL_VERSION_IDN
LogInit:  CurlRequestOptions (configurable via config and command line):
LogInit:  - bVerifyPeer = true  - Libcurl will verify peer certificate
LogInit:  - bUseHttpProxy = false  - Libcurl will NOT use HTTP proxy
LogInit:  - bDontReuseConnections = false  - Libcurl will reuse connections
LogInit:  - MaxHostConnections = 16  - Libcurl will limit the number of connections to a host
LogInit:  - LocalHostAddr = Default
LogInit:  - BufferSize = 65536
LogOnline: Display: STEAM: Loading Steam SDK 1.39
LogOnline: Warning: STEAM: Steamworks: SteamUtils() failed!
LogOnline: Warning: STEAM: Steamworks: SteamUser() failed!
LogOnline: Warning: STEAM: Steamworks: SteamFriends() failed!
LogOnline: Warning: STEAM: Steamworks: SteamRemoteStorage() failed!
LogOnline: Warning: STEAM: Steamworks: SteamUserStats() failed!
LogOnline: Warning: STEAM: Steamworks: SteamMatchmakingServers() failed!
LogOnline: Warning: STEAM: Steamworks: SteamApps() failed!
LogOnline: Warning: STEAM: Steamworks: SteamNetworking() failed!
LogOnline: Warning: STEAM: Steamworks: SteamMatchmaking() failed!
LogOnline: STEAM: [AppId: 0] Client API initialized 0
LogOnline: Display: STEAM: OnlineSubsystemSteam::Shutdown()
LogOnline: Warning: STEAM: Steam API failed to initialize!
LogOnline: Display: STEAM: OnlineSubsystemSteam::Shutdown()
LogOnline: OSS: Unable to create OnlineSubsystem module Steam
LogInit: WinSock: version 1.1 (2.2), MaxSocks=32767, MaxUdp=65467
LogInit: Build: ++UE4+Release-4.22-CL-7053642
LogInit: Engine Version: 4.22.3-7053642+++UE4+Release-4.22
LogInit: Compatible Engine Version: 4.22.0-5660361+++UE4+Release-4.22
LogInit: Net CL: 5660361
LogInit: OS: Windows 10 (Release 1909) (), CPU: Intel(R) Core(TM) i7-8750H CPU @ 2.20GHz, GPU: Intel(R) UHD Graphics 630
LogInit: Compiled (64-bit): Jun 18 2019 03:09:11
LogInit: Compiled with Visual C++: 19.16.27025.01
LogInit: Build Configuration: Development
LogInit: Branch Name: ++UE4+Release-4.22
LogInit: Command Line:  /Game/ThirdPersonBP/Maps/Test -game -PIEVIACONSOLE -ResX=1280 -ResY=720 -Multiprocess -messaging -SessionName="Play in Standalone Game" -windowed
LogInit: Base Directory: D:/EpicGames/UE_4.22/Engine/Binaries/Win64/
LogInit: Installed Engine Build: 1
LogDevObjectVersion: Number of dev versions registered: 23
LogDevObjectVersion:   Dev-Blueprints (B0D832E4-1F89-4F0D-ACCF-7EB736FD4AA2): 10
LogDevObjectVersion:   Dev-Build (E1C64328-A22C-4D53-A36C-8E866417BD8C): 0
LogDevObjectVersion:   Dev-Core (375EC13C-06E4-48FB-B500-84F0262A717E): 3
LogDevObjectVersion:   Dev-Editor (E4B068ED-F494-42E9-A231-DA0B2E46BB41): 30
LogDevObjectVersion:   Dev-Framework (CFFC743F-43B0-4480-9391-14DF171D2073): 35
LogDevObjectVersion:   Dev-Mobile (B02B49B5-BB20-44E9-A304-32B752E40360): 2
LogDevObjectVersion:   Dev-Networking (A4E4105C-59A1-49B5-A7C5-40C4547EDFEE): 0
LogDevObjectVersion:   Dev-Online (39C831C9-5AE6-47DC-9A44-9C173E1C8E7C): 0
LogDevObjectVersion:   Dev-Physics (78F01B33-EBEA-4F98-B9B4-84EACCB95AA2): 0
LogDevObjectVersion:   Dev-Platform (6631380F-2D4D-43E0-8009-CF276956A95A): 0
LogDevObjectVersion:   Dev-Rendering (12F88B9F-8875-4AFC-A67C-D90C383ABD29): 28
LogDevObjectVersion:   Dev-Sequencer (7B5AE74C-D270-4C10-A958-57980B212A5A): 11
LogDevObjectVersion:   Dev-VR (D7296918-1DD6-4BDD-9DE2-64A83CC13884): 2
LogDevObjectVersion:   Dev-LoadTimes (C2A15278-BFE7-4AFE-6C17-90FF531DF755): 1
LogDevObjectVersion:   Private-Geometry (6EACA3D4-40EC-4CC1-B786-8BED09428FC5): 3
LogDevObjectVersion:   Dev-AnimPhys (29E575DD-E0A3-4627-9D10-D276232CDCEA): 17
LogDevObjectVersion:   Dev-Anim (AF43A65D-7FD3-4947-9873-3E8ED9C1BB05): 2
LogDevObjectVersion:   Dev-ReflectionCapture (6B266CEC-1EC7-4B8F-A30B-E4D90942FC07): 1
LogDevObjectVersion:   Dev-Automation (0DF73D61-A23F-47EA-B727-89E90C41499A): 1
LogDevObjectVersion:   FortniteMain (601D1886-AC64-4F84-AA16-D3DE0DEAC7D6): 25
LogDevObjectVersion:   Dev-Enterprise (9DFFBCD6-494F-0158-E221-12823C92A888): 6
LogDevObjectVersion:   Dev-Niagara (F2AED0AC-9AFE-416F-8664-AA7FFA26D6FC): 1
LogDevObjectVersion:   Dev-Destruction (174F1F0B-B4C6-45A5-B13F-2EE8D0FB917D): 2
LogInit: Presizing for max 16777216 objects, including 0 objects not considered by GC, pre-allocating 0 bytes for permanent pool.
LogInit: Object subsystem initialized
LogConfig: Setting CVar [[con.DebugEarlyDefault:1]]
LogConfig: Setting CVar [[r.setres:1280x720]]
[2020.05.03-03.30.56:822][  0]LogConfig: Setting CVar [[con.DebugEarlyDefault:1]]
[2020.05.03-03.30.56:822][  0]LogConfig: Setting CVar [[r.setres:1280x720]]
[2020.05.03-03.30.56:822][  0]LogConfig: Applying CVar settings from Section [/Script/Engine.RendererSettings] File [D:/Documentos/UNI/8vo Semestre/V3/ProyectoFinal/VJ3-test/MapProject 4.22/Saved/Config/Windows/Engine.ini]
[2020.05.03-03.30.56:822][  0]LogConfig: Setting CVar [[r.GPUCrashDebugging:0]]
[2020.05.03-03.30.56:822][  0]LogConfig: Applying CVar settings from Section [/Script/Engine.RendererOverrideSettings] File [D:/Documentos/UNI/8vo Semestre/V3/ProyectoFinal/VJ3-test/MapProject 4.22/Saved/Config/Windows/Engine.ini]
[2020.05.03-03.30.56:823][  0]LogConfig: Applying CVar settings from Section [/Script/Engine.StreamingSettings] File [D:/Documentos/UNI/8vo Semestre/V3/ProyectoFinal/VJ3-test/MapProject 4.22/Saved/Config/Windows/Engine.ini]
[2020.05.03-03.30.56:823][  0]LogConfig: Setting CVar [[s.MinBulkDataSizeForAsyncLoading:131072]]
[2020.05.03-03.30.56:823][  0]LogConfig: Setting CVar [[s.AsyncLoadingThreadEnabled:0]]
[2020.05.03-03.30.56:823][  0]LogConfig: Setting CVar [[s.EventDrivenLoaderEnabled:1]]
[2020.05.03-03.30.56:823][  0]LogConfig: Setting CVar [[s.WarnIfTimeLimitExceeded:0]]
[2020.05.03-03.30.56:823][  0]LogConfig: Setting CVar [[s.TimeLimitExceededMultiplier:1.5]]
[2020.05.03-03.30.56:823][  0]LogConfig: Setting CVar [[s.TimeLimitExceededMinTime:0.005]]
[2020.05.03-03.30.56:823][  0]LogConfig: Setting CVar [[s.UseBackgroundLevelStreaming:1]]
[2020.05.03-03.30.56:823][  0]LogConfig: Setting CVar [[s.PriorityAsyncLoadingExtraTime:15.0]]
[2020.05.03-03.30.56:823][  0]LogConfig: Setting CVar [[s.LevelStreamingActorsUpdateTimeLimit:5.0]]
[2020.05.03-03.30.56:823][  0]LogConfig: Setting CVar [[s.PriorityLevelStreamingActorsUpdateExtraTime:5.0]]
[2020.05.03-03.30.56:823][  0]LogConfig: Setting CVar [[s.LevelStreamingComponentsRegistrationGranularity:10]]
[2020.05.03-03.30.56:823][  0]LogConfig: Setting CVar [[s.UnregisterComponentsTimeLimit:1.0]]
[2020.05.03-03.30.56:823][  0]LogConfig: Setting CVar [[s.LevelStreamingComponentsUnregistrationGranularity:5]]
[2020.05.03-03.30.56:823][  0]LogConfig: Applying CVar settings from Section [/Script/Engine.GarbageCollectionSettings] File [D:/Documentos/UNI/8vo Semestre/V3/ProyectoFinal/VJ3-test/MapProject 4.22/Saved/Config/Windows/Engine.ini]
[2020.05.03-03.30.56:823][  0]LogConfig: Setting CVar [[gc.MaxObjectsNotConsideredByGC:1]]
[2020.05.03-03.30.56:823][  0]LogConfig: Setting CVar [[gc.SizeOfPermanentObjectPool:0]]
[2020.05.03-03.30.56:823][  0]LogConfig: Setting CVar [[gc.FlushStreamingOnGC:0]]
[2020.05.03-03.30.56:823][  0]LogConfig: Setting CVar [[gc.NumRetriesBeforeForcingGC:10]]
[2020.05.03-03.30.56:823][  0]LogConfig: Setting CVar [[gc.AllowParallelGC:1]]
[2020.05.03-03.30.56:823][  0]LogConfig: Setting CVar [[gc.TimeBetweenPurgingPendingKillObjects:61.1]]
[2020.05.03-03.30.56:823][  0]LogConfig: Setting CVar [[gc.MaxObjectsInEditor:16777216]]
[2020.05.03-03.30.56:823][  0]LogConfig: Setting CVar [[gc.IncrementalBeginDestroyEnabled:1]]
[2020.05.03-03.30.56:823][  0]LogConfig: Setting CVar [[gc.CreateGCClusters:1]]
[2020.05.03-03.30.56:823][  0]LogConfig: Setting CVar [[gc.MinGCClusterSize:5]]
[2020.05.03-03.30.56:823][  0]LogConfig: Setting CVar [[gc.ActorClusteringEnabled:0]]
[2020.05.03-03.30.56:823][  0]LogConfig: Setting CVar [[gc.BlueprintClusteringEnabled:0]]
[2020.05.03-03.30.56:823][  0]LogConfig: Setting CVar [[gc.UseDisregardForGCOnDedicatedServers:0]]
[2020.05.03-03.30.56:823][  0]LogConfig: Applying CVar settings from Section [/Script/Engine.NetworkSettings] File [D:/Documentos/UNI/8vo Semestre/V3/ProyectoFinal/VJ3-test/MapProject 4.22/Saved/Config/Windows/Engine.ini]
[2020.05.03-03.30.56:823][  0]LogConfig: Applying CVar settings from Section [/Script/UnrealEd.CookerSettings] File [D:/Documentos/UNI/8vo Semestre/V3/ProyectoFinal/VJ3-test/MapProject 4.22/Saved/Config/Windows/Engine.ini]
[2020.05.03-03.30.56:825][  0]LogConfig: Applying CVar settings from Section [ViewDistanceQuality@3] File [D:/Documentos/UNI/8vo Semestre/V3/ProyectoFinal/VJ3-test/MapProject 4.22/Saved/Config/Windows/Scalability.ini]
[2020.05.03-03.30.56:825][  0]LogConfig: Setting CVar [[r.SkeletalMeshLODBias:0]]
[2020.05.03-03.30.56:825][  0]LogConfig: Setting CVar [[r.ViewDistanceScale:1.0]]
[2020.05.03-03.30.56:825][  0]LogConfig: Applying CVar settings from Section [AntiAliasingQuality@3] File [D:/Documentos/UNI/8vo Semestre/V3/ProyectoFinal/VJ3-test/MapProject 4.22/Saved/Config/Windows/Scalability.ini]
[2020.05.03-03.30.56:825][  0]LogConfig: Setting CVar [[r.PostProcessAAQuality:4]]
[2020.05.03-03.30.56:825][  0]LogConfig: Applying CVar settings from Section [ShadowQuality@3] File [D:/Documentos/UNI/8vo Semestre/V3/ProyectoFinal/VJ3-test/MapProject 4.22/Saved/Config/Windows/Scalability.ini]
[2020.05.03-03.30.56:825][  0]LogConfig: Setting CVar [[r.LightFunctionQuality:1]]
[2020.05.03-03.30.56:825][  0]LogConfig: Setting CVar [[r.ShadowQuality:5]]
[2020.05.03-03.30.56:825][  0]LogConfig: Setting CVar [[r.Shadow.CSM.MaxCascades:10]]
[2020.05.03-03.30.56:825][  0]LogConfig: Setting CVar [[r.Shadow.MaxResolution:2048]]
[2020.05.03-03.30.56:825][  0]LogConfig: Setting CVar [[r.Shadow.MaxCSMResolution:2048]]
[2020.05.03-03.30.56:825][  0]LogConfig: Setting CVar [[r.Shadow.RadiusThreshold:0.01]]
[2020.05.03-03.30.56:825][  0]LogConfig: Setting CVar [[r.Shadow.DistanceScale:1.0]]
[2020.05.03-03.30.56:825][  0]LogConfig: Setting CVar [[r.Shadow.CSM.TransitionScale:1.0]]
[2020.05.03-03.30.56:826][  0]LogConfig: Setting CVar [[r.Shadow.PreShadowResolutionFactor:1.0]]
[2020.05.03-03.30.56:826][  0]LogConfig: Setting CVar [[r.DistanceFieldShadowing:1]]
[2020.05.03-03.30.56:826][  0]LogConfig: Setting CVar [[r.DistanceFieldAO:1]]
[2020.05.03-03.30.56:826][  0]LogConfig: Setting CVar [[r.AOQuality:2]]
[2020.05.03-03.30.56:826][  0]LogConfig: Setting CVar [[r.VolumetricFog:1]]
[2020.05.03-03.30.56:826][  0]LogConfig: Setting CVar [[r.VolumetricFog.GridPixelSize:8]]
[2020.05.03-03.30.56:826][  0]LogConfig: Setting CVar [[r.VolumetricFog.GridSizeZ:128]]
[2020.05.03-03.30.56:826][  0]LogConfig: Setting CVar [[r.VolumetricFog.HistoryMissSupersampleCount:4]]
[2020.05.03-03.30.56:826][  0]LogConfig: Setting CVar [[r.LightMaxDrawDistanceScale:1]]
[2020.05.03-03.30.56:826][  0]LogConfig: Setting CVar [[r.CapsuleShadows:1]]
[2020.05.03-03.30.56:826][  0]LogConfig: Applying CVar settings from Section [PostProcessQuality@3] File [D:/Documentos/UNI/8vo Semestre/V3/ProyectoFinal/VJ3-test/MapProject 4.22/Saved/Config/Windows/Scalability.ini]
[2020.05.03-03.30.56:826][  0]LogConfig: Setting CVar [[r.MotionBlurQuality:4]]
[2020.05.03-03.30.56:826][  0]LogConfig: Setting CVar [[r.AmbientOcclusionMipLevelFactor:0.4]]
[2020.05.03-03.30.56:826][  0]LogConfig: Setting CVar [[r.AmbientOcclusionMaxQuality:100]]
[2020.05.03-03.30.56:826][  0]LogConfig: Setting CVar [[r.AmbientOcclusionLevels:-1]]
[2020.05.03-03.30.56:826][  0]LogConfig: Setting CVar [[r.AmbientOcclusionRadiusScale:1.0]]
[2020.05.03-03.30.56:826][  0]LogConfig: Setting CVar [[r.DepthOfFieldQuality:2]]
[2020.05.03-03.30.56:826][  0]LogConfig: Setting CVar [[r.RenderTargetPoolMin:400]]
[2020.05.03-03.30.56:826][  0]LogConfig: Setting CVar [[r.LensFlareQuality:2]]
[2020.05.03-03.30.56:826][  0]LogConfig: Setting CVar [[r.SceneColorFringeQuality:1]]
[2020.05.03-03.30.56:826][  0]LogConfig: Setting CVar [[r.EyeAdaptationQuality:2]]
[2020.05.03-03.30.56:826][  0]LogConfig: Setting CVar [[r.BloomQuality:5]]
[2020.05.03-03.30.56:826][  0]LogConfig: Setting CVar [[r.FastBlurThreshold:100]]
[2020.05.03-03.30.56:826][  0]LogConfig: Setting CVar [[r.Upscale.Quality:3]]
[2020.05.03-03.30.56:826][  0]LogConfig: Setting CVar [[r.Tonemapper.GrainQuantization:1]]
[2020.05.03-03.30.56:826][  0]LogConfig: Setting CVar [[r.LightShaftQuality:1]]
[2020.05.03-03.30.56:826][  0]LogConfig: Setting CVar [[r.Filter.SizeScale:1]]
[2020.05.03-03.30.56:826][  0]LogConfig: Setting CVar [[r.Tonemapper.Quality:5]]
[2020.05.03-03.30.56:826][  0]LogConfig: Setting CVar [[r.DOF.Gather.AccumulatorQuality:1        ; higher gathering accumulator quality]]
[2020.05.03-03.30.56:826][  0]LogConfig: Setting CVar [[r.DOF.Gather.PostfilterMethod:1          ; Median3x3 postfilering method]]
[2020.05.03-03.30.56:826][  0]LogConfig: Setting CVar [[r.DOF.Gather.EnableBokehSettings:0       ; no bokeh simulation when gathering]]
[2020.05.03-03.30.56:826][  0]LogConfig: Setting CVar [[r.DOF.Gather.RingCount:4                 ; medium number of samples when gathering]]
[2020.05.03-03.30.56:826][  0]LogConfig: Setting CVar [[r.DOF.Scatter.ForegroundCompositing:1    ; additive foreground scattering]]
[2020.05.03-03.30.56:826][  0]LogConfig: Setting CVar [[r.DOF.Scatter.BackgroundCompositing:2    ; additive background scattering]]
[2020.05.03-03.30.56:826][  0]LogConfig: Setting CVar [[r.DOF.Scatter.EnableBokehSettings:1      ; bokeh simulation when scattering]]
[2020.05.03-03.30.56:826][  0]LogConfig: Setting CVar [[r.DOF.Scatter.MaxSpriteRatio:0.1         ; only a maximum of 10% of scattered bokeh]]
[2020.05.03-03.30.56:826][  0]LogConfig: Setting CVar [[r.DOF.Recombine.Quality:1                ; cheap slight out of focus]]
[2020.05.03-03.30.56:826][  0]LogConfig: Setting CVar [[r.DOF.Recombine.EnableBokehSettings:0    ; no bokeh simulation on slight out of focus]]
[2020.05.03-03.30.56:826][  0]LogConfig: Setting CVar [[r.DOF.TemporalAAQuality:1                ; more stable temporal accumulation]]
[2020.05.03-03.30.56:826][  0]LogConfig: Setting CVar [[r.DOF.Kernel.MaxForegroundRadius:0.025]]
[2020.05.03-03.30.56:826][  0]LogConfig: Setting CVar [[r.DOF.Kernel.MaxBackgroundRadius:0.025]]
[2020.05.03-03.30.56:826][  0]LogConfig: Applying CVar settings from Section [TextureQuality@3] File [D:/Documentos/UNI/8vo Semestre/V3/ProyectoFinal/VJ3-test/MapProject 4.22/Saved/Config/Windows/Scalability.ini]
[2020.05.03-03.30.56:826][  0]LogConfig: Setting CVar [[r.Streaming.MipBias:0]]
[2020.05.03-03.30.56:826][  0]LogConfig: Setting CVar [[r.Streaming.AmortizeCPUToGPUCopy:0]]
[2020.05.03-03.30.56:826][  0]LogConfig: Setting CVar [[r.Streaming.MaxNumTexturesToStreamPerFrame:0]]
[2020.05.03-03.30.56:826][  0]LogConfig: Setting CVar [[r.Streaming.Boost:1]]
[2020.05.03-03.30.56:826][  0]LogConfig: Setting CVar [[r.MaxAnisotropy:8]]
[2020.05.03-03.30.56:826][  0]LogConfig: Setting CVar [[r.Streaming.LimitPoolSizeToVRAM:0]]
[2020.05.03-03.30.56:826][  0]LogConfig: Setting CVar [[r.Streaming.PoolSize:1000]]
[2020.05.03-03.30.56:826][  0]LogConfig: Setting CVar [[r.Streaming.MaxEffectiveScreenSize:0]]
[2020.05.03-03.30.56:826][  0]LogConfig: Applying CVar settings from Section [EffectsQuality@3] File [D:/Documentos/UNI/8vo Semestre/V3/ProyectoFinal/VJ3-test/MapProject 4.22/Saved/Config/Windows/Scalability.ini]
[2020.05.03-03.30.56:826][  0]LogConfig: Setting CVar [[r.TranslucencyLightingVolumeDim:64]]
[2020.05.03-03.30.56:826][  0]LogConfig: Setting CVar [[r.RefractionQuality:2]]
[2020.05.03-03.30.56:826][  0]LogConfig: Setting CVar [[r.SSR.Quality:3]]
[2020.05.03-03.30.56:826][  0]LogConfig: Setting CVar [[r.SceneColorFormat:4]]
[2020.05.03-03.30.56:826][  0]LogConfig: Setting CVar [[r.DetailMode:2]]
[2020.05.03-03.30.56:826][  0]LogConfig: Setting CVar [[r.TranslucencyVolumeBlur:1]]
[2020.05.03-03.30.56:827][  0]LogConfig: Setting CVar [[r.MaterialQualityLevel:1 ; High quality]]
[2020.05.03-03.30.56:827][  0]LogConfig: Setting CVar [[r.SSS.Scale:1]]
[2020.05.03-03.30.56:827][  0]LogConfig: Setting CVar [[r.SSS.SampleSet:2]]
[2020.05.03-03.30.56:827][  0]LogConfig: Setting CVar [[r.SSS.Quality:1]]
[2020.05.03-03.30.56:827][  0]LogConfig: Setting CVar [[r.SSS.HalfRes:1]]
[2020.05.03-03.30.56:827][  0]LogConfig: Setting CVar [[r.EmitterSpawnRateScale:1.0]]
[2020.05.03-03.30.56:827][  0]LogConfig: Setting CVar [[r.ParticleLightQuality:2]]
[2020.05.03-03.30.56:827][  0]LogConfig: Applying CVar settings from Section [FoliageQuality@3] File [D:/Documentos/UNI/8vo Semestre/V3/ProyectoFinal/VJ3-test/MapProject 4.22/Saved/Config/Windows/Scalability.ini]
[2020.05.03-03.30.56:827][  0]LogConfig: Setting CVar [[foliage.DensityScale:1.0]]
[2020.05.03-03.30.56:827][  0]LogConfig: Setting CVar [[grass.DensityScale:1.0]]
[2020.05.03-03.30.56:827][  0]LogInit: Selected Device Profile: [Windows]
[2020.05.03-03.30.56:827][  0]LogInit: Applying CVar settings loaded from the selected device profile: [Windows]
[2020.05.03-03.30.56:831][  0]LogHAL: Display: Platform has ~ 8 GB [8428679168 / 8589934592 / 8], which maps to Default [LargestMinGB=32, LargerMinGB=12, DefaultMinGB=8, SmallerMinGB=6, SmallestMinGB=0)
[2020.05.03-03.30.56:831][  0]LogConfig: Setting CVar [[r.Vulkan.UseRealUBs:0		; Required until we fix HLR fall-out]]
[2020.05.03-03.30.56:831][  0]LogInit: Going up to parent DeviceProfile []
[2020.05.03-03.30.56:831][  0]LogConfig: Applying CVar settings from Section [ViewDistanceQuality@3] File [D:/Documentos/UNI/8vo Semestre/V3/ProyectoFinal/VJ3-test/MapProject 4.22/Saved/Config/Windows/Scalability.ini]
[2020.05.03-03.30.56:831][  0]LogConfig: Setting CVar [[r.SkeletalMeshLODBias:0]]
[2020.05.03-03.30.56:831][  0]LogConfig: Setting CVar [[r.ViewDistanceScale:1.0]]
[2020.05.03-03.30.56:831][  0]LogConfig: Applying CVar settings from Section [AntiAliasingQuality@3] File [D:/Documentos/UNI/8vo Semestre/V3/ProyectoFinal/VJ3-test/MapProject 4.22/Saved/Config/Windows/Scalability.ini]
[2020.05.03-03.30.56:831][  0]LogConfig: Setting CVar [[r.PostProcessAAQuality:4]]
[2020.05.03-03.30.56:831][  0]LogConfig: Applying CVar settings from Section [ShadowQuality@3] File [D:/Documentos/UNI/8vo Semestre/V3/ProyectoFinal/VJ3-test/MapProject 4.22/Saved/Config/Windows/Scalability.ini]
[2020.05.03-03.30.56:831][  0]LogConfig: Setting CVar [[r.LightFunctionQuality:1]]
[2020.05.03-03.30.56:831][  0]LogConfig: Setting CVar [[r.ShadowQuality:5]]
[2020.05.03-03.30.56:831][  0]LogConfig: Setting CVar [[r.Shadow.CSM.MaxCascades:10]]
[2020.05.03-03.30.56:831][  0]LogConfig: Setting CVar [[r.Shadow.MaxResolution:2048]]
[2020.05.03-03.30.56:831][  0]LogConfig: Setting CVar [[r.Shadow.MaxCSMResolution:2048]]
[2020.05.03-03.30.56:831][  0]LogConfig: Setting CVar [[r.Shadow.RadiusThreshold:0.01]]
[2020.05.03-03.30.56:831][  0]LogConfig: Setting CVar [[r.Shadow.DistanceScale:1.0]]
[2020.05.03-03.30.56:831][  0]LogConfig: Setting CVar [[r.Shadow.CSM.TransitionScale:1.0]]
[2020.05.03-03.30.56:831][  0]LogConfig: Setting CVar [[r.Shadow.PreShadowResolutionFactor:1.0]]
[2020.05.03-03.30.56:831][  0]LogConfig: Setting CVar [[r.DistanceFieldShadowing:1]]
[2020.05.03-03.30.56:831][  0]LogConfig: Setting CVar [[r.DistanceFieldAO:1]]
[2020.05.03-03.30.56:831][  0]LogConfig: Setting CVar [[r.AOQuality:2]]
[2020.05.03-03.30.56:831][  0]LogConfig: Setting CVar [[r.VolumetricFog:1]]
[2020.05.03-03.30.56:831][  0]LogConfig: Setting CVar [[r.VolumetricFog.GridPixelSize:8]]
[2020.05.03-03.30.56:831][  0]LogConfig: Setting CVar [[r.VolumetricFog.GridSizeZ:128]]
[2020.05.03-03.30.56:831][  0]LogConfig: Setting CVar [[r.VolumetricFog.HistoryMissSupersampleCount:4]]
[2020.05.03-03.30.56:831][  0]LogConfig: Setting CVar [[r.LightMaxDrawDistanceScale:1]]
[2020.05.03-03.30.56:831][  0]LogConfig: Setting CVar [[r.CapsuleShadows:1]]
[2020.05.03-03.30.56:831][  0]LogConfig: Applying CVar settings from Section [PostProcessQuality@3] File [D:/Documentos/UNI/8vo Semestre/V3/ProyectoFinal/VJ3-test/MapProject 4.22/Saved/Config/Windows/Scalability.ini]
[2020.05.03-03.30.56:831][  0]LogConfig: Setting CVar [[r.MotionBlurQuality:4]]
[2020.05.03-03.30.56:831][  0]LogConfig: Setting CVar [[r.AmbientOcclusionMipLevelFactor:0.4]]
[2020.05.03-03.30.56:831][  0]LogConfig: Setting CVar [[r.AmbientOcclusionMaxQuality:100]]
[2020.05.03-03.30.56:831][  0]LogConfig: Setting CVar [[r.AmbientOcclusionLevels:-1]]
[2020.05.03-03.30.56:832][  0]LogConfig: Setting CVar [[r.AmbientOcclusionRadiusScale:1.0]]
[2020.05.03-03.30.56:832][  0]LogConfig: Setting CVar [[r.DepthOfFieldQuality:2]]
[2020.05.03-03.30.56:832][  0]LogConfig: Setting CVar [[r.RenderTargetPoolMin:400]]
[2020.05.03-03.30.56:832][  0]LogConfig: Setting CVar [[r.LensFlareQuality:2]]
[2020.05.03-03.30.56:832][  0]LogConfig: Setting CVar [[r.SceneColorFringeQuality:1]]
[2020.05.03-03.30.56:832][  0]LogConfig: Setting CVar [[r.EyeAdaptationQuality:2]]
[2020.05.03-03.30.56:832][  0]LogConfig: Setting CVar [[r.BloomQuality:5]]
[2020.05.03-03.30.56:832][  0]LogConfig: Setting CVar [[r.FastBlurThreshold:100]]
[2020.05.03-03.30.56:832][  0]LogConfig: Setting CVar [[r.Upscale.Quality:3]]
[2020.05.03-03.30.56:832][  0]LogConfig: Setting CVar [[r.Tonemapper.GrainQuantization:1]]
[2020.05.03-03.30.56:832][  0]LogConfig: Setting CVar [[r.LightShaftQuality:1]]
[2020.05.03-03.30.56:832][  0]LogConfig: Setting CVar [[r.Filter.SizeScale:1]]
[2020.05.03-03.30.56:832][  0]LogConfig: Setting CVar [[r.Tonemapper.Quality:5]]
[2020.05.03-03.30.56:832][  0]LogConfig: Setting CVar [[r.DOF.Gather.AccumulatorQuality:1        ; higher gathering accumulator quality]]
[2020.05.03-03.30.56:832][  0]LogConfig: Setting CVar [[r.DOF.Gather.PostfilterMethod:1          ; Median3x3 postfilering method]]
[2020.05.03-03.30.56:832][  0]LogConfig: Setting CVar [[r.DOF.Gather.EnableBokehSettings:0       ; no bokeh simulation when gathering]]
[2020.05.03-03.30.56:832][  0]LogConfig: Setting CVar [[r.DOF.Gather.RingCount:4                 ; medium number of samples when gathering]]
[2020.05.03-03.30.56:832][  0]LogConfig: Setting CVar [[r.DOF.Scatter.ForegroundCompositing:1    ; additive foreground scattering]]
[2020.05.03-03.30.56:832][  0]LogConfig: Setting CVar [[r.DOF.Scatter.BackgroundCompositing:2    ; additive background scattering]]
[2020.05.03-03.30.56:832][  0]LogConfig: Setting CVar [[r.DOF.Scatter.EnableBokehSettings:1      ; bokeh simulation when scattering]]
[2020.05.03-03.30.56:832][  0]LogConfig: Setting CVar [[r.DOF.Scatter.MaxSpriteRatio:0.1         ; only a maximum of 10% of scattered bokeh]]
[2020.05.03-03.30.56:832][  0]LogConfig: Setting CVar [[r.DOF.Recombine.Quality:1                ; cheap slight out of focus]]
[2020.05.03-03.30.56:832][  0]LogConfig: Setting CVar [[r.DOF.Recombine.EnableBokehSettings:0    ; no bokeh simulation on slight out of focus]]
[2020.05.03-03.30.56:832][  0]LogConfig: Setting CVar [[r.DOF.TemporalAAQuality:1                ; more stable temporal accumulation]]
[2020.05.03-03.30.56:832][  0]LogConfig: Setting CVar [[r.DOF.Kernel.MaxForegroundRadius:0.025]]
[2020.05.03-03.30.56:832][  0]LogConfig: Setting CVar [[r.DOF.Kernel.MaxBackgroundRadius:0.025]]
[2020.05.03-03.30.56:832][  0]LogConfig: Applying CVar settings from Section [TextureQuality@3] File [D:/Documentos/UNI/8vo Semestre/V3/ProyectoFinal/VJ3-test/MapProject 4.22/Saved/Config/Windows/Scalability.ini]
[2020.05.03-03.30.56:832][  0]LogConfig: Setting CVar [[r.Streaming.MipBias:0]]
[2020.05.03-03.30.56:832][  0]LogConfig: Setting CVar [[r.Streaming.AmortizeCPUToGPUCopy:0]]
[2020.05.03-03.30.56:832][  0]LogConfig: Setting CVar [[r.Streaming.MaxNumTexturesToStreamPerFrame:0]]
[2020.05.03-03.30.56:832][  0]LogConfig: Setting CVar [[r.Streaming.Boost:1]]
[2020.05.03-03.30.56:832][  0]LogConfig: Setting CVar [[r.MaxAnisotropy:8]]
[2020.05.03-03.30.56:832][  0]LogConfig: Setting CVar [[r.Streaming.LimitPoolSizeToVRAM:0]]
[2020.05.03-03.30.56:832][  0]LogConfig: Setting CVar [[r.Streaming.PoolSize:1000]]
[2020.05.03-03.30.56:832][  0]LogConfig: Setting CVar [[r.Streaming.MaxEffectiveScreenSize:0]]
[2020.05.03-03.30.56:832][  0]LogConfig: Applying CVar settings from Section [EffectsQuality@3] File [D:/Documentos/UNI/8vo Semestre/V3/ProyectoFinal/VJ3-test/MapProject 4.22/Saved/Config/Windows/Scalability.ini]
[2020.05.03-03.30.56:832][  0]LogConfig: Setting CVar [[r.TranslucencyLightingVolumeDim:64]]
[2020.05.03-03.30.56:832][  0]LogConfig: Setting CVar [[r.RefractionQuality:2]]
[2020.05.03-03.30.56:832][  0]LogConfig: Setting CVar [[r.SSR.Quality:3]]
[2020.05.03-03.30.56:832][  0]LogConfig: Setting CVar [[r.SceneColorFormat:4]]
[2020.05.03-03.30.56:832][  0]LogConfig: Setting CVar [[r.DetailMode:2]]
[2020.05.03-03.30.56:832][  0]LogConfig: Setting CVar [[r.TranslucencyVolumeBlur:1]]
[2020.05.03-03.30.56:833][  0]LogConfig: Setting CVar [[r.MaterialQualityLevel:1 ; High quality]]
[2020.05.03-03.30.56:833][  0]LogConfig: Setting CVar [[r.SSS.Scale:1]]
[2020.05.03-03.30.56:833][  0]LogConfig: Setting CVar [[r.SSS.SampleSet:2]]
[2020.05.03-03.30.56:833][  0]LogConfig: Setting CVar [[r.SSS.Quality:1]]
[2020.05.03-03.30.56:833][  0]LogConfig: Setting CVar [[r.SSS.HalfRes:1]]
[2020.05.03-03.30.56:833][  0]LogConfig: Setting CVar [[r.EmitterSpawnRateScale:1.0]]
[2020.05.03-03.30.56:833][  0]LogConfig: Setting CVar [[r.ParticleLightQuality:2]]
[2020.05.03-03.30.56:833][  0]LogConfig: Applying CVar settings from Section [FoliageQuality@3] File [D:/Documentos/UNI/8vo Semestre/V3/ProyectoFinal/VJ3-test/MapProject 4.22/Saved/Config/Windows/Scalability.ini]
[2020.05.03-03.30.56:833][  0]LogConfig: Setting CVar [[foliage.DensityScale:1.0]]
[2020.05.03-03.30.56:833][  0]LogConfig: Setting CVar [[grass.DensityScale:1.0]]
[2020.05.03-03.30.56:833][  0]LogConfig: Applying CVar settings from Section [Startup] File [../../../Engine/Config/ConsoleVariables.ini]
[2020.05.03-03.30.56:833][  0]LogConfig: Setting CVar [[net.UseAdaptiveNetUpdateFrequency:0]]
[2020.05.03-03.30.56:833][  0]LogConfig: Setting CVar [[p.chaos.AllowCreatePhysxBodies:1]]
[2020.05.03-03.30.56:833][  0]LogConfig: Applying CVar settings from Section [ConsoleVariables] File [D:/Documentos/UNI/8vo Semestre/V3/ProyectoFinal/VJ3-test/MapProject 4.22/Saved/Config/Windows/Engine.ini]
[2020.05.03-03.30.56:833][  0]LogInit: Computer: DESKTOP-22LHQ34
[2020.05.03-03.30.56:833][  0]LogInit: User: edwa
[2020.05.03-03.30.56:833][  0]LogInit: CPU Page size=4096, Cores=6
[2020.05.03-03.30.56:833][  0]LogInit: High frequency timer resolution =10.000000 MHz
[2020.05.03-03.30.56:834][  0]LogMemory: Memory total: Physical=7.8GB (8GB approx)
[2020.05.03-03.30.56:834][  0]LogMemory: Platform Memory Stats for Windows
[2020.05.03-03.30.56:834][  0]LogMemory: Process Physical Memory: 100.11 MB used, 100.11 MB peak
[2020.05.03-03.30.56:834][  0]LogMemory: Process Virtual Memory: 90.20 MB used, 90.20 MB peak
[2020.05.03-03.30.56:834][  0]LogMemory: Physical Memory: 6240.80 MB used,  1797.41 MB free, 8038.21 MB total
[2020.05.03-03.30.56:834][  0]LogMemory: Virtual Memory: 4661.73 MB used,  134213064.00 MB free, 134217728.00 MB total
[2020.05.03-03.30.56:852][  0]LogInit: Using OS detected language (es-ES).
[2020.05.03-03.30.56:852][  0]LogInit: Using OS detected locale (es-MX).
[2020.05.03-03.30.56:852][  0]LogTextLocalizationManager: No specific localization for 'es-ES' exists, so the 'es' localization will be used.
[2020.05.03-03.30.56:928][  0]LogSlate: New Slate User Created.  User Index 0, Is Virtual User: 0
[2020.05.03-03.30.56:928][  0]LogSlate: Slate User Registered.  User Index 0, Is Virtual User: 0
[2020.05.03-03.30.56:969][  0]LogHMD: Failed to initialize OpenVR with code 110
[2020.05.03-03.30.56:969][  0]LogD3D11RHI: D3D11 adapters:
[2020.05.03-03.30.57:030][  0]LogD3D11RHI:    0. 'NVIDIA GeForce GTX 1050' (Feature Level 11_0)
[2020.05.03-03.30.57:030][  0]LogD3D11RHI:       1979/0/4019 MB DedicatedVideo/DedicatedSystem/SharedSystem, Outputs:1, VendorId:0x10de
[2020.05.03-03.30.57:049][  0]LogD3D11RHI:    1. 'Intel(R) UHD Graphics 630' (Feature Level 11_0)
[2020.05.03-03.30.57:049][  0]LogD3D11RHI:       128/0/4019 MB DedicatedVideo/DedicatedSystem/SharedSystem, Outputs:0, VendorId:0x8086
[2020.05.03-03.30.57:051][  0]LogD3D11RHI:    2. 'Microsoft Basic Render Driver' (Feature Level 11_0)
[2020.05.03-03.30.57:051][  0]LogD3D11RHI:       0/0/4019 MB DedicatedVideo/DedicatedSystem/SharedSystem, Outputs:0, VendorId:0x1414
[2020.05.03-03.30.57:051][  0]LogD3D11RHI: Chosen D3D11 Adapter: 0
[2020.05.03-03.30.57:081][  0]LogD3D11RHI: Creating new Direct3DDevice
[2020.05.03-03.30.57:081][  0]LogD3D11RHI:     GPU DeviceId: 0x1c8d (for the marketing name, search the web for "GPU Device Id")
[2020.05.03-03.30.57:081][  0]LogWindows: EnumDisplayDevices:
[2020.05.03-03.30.57:082][  0]LogWindows:    0. 'Intel(R) UHD Graphics 630' (P:1 D:1)
[2020.05.03-03.30.57:082][  0]LogWindows:    1. 'Intel(R) UHD Graphics 630' (P:0 D:0)
[2020.05.03-03.30.57:082][  0]LogWindows:    2. 'Intel(R) UHD Graphics 630' (P:0 D:0)
[2020.05.03-03.30.57:082][  0]LogWindows: DebugString: PrimaryIsNotTheChoosenAdapter PrimaryIsNotTheChoosenAdapter PrimaryIsNotTheChoosenAdapter FoundDriverCount:0 
[2020.05.03-03.30.57:082][  0]LogD3D11RHI:     Adapter Name: NVIDIA GeForce GTX 1050
[2020.05.03-03.30.57:082][  0]LogD3D11RHI:   Driver Version: Unknown (internal:Unknown, unified:Unknown)
[2020.05.03-03.30.57:082][  0]LogD3D11RHI:      Driver Date: Unknown
[2020.05.03-03.30.57:082][  0]LogRHI: Texture pool is 1385 MB (70% of 1979 MB)
[2020.05.03-03.30.57:124][  0]LogD3D11RHI: Async texture creation enabled
[2020.05.03-03.30.57:127][  0]LogRendererCore: FGlobalReadBuffer::InitRHI
[2020.05.03-03.30.57:127][  0]LogRendererCore: FGlobalReadBuffer::InitRHI
[2020.05.03-03.30.57:127][  0]LogRendererCore: FGlobalReadBuffer::InitRHI
[2020.05.03-03.30.57:135][  0]LogD3D11RHI: GPU Timing Frequency: 1000.000000 (Debug: 2 1)
[2020.05.03-03.30.57:953][  0]LogTemp: Display: Module 'WindowsClientTargetPlatform' loaded TargetPlatform 'WindowsClient'
[2020.05.03-03.30.57:965][  0]LogTemp: Display: Module 'WindowsNoEditorTargetPlatform' loaded TargetPlatform 'WindowsNoEditor'
[2020.05.03-03.30.57:976][  0]LogTemp: Display: Module 'WindowsServerTargetPlatform' loaded TargetPlatform 'WindowsServer'
[2020.05.03-03.30.57:980][  0]LogTemp: Display: Module 'WindowsTargetPlatform' loaded TargetPlatform 'Windows'
[2020.05.03-03.30.57:980][  0]LogTargetPlatformManager: Display: Building Assets For Windows
[2020.05.03-03.30.57:985][  0]LogAudioDebug: Display: Lib vorbis DLL was dynamically loaded.
[2020.05.03-03.30.58:012][  0]LogShaderCompilers: Guid format shader working directory is -39 characters bigger than the processId version (../../../../../Documentos/UNI/8vo Semestre/V3/ProyectoFinal/VJ3-test/MapProject 4.22/Intermediate/Shaders/WorkingDirectory/11776/).
[2020.05.03-03.30.58:012][  0]LogShaderCompilers: Cleaned the shader compiler working directory 'C:/Users/ed_wa/AppData/Local/Temp/UnrealShaderWorkingDir/9D1801CF410BDA8202D84DB97DA363B7/'.
[2020.05.03-03.30.58:013][  0]LogXGEController: Cannot use XGE Controller as Incredibuild is not installed on this machine.
[2020.05.03-03.30.58:013][  0]LogShaderCompilers: Cannot use XGE Shader Compiler as Incredibuild is not installed on this machine.
[2020.05.03-03.30.58:013][  0]LogShaderCompilers: Display: Using Local Shader Compiler.
[2020.05.03-03.30.58:507][  0]LogDerivedDataCache: Display: Max Cache Size: 512 MB
[2020.05.03-03.30.58:577][  0]LogDerivedDataCache: Loaded boot cache 0.07s 71MB C:/Users/ed_wa/AppData/Local/UnrealEngine/4.22/DerivedDataCache/Boot.ddc.
[2020.05.03-03.30.58:577][  0]LogDerivedDataCache: Display: Loaded Boot cache: C:/Users/ed_wa/AppData/Local/UnrealEngine/4.22/DerivedDataCache/Boot.ddc
[2020.05.03-03.30.58:577][  0]LogDerivedDataCache: FDerivedDataBackendGraph:  Pak pak cache file ../../../../../Documentos/UNI/8vo Semestre/V3/ProyectoFinal/VJ3-test/MapProject 4.22/DerivedDataCache/DDC.ddp not found, will not use a pak cache.
[2020.05.03-03.30.58:577][  0]LogDerivedDataCache: Unable to find inner node Pak for hierarchical cache Hierarchy.
[2020.05.03-03.30.58:577][  0]LogDerivedDataCache: FDerivedDataBackendGraph:  CompressedPak pak cache file ../../../../../Documentos/UNI/8vo Semestre/V3/ProyectoFinal/VJ3-test/MapProject 4.22/DerivedDataCache/Compressed.ddp not found, will not use a pak cache.
[2020.05.03-03.30.58:577][  0]LogDerivedDataCache: Unable to find inner node CompressedPak for hierarchical cache Hierarchy.
[2020.05.03-03.30.58:590][  0]LogDerivedDataCache: Display: Pak cache opened for reading ../../../Engine/DerivedDataCache/Compressed.ddp.
[2020.05.03-03.30.58:591][  0]LogDerivedDataCache: FDerivedDataBackendGraph:  EnterprisePak pak cache file ../../../Enterprise/DerivedDataCache/Compressed.ddp not found, will not use a pak cache.
[2020.05.03-03.30.58:591][  0]LogDerivedDataCache: Unable to find inner node EnterprisePak for hierarchical cache Hierarchy.
[2020.05.03-03.30.58:603][  0]LogDerivedDataCache: Using Local data cache path C:/Users/ed_wa/AppData/Local/UnrealEngine/Common/DerivedDataCache: Writable
[2020.05.03-03.30.58:603][  0]LogDerivedDataCache: Shared data cache path not found in *engine.ini, will not use an Shared cache.
[2020.05.03-03.30.58:603][  0]LogDerivedDataCache: Unable to find inner node Shared for hierarchical cache Hierarchy.
[2020.05.03-03.30.58:625][  0]LogMaterial: Verifying Global Shaders for PCD3D_SM5
[2020.05.03-03.30.58:626][  0]LogSlate: Using FreeType 2.6.0
[2020.05.03-03.30.58:626][  0]LogSlate: SlateFontServices - WITH_FREETYPE: 1, WITH_HARFBUZZ: 1
[2020.05.03-03.30.58:738][  0]LogInit: Using OS detected language (es-ES).
[2020.05.03-03.30.58:738][  0]LogInit: Using OS detected locale (es-MX).
[2020.05.03-03.30.58:738][  0]LogTextLocalizationManager: No localization for 'es-ES' exists, so 'en' will be used for the language.
[2020.05.03-03.30.58:738][  0]LogTextLocalizationManager: No localization for 'es-MX' exists, so 'en' will be used for the locale.
[2020.05.03-03.30.58:738][  0]LogSlate: FontCache flush requested. Reason: Culture for localization was changed
[2020.05.03-03.30.58:738][  0]LogSlate: FontCache flush requested. Reason: Culture for localization was changed
[2020.05.03-03.30.58:739][  0]LogTextLocalizationManager: Compacting localization data took   0.00ms
[2020.05.03-03.30.58:744][  0]LogAssetRegistry: FAssetRegistry took 0.0037 seconds to start up
[2020.05.03-03.30.58:936][  0]LogPackageLocalizationCache: Processed 10 localized package path(s) for 1 prioritized culture(s) in 0.000430 seconds
[2020.05.03-03.30.59:053][  0]LogInit: Selected Device Profile: [Windows]
[2020.05.03-03.30.59:153][  0]LogMeshReduction: Using QuadricMeshReduction for automatic static mesh reduction
[2020.05.03-03.30.59:153][  0]LogMeshReduction: Using SimplygonMeshReduction for automatic skeletal mesh reduction
[2020.05.03-03.30.59:153][  0]LogMeshReduction: Using ProxyLODMeshReduction for automatic mesh merging
[2020.05.03-03.30.59:153][  0]LogMeshReduction: No distributed automatic mesh merging module available
[2020.05.03-03.30.59:153][  0]LogMeshMerging: No distributed automatic mesh merging module available
[2020.05.03-03.30.59:162][  0]LogNetVersion: Vis2 1.0.0, NetCL: 5660361, EngineNetVer: 10, GameNetVer: 0 (Checksum: 1012566908)
[2020.05.03-03.30.59:566][  0]LogMoviePlayer: Initializing movie player
[2020.05.03-03.30.59:709][  0]LogTcpMessaging: Initializing TcpMessaging bridge
[2020.05.03-03.30.59:721][  0]LogUdpMessaging: Initializing bridge on interface 0.0.0.0:0 to multicast group 230.0.0.1:6666.
[2020.05.03-03.30.59:836][  0]SourceControl: El control de código fuente está desactivado
[2020.05.03-03.30.59:837][  0]SourceControl: El control de código fuente está desactivado
[2020.05.03-03.30.59:838][  0]SourceControl: El control de código fuente está desactivado
[2020.05.03-03.30.59:882][  0]LogAndroidPermission: UAndroidPermissionCallbackProxy::GetInstance
[2020.05.03-03.30.59:944][  0]LogOcInput: OculusInput pre-init called
[2020.05.03-03.30.59:952][  0]LogUObjectArray: 47126 objects as part of root set at end of initial load.
[2020.05.03-03.30.59:952][  0]LogUObjectAllocator: 8283160 out of 0 bytes used by permanent object pool.
[2020.05.03-03.30.59:952][  0]LogUObjectArray: CloseDisregardForGC: 0/0 objects in disregard for GC pool
[2020.05.03-03.31.00:106][  0]LogEngine: Initializing Engine...
[2020.05.03-03.31.00:106][  0]LogHMD: Failed to initialize OpenVR with code 110
[2020.05.03-03.31.00:118][  0]LogStats: UGameplayTagsManager::InitializeManager -  0.000 s
[2020.05.03-03.31.00:276][  0]LogInit: Initializing FReadOnlyCVARCache
[2020.05.03-03.31.00:290][  0]LogInit: XAudio2 using 'Altavoces (2- Realtek(R) Audio)' : 2 channels at 48 kHz using 32 bits per sample (channel mask 0x3)
[2020.05.03-03.31.00:304][  0]LogInit: FAudioDevice initialized.
[2020.05.03-03.31.00:315][  0]LogNetVersion: Set ProjectVersion to 1.0.0.0. Version Checksum will be recalculated on next use.
[2020.05.03-03.31.00:321][  0]LogInit: Texture streaming: Enabled
[2020.05.03-03.31.00:474][  0]LogSlate: Updating window title bar state: overlay mode, drag disabled, window buttons hidden, title bar hidden
[2020.05.03-03.31.00:474][  0]LogInit: Display: Game Engine Initialized.
[2020.05.03-03.31.00:515][  0]LogInit: Display: Starting Game.
[2020.05.03-03.31.00:515][  0]LogNet: Browse: /Game/ThirdPersonBP/Maps/Test?Name=Player
[2020.05.03-03.31.00:515][  0]LogLoad: LoadMap: /Game/ThirdPersonBP/Maps/Test?Name=Player
[2020.05.03-03.31.00:545][  0]LogUObjectHash: Compacting FUObjectHashTables data took   1.67ms
[2020.05.03-03.31.00:809][  0]LogAIModule: Creating AISystem for world Test
[2020.05.03-03.31.00:831][  0]LogLoad: Game class is 'ThirdPersonGameMode_C'
[2020.05.03-03.31.00:834][  0]LogWorld: Bringing World /Game/ThirdPersonBP/Maps/Test.Test up for play (max tick rate 0) at 2020.05.02-22.31.00
[2020.05.03-03.31.00:835][  0]LogWorld: Bringing up level for play took: 0.002670
[2020.05.03-03.31.00:835][  0]LogGameMode: FindPlayerStart: PATHS NOT DEFINED or NO PLAYERSTART with positive rating
[2020.05.03-03.31.00:837][  0]LogBlueprintUserMessages: Warning: SetTimer passed a bad function (None) or object (BP_MatchSystem_2)
[2020.05.03-03.31.00:839][  0]LogPlayerManagement: Error: Failed to Create Player: A local player already exists for controller ID 0,
[2020.05.03-03.31.00:845][  0]LogLoad: Took 0.330268 seconds to LoadMap(/Game/ThirdPersonBP/Maps/Test)
[2020.05.03-03.31.00:915][  0]LogRenderer: Reallocating scene render targets to support 1280x720 Format 10 NumSamples 1 (Frame:1).
[2020.05.03-03.31.00:915][  0]LogLoad: (Engine Initialization) Total time: 5.62 seconds
[2020.05.03-03.31.00:915][  0]LogLoad: (Engine Initialization) Total Blueprint compile time: 0.00 seconds
[2020.05.03-03.31.00:969][  0]LogContentStreaming: Texture pool size now 1000 MB
[2020.05.03-03.31.05:537][272]LogBlueprintUserMessages: [BP_HealingStation_C_2] IsServicing
[2020.05.03-03.31.05:553][273]LogBlueprintUserMessages: [ThirdPersonCharacter_C_0] 10.1
[2020.05.03-03.31.05:570][274]LogBlueprintUserMessages: [ThirdPersonCharacter_C_0] 10.200001
[2020.05.03-03.31.05:585][275]LogBlueprintUserMessages: [ThirdPersonCharacter_C_0] 10.300001
[2020.05.03-03.31.05:601][276]LogBlueprintUserMessages: [ThirdPersonCharacter_C_0] 10.400002
[2020.05.03-03.31.05:617][277]LogBlueprintUserMessages: [ThirdPersonCharacter_C_0] 10.500002
[2020.05.03-03.31.05:633][278]LogBlueprintUserMessages: [ThirdPersonCharacter_C_0] 10.600002
[2020.05.03-03.31.05:650][279]LogBlueprintUserMessages: [ThirdPersonCharacter_C_0] 10.700003
[2020.05.03-03.31.05:666][280]LogBlueprintUserMessages: [ThirdPersonCharacter_C_0] 10.800003
[2020.05.03-03.31.05:682][281]LogBlueprintUserMessages: [ThirdPersonCharacter_C_0] 10.900003
[2020.05.03-03.31.05:698][282]LogBlueprintUserMessages: [ThirdPersonCharacter_C_0] 11.000004
[2020.05.03-03.31.05:714][283]LogBlueprintUserMessages: [ThirdPersonCharacter_C_0] 11.100004
[2020.05.03-03.31.05:731][284]LogBlueprintUserMessages: [ThirdPersonCharacter_C_0] 11.200005
[2020.05.03-03.31.05:747][285]LogBlueprintUserMessages: [ThirdPersonCharacter_C_0] 11.300005
[2020.05.03-03.31.05:763][286]LogBlueprintUserMessages: [ThirdPersonCharacter_C_0] 11.400005
[2020.05.03-03.31.05:780][287]LogBlueprintUserMessages: [ThirdPersonCharacter_C_0] 11.500006
[2020.05.03-03.31.05:795][288]LogBlueprintUserMessages: [ThirdPersonCharacter_C_0] 11.600006
[2020.05.03-03.31.05:811][289]LogBlueprintUserMessages: [ThirdPersonCharacter_C_0] 11.700006
[2020.05.03-03.31.05:827][290]LogBlueprintUserMessages: [ThirdPersonCharacter_C_0] 11.800007
[2020.05.03-03.31.05:843][291]LogBlueprintUserMessages: [ThirdPersonCharacter_C_0] 11.900007
[2020.05.03-03.31.05:860][292]LogBlueprintUserMessages: [ThirdPersonCharacter_C_0] 12.000008
[2020.05.03-03.31.05:876][293]LogBlueprintUserMessages: [ThirdPersonCharacter_C_0] 12.100008
[2020.05.03-03.31.05:892][294]LogBlueprintUserMessages: [ThirdPersonCharacter_C_0] 12.200008
[2020.05.03-03.31.05:908][295]LogBlueprintUserMessages: [ThirdPersonCharacter_C_0] 12.300009
[2020.05.03-03.31.05:924][296]LogBlueprintUserMessages: [ThirdPersonCharacter_C_0] 12.400009
[2020.05.03-03.31.05:941][297]LogBlueprintUserMessages: [ThirdPersonCharacter_C_0] 12.50001
[2020.05.03-03.31.05:957][298]LogBlueprintUserMessages: [ThirdPersonCharacter_C_0] 12.60001
[2020.05.03-03.31.05:973][299]LogBlueprintUserMessages: [ThirdPersonCharacter_C_0] 12.70001
[2020.05.03-03.31.05:988][300]LogBlueprintUserMessages: [ThirdPersonCharacter_C_0] 12.800011
[2020.05.03-03.31.06:004][301]LogBlueprintUserMessages: [ThirdPersonCharacter_C_0] 12.900011
[2020.05.03-03.31.06:020][302]LogBlueprintUserMessages: [ThirdPersonCharacter_C_0] 13.000011
[2020.05.03-03.31.06:036][303]LogBlueprintUserMessages: [ThirdPersonCharacter_C_0] 13.100012
[2020.05.03-03.31.06:053][304]LogBlueprintUserMessages: [ThirdPersonCharacter_C_0] 13.200012
[2020.05.03-03.31.06:069][305]LogBlueprintUserMessages: [ThirdPersonCharacter_C_0] 13.300013
[2020.05.03-03.31.06:085][306]LogBlueprintUserMessages: [ThirdPersonCharacter_C_0] 13.400013
[2020.05.03-03.31.06:101][307]LogBlueprintUserMessages: [ThirdPersonCharacter_C_0] 13.500013
[2020.05.03-03.31.06:117][308]LogBlueprintUserMessages: [ThirdPersonCharacter_C_0] 13.600014
[2020.05.03-03.31.06:133][309]LogBlueprintUserMessages: [ThirdPersonCharacter_C_0] 13.700014
[2020.05.03-03.31.06:150][310]LogBlueprintUserMessages: [ThirdPersonCharacter_C_0] 13.800014
[2020.05.03-03.31.06:166][311]LogBlueprintUserMessages: [ThirdPersonCharacter_C_0] 13.900015
[2020.05.03-03.31.06:183][312]LogBlueprintUserMessages: [ThirdPersonCharacter_C_0] 14.000015
[2020.05.03-03.31.06:199][313]LogBlueprintUserMessages: [ThirdPersonCharacter_C_0] 14.100016
[2020.05.03-03.31.06:215][314]LogBlueprintUserMessages: [ThirdPersonCharacter_C_0] 14.200016
[2020.05.03-03.31.06:230][315]LogBlueprintUserMessages: [ThirdPersonCharacter_C_0] 14.300016
[2020.05.03-03.31.06:246][316]LogBlueprintUserMessages: [ThirdPersonCharacter_C_0] 14.400017
[2020.05.03-03.31.06:263][317]LogBlueprintUserMessages: [ThirdPersonCharacter_C_0] 14.500017
[2020.05.03-03.31.06:281][318]LogBlueprintUserMessages: [ThirdPersonCharacter_C_0] 14.600018
[2020.05.03-03.31.06:295][319]LogBlueprintUserMessages: [ThirdPersonCharacter_C_0] 14.700018
[2020.05.03-03.31.06:311][320]LogBlueprintUserMessages: [ThirdPersonCharacter_C_0] 14.800018
[2020.05.03-03.31.06:328][321]LogBlueprintUserMessages: [ThirdPersonCharacter_C_0] 14.900019
[2020.05.03-03.31.06:344][322]LogBlueprintUserMessages: [ThirdPersonCharacter_C_0] 15.000019
[2020.05.03-03.31.06:360][323]LogBlueprintUserMessages: [ThirdPersonCharacter_C_0] 15.100019
[2020.05.03-03.31.06:376][324]LogBlueprintUserMessages: [ThirdPersonCharacter_C_0] 15.20002
[2020.05.03-03.31.06:392][325]LogBlueprintUserMessages: [ThirdPersonCharacter_C_0] 15.30002
[2020.05.03-03.31.06:407][326]LogBlueprintUserMessages: [ThirdPersonCharacter_C_0] 15.400021
[2020.05.03-03.31.06:423][327]LogBlueprintUserMessages: [ThirdPersonCharacter_C_0] 15.500021
[2020.05.03-03.31.06:440][328]LogBlueprintUserMessages: [ThirdPersonCharacter_C_0] 15.600021
[2020.05.03-03.31.06:456][329]LogBlueprintUserMessages: [ThirdPersonCharacter_C_0] 15.700022
[2020.05.03-03.31.06:472][330]LogBlueprintUserMessages: [ThirdPersonCharacter_C_0] 15.800022
[2020.05.03-03.31.06:488][331]LogBlueprintUserMessages: [ThirdPersonCharacter_C_0] 15.900023
[2020.05.03-03.31.06:504][332]LogBlueprintUserMessages: [ThirdPersonCharacter_C_0] 16.000023
[2020.05.03-03.31.06:521][333]LogBlueprintUserMessages: [ThirdPersonCharacter_C_0] 16.100023
[2020.05.03-03.31.06:537][334]LogBlueprintUserMessages: [ThirdPersonCharacter_C_0] 16.200024
[2020.05.03-03.31.06:553][335]LogBlueprintUserMessages: [ThirdPersonCharacter_C_0] 16.300024
[2020.05.03-03.31.06:570][336]LogBlueprintUserMessages: [ThirdPersonCharacter_C_0] 16.400024
[2020.05.03-03.31.06:586][337]LogBlueprintUserMessages: [ThirdPersonCharacter_C_0] 16.500025
[2020.05.03-03.31.06:602][338]LogBlueprintUserMessages: [ThirdPersonCharacter_C_0] 16.600025
[2020.05.03-03.31.06:618][339]LogBlueprintUserMessages: [ThirdPersonCharacter_C_0] 16.700026
[2020.05.03-03.31.06:634][340]LogBlueprintUserMessages: [ThirdPersonCharacter_C_0] 16.800026
[2020.05.03-03.31.06:650][341]LogBlueprintUserMessages: [ThirdPersonCharacter_C_0] 16.900026
[2020.05.03-03.31.06:666][342]LogBlueprintUserMessages: [ThirdPersonCharacter_C_0] 17.000027
[2020.05.03-03.31.06:682][343]LogBlueprintUserMessages: [ThirdPersonCharacter_C_0] 17.100027
[2020.05.03-03.31.06:698][344]LogBlueprintUserMessages: [ThirdPersonCharacter_C_0] 17.200027
[2020.05.03-03.31.06:714][345]LogBlueprintUserMessages: [ThirdPersonCharacter_C_0] 17.300028
[2020.05.03-03.31.06:730][346]LogBlueprintUserMessages: [ThirdPersonCharacter_C_0] 17.400028
[2020.05.03-03.31.06:747][347]LogBlueprintUserMessages: [ThirdPersonCharacter_C_0] 17.500029
[2020.05.03-03.31.06:763][348]LogBlueprintUserMessages: [ThirdPersonCharacter_C_0] 17.600029
[2020.05.03-03.31.06:778][349]LogBlueprintUserMessages: [ThirdPersonCharacter_C_0] 17.700029
[2020.05.03-03.31.06:795][350]LogBlueprintUserMessages: [ThirdPersonCharacter_C_0] 17.80003
[2020.05.03-03.31.06:810][351]LogBlueprintUserMessages: [ThirdPersonCharacter_C_0] 17.90003
[2020.05.03-03.31.06:826][352]LogBlueprintUserMessages: [ThirdPersonCharacter_C_0] 18.000031
[2020.05.03-03.31.06:843][353]LogBlueprintUserMessages: [ThirdPersonCharacter_C_0] 18.100031
[2020.05.03-03.31.06:859][354]LogBlueprintUserMessages: [ThirdPersonCharacter_C_0] 18.200031
[2020.05.03-03.31.06:875][355]LogBlueprintUserMessages: [ThirdPersonCharacter_C_0] 18.300032
[2020.05.03-03.31.06:892][356]LogBlueprintUserMessages: [ThirdPersonCharacter_C_0] 18.400032
[2020.05.03-03.31.06:908][357]LogBlueprintUserMessages: [ThirdPersonCharacter_C_0] 18.500032
[2020.05.03-03.31.06:924][358]LogBlueprintUserMessages: [ThirdPersonCharacter_C_0] 18.600033
[2020.05.03-03.31.06:941][359]LogBlueprintUserMessages: [ThirdPersonCharacter_C_0] 18.700033
[2020.05.03-03.31.06:956][360]LogBlueprintUserMessages: [ThirdPersonCharacter_C_0] 18.800034
[2020.05.03-03.31.06:972][361]LogBlueprintUserMessages: [ThirdPersonCharacter_C_0] 18.900034
[2020.05.03-03.31.06:988][362]LogBlueprintUserMessages: [ThirdPersonCharacter_C_0] 19.000034
[2020.05.03-03.31.07:005][363]LogBlueprintUserMessages: [ThirdPersonCharacter_C_0] 19.100035
[2020.05.03-03.31.07:021][364]LogBlueprintUserMessages: [ThirdPersonCharacter_C_0] 19.200035
[2020.05.03-03.31.07:037][365]LogBlueprintUserMessages: [ThirdPersonCharacter_C_0] 19.300035
[2020.05.03-03.31.07:053][366]LogBlueprintUserMessages: [ThirdPersonCharacter_C_0] 19.400036
[2020.05.03-03.31.07:069][367]LogBlueprintUserMessages: [ThirdPersonCharacter_C_0] 19.500036
[2020.05.03-03.31.07:086][368]LogBlueprintUserMessages: [ThirdPersonCharacter_C_0] 19.600037
[2020.05.03-03.31.07:102][369]LogBlueprintUserMessages: [ThirdPersonCharacter_C_0] 19.700037
[2020.05.03-03.31.07:118][370]LogBlueprintUserMessages: [ThirdPersonCharacter_C_0] 19.800037
[2020.05.03-03.31.07:135][371]LogBlueprintUserMessages: [ThirdPersonCharacter_C_0] 19.900038
[2020.05.03-03.31.07:150][372]LogBlueprintUserMessages: [ThirdPersonCharacter_C_0] 20.000038
[2020.05.03-03.31.07:166][373]LogBlueprintUserMessages: [ThirdPersonCharacter_C_0] 20.100039
[2020.05.03-03.31.07:182][374]LogBlueprintUserMessages: [ThirdPersonCharacter_C_0] 20.200039
[2020.05.03-03.31.07:198][375]LogBlueprintUserMessages: [ThirdPersonCharacter_C_0] 20.300039
[2020.05.03-03.31.07:214][376]LogBlueprintUserMessages: [ThirdPersonCharacter_C_0] 20.40004
[2020.05.03-03.31.07:230][377]LogBlueprintUserMessages: [ThirdPersonCharacter_C_0] 20.50004
[2020.05.03-03.31.07:247][378]LogBlueprintUserMessages: [ThirdPersonCharacter_C_0] 20.60004
[2020.05.03-03.31.07:263][379]LogBlueprintUserMessages: [ThirdPersonCharacter_C_0] 20.700041
[2020.05.03-03.31.07:279][380]LogBlueprintUserMessages: [ThirdPersonCharacter_C_0] 20.800041
[2020.05.03-03.31.07:295][381]LogBlueprintUserMessages: [ThirdPersonCharacter_C_0] 20.900042
[2020.05.03-03.31.07:311][382]LogBlueprintUserMessages: [ThirdPersonCharacter_C_0] 21.000042
[2020.05.03-03.31.07:327][383]LogBlueprintUserMessages: [ThirdPersonCharacter_C_0] 21.100042
[2020.05.03-03.31.07:344][384]LogBlueprintUserMessages: [ThirdPersonCharacter_C_0] 21.200043
[2020.05.03-03.31.07:360][385]LogBlueprintUserMessages: [ThirdPersonCharacter_C_0] 21.300043
[2020.05.03-03.31.07:376][386]LogBlueprintUserMessages: [ThirdPersonCharacter_C_0] 21.400043
[2020.05.03-03.31.07:392][387]LogBlueprintUserMessages: [ThirdPersonCharacter_C_0] 21.500044
[2020.05.03-03.31.07:408][388]LogBlueprintUserMessages: [ThirdPersonCharacter_C_0] 21.600044
[2020.05.03-03.31.07:425][389]LogBlueprintUserMessages: [ThirdPersonCharacter_C_0] 21.700045
[2020.05.03-03.31.07:440][390]LogBlueprintUserMessages: [ThirdPersonCharacter_C_0] 21.800045
[2020.05.03-03.31.07:456][391]LogBlueprintUserMessages: [ThirdPersonCharacter_C_0] 21.900045
[2020.05.03-03.31.07:473][392]LogBlueprintUserMessages: [ThirdPersonCharacter_C_0] 22.000046
[2020.05.03-03.31.07:489][393]LogBlueprintUserMessages: [ThirdPersonCharacter_C_0] 22.100046
[2020.05.03-03.31.07:504][394]LogBlueprintUserMessages: [ThirdPersonCharacter_C_0] 22.200047
[2020.05.03-03.31.07:521][395]LogBlueprintUserMessages: [ThirdPersonCharacter_C_0] 22.300047
[2020.05.03-03.31.07:537][396]LogBlueprintUserMessages: [ThirdPersonCharacter_C_0] 22.400047
[2020.05.03-03.31.07:553][397]LogBlueprintUserMessages: [ThirdPersonCharacter_C_0] 22.500048
[2020.05.03-03.31.07:569][398]LogBlueprintUserMessages: [ThirdPersonCharacter_C_0] 22.600048
[2020.05.03-03.31.07:585][399]LogBlueprintUserMessages: [ThirdPersonCharacter_C_0] 22.700048
[2020.05.03-03.31.07:602][400]LogBlueprintUserMessages: [ThirdPersonCharacter_C_0] 22.800049
[2020.05.03-03.31.07:618][401]LogBlueprintUserMessages: [ThirdPersonCharacter_C_0] 22.900049
[2020.05.03-03.31.07:634][402]LogBlueprintUserMessages: [ThirdPersonCharacter_C_0] 23.00005
[2020.05.03-03.31.07:651][403]LogBlueprintUserMessages: [ThirdPersonCharacter_C_0] 23.10005
[2020.05.03-03.31.07:667][404]LogBlueprintUserMessages: [ThirdPersonCharacter_C_0] 23.20005
[2020.05.03-03.31.07:682][405]LogBlueprintUserMessages: [ThirdPersonCharacter_C_0] 23.300051
[2020.05.03-03.31.07:698][406]LogBlueprintUserMessages: [ThirdPersonCharacter_C_0] 23.400051
[2020.05.03-03.31.07:714][407]LogBlueprintUserMessages: [ThirdPersonCharacter_C_0] 23.500051
[2020.05.03-03.31.07:730][408]LogBlueprintUserMessages: [ThirdPersonCharacter_C_0] 23.600052
[2020.05.03-03.31.07:747][409]LogBlueprintUserMessages: [ThirdPersonCharacter_C_0] 23.700052
[2020.05.03-03.31.07:763][410]LogBlueprintUserMessages: [ThirdPersonCharacter_C_0] 23.800053
[2020.05.03-03.31.07:779][411]LogBlueprintUserMessages: [ThirdPersonCharacter_C_0] 23.900053
[2020.05.03-03.31.07:795][412]LogBlueprintUserMessages: [ThirdPersonCharacter_C_0] 24.000053
[2020.05.03-03.31.07:812][413]LogBlueprintUserMessages: [ThirdPersonCharacter_C_0] 24.100054
[2020.05.03-03.31.07:828][414]LogBlueprintUserMessages: [ThirdPersonCharacter_C_0] 24.200054
[2020.05.03-03.31.07:844][415]LogBlueprintUserMessages: [ThirdPersonCharacter_C_0] 24.300055
[2020.05.03-03.31.07:860][416]LogBlueprintUserMessages: [ThirdPersonCharacter_C_0] 24.400055
[2020.05.03-03.31.07:876][417]LogBlueprintUserMessages: [ThirdPersonCharacter_C_0] 24.500055
[2020.05.03-03.31.07:892][418]LogBlueprintUserMessages: [ThirdPersonCharacter_C_0] 24.600056
[2020.05.03-03.31.07:908][419]LogBlueprintUserMessages: [ThirdPersonCharacter_C_0] 24.700056
[2020.05.03-03.31.07:924][420]LogBlueprintUserMessages: [ThirdPersonCharacter_C_0] 24.800056
[2020.05.03-03.31.07:941][421]LogBlueprintUserMessages: [ThirdPersonCharacter_C_0] 24.900057
[2020.05.03-03.31.07:957][422]LogBlueprintUserMessages: [ThirdPersonCharacter_C_0] 25.000057
[2020.05.03-03.31.07:973][423]LogBlueprintUserMessages: [ThirdPersonCharacter_C_0] 25.100058
[2020.05.03-03.31.07:989][424]LogBlueprintUserMessages: [ThirdPersonCharacter_C_0] 25.200058
[2020.05.03-03.31.08:005][425]LogBlueprintUserMessages: [ThirdPersonCharacter_C_0] 25.300058
[2020.05.03-03.31.08:021][426]LogBlueprintUserMessages: [ThirdPersonCharacter_C_0] 25.400059
[2020.05.03-03.31.08:037][427]LogBlueprintUserMessages: [ThirdPersonCharacter_C_0] 25.500059
[2020.05.03-03.31.08:052][428]LogBlueprintUserMessages: [ThirdPersonCharacter_C_0] 25.60006
[2020.05.03-03.31.08:069][429]LogBlueprintUserMessages: [ThirdPersonCharacter_C_0] 25.70006
[2020.05.03-03.31.08:085][430]LogBlueprintUserMessages: [ThirdPersonCharacter_C_0] 25.80006
[2020.05.03-03.31.08:101][431]LogBlueprintUserMessages: [ThirdPersonCharacter_C_0] 25.900061
[2020.05.03-03.31.08:117][432]LogBlueprintUserMessages: [ThirdPersonCharacter_C_0] 26.000061
[2020.05.03-03.31.08:133][433]LogBlueprintUserMessages: [ThirdPersonCharacter_C_0] 26.100061
[2020.05.03-03.31.08:149][434]LogBlueprintUserMessages: [ThirdPersonCharacter_C_0] 26.200062
[2020.05.03-03.31.08:166][435]LogBlueprintUserMessages: [ThirdPersonCharacter_C_0] 26.300062
[2020.05.03-03.31.08:182][436]LogBlueprintUserMessages: [ThirdPersonCharacter_C_0] 26.400063
[2020.05.03-03.31.08:198][437]LogBlueprintUserMessages: [ThirdPersonCharacter_C_0] 26.500063
[2020.05.03-03.31.08:214][438]LogBlueprintUserMessages: [ThirdPersonCharacter_C_0] 26.600063
[2020.05.03-03.31.08:230][439]LogBlueprintUserMessages: [ThirdPersonCharacter_C_0] 26.700064
[2020.05.03-03.31.08:247][440]LogBlueprintUserMessages: [ThirdPersonCharacter_C_0] 26.800064
[2020.05.03-03.31.08:263][441]LogBlueprintUserMessages: [ThirdPersonCharacter_C_0] 26.900064
[2020.05.03-03.31.08:279][442]LogBlueprintUserMessages: [ThirdPersonCharacter_C_0] 27.000065
[2020.05.03-03.31.08:296][443]LogBlueprintUserMessages: [ThirdPersonCharacter_C_0] 27.100065
[2020.05.03-03.31.08:312][444]LogBlueprintUserMessages: [ThirdPersonCharacter_C_0] 27.200066
[2020.05.03-03.31.08:328][445]LogBlueprintUserMessages: [ThirdPersonCharacter_C_0] 27.300066
[2020.05.03-03.31.08:344][446]LogBlueprintUserMessages: [ThirdPersonCharacter_C_0] 27.400066
[2020.05.03-03.31.08:360][447]LogBlueprintUserMessages: [ThirdPersonCharacter_C_0] 27.500067
[2020.05.03-03.31.08:376][448]LogBlueprintUserMessages: [ThirdPersonCharacter_C_0] 27.600067
[2020.05.03-03.31.08:393][449]LogBlueprintUserMessages: [ThirdPersonCharacter_C_0] 27.700068
[2020.05.03-03.31.08:409][450]LogBlueprintUserMessages: [ThirdPersonCharacter_C_0] 27.800068
[2020.05.03-03.31.08:424][451]LogBlueprintUserMessages: [ThirdPersonCharacter_C_0] 27.900068
[2020.05.03-03.31.08:440][452]LogBlueprintUserMessages: [ThirdPersonCharacter_C_0] 28.000069
[2020.05.03-03.31.08:456][453]LogBlueprintUserMessages: [ThirdPersonCharacter_C_0] 28.100069
[2020.05.03-03.31.08:472][454]LogBlueprintUserMessages: [ThirdPersonCharacter_C_0] 28.200069
[2020.05.03-03.31.08:489][455]LogBlueprintUserMessages: [ThirdPersonCharacter_C_0] 28.30007
[2020.05.03-03.31.08:505][456]LogBlueprintUserMessages: [ThirdPersonCharacter_C_0] 28.40007
[2020.05.03-03.31.08:521][457]LogBlueprintUserMessages: [ThirdPersonCharacter_C_0] 28.500071
[2020.05.03-03.31.08:537][458]LogBlueprintUserMessages: [ThirdPersonCharacter_C_0] 28.600071
[2020.05.03-03.31.08:553][459]LogBlueprintUserMessages: [ThirdPersonCharacter_C_0] 28.700071
[2020.05.03-03.31.08:569][460]LogBlueprintUserMessages: [ThirdPersonCharacter_C_0] 28.800072
[2020.05.03-03.31.08:586][461]LogBlueprintUserMessages: [ThirdPersonCharacter_C_0] 28.900072
[2020.05.03-03.31.08:602][462]LogBlueprintUserMessages: [ThirdPersonCharacter_C_0] 29.000072
[2020.05.03-03.31.08:618][463]LogBlueprintUserMessages: [ThirdPersonCharacter_C_0] 29.100073
[2020.05.03-03.31.08:634][464]LogBlueprintUserMessages: [ThirdPersonCharacter_C_0] 29.200073
[2020.05.03-03.31.08:650][465]LogBlueprintUserMessages: [ThirdPersonCharacter_C_0] 29.300074
[2020.05.03-03.31.08:666][466]LogBlueprintUserMessages: [ThirdPersonCharacter_C_0] 29.400074
[2020.05.03-03.31.08:682][467]LogBlueprintUserMessages: [ThirdPersonCharacter_C_0] 29.500074
[2020.05.03-03.31.08:699][468]LogBlueprintUserMessages: [ThirdPersonCharacter_C_0] 29.600075
[2020.05.03-03.31.08:715][469]LogBlueprintUserMessages: [ThirdPersonCharacter_C_0] 29.700075
[2020.05.03-03.31.08:731][470]LogBlueprintUserMessages: [ThirdPersonCharacter_C_0] 29.800076
[2020.05.03-03.31.08:747][471]LogBlueprintUserMessages: [ThirdPersonCharacter_C_0] 29.900076
[2020.05.03-03.31.08:763][472]LogBlueprintUserMessages: [ThirdPersonCharacter_C_0] 30.000076
[2020.05.03-03.31.08:779][473]LogBlueprintUserMessages: [ThirdPersonCharacter_C_0] 30.100077
[2020.05.03-03.31.08:795][474]LogBlueprintUserMessages: [ThirdPersonCharacter_C_0] 30.200077
[2020.05.03-03.31.08:811][475]LogBlueprintUserMessages: [ThirdPersonCharacter_C_0] 30.300077
[2020.05.03-03.31.08:827][476]LogBlueprintUserMessages: [ThirdPersonCharacter_C_0] 30.400078
[2020.05.03-03.31.08:843][477]LogBlueprintUserMessages: [ThirdPersonCharacter_C_0] 30.500078
[2020.05.03-03.31.08:859][478]LogBlueprintUserMessages: [ThirdPersonCharacter_C_0] 30.600079
[2020.05.03-03.31.08:875][479]LogBlueprintUserMessages: [ThirdPersonCharacter_C_0] 30.700079
[2020.05.03-03.31.08:892][480]LogBlueprintUserMessages: [ThirdPersonCharacter_C_0] 30.800079
[2020.05.03-03.31.08:908][481]LogBlueprintUserMessages: [ThirdPersonCharacter_C_0] 30.90008
[2020.05.03-03.31.08:924][482]LogBlueprintUserMessages: [ThirdPersonCharacter_C_0] 31.00008
[2020.05.03-03.31.08:940][483]LogBlueprintUserMessages: [ThirdPersonCharacter_C_0] 31.10008
[2020.05.03-03.31.08:956][484]LogBlueprintUserMessages: [ThirdPersonCharacter_C_0] 31.200081
[2020.05.03-03.31.08:972][485]LogBlueprintUserMessages: [ThirdPersonCharacter_C_0] 31.300081
[2020.05.03-03.31.08:988][486]LogBlueprintUserMessages: [ThirdPersonCharacter_C_0] 31.400082
[2020.05.03-03.31.09:005][487]LogBlueprintUserMessages: [ThirdPersonCharacter_C_0] 31.500082
[2020.05.03-03.31.09:021][488]LogBlueprintUserMessages: [ThirdPersonCharacter_C_0] 31.600082
[2020.05.03-03.31.09:021][488]LogBlueprintUserMessages: [BP_HealingStation_C_2] Not Servicing
[2020.05.03-03.31.22:216][306]LogBlueprintUserMessages: [ThirdPersonCharacter_C_0] FireRate1.0
[2020.05.03-03.31.28:458][691]LogSlate: Window 'Vis2 (64-bit Development PCD3D_SM5) ' being destroyed
[2020.05.03-03.31.28:458][691]LogWindowsTextInputMethodSystem: Display: IME system now deactivated.
[2020.05.03-03.31.28:474][691]LogSlate: Updating window title bar state: overlay mode, drag disabled, window buttons hidden, title bar hidden
[2020.05.03-03.31.28:475][691]LogEngine: All Windows Closed
[2020.05.03-03.31.28:475][691]LogWindows: FPlatformMisc::RequestExit(0)
[2020.05.03-03.31.29:129][692]LogExit: Preparing to exit.
[2020.05.03-03.31.29:129][692]LogMoviePlayer: Shutting down movie player
[2020.05.03-03.31.29:756][692]LogSlate: Updating window title bar state: overlay mode, drag disabled, window buttons hidden, title bar hidden
[2020.05.03-03.31.29:769][692]LogExit: Game engine shut down
[2020.05.03-03.31.29:843][692]LogExit: Object subsystem successfully closed.
[2020.05.03-03.31.29:864][692]LogShaderCompilers: Display: Shaders left to compile 0
[2020.05.03-03.31.29:867][692]LogD3D11RHI: Shutdown
[2020.05.03-03.31.29:867][692]LogD3D11RHI: CleanupD3DDevice
[2020.05.03-03.31.29:867][692]LogRendererCore: FGlobalReadBuffer::ReleaseRHI
[2020.05.03-03.31.29:867][692]LogRendererCore: FGlobalDynamicReadBuffer::Cleanup()
[2020.05.03-03.31.29:867][692]LogRendererCore: FGlobalReadBuffer::ReleaseRHI
[2020.05.03-03.31.29:867][692]LogRendererCore: FGlobalDynamicReadBuffer::Cleanup()
[2020.05.03-03.31.29:867][692]LogRendererCore: FGlobalReadBuffer::ReleaseRHI
[2020.05.03-03.31.29:867][692]LogRendererCore: FGlobalDynamicReadBuffer::Cleanup()
[2020.05.03-03.31.29:954][692]LogD3D11RHI: ~FD3D11DynamicRHI
[2020.05.03-03.31.29:958][692]LogModuleManager: Shutting down and abandoning module SequenceRecorderSections (404)
[2020.05.03-03.31.29:958][692]LogModuleManager: Shutting down and abandoning module SequenceRecorder (402)
[2020.05.03-03.31.29:958][692]LogModuleManager: Shutting down and abandoning module AutomationController (400)
[2020.05.03-03.31.29:958][692]LogModuleManager: Shutting down and abandoning module AutomationWorker (398)
[2020.05.03-03.31.29:960][692]LogModuleManager: Shutting down and abandoning module Voice (396)
[2020.05.03-03.31.29:960][692]LogModuleManager: Shutting down and abandoning module AIModule (394)
[2020.05.03-03.31.29:960][692]LogModuleManager: Shutting down and abandoning module GameplayDebugger (393)
[2020.05.03-03.31.29:960][692]LogModuleManager: Shutting down and abandoning module AITestSuite (391)
[2020.05.03-03.31.29:960][692]LogModuleManager: Shutting down and abandoning module NavigationSystem (389)
[2020.05.03-03.31.29:960][692]LogModuleManager: Shutting down and abandoning module OculusMR (386)
[2020.05.03-03.31.29:960][692]LogModuleManager: Shutting down and abandoning module WmfMediaFactory (384)
[2020.05.03-03.31.29:960][692]LogModuleManager: Shutting down and abandoning module WebMMediaFactory (382)
[2020.05.03-03.31.29:960][692]LogModuleManager: Shutting down and abandoning module WebMMedia (380)
[2020.05.03-03.31.29:960][692]LogModuleManager: Shutting down and abandoning module OpenExrWrapper (378)
[2020.05.03-03.31.29:960][692]LogModuleManager: Shutting down and abandoning module ImgMediaFactory (376)
[2020.05.03-03.31.29:960][692]LogModuleManager: Shutting down and abandoning module AvfMediaFactory (374)
[2020.05.03-03.31.29:960][692]LogModuleManager: Shutting down and abandoning module MagicLeapCameraPreviewFactory (372)
[2020.05.03-03.31.29:960][692]LogModuleManager: Shutting down and abandoning module MagicLeapMediaCodecFactory (370)
[2020.05.03-03.31.29:960][692]LogModuleManager: Shutting down and abandoning module MagicLeapMediaFactory (368)
[2020.05.03-03.31.29:960][692]LogModuleManager: Shutting down and abandoning module CharacterAI (366)
[2020.05.03-03.31.29:960][692]LogModuleManager: Shutting down and abandoning module SessionServices (364)
[2020.05.03-03.31.29:960][692]LogModuleManager: Shutting down and abandoning module MovieSceneCapture (362)
[2020.05.03-03.31.29:960][692]LogModuleManager: Shutting down and abandoning module LiveCoding (360)
[2020.05.03-03.31.29:960][692]LogModuleManager: Shutting down and abandoning module LevelSequence (358)
[2020.05.03-03.31.29:960][692]LogModuleManager: Shutting down and abandoning module MovieSceneTracks (356)
[2020.05.03-03.31.29:960][692]LogModuleManager: Shutting down and abandoning module MovieScene (354)
[2020.05.03-03.31.29:960][692]LogModuleManager: Shutting down and abandoning module StreamingPauseRendering (352)
[2020.05.03-03.31.29:960][692]LogModuleManager: Shutting down and abandoning module PortalServices (350)
[2020.05.03-03.31.29:960][692]LogModuleManager: Shutting down and abandoning module PortalRpc (348)
[2020.05.03-03.31.29:960][692]LogModuleManager: Shutting down and abandoning module MessagingRpc (346)
[2020.05.03-03.31.29:960][692]LogModuleManager: Shutting down and abandoning module ImageWriteQueue (344)
[2020.05.03-03.31.29:961][692]LogModuleManager: Shutting down and abandoning module ProfilerService (342)
[2020.05.03-03.31.30:007][692]LogModuleManager: Shutting down and abandoning module TaskGraph (340)
[2020.05.03-03.31.30:007][692]LogModuleManager: Shutting down and abandoning module SteamVRController (338)
[2020.05.03-03.31.30:007][692]LogModuleManager: Shutting down and abandoning module ProceduralMeshComponent (336)
[2020.05.03-03.31.30:007][692]LogModuleManager: Shutting down and abandoning module OculusInput (334)
[2020.05.03-03.31.30:007][692]LogModuleManager: Shutting down and abandoning module MobilePatchingUtils (332)
[2020.05.03-03.31.30:007][692]LogModuleManager: Shutting down and abandoning module EditableMesh (330)
[2020.05.03-03.31.30:007][692]LogModuleManager: Shutting down and abandoning module CustomMeshComponent (328)
[2020.05.03-03.31.30:008][692]LogModuleManager: Shutting down and abandoning module CableComponent (326)
[2020.05.03-03.31.30:008][692]LogModuleManager: Shutting down and abandoning module AudioCapture (324)
[2020.05.03-03.31.30:008][692]LogModuleManager: Shutting down and abandoning module ArchVisCharacter (322)
[2020.05.03-03.31.30:008][692]LogModuleManager: Shutting down and abandoning module AndroidPermission (320)
[2020.05.03-03.31.30:008][692]LogModuleManager: Shutting down and abandoning module NUTUnrealEngine4 (318)
[2020.05.03-03.31.30:008][692]LogModuleManager: Shutting down and abandoning module NetcodeUnitTest (316)
[2020.05.03-03.31.30:008][692]LogModuleManager: Shutting down and abandoning module MediaCompositing (314)
[2020.05.03-03.31.30:008][692]LogModuleManager: Shutting down and abandoning module LinearTimecode (312)
[2020.05.03-03.31.30:008][692]LogModuleManager: Shutting down and abandoning module ImgMedia (310)
[2020.05.03-03.31.30:008][692]LogModuleManager: Shutting down and abandoning module MagicLeapHelperVulkan (308)
[2020.05.03-03.31.30:008][692]LogModuleManager: Shutting down and abandoning module MagicLeapHelperOpenGL (306)
[2020.05.03-03.31.30:008][692]LogModuleManager: Shutting down and abandoning module MagicLeapAudio (304)
[2020.05.03-03.31.30:008][692]LogModuleManager: Shutting down and abandoning module HTML5Networking (302)
[2020.05.03-03.31.30:008][692]LogModuleManager: Shutting down and abandoning module GeometryCacheTracks (300)
[2020.05.03-03.31.30:008][692]LogModuleManager: Shutting down and abandoning module GeometryCacheSequencer (299)
[2020.05.03-03.31.30:008][692]LogModuleManager: Shutting down and abandoning module GeometryCache (296)
[2020.05.03-03.31.30:008][692]LogModuleManager: Shutting down and abandoning module GeometryCacheEd (295)
[2020.05.03-03.31.30:008][692]LogModuleManager: Shutting down and abandoning module BackChannel (292)
[2020.05.03-03.31.30:009][692]LogModuleManager: Shutting down and abandoning module AppleVision (290)
[2020.05.03-03.31.30:009][692]LogModuleManager: Shutting down and abandoning module AppleImageUtilsBlueprintSupport (288)
[2020.05.03-03.31.30:009][692]LogModuleManager: Shutting down and abandoning module AppleImageUtils (286)
[2020.05.03-03.31.30:009][692]LogModuleManager: Shutting down and abandoning module VariantManagerContent (284)
[2020.05.03-03.31.30:009][692]LogModuleManager: Shutting down and abandoning module CryptoKeysOpenSSL (282)
[2020.05.03-03.31.30:009][692]LogModuleManager: Shutting down and abandoning module CryptoKeys (280)
[2020.05.03-03.31.30:009][692]LogModuleManager: Shutting down and abandoning module VisualStudioSourceCodeAccess (278)
[2020.05.03-03.31.30:009][692]LogModuleManager: Shutting down and abandoning module HotReload (277)
[2020.05.03-03.31.30:009][692]LogModuleManager: Shutting down and abandoning module DirectoryWatcher (276)
[2020.05.03-03.31.30:009][692]LogModuleManager: Shutting down and abandoning module VisualStudioCodeSourceCodeAccess (272)
[2020.05.03-03.31.30:009][692]LogModuleManager: Shutting down and abandoning module UObjectPlugin (270)
[2020.05.03-03.31.30:009][692]LogModuleManager: Shutting down and abandoning module SubversionSourceControl (268)
[2020.05.03-03.31.30:009][692]LogModuleManager: Shutting down and abandoning module PerforceSourceControl (266)
[2020.05.03-03.31.30:009][692]LogModuleManager: Shutting down and abandoning module SourceControl (265)
[2020.05.03-03.31.30:010][692]LogModuleManager: Shutting down and abandoning module CLionSourceCodeAccess (262)
[2020.05.03-03.31.30:010][692]LogModuleManager: Shutting down and abandoning module ActorLayerUtilities (260)
[2020.05.03-03.31.30:010][692]LogModuleManager: Shutting down and abandoning module SignificanceManager (258)
[2020.05.03-03.31.30:010][692]LogModuleManager: Shutting down and abandoning module RuntimePhysXCooking (256)
[2020.05.03-03.31.30:010][692]LogModuleManager: Shutting down and abandoning module PhysXVehiclesEditor (254)
[2020.05.03-03.31.30:010][692]LogModuleManager: Shutting down and abandoning module PhysXVehicles (252)
[2020.05.03-03.31.30:010][692]LogModuleManager: Shutting down and abandoning module LocationServicesBPLibrary (250)
[2020.05.03-03.31.30:010][692]LogModuleManager: Shutting down and abandoning module ActorSequence (248)
[2020.05.03-03.31.30:010][692]LogModuleManager: Shutting down and abandoning module UdpMessaging (246)
[2020.05.03-03.31.30:112][692]LogModuleManager: Shutting down and abandoning module TcpMessaging (244)
[2020.05.03-03.31.30:727][692]LogModuleManager: Shutting down and abandoning module MagicLeapIdentity (242)
[2020.05.03-03.31.30:727][692]LogModuleManager: Shutting down and abandoning module MagicLeapSecureStorage (240)
[2020.05.03-03.31.30:727][692]LogModuleManager: Shutting down and abandoning module MagicLeapHandTracking (238)
[2020.05.03-03.31.30:728][692]LogModuleManager: Shutting down and abandoning module MagicLeapEyeTracker (236)
[2020.05.03-03.31.30:728][692]LogModuleManager: Shutting down and abandoning module MagicLeapController (234)
[2020.05.03-03.31.30:728][692]LogSlate: Slate User Destroyed.  User Index 0, Is Virtual User: 0
[2020.05.03-03.31.30:728][692]LogModuleManager: Shutting down and abandoning module MagicLeapAR (232)
[2020.05.03-03.31.30:728][692]LogModuleManager: Shutting down and abandoning module AugmentedReality (231)
[2020.05.03-03.31.30:728][692]LogModuleManager: Shutting down and abandoning module GameplayTagsEditor (228)
[2020.05.03-03.31.30:728][692]LogModuleManager: Shutting down and abandoning module FacialAnimation (226)
[2020.05.03-03.31.30:728][692]LogModuleManager: Shutting down and abandoning module DataValidation (224)
[2020.05.03-03.31.30:728][692]LogModuleManager: Shutting down and abandoning module AssetManagerEditor (222)
[2020.05.03-03.31.30:728][692]LogModuleManager: Shutting down and abandoning module TreeMap (221)
[2020.05.03-03.31.30:728][692]LogModuleManager: Shutting down and abandoning module AnimationSharing (218)
[2020.05.03-03.31.30:728][692]LogModuleManager: Shutting down and abandoning module LightPropagationVolumeRuntime (216)
[2020.05.03-03.31.30:729][692]LogModuleManager: Shutting down and abandoning module AISupportModule (214)
[2020.05.03-03.31.30:729][692]LogModuleManager: Shutting down and abandoning module AdvancedSteamSessions (212)
[2020.05.03-03.31.30:729][692]LogModuleManager: Shutting down and abandoning module AdvancedSessions (210)
[2020.05.03-03.31.30:729][692]LogModuleManager: Shutting down and abandoning module Paper2D (208)
[2020.05.03-03.31.30:729][692]LogModuleManager: Shutting down and abandoning module WindowsMoviePlayer (206)
[2020.05.03-03.31.30:729][692]LogModuleManager: Shutting down and abandoning module WebMMoviePlayer (204)
[2020.05.03-03.31.30:729][692]LogModuleManager: Shutting down and abandoning module PacketHandler (202)
[2020.05.03-03.31.30:729][692]LogModuleManager: Shutting down and abandoning module ClothingSystemEditor (200)
[2020.05.03-03.31.30:729][692]LogModuleManager: Shutting down and abandoning module ClothingSystemRuntime (198)
[2020.05.03-03.31.30:729][692]LogModuleManager: Shutting down and abandoning module MediaAssets (196)
[2020.05.03-03.31.30:729][692]LogModuleManager: Shutting down and abandoning module Overlay (194)
[2020.05.03-03.31.30:729][692]LogModuleManager: Shutting down and abandoning module OverlayEditor (193)
[2020.05.03-03.31.30:729][692]LogModuleManager: Shutting down and abandoning module VREditor (190)
[2020.05.03-03.31.30:729][692]LogModuleManager: Shutting down and abandoning module StringTableEditor (188)
[2020.05.03-03.31.30:729][692]LogModuleManager: Shutting down and abandoning module GameplayTasksEditor (186)
[2020.05.03-03.31.30:730][692]LogModuleManager: Shutting down and abandoning module BehaviorTreeEditor (184)
[2020.05.03-03.31.30:730][692]LogModuleManager: Shutting down and abandoning module FunctionalTesting (182)
[2020.05.03-03.31.30:730][692]LogModuleManager: Shutting down and abandoning module CollisionAnalyzer (180)
[2020.05.03-03.31.30:730][692]LogModuleManager: Shutting down and abandoning module WorkspaceMenuStructure (179)
[2020.05.03-03.31.30:730][692]LogModuleManager: Shutting down and abandoning module UMG (176)
[2020.05.03-03.31.30:730][692]LogModuleManager: Shutting down and abandoning module UMGEditor (175)
[2020.05.03-03.31.30:730][692]LogModuleManager: Shutting down and abandoning module Sequencer (174)
[2020.05.03-03.31.30:730][692]LogModuleManager: Shutting down and abandoning module MessageLog (171)
[2020.05.03-03.31.30:730][692]LogModuleManager: Shutting down and abandoning module SlateReflector (166)
[2020.05.03-03.31.30:731][692]LogModuleManager: Shutting down and abandoning module Slate (164)
[2020.05.03-03.31.30:731][692]LogModuleManager: Shutting down and abandoning module EditorStyle (162)
[2020.05.03-03.31.30:734][692]LogModuleManager: Shutting down and abandoning module UnrealEd (160)
[2020.05.03-03.31.30:734][692]LogModuleManager: Shutting down and abandoning module MRMesh (158)
[2020.05.03-03.31.30:734][692]LogModuleManager: Shutting down and abandoning module Messaging (156)
[2020.05.03-03.31.30:734][692]LogModuleManager: Shutting down and abandoning module SourceCodeAccess (154)
[2020.05.03-03.31.30:734][692]LogModuleManager: Shutting down and abandoning module HeadMountedDisplay (152)
[2020.05.03-03.31.30:735][692]LogModuleManager: Shutting down and abandoning module XAudio2 (150)
[2020.05.03-03.31.30:735][692]LogModuleManager: Shutting down and abandoning module Networking (148)
[2020.05.03-03.31.30:735][692]LogModuleManager: Shutting down and abandoning module Core (146)
[2020.05.03-03.31.30:735][692]LogModuleManager: Shutting down and abandoning module KismetCompiler (144)
[2020.05.03-03.31.30:735][692]LogModuleManager: Shutting down and abandoning module MeshUtilities (142)
[2020.05.03-03.31.30:735][692]LogModuleManager: Shutting down and abandoning module MeshMergeUtilities (141)
[2020.05.03-03.31.30:735][692]LogModuleManager: Shutting down and abandoning module MeshReductionInterface (140)
[2020.05.03-03.31.30:735][692]LogModuleManager: Shutting down and abandoning module SkeletalMeshReduction (139)
[2020.05.03-03.31.30:735][692]LogModuleManager: Shutting down and abandoning module ProxyLODMeshReduction (137)
[2020.05.03-03.31.30:735][692]LogModuleManager: Shutting down and abandoning module QuadricMeshReduction (135)
[2020.05.03-03.31.30:735][692]LogModuleManager: Shutting down and abandoning module MaterialBaking (131)
[2020.05.03-03.31.30:735][692]LogModuleManager: Shutting down and abandoning module PIEPreviewDeviceProfileSelector (126)
[2020.05.03-03.31.30:736][692]LogModuleManager: Shutting down and abandoning module DerivedDataCache (124)
[2020.05.03-03.31.31:133][692]LogDerivedDataCache: Shutdown
[2020.05.03-03.31.31:133][692]LogModuleManager: Shutting down and abandoning module XGEController (122)
[2020.05.03-03.31.31:133][692]LogModuleManager: Shutting down and abandoning module TargetPlatform (120)
[2020.05.03-03.31.31:133][692]LogModuleManager: Shutting down and abandoning module VulkanShaderFormat (119)
[2020.05.03-03.31.31:133][692]LogModuleManager: Shutting down and abandoning module ShaderFormatVectorVM (117)
[2020.05.03-03.31.31:134][692]LogModuleManager: Shutting down and abandoning module ShaderFormatOpenGL (115)
[2020.05.03-03.31.31:134][692]LogModuleManager: Shutting down and abandoning module ShaderFormatD3D (113)
[2020.05.03-03.31.31:134][692]LogModuleManager: Shutting down and abandoning module MetalShaderFormat (111)
[2020.05.03-03.31.31:134][692]LogModuleManager: Shutting down and abandoning module TextureFormatUncompressed (109)
[2020.05.03-03.31.31:134][692]LogModuleManager: Shutting down and abandoning module TextureFormatPVR (107)
[2020.05.03-03.31.31:134][692]LogModuleManager: Shutting down and abandoning module TextureFormatDXT (105)
[2020.05.03-03.31.31:134][692]LogModuleManager: Shutting down and abandoning module TextureFormatIntelISPCTexComp (103)
[2020.05.03-03.31.31:134][692]LogModuleManager: Shutting down and abandoning module TextureFormatASTC (101)
[2020.05.03-03.31.31:134][692]LogModuleManager: Shutting down and abandoning module ImageWrapper (100)
[2020.05.03-03.31.31:134][692]LogModuleManager: Shutting down and abandoning module TextureFormatAndroid (97)
[2020.05.03-03.31.31:134][692]LogModuleManager: Shutting down and abandoning module AudioFormatOpus (95)
[2020.05.03-03.31.31:134][692]LogModuleManager: Shutting down and abandoning module AudioFormatOgg (93)
[2020.05.03-03.31.31:134][692]LogModuleManager: Shutting down and abandoning module AudioFormatADPCM (91)
[2020.05.03-03.31.31:134][692]LogModuleManager: Shutting down and abandoning module WindowsTargetPlatform (89)
[2020.05.03-03.31.31:134][692]LogModuleManager: Shutting down and abandoning module WindowsServerTargetPlatform (87)
[2020.05.03-03.31.31:134][692]LogModuleManager: Shutting down and abandoning module WindowsNoEditorTargetPlatform (85)
[2020.05.03-03.31.31:134][692]LogModuleManager: Shutting down and abandoning module WindowsClientTargetPlatform (83)
[2020.05.03-03.31.31:134][692]LogModuleManager: Shutting down and abandoning module InputCore (80)
[2020.05.03-03.31.31:134][692]LogModuleManager: Shutting down and abandoning module Settings (78)
[2020.05.03-03.31.31:134][692]LogModuleManager: Shutting down and abandoning module PhysXCooking (76)
[2020.05.03-03.31.31:134][692]LogModuleManager: Shutting down and abandoning module SteamVR (74)
[2020.05.03-03.31.31:134][692]LogHMD: Freeing OpenVRDLLHandle.
[2020.05.03-03.31.31:134][692]LogModuleManager: Shutting down and abandoning module OculusHMD (72)
[2020.05.03-03.31.31:134][692]LogModuleManager: Shutting down and abandoning module ExampleDeviceProfileSelector (70)
[2020.05.03-03.31.31:134][692]LogModuleManager: Shutting down and abandoning module LauncherChunkInstaller (68)
[2020.05.03-03.31.31:134][692]LogModuleManager: Shutting down and abandoning module OnlineBlueprintSupport (66)
[2020.05.03-03.31.31:134][692]LogModuleManager: Shutting down and abandoning module OnlineSubsystem (62)
[2020.05.03-03.31.31:135][692]LogModuleManager: Shutting down and abandoning module XMPP (55)
[2020.05.03-03.31.31:135][692]LogModuleManager: Shutting down and abandoning module WebSockets (54)
[2020.05.03-03.31.31:147][692]LogModuleManager: Shutting down and abandoning module HTTP (51)
[2020.05.03-03.31.31:180][692]LogModuleManager: Shutting down and abandoning module SSL (50)
[2020.05.03-03.31.31:182][692]LogModuleManager: Shutting down and abandoning module WmfMedia (46)
[2020.05.03-03.31.31:183][692]LogModuleManager: Shutting down and abandoning module Media (45)
[2020.05.03-03.31.31:190][692]LogModuleManager: Shutting down and abandoning module MagicLeap (42)
[2020.05.03-03.31.31:190][692]LogModuleManager: Shutting down and abandoning module DatasmithContent (40)
[2020.05.03-03.31.31:190][692]LogModuleManager: Shutting down and abandoning module AnimationModifiers (38)
[2020.05.03-03.31.31:190][692]LogModuleManager: Shutting down and abandoning module PropertyEditor (37)
[2020.05.03-03.31.31:190][692]LogModuleManager: Shutting down and abandoning module AudioEditor (34)
[2020.05.03-03.31.31:191][692]LogModuleManager: Shutting down and abandoning module TextureCompressor (32)
[2020.05.03-03.31.31:191][692]LogModuleManager: Shutting down and abandoning module RenderCore (30)
[2020.05.03-03.31.31:191][692]LogModuleManager: Shutting down and abandoning module Landscape (28)
[2020.05.03-03.31.31:191][692]LogModuleManager: Shutting down and abandoning module SlateRHIRenderer (26)
[2020.05.03-03.31.31:191][692]LogModuleManager: Shutting down and abandoning module OpenGLDrv (24)
[2020.05.03-03.31.31:191][692]LogModuleManager: Shutting down and abandoning module D3D11RHI (22)
[2020.05.03-03.31.31:191][692]LogModuleManager: Shutting down and abandoning module AnimGraphRuntime (20)
[2020.05.03-03.31.31:191][692]LogModuleManager: Shutting down and abandoning module Renderer (18)
[2020.05.03-03.31.31:191][692]LogModuleManager: Shutting down and abandoning module Engine (16)
[2020.05.03-03.31.31:191][692]LogModuleManager: Shutting down and abandoning module CoreUObject (14)
[2020.05.03-03.31.31:191][692]LogModuleManager: Shutting down and abandoning module NetworkFile (12)
[2020.05.03-03.31.31:191][692]LogModuleManager: Shutting down and abandoning module CookedIterativeFile (10)
[2020.05.03-03.31.31:191][692]LogModuleManager: Shutting down and abandoning module StreamingFile (8)
[2020.05.03-03.31.31:191][692]LogModuleManager: Shutting down and abandoning module SandboxFile (6)
[2020.05.03-03.31.31:191][692]LogModuleManager: Shutting down and abandoning module PakFile (4)
[2020.05.03-03.31.31:191][692]LogModuleManager: Shutting down and abandoning module RSA (3)
[2020.05.03-03.31.31:201][692]LogExit: Exiting.
[2020.05.03-03.31.31:987][692]Log file closed, 05/02/20 22:31:31
