Log file open, 03/29/20 19:03:43
LogWindows: Failed to load 'aqProf.dll' (GetLastError=126)
LogWindows: File 'aqProf.dll' does not exist
LogWindows: Failed to load 'VtuneApi.dll' (GetLastError=126)
LogWindows: File 'VtuneApi.dll' does not exist
LogWindows: Failed to load 'VtuneApi32e.dll' (GetLastError=126)
LogWindows: File 'VtuneApi32e.dll' does not exist
LogConsoleResponse: Display: Failed to find resolution value strings in scalability ini. Falling back to default.
LogInit: Display: Running engine for game: Vis2
LogPakFile: Registered encryption key '00000000000000000000000000000000': 0 pak files mounted, 0 remain pending
LogPlatformFile: Not using cached read wrapper
LogTaskGraph: Started task graph with 5 named threads and 23 total threads with 3 sets of task threads.
LogStats: Stats thread started at 0.405078
LogD3D11RHI: Loaded GFSDK_Aftermath_Lib.x64.dll
LogICUInternationalization: ICU TimeZone Detection - Raw Offset: -6:00, Platform Override: ''
LogPluginManager: Mounting plugin Paper2D
LogPluginManager: Mounting plugin AdvancedSessions
LogPluginManager: Mounting plugin AdvancedSteamSessions
LogPluginManager: Mounting plugin AISupport
LogPluginManager: Mounting plugin LightPropagationVolume
LogPluginManager: Mounting plugin ActorLayerUtilities
LogPluginManager: Mounting plugin AnimationSharing
LogPluginManager: Mounting plugin CLionSourceCodeAccess
LogPluginManager: Mounting plugin CodeLiteSourceCodeAccess
LogPluginManager: Mounting plugin GitSourceControl
LogPluginManager: Mounting plugin KDevelopSourceCodeAccess
LogPluginManager: Mounting plugin NullSourceCodeAccess
LogPluginManager: Mounting plugin PerforceSourceControl
LogPluginManager: Mounting plugin SubversionSourceControl
LogPluginManager: Mounting plugin UObjectPlugin
LogPluginManager: Mounting plugin VisualStudioCodeSourceCodeAccess
LogPluginManager: Mounting plugin VisualStudioSourceCodeAccess
LogPluginManager: Mounting plugin XCodeSourceCodeAccess
LogPluginManager: Mounting plugin AssetManagerEditor
LogPluginManager: Mounting plugin CryptoKeys
LogPluginManager: Mounting plugin DataValidation
LogPluginManager: Mounting plugin FacialAnimation
LogPluginManager: Mounting plugin GameplayTagsEditor
LogPluginManager: Mounting plugin MacGraphicsSwitching
LogPluginManager: Mounting plugin MaterialAnalyzer
LogPluginManager: Mounting plugin MobileLauncherProfileWizard
LogPluginManager: Mounting plugin PluginBrowser
LogPluginManager: Mounting plugin SpeedTreeImporter
LogPluginManager: Mounting plugin DatasmithContent
LogPluginManager: Mounting plugin VariantManagerContent
LogPluginManager: Mounting plugin AlembicImporter
LogPluginManager: Mounting plugin AppleImageUtils
LogPluginManager: Mounting plugin AppleVision
LogPluginManager: Mounting plugin BackChannel
LogPluginManager: Mounting plugin CharacterAI
LogPluginManager: Mounting plugin GeometryCache
LogPluginManager: Mounting plugin HTML5Networking
LogPluginManager: Mounting plugin ProxyLODPlugin
LogPluginManager: Mounting plugin SkeletalReduction
LogPluginManager: Mounting plugin MagicLeap
LogPluginManager: Mounting plugin MagicLeapMedia
LogPluginManager: Mounting plugin GraphFormatter
LogPluginManager: Mounting plugin AndroidMedia
LogPluginManager: Mounting plugin AvfMedia
LogPluginManager: Mounting plugin ImgMedia
LogPluginManager: Mounting plugin LinearTimecode
LogPluginManager: Mounting plugin MediaCompositing
LogPluginManager: Mounting plugin MediaPlayerEditor
LogPluginManager: Mounting plugin WebMMedia
LogPluginManager: Mounting plugin WmfMedia
LogPluginManager: Mounting plugin TcpMessaging
LogPluginManager: Mounting plugin UdpMessaging
LogPluginManager: Mounting plugin ActorSequence
LogPluginManager: Mounting plugin LevelSequenceEditor
LogPluginManager: Mounting plugin MatineeToLevelSequence
LogPluginManager: Mounting plugin NetcodeUnitTest
LogPluginManager: Mounting plugin NUTUnrealEngine4
LogPluginManager: Mounting plugin OnlineSubsystemGooglePlay
LogPluginManager: Mounting plugin OnlineSubsystemIOS
LogPluginManager: Mounting plugin OnlineSubsystem
LogPluginManager: Mounting plugin OnlineSubsystemNull
LogPluginManager: Mounting plugin OnlineSubsystemSteam
LogPluginManager: Mounting plugin OnlineSubsystemUtils
LogPluginManager: Mounting plugin LauncherChunkInstaller
LogPluginManager: Mounting plugin AndroidDeviceProfileSelector
LogPluginManager: Mounting plugin AndroidMoviePlayer
LogPluginManager: Mounting plugin AndroidPermission
LogPluginManager: Mounting plugin AppleMoviePlayer
LogPluginManager: Mounting plugin ArchVisCharacter
LogPluginManager: Mounting plugin AudioCapture
LogPluginManager: Mounting plugin CableComponent
LogPluginManager: Mounting plugin CustomMeshComponent
LogPluginManager: Mounting plugin EditableMesh
LogPluginManager: Mounting plugin ExampleDeviceProfileSelector
LogPluginManager: Mounting plugin Firebase
LogPluginManager: Mounting plugin GoogleCloudMessaging
LogPluginManager: Mounting plugin IOSDeviceProfileSelector
LogPluginManager: Mounting plugin LinuxDeviceProfileSelector
LogPluginManager: Mounting plugin LocationServicesBPLibrary
LogPluginManager: Mounting plugin MobilePatchingUtils
LogPluginManager: Mounting plugin OculusVR
LogPluginManager: Mounting plugin PhysXVehicles
LogPluginManager: Mounting plugin ProceduralMeshComponent
LogPluginManager: Mounting plugin RuntimePhysXCooking
LogPluginManager: Mounting plugin SignificanceManager
LogPluginManager: Mounting plugin SteamVR
LogPluginManager: Mounting plugin WebMMoviePlayer
LogPluginManager: Mounting plugin WindowsMoviePlayer
LogInit: Using libcurl 7.55.1-DEV
LogInit:  - built for x86_64-pc-win32
LogInit:  - supports SSL with OpenSSL/1.1.1
LogInit:  - supports HTTP deflate (compression) using libz 1.2.8
LogInit:  - other features:
LogInit:      CURL_VERSION_SSL
LogInit:      CURL_VERSION_LIBZ
LogInit:      CURL_VERSION_IPV6
LogInit:      CURL_VERSION_ASYNCHDNS
LogInit:      CURL_VERSION_LARGEFILE
LogInit:      CURL_VERSION_IDN
LogInit:  CurlRequestOptions (configurable via config and command line):
LogInit:  - bVerifyPeer = true  - Libcurl will verify peer certificate
LogInit:  - bUseHttpProxy = false  - Libcurl will NOT use HTTP proxy
LogInit:  - bDontReuseConnections = false  - Libcurl will reuse connections
LogInit:  - MaxHostConnections = 16  - Libcurl will limit the number of connections to a host
LogInit:  - LocalHostAddr = Default
LogInit:  - BufferSize = 65536
LogOnline: Display: STEAM: Loading Steam SDK 1.39
LogWindows: Windows GetLastError: La operación se completó correctamente. (0)
LogWindows: Error: === Critical error: ===
LogWindows: Error: 
LogWindows: Error: Fatal error: [File:D:\Build\++UE4\Sync\Engine\Plugins\Online\OnlineSubsystemSteam\Source\Private\OnlineSubsystemSteam.cpp] [Line: 139] 
LogWindows: Error: STEAM: Failed to create file: C:/Program Files/Epic Games/UE_4.22/Engine/Binaries/Win64/steam_appid.txt
LogWindows: Error: 
LogWindows: Error: 
LogWindows: Error: [Callstack] 0x00007fff95f3a859 KERNELBASE.dll!UnknownFunction []
LogWindows: Error: [Callstack] 0x00007fff480b1f37 UE4Editor-Core.dll!UnknownFunction []
LogWindows: Error: [Callstack] 0x00007fff480b46e7 UE4Editor-Core.dll!UnknownFunction []
LogWindows: Error: [Callstack] 0x00007fff47ec7d1a UE4Editor-Core.dll!UnknownFunction []
LogWindows: Error: [Callstack] 0x00007fff47e4fe33 UE4Editor-Core.dll!UnknownFunction []
LogWindows: Error: [Callstack] 0x00007fff47e4fd18 UE4Editor-Core.dll!UnknownFunction []
LogWindows: Error: [Callstack] 0x00007fff39636630 UE4Editor-OnlineSubsystemSteam.dll!UnknownFunction []
LogWindows: Error: [Callstack] 0x00007fff39603e80 UE4Editor-OnlineSubsystemSteam.dll!UnknownFunction []
LogWindows: Error: [Callstack] 0x00007fff395e847c UE4Editor-OnlineSubsystemSteam.dll!UnknownFunction []
LogWindows: Error: [Callstack] 0x00007fff3a1371eb UE4Editor-OnlineSubsystem.dll!UnknownFunction []
LogWindows: Error: [Callstack] 0x00007fff3a159390 UE4Editor-OnlineSubsystem.dll!UnknownFunction []
LogWindows: Error: [Callstack] 0x00007fff3a13fb32 UE4Editor-OnlineSubsystem.dll!UnknownFunction []
LogWindows: Error: [Callstack] 0x00007fff3a151c88 UE4Editor-OnlineSubsystem.dll!UnknownFunction []
LogWindows: Error: [Callstack] 0x00007fff47f15d2d UE4Editor-Core.dll!UnknownFunction []
LogWindows: Error: [Callstack] 0x00007fff78d38d67 UE4Editor-Projects.dll!UnknownFunction []
LogWindows: Error: [Callstack] 0x00007fff78d48c0e UE4Editor-Projects.dll!UnknownFunction []
LogWindows: Error: [Callstack] 0x00007fff78d38b2e UE4Editor-Projects.dll!UnknownFunction []
LogWindows: Error: [Callstack] 0x00007ff7cc21fcc7 UE4Editor.exe!UnknownFunction []
LogWindows: Error: [Callstack] 0x00007ff7cc22b4c0 UE4Editor.exe!UnknownFunction []
LogWindows: Error: [Callstack] 0x00007ff7cc225377 UE4Editor.exe!UnknownFunction []
LogWindows: Error: [Callstack] 0x00007ff7cc2255ca UE4Editor.exe!UnknownFunction []
LogWindows: Error: [Callstack] 0x00007ff7cc23316c UE4Editor.exe!UnknownFunction []
LogWindows: Error: [Callstack] 0x00007ff7cc235b8e UE4Editor.exe!UnknownFunction []
LogWindows: Error: [Callstack] 0x00007fff97047bd4 KERNEL32.DLL!UnknownFunction []
LogWindows: Error: [Callstack] 0x00007fff98a0ced1 ntdll.dll!UnknownFunction []
LogWindows: Error: 
LogWindows: FPlatformMisc::RequestExit(1)
Log file closed, 03/29/20 19:03:56
