Log file open, 03/02/20 19:21:05
LogWindows: Failed to load 'aqProf.dll' (GetLastError=126)
LogWindows: File 'aqProf.dll' does not exist
LogWindows: Failed to load 'VtuneApi.dll' (GetLastError=126)
LogWindows: File 'VtuneApi.dll' does not exist
LogWindows: Failed to load 'VtuneApi32e.dll' (GetLastError=126)
LogWindows: File 'VtuneApi32e.dll' does not exist
LogConsoleResponse: Display: Failed to find resolution value strings in scalability ini. Falling back to default.
LogInit: Display: Running engine for game: Vis2
LogPakFile: Registered encryption key '00000000000000000000000000000000': 0 pak files mounted, 0 remain pending
LogPlatformFile: Not using cached read wrapper
LogTaskGraph: Started task graph with 5 named threads and 23 total threads with 3 sets of task threads.
LogStats: Stats thread started at 0.267743
LogD3D11RHI: Loaded GFSDK_Aftermath_Lib.x64.dll
LogICUInternationalization: ICU TimeZone Detection - Raw Offset: -6:00, Platform Override: ''
LogPluginManager: Mounting plugin Paper2D
LogPluginManager: Mounting plugin AISupport
LogPluginManager: Mounting plugin LightPropagationVolume
LogPluginManager: Mounting plugin ActorLayerUtilities
LogPluginManager: Mounting plugin AnimationSharing
LogPluginManager: Mounting plugin CLionSourceCodeAccess
LogPluginManager: Mounting plugin CodeLiteSourceCodeAccess
LogPluginManager: Mounting plugin GitSourceControl
LogPluginManager: Mounting plugin KDevelopSourceCodeAccess
LogPluginManager: Mounting plugin NullSourceCodeAccess
LogPluginManager: Mounting plugin PerforceSourceControl
LogPluginManager: Mounting plugin SubversionSourceControl
LogPluginManager: Mounting plugin UObjectPlugin
LogPluginManager: Mounting plugin VisualStudioCodeSourceCodeAccess
LogPluginManager: Mounting plugin VisualStudioSourceCodeAccess
LogPluginManager: Mounting plugin XCodeSourceCodeAccess
LogPluginManager: Mounting plugin AssetManagerEditor
LogPluginManager: Mounting plugin CryptoKeys
LogPluginManager: Mounting plugin DataValidation
LogPluginManager: Mounting plugin FacialAnimation
LogPluginManager: Mounting plugin GameplayTagsEditor
LogPluginManager: Mounting plugin MacGraphicsSwitching
LogPluginManager: Mounting plugin MaterialAnalyzer
LogPluginManager: Mounting plugin MobileLauncherProfileWizard
LogPluginManager: Mounting plugin PluginBrowser
LogPluginManager: Mounting plugin SpeedTreeImporter
LogPluginManager: Mounting plugin DatasmithContent
LogPluginManager: Mounting plugin VariantManagerContent
LogPluginManager: Mounting plugin AlembicImporter
LogPluginManager: Mounting plugin AppleImageUtils
LogPluginManager: Mounting plugin AppleVision
LogPluginManager: Mounting plugin BackChannel
LogPluginManager: Mounting plugin CharacterAI
LogPluginManager: Mounting plugin GeometryCache
LogPluginManager: Mounting plugin HTML5Networking
LogPluginManager: Mounting plugin ProxyLODPlugin
LogPluginManager: Mounting plugin SkeletalReduction
LogPluginManager: Mounting plugin MagicLeap
LogPluginManager: Mounting plugin MagicLeapMedia
LogPluginManager: Mounting plugin AndroidMedia
LogPluginManager: Mounting plugin AvfMedia
LogPluginManager: Mounting plugin ImgMedia
LogPluginManager: Mounting plugin LinearTimecode
LogPluginManager: Mounting plugin MediaCompositing
LogPluginManager: Mounting plugin MediaPlayerEditor
LogPluginManager: Mounting plugin WebMMedia
LogPluginManager: Mounting plugin WmfMedia
LogPluginManager: Mounting plugin TcpMessaging
LogPluginManager: Mounting plugin UdpMessaging
LogPluginManager: Mounting plugin ActorSequence
LogPluginManager: Mounting plugin LevelSequenceEditor
LogPluginManager: Mounting plugin MatineeToLevelSequence
LogPluginManager: Mounting plugin NetcodeUnitTest
LogPluginManager: Mounting plugin NUTUnrealEngine4
LogPluginManager: Mounting plugin OnlineSubsystemGooglePlay
LogPluginManager: Mounting plugin OnlineSubsystemIOS
LogPluginManager: Mounting plugin OnlineSubsystem
LogPluginManager: Mounting plugin OnlineSubsystemNull
LogPluginManager: Mounting plugin OnlineSubsystemUtils
LogPluginManager: Mounting plugin LauncherChunkInstaller
LogPluginManager: Mounting plugin AndroidDeviceProfileSelector
LogPluginManager: Mounting plugin AndroidMoviePlayer
LogPluginManager: Mounting plugin AndroidPermission
LogPluginManager: Mounting plugin AppleMoviePlayer
LogPluginManager: Mounting plugin ArchVisCharacter
LogPluginManager: Mounting plugin AudioCapture
LogPluginManager: Mounting plugin CableComponent
LogPluginManager: Mounting plugin CustomMeshComponent
LogPluginManager: Mounting plugin EditableMesh
LogPluginManager: Mounting plugin ExampleDeviceProfileSelector
LogPluginManager: Mounting plugin Firebase
LogPluginManager: Mounting plugin GoogleCloudMessaging
LogPluginManager: Mounting plugin IOSDeviceProfileSelector
LogPluginManager: Mounting plugin LinuxDeviceProfileSelector
LogPluginManager: Mounting plugin LocationServicesBPLibrary
LogPluginManager: Mounting plugin MobilePatchingUtils
LogPluginManager: Mounting plugin OculusVR
LogPluginManager: Mounting plugin PhysXVehicles
LogPluginManager: Mounting plugin ProceduralMeshComponent
LogPluginManager: Mounting plugin RuntimePhysXCooking
LogPluginManager: Mounting plugin SignificanceManager
LogPluginManager: Mounting plugin SteamVR
LogPluginManager: Mounting plugin WebMMoviePlayer
LogPluginManager: Mounting plugin WindowsMoviePlayer
LogInit: Using libcurl 7.55.1-DEV
LogInit:  - built for x86_64-pc-win32
LogInit:  - supports SSL with OpenSSL/1.1.1
LogInit:  - supports HTTP deflate (compression) using libz 1.2.8
LogInit:  - other features:
LogInit:      CURL_VERSION_SSL
LogInit:      CURL_VERSION_LIBZ
LogInit:      CURL_VERSION_IPV6
LogInit:      CURL_VERSION_ASYNCHDNS
LogInit:      CURL_VERSION_LARGEFILE
LogInit:      CURL_VERSION_IDN
LogInit:  CurlRequestOptions (configurable via config and command line):
LogInit:  - bVerifyPeer = true  - Libcurl will verify peer certificate
LogInit:  - bUseHttpProxy = false  - Libcurl will NOT use HTTP proxy
LogInit:  - bDontReuseConnections = false  - Libcurl will reuse connections
LogInit:  - MaxHostConnections = 16  - Libcurl will limit the number of connections to a host
LogInit:  - LocalHostAddr = Default
LogInit:  - BufferSize = 65536
LogInit: WinSock: version 1.1 (2.2), MaxSocks=32767, MaxUdp=65467
LogHMD: Failed initializing OVRPlugin 1.32.0
LogInit: Build: ++UE4+Release-4.22-CL-6574378
LogInit: Engine Version: 4.22.2-6574378+++UE4+Release-4.22
LogInit: Compatible Engine Version: 4.22.0-5660361+++UE4+Release-4.22
LogInit: Net CL: 5660361
LogInit: OS: Windows 10 (Release 1903) (), CPU: Intel(R) Core(TM) i7-7700HQ CPU @ 2.80GHz, GPU: Intel(R) HD Graphics 630
LogInit: Compiled (64-bit): May 20 2019 09:54:56
LogInit: Compiled with Visual C++: 19.16.27025.01
LogInit: Build Configuration: Development
LogInit: Branch Name: ++UE4+Release-4.22
LogInit: Command Line: 
LogInit: Base Directory: D:/Games/Epic Games/UE_4.22/Engine/Binaries/Win64/
LogInit: Installed Engine Build: 1
LogDevObjectVersion: Number of dev versions registered: 23
LogDevObjectVersion:   Dev-Blueprints (B0D832E4-1F89-4F0D-ACCF-7EB736FD4AA2): 10
LogDevObjectVersion:   Dev-Build (E1C64328-A22C-4D53-A36C-8E866417BD8C): 0
LogDevObjectVersion:   Dev-Core (375EC13C-06E4-48FB-B500-84F0262A717E): 3
LogDevObjectVersion:   Dev-Editor (E4B068ED-F494-42E9-A231-DA0B2E46BB41): 30
LogDevObjectVersion:   Dev-Framework (CFFC743F-43B0-4480-9391-14DF171D2073): 35
LogDevObjectVersion:   Dev-Mobile (B02B49B5-BB20-44E9-A304-32B752E40360): 2
LogDevObjectVersion:   Dev-Networking (A4E4105C-59A1-49B5-A7C5-40C4547EDFEE): 0
LogDevObjectVersion:   Dev-Online (39C831C9-5AE6-47DC-9A44-9C173E1C8E7C): 0
LogDevObjectVersion:   Dev-Physics (78F01B33-EBEA-4F98-B9B4-84EACCB95AA2): 0
LogDevObjectVersion:   Dev-Platform (6631380F-2D4D-43E0-8009-CF276956A95A): 0
LogDevObjectVersion:   Dev-Rendering (12F88B9F-8875-4AFC-A67C-D90C383ABD29): 28
LogDevObjectVersion:   Dev-Sequencer (7B5AE74C-D270-4C10-A958-57980B212A5A): 11
LogDevObjectVersion:   Dev-VR (D7296918-1DD6-4BDD-9DE2-64A83CC13884): 2
LogDevObjectVersion:   Dev-LoadTimes (C2A15278-BFE7-4AFE-6C17-90FF531DF755): 1
LogDevObjectVersion:   Private-Geometry (6EACA3D4-40EC-4CC1-B786-8BED09428FC5): 3
LogDevObjectVersion:   Dev-AnimPhys (29E575DD-E0A3-4627-9D10-D276232CDCEA): 17
LogDevObjectVersion:   Dev-Anim (AF43A65D-7FD3-4947-9873-3E8ED9C1BB05): 2
LogDevObjectVersion:   Dev-ReflectionCapture (6B266CEC-1EC7-4B8F-A30B-E4D90942FC07): 1
LogDevObjectVersion:   Dev-Automation (0DF73D61-A23F-47EA-B727-89E90C41499A): 1
LogDevObjectVersion:   FortniteMain (601D1886-AC64-4F84-AA16-D3DE0DEAC7D6): 25
LogDevObjectVersion:   Dev-Enterprise (9DFFBCD6-494F-0158-E221-12823C92A888): 6
LogDevObjectVersion:   Dev-Niagara (F2AED0AC-9AFE-416F-8664-AA7FFA26D6FC): 1
LogDevObjectVersion:   Dev-Destruction (174F1F0B-B4C6-45A5-B13F-2EE8D0FB917D): 2
LogInit: Presizing for max 16777216 objects, including 0 objects not considered by GC, pre-allocating 0 bytes for permanent pool.
LogInit: Object subsystem initialized
LogConfig: Setting CVar [[con.DebugEarlyDefault:1]]
LogConfig: Setting CVar [[r.setres:1280x720]]
[2020.03.03-01.21.06:417][  0]LogConfig: Setting CVar [[r.VSync:0]]
[2020.03.03-01.21.06:417][  0]LogConfig: Setting CVar [[r.RHICmdBypass:0]]
[2020.03.03-01.21.06:417][  0]LogConfig: Applying CVar settings from Section [/Script/Engine.RendererSettings] File [D:/FCFM/8vo Semestre/Videojuegos 3/Proyecto Leonardo/MapProject 4.22/Saved/Config/Windows/Engine.ini]
[2020.03.03-01.21.06:417][  0]LogConfig: Setting CVar [[r.GPUCrashDebugging:0]]
[2020.03.03-01.21.06:417][  0]LogConfig: Applying CVar settings from Section [/Script/Engine.RendererOverrideSettings] File [D:/FCFM/8vo Semestre/Videojuegos 3/Proyecto Leonardo/MapProject 4.22/Saved/Config/Windows/Engine.ini]
[2020.03.03-01.21.06:417][  0]LogConfig: Applying CVar settings from Section [/Script/Engine.StreamingSettings] File [D:/FCFM/8vo Semestre/Videojuegos 3/Proyecto Leonardo/MapProject 4.22/Saved/Config/Windows/Engine.ini]
[2020.03.03-01.21.06:417][  0]LogConfig: Setting CVar [[s.MinBulkDataSizeForAsyncLoading:131072]]
[2020.03.03-01.21.06:417][  0]LogConfig: Setting CVar [[s.AsyncLoadingThreadEnabled:0]]
[2020.03.03-01.21.06:417][  0]LogConfig: Setting CVar [[s.EventDrivenLoaderEnabled:1]]
[2020.03.03-01.21.06:417][  0]LogConfig: Setting CVar [[s.WarnIfTimeLimitExceeded:0]]
[2020.03.03-01.21.06:417][  0]LogConfig: Setting CVar [[s.TimeLimitExceededMultiplier:1.5]]
[2020.03.03-01.21.06:417][  0]LogConfig: Setting CVar [[s.TimeLimitExceededMinTime:0.005]]
[2020.03.03-01.21.06:417][  0]LogConfig: Setting CVar [[s.UseBackgroundLevelStreaming:1]]
[2020.03.03-01.21.06:417][  0]LogConfig: Setting CVar [[s.PriorityAsyncLoadingExtraTime:15.0]]
[2020.03.03-01.21.06:417][  0]LogConfig: Setting CVar [[s.LevelStreamingActorsUpdateTimeLimit:5.0]]
[2020.03.03-01.21.06:417][  0]LogConfig: Setting CVar [[s.PriorityLevelStreamingActorsUpdateExtraTime:5.0]]
[2020.03.03-01.21.06:417][  0]LogConfig: Setting CVar [[s.LevelStreamingComponentsRegistrationGranularity:10]]
[2020.03.03-01.21.06:417][  0]LogConfig: Setting CVar [[s.UnregisterComponentsTimeLimit:1.0]]
[2020.03.03-01.21.06:417][  0]LogConfig: Setting CVar [[s.LevelStreamingComponentsUnregistrationGranularity:5]]
[2020.03.03-01.21.06:417][  0]LogConfig: Applying CVar settings from Section [/Script/Engine.GarbageCollectionSettings] File [D:/FCFM/8vo Semestre/Videojuegos 3/Proyecto Leonardo/MapProject 4.22/Saved/Config/Windows/Engine.ini]
[2020.03.03-01.21.06:417][  0]LogConfig: Setting CVar [[gc.MaxObjectsNotConsideredByGC:1]]
[2020.03.03-01.21.06:417][  0]LogConfig: Setting CVar [[gc.SizeOfPermanentObjectPool:0]]
[2020.03.03-01.21.06:417][  0]LogConfig: Setting CVar [[gc.FlushStreamingOnGC:0]]
[2020.03.03-01.21.06:417][  0]LogConfig: Setting CVar [[gc.NumRetriesBeforeForcingGC:10]]
[2020.03.03-01.21.06:417][  0]LogConfig: Setting CVar [[gc.AllowParallelGC:1]]
[2020.03.03-01.21.06:417][  0]LogConfig: Setting CVar [[gc.TimeBetweenPurgingPendingKillObjects:61.1]]
[2020.03.03-01.21.06:417][  0]LogConfig: Setting CVar [[gc.MaxObjectsInEditor:16777216]]
[2020.03.03-01.21.06:417][  0]LogConfig: Setting CVar [[gc.IncrementalBeginDestroyEnabled:1]]
[2020.03.03-01.21.06:417][  0]LogConfig: Setting CVar [[gc.CreateGCClusters:1]]
[2020.03.03-01.21.06:417][  0]LogConfig: Setting CVar [[gc.MinGCClusterSize:5]]
[2020.03.03-01.21.06:417][  0]LogConfig: Setting CVar [[gc.ActorClusteringEnabled:0]]
[2020.03.03-01.21.06:417][  0]LogConfig: Setting CVar [[gc.BlueprintClusteringEnabled:0]]
[2020.03.03-01.21.06:417][  0]LogConfig: Setting CVar [[gc.UseDisregardForGCOnDedicatedServers:0]]
[2020.03.03-01.21.06:417][  0]LogConfig: Applying CVar settings from Section [/Script/Engine.NetworkSettings] File [D:/FCFM/8vo Semestre/Videojuegos 3/Proyecto Leonardo/MapProject 4.22/Saved/Config/Windows/Engine.ini]
[2020.03.03-01.21.06:417][  0]LogConfig: Applying CVar settings from Section [/Script/UnrealEd.CookerSettings] File [D:/FCFM/8vo Semestre/Videojuegos 3/Proyecto Leonardo/MapProject 4.22/Saved/Config/Windows/Engine.ini]
[2020.03.03-01.21.06:420][  0]LogConfig: Applying CVar settings from Section [ViewDistanceQuality@3] File [D:/FCFM/8vo Semestre/Videojuegos 3/Proyecto Leonardo/MapProject 4.22/Saved/Config/Windows/Scalability.ini]
[2020.03.03-01.21.06:420][  0]LogConfig: Setting CVar [[r.SkeletalMeshLODBias:0]]
[2020.03.03-01.21.06:420][  0]LogConfig: Setting CVar [[r.ViewDistanceScale:1.0]]
[2020.03.03-01.21.06:420][  0]LogConfig: Applying CVar settings from Section [AntiAliasingQuality@3] File [D:/FCFM/8vo Semestre/Videojuegos 3/Proyecto Leonardo/MapProject 4.22/Saved/Config/Windows/Scalability.ini]
[2020.03.03-01.21.06:420][  0]LogConfig: Setting CVar [[r.PostProcessAAQuality:4]]
[2020.03.03-01.21.06:420][  0]LogConfig: Applying CVar settings from Section [ShadowQuality@3] File [D:/FCFM/8vo Semestre/Videojuegos 3/Proyecto Leonardo/MapProject 4.22/Saved/Config/Windows/Scalability.ini]
[2020.03.03-01.21.06:420][  0]LogConfig: Setting CVar [[r.LightFunctionQuality:1]]
[2020.03.03-01.21.06:420][  0]LogConfig: Setting CVar [[r.ShadowQuality:5]]
[2020.03.03-01.21.06:420][  0]LogConfig: Setting CVar [[r.Shadow.CSM.MaxCascades:10]]
[2020.03.03-01.21.06:420][  0]LogConfig: Setting CVar [[r.Shadow.MaxResolution:2048]]
[2020.03.03-01.21.06:420][  0]LogConfig: Setting CVar [[r.Shadow.MaxCSMResolution:2048]]
[2020.03.03-01.21.06:420][  0]LogConfig: Setting CVar [[r.Shadow.RadiusThreshold:0.01]]
[2020.03.03-01.21.06:420][  0]LogConfig: Setting CVar [[r.Shadow.DistanceScale:1.0]]
[2020.03.03-01.21.06:420][  0]LogConfig: Setting CVar [[r.Shadow.CSM.TransitionScale:1.0]]
[2020.03.03-01.21.06:420][  0]LogConfig: Setting CVar [[r.Shadow.PreShadowResolutionFactor:1.0]]
[2020.03.03-01.21.06:420][  0]LogConfig: Setting CVar [[r.DistanceFieldShadowing:1]]
[2020.03.03-01.21.06:420][  0]LogConfig: Setting CVar [[r.DistanceFieldAO:1]]
[2020.03.03-01.21.06:420][  0]LogConfig: Setting CVar [[r.AOQuality:2]]
[2020.03.03-01.21.06:420][  0]LogConfig: Setting CVar [[r.VolumetricFog:1]]
[2020.03.03-01.21.06:420][  0]LogConfig: Setting CVar [[r.VolumetricFog.GridPixelSize:8]]
[2020.03.03-01.21.06:420][  0]LogConfig: Setting CVar [[r.VolumetricFog.GridSizeZ:128]]
[2020.03.03-01.21.06:420][  0]LogConfig: Setting CVar [[r.VolumetricFog.HistoryMissSupersampleCount:4]]
[2020.03.03-01.21.06:420][  0]LogConfig: Setting CVar [[r.LightMaxDrawDistanceScale:1]]
[2020.03.03-01.21.06:420][  0]LogConfig: Setting CVar [[r.CapsuleShadows:1]]
[2020.03.03-01.21.06:420][  0]LogConfig: Applying CVar settings from Section [PostProcessQuality@3] File [D:/FCFM/8vo Semestre/Videojuegos 3/Proyecto Leonardo/MapProject 4.22/Saved/Config/Windows/Scalability.ini]
[2020.03.03-01.21.06:420][  0]LogConfig: Setting CVar [[r.MotionBlurQuality:4]]
[2020.03.03-01.21.06:420][  0]LogConfig: Setting CVar [[r.AmbientOcclusionMipLevelFactor:0.4]]
[2020.03.03-01.21.06:420][  0]LogConfig: Setting CVar [[r.AmbientOcclusionMaxQuality:100]]
[2020.03.03-01.21.06:420][  0]LogConfig: Setting CVar [[r.AmbientOcclusionLevels:-1]]
[2020.03.03-01.21.06:420][  0]LogConfig: Setting CVar [[r.AmbientOcclusionRadiusScale:1.0]]
[2020.03.03-01.21.06:420][  0]LogConfig: Setting CVar [[r.DepthOfFieldQuality:2]]
[2020.03.03-01.21.06:420][  0]LogConfig: Setting CVar [[r.RenderTargetPoolMin:400]]
[2020.03.03-01.21.06:420][  0]LogConfig: Setting CVar [[r.LensFlareQuality:2]]
[2020.03.03-01.21.06:420][  0]LogConfig: Setting CVar [[r.SceneColorFringeQuality:1]]
[2020.03.03-01.21.06:420][  0]LogConfig: Setting CVar [[r.EyeAdaptationQuality:2]]
[2020.03.03-01.21.06:420][  0]LogConfig: Setting CVar [[r.BloomQuality:5]]
[2020.03.03-01.21.06:420][  0]LogConfig: Setting CVar [[r.FastBlurThreshold:100]]
[2020.03.03-01.21.06:420][  0]LogConfig: Setting CVar [[r.Upscale.Quality:3]]
[2020.03.03-01.21.06:420][  0]LogConfig: Setting CVar [[r.Tonemapper.GrainQuantization:1]]
[2020.03.03-01.21.06:420][  0]LogConfig: Setting CVar [[r.LightShaftQuality:1]]
[2020.03.03-01.21.06:420][  0]LogConfig: Setting CVar [[r.Filter.SizeScale:1]]
[2020.03.03-01.21.06:420][  0]LogConfig: Setting CVar [[r.Tonemapper.Quality:5]]
[2020.03.03-01.21.06:420][  0]LogConfig: Setting CVar [[r.DOF.Gather.AccumulatorQuality:1        ; higher gathering accumulator quality]]
[2020.03.03-01.21.06:420][  0]LogConfig: Setting CVar [[r.DOF.Gather.PostfilterMethod:1          ; Median3x3 postfilering method]]
[2020.03.03-01.21.06:420][  0]LogConfig: Setting CVar [[r.DOF.Gather.EnableBokehSettings:0       ; no bokeh simulation when gathering]]
[2020.03.03-01.21.06:420][  0]LogConfig: Setting CVar [[r.DOF.Gather.RingCount:4                 ; medium number of samples when gathering]]
[2020.03.03-01.21.06:420][  0]LogConfig: Setting CVar [[r.DOF.Scatter.ForegroundCompositing:1    ; additive foreground scattering]]
[2020.03.03-01.21.06:420][  0]LogConfig: Setting CVar [[r.DOF.Scatter.BackgroundCompositing:2    ; additive background scattering]]
[2020.03.03-01.21.06:420][  0]LogConfig: Setting CVar [[r.DOF.Scatter.EnableBokehSettings:1      ; bokeh simulation when scattering]]
[2020.03.03-01.21.06:420][  0]LogConfig: Setting CVar [[r.DOF.Scatter.MaxSpriteRatio:0.1         ; only a maximum of 10% of scattered bokeh]]
[2020.03.03-01.21.06:420][  0]LogConfig: Setting CVar [[r.DOF.Recombine.Quality:1                ; cheap slight out of focus]]
[2020.03.03-01.21.06:420][  0]LogConfig: Setting CVar [[r.DOF.Recombine.EnableBokehSettings:0    ; no bokeh simulation on slight out of focus]]
[2020.03.03-01.21.06:420][  0]LogConfig: Setting CVar [[r.DOF.TemporalAAQuality:1                ; more stable temporal accumulation]]
[2020.03.03-01.21.06:420][  0]LogConfig: Setting CVar [[r.DOF.Kernel.MaxForegroundRadius:0.025]]
[2020.03.03-01.21.06:420][  0]LogConfig: Setting CVar [[r.DOF.Kernel.MaxBackgroundRadius:0.025]]
[2020.03.03-01.21.06:420][  0]LogConfig: Applying CVar settings from Section [TextureQuality@3] File [D:/FCFM/8vo Semestre/Videojuegos 3/Proyecto Leonardo/MapProject 4.22/Saved/Config/Windows/Scalability.ini]
[2020.03.03-01.21.06:420][  0]LogConfig: Setting CVar [[r.Streaming.MipBias:0]]
[2020.03.03-01.21.06:420][  0]LogConfig: Setting CVar [[r.Streaming.AmortizeCPUToGPUCopy:0]]
[2020.03.03-01.21.06:420][  0]LogConfig: Setting CVar [[r.Streaming.MaxNumTexturesToStreamPerFrame:0]]
[2020.03.03-01.21.06:420][  0]LogConfig: Setting CVar [[r.Streaming.Boost:1]]
[2020.03.03-01.21.06:420][  0]LogConfig: Setting CVar [[r.MaxAnisotropy:8]]
[2020.03.03-01.21.06:420][  0]LogConfig: Setting CVar [[r.Streaming.LimitPoolSizeToVRAM:0]]
[2020.03.03-01.21.06:420][  0]LogConfig: Setting CVar [[r.Streaming.PoolSize:1000]]
[2020.03.03-01.21.06:420][  0]LogConfig: Setting CVar [[r.Streaming.MaxEffectiveScreenSize:0]]
[2020.03.03-01.21.06:420][  0]LogConfig: Applying CVar settings from Section [EffectsQuality@3] File [D:/FCFM/8vo Semestre/Videojuegos 3/Proyecto Leonardo/MapProject 4.22/Saved/Config/Windows/Scalability.ini]
[2020.03.03-01.21.06:420][  0]LogConfig: Setting CVar [[r.TranslucencyLightingVolumeDim:64]]
[2020.03.03-01.21.06:420][  0]LogConfig: Setting CVar [[r.RefractionQuality:2]]
[2020.03.03-01.21.06:420][  0]LogConfig: Setting CVar [[r.SSR.Quality:3]]
[2020.03.03-01.21.06:420][  0]LogConfig: Setting CVar [[r.SceneColorFormat:4]]
[2020.03.03-01.21.06:420][  0]LogConfig: Setting CVar [[r.DetailMode:2]]
[2020.03.03-01.21.06:420][  0]LogConfig: Setting CVar [[r.TranslucencyVolumeBlur:1]]
[2020.03.03-01.21.06:420][  0]LogConfig: Setting CVar [[r.MaterialQualityLevel:1 ; High quality]]
[2020.03.03-01.21.06:420][  0]LogConfig: Setting CVar [[r.SSS.Scale:1]]
[2020.03.03-01.21.06:420][  0]LogConfig: Setting CVar [[r.SSS.SampleSet:2]]
[2020.03.03-01.21.06:420][  0]LogConfig: Setting CVar [[r.SSS.Quality:1]]
[2020.03.03-01.21.06:420][  0]LogConfig: Setting CVar [[r.SSS.HalfRes:1]]
[2020.03.03-01.21.06:421][  0]LogConfig: Setting CVar [[r.EmitterSpawnRateScale:1.0]]
[2020.03.03-01.21.06:421][  0]LogConfig: Setting CVar [[r.ParticleLightQuality:2]]
[2020.03.03-01.21.06:421][  0]LogConfig: Applying CVar settings from Section [FoliageQuality@3] File [D:/FCFM/8vo Semestre/Videojuegos 3/Proyecto Leonardo/MapProject 4.22/Saved/Config/Windows/Scalability.ini]
[2020.03.03-01.21.06:421][  0]LogConfig: Setting CVar [[foliage.DensityScale:1.0]]
[2020.03.03-01.21.06:421][  0]LogConfig: Setting CVar [[grass.DensityScale:1.0]]
[2020.03.03-01.21.06:421][  0]LogInit: Selected Device Profile: [Windows]
[2020.03.03-01.21.06:421][  0]LogInit: Applying CVar settings loaded from the selected device profile: [Windows]
[2020.03.03-01.21.06:455][  0]LogHAL: Display: Platform has ~ 16 GB [17057812480 / 17179869184 / 16], which maps to Larger [LargestMinGB=32, LargerMinGB=12, DefaultMinGB=8, SmallerMinGB=6, SmallestMinGB=0)
[2020.03.03-01.21.06:455][  0]LogConfig: Setting CVar [[r.Vulkan.UseRealUBs:0		; Required until we fix HLR fall-out]]
[2020.03.03-01.21.06:455][  0]LogInit: Going up to parent DeviceProfile []
[2020.03.03-01.21.06:455][  0]LogConfig: Applying CVar settings from Section [ViewDistanceQuality@Cine] File [D:/FCFM/8vo Semestre/Videojuegos 3/Proyecto Leonardo/MapProject 4.22/Saved/Config/Windows/Scalability.ini]
[2020.03.03-01.21.06:455][  0]LogConfig: Setting CVar [[r.SkeletalMeshLODBias:0]]
[2020.03.03-01.21.06:455][  0]LogConfig: Setting CVar [[r.ViewDistanceScale:10.0]]
[2020.03.03-01.21.06:455][  0]LogConfig: Applying CVar settings from Section [AntiAliasingQuality@Cine] File [D:/FCFM/8vo Semestre/Videojuegos 3/Proyecto Leonardo/MapProject 4.22/Saved/Config/Windows/Scalability.ini]
[2020.03.03-01.21.06:455][  0]LogConfig: Setting CVar [[r.PostProcessAAQuality:6]]
[2020.03.03-01.21.06:455][  0]LogConfig: Applying CVar settings from Section [ShadowQuality@Cine] File [D:/FCFM/8vo Semestre/Videojuegos 3/Proyecto Leonardo/MapProject 4.22/Saved/Config/Windows/Scalability.ini]
[2020.03.03-01.21.06:455][  0]LogConfig: Setting CVar [[r.LightFunctionQuality:1]]
[2020.03.03-01.21.06:455][  0]LogConfig: Setting CVar [[r.ShadowQuality:5]]
[2020.03.03-01.21.06:455][  0]LogConfig: Setting CVar [[r.Shadow.CSM.MaxCascades:10]]
[2020.03.03-01.21.06:456][  0]LogConfig: Setting CVar [[r.Shadow.MaxResolution:4096]]
[2020.03.03-01.21.06:456][  0]LogConfig: Setting CVar [[r.Shadow.MaxCSMResolution:4096]]
[2020.03.03-01.21.06:456][  0]LogConfig: Setting CVar [[r.Shadow.RadiusThreshold:0]]
[2020.03.03-01.21.06:456][  0]LogConfig: Setting CVar [[r.Shadow.DistanceScale:1.0]]
[2020.03.03-01.21.06:456][  0]LogConfig: Setting CVar [[r.Shadow.CSM.TransitionScale:1.0]]
[2020.03.03-01.21.06:456][  0]LogConfig: Setting CVar [[r.Shadow.PreShadowResolutionFactor:1.0]]
[2020.03.03-01.21.06:456][  0]LogConfig: Setting CVar [[r.DistanceFieldShadowing:1]]
[2020.03.03-01.21.06:456][  0]LogConfig: Setting CVar [[r.DistanceFieldAO:1]]
[2020.03.03-01.21.06:456][  0]LogConfig: Setting CVar [[r.AOQuality:2]]
[2020.03.03-01.21.06:456][  0]LogConfig: Setting CVar [[r.VolumetricFog:1]]
[2020.03.03-01.21.06:456][  0]LogConfig: Setting CVar [[r.VolumetricFog.GridPixelSize:4]]
[2020.03.03-01.21.06:456][  0]LogConfig: Setting CVar [[r.VolumetricFog.GridSizeZ:128]]
[2020.03.03-01.21.06:456][  0]LogConfig: Setting CVar [[r.VolumetricFog.HistoryMissSupersampleCount:16]]
[2020.03.03-01.21.06:456][  0]LogConfig: Setting CVar [[r.LightMaxDrawDistanceScale:1]]
[2020.03.03-01.21.06:456][  0]LogConfig: Setting CVar [[r.CapsuleShadows:1]]
[2020.03.03-01.21.06:456][  0]LogConfig: Applying CVar settings from Section [PostProcessQuality@Cine] File [D:/FCFM/8vo Semestre/Videojuegos 3/Proyecto Leonardo/MapProject 4.22/Saved/Config/Windows/Scalability.ini]
[2020.03.03-01.21.06:456][  0]LogConfig: Setting CVar [[r.MotionBlurQuality:4]]
[2020.03.03-01.21.06:456][  0]LogConfig: Setting CVar [[r.AmbientOcclusionMipLevelFactor:0.4]]
[2020.03.03-01.21.06:456][  0]LogConfig: Setting CVar [[r.AmbientOcclusionMaxQuality:100]]
[2020.03.03-01.21.06:456][  0]LogConfig: Setting CVar [[r.AmbientOcclusionLevels:-1]]
[2020.03.03-01.21.06:456][  0]LogConfig: Setting CVar [[r.AmbientOcclusionRadiusScale:1.0]]
[2020.03.03-01.21.06:456][  0]LogConfig: Setting CVar [[r.DepthOfFieldQuality:4]]
[2020.03.03-01.21.06:456][  0]LogConfig: Setting CVar [[r.RenderTargetPoolMin:1000]]
[2020.03.03-01.21.06:456][  0]LogConfig: Setting CVar [[r.LensFlareQuality:3]]
[2020.03.03-01.21.06:456][  0]LogConfig: Setting CVar [[r.SceneColorFringeQuality:1]]
[2020.03.03-01.21.06:456][  0]LogConfig: Setting CVar [[r.EyeAdaptationQuality:2]]
[2020.03.03-01.21.06:456][  0]LogConfig: Setting CVar [[r.BloomQuality:5]]
[2020.03.03-01.21.06:456][  0]LogConfig: Setting CVar [[r.FastBlurThreshold:100]]
[2020.03.03-01.21.06:456][  0]LogConfig: Setting CVar [[r.Upscale.Quality:3]]
[2020.03.03-01.21.06:456][  0]LogConfig: Setting CVar [[r.Tonemapper.GrainQuantization:1]]
[2020.03.03-01.21.06:456][  0]LogConfig: Setting CVar [[r.LightShaftQuality:1]]
[2020.03.03-01.21.06:456][  0]LogConfig: Setting CVar [[r.Filter.SizeScale:1]]
[2020.03.03-01.21.06:456][  0]LogConfig: Setting CVar [[r.Tonemapper.Quality:5]]
[2020.03.03-01.21.06:456][  0]LogConfig: Setting CVar [[r.DOF.Gather.AccumulatorQuality:1        ; higher gathering accumulator quality]]
[2020.03.03-01.21.06:456][  0]LogConfig: Setting CVar [[r.DOF.Gather.PostfilterMethod:1          ; Median3x3 postfilering method]]
[2020.03.03-01.21.06:456][  0]LogConfig: Setting CVar [[r.DOF.Gather.EnableBokehSettings:1       ; bokeh simulation when gathering]]
[2020.03.03-01.21.06:456][  0]LogConfig: Setting CVar [[r.DOF.Gather.RingCount:5                 ; high number of samples when gathering]]
[2020.03.03-01.21.06:456][  0]LogConfig: Setting CVar [[r.DOF.Scatter.ForegroundCompositing:1    ; additive foreground scattering]]
[2020.03.03-01.21.06:456][  0]LogConfig: Setting CVar [[r.DOF.Scatter.BackgroundCompositing:2    ; background scattering occlusion]]
[2020.03.03-01.21.06:456][  0]LogConfig: Setting CVar [[r.DOF.Scatter.EnableBokehSettings:1      ; no bokeh simulation when scattering]]
[2020.03.03-01.21.06:456][  0]LogConfig: Setting CVar [[r.DOF.Scatter.MaxSpriteRatio:0.1         ; only a maximum of 10% of scattered bokeh]]
[2020.03.03-01.21.06:456][  0]LogConfig: Setting CVar [[r.DOF.Recombine.Quality:2                ; highest slight out of focus]]
[2020.03.03-01.21.06:456][  0]LogConfig: Setting CVar [[r.DOF.Recombine.EnableBokehSettings:1    ; bokeh simulation on slight out of focus]]
[2020.03.03-01.21.06:456][  0]LogConfig: Setting CVar [[r.DOF.TemporalAAQuality:1                ; more stable temporal accumulation]]
[2020.03.03-01.21.06:456][  0]LogConfig: Setting CVar [[r.DOF.Kernel.MaxForegroundRadius:0.025]]
[2020.03.03-01.21.06:456][  0]LogConfig: Setting CVar [[r.DOF.Kernel.MaxBackgroundRadius:0.025]]
[2020.03.03-01.21.06:456][  0]LogConfig: Applying CVar settings from Section [TextureQuality@Cine] File [D:/FCFM/8vo Semestre/Videojuegos 3/Proyecto Leonardo/MapProject 4.22/Saved/Config/Windows/Scalability.ini]
[2020.03.03-01.21.06:456][  0]LogConfig: Setting CVar [[r.Streaming.MipBias:0]]
[2020.03.03-01.21.06:456][  0]LogConfig: Setting CVar [[r.Streaming.AmortizeCPUToGPUCopy:0]]
[2020.03.03-01.21.06:456][  0]LogConfig: Setting CVar [[r.Streaming.MaxNumTexturesToStreamPerFrame:0]]
[2020.03.03-01.21.06:456][  0]LogConfig: Setting CVar [[r.Streaming.Boost:1]]
[2020.03.03-01.21.06:456][  0]LogConfig: Setting CVar [[r.MaxAnisotropy:8]]
[2020.03.03-01.21.06:456][  0]LogConfig: Setting CVar [[r.Streaming.LimitPoolSizeToVRAM:0]]
[2020.03.03-01.21.06:456][  0]LogConfig: Setting CVar [[r.Streaming.PoolSize:3000]]
[2020.03.03-01.21.06:456][  0]LogConfig: Setting CVar [[r.Streaming.MaxEffectiveScreenSize:0]]
[2020.03.03-01.21.06:456][  0]LogConfig: Applying CVar settings from Section [EffectsQuality@Cine] File [D:/FCFM/8vo Semestre/Videojuegos 3/Proyecto Leonardo/MapProject 4.22/Saved/Config/Windows/Scalability.ini]
[2020.03.03-01.21.06:456][  0]LogConfig: Setting CVar [[r.TranslucencyLightingVolumeDim:64]]
[2020.03.03-01.21.06:456][  0]LogConfig: Setting CVar [[r.RefractionQuality:2]]
[2020.03.03-01.21.06:456][  0]LogConfig: Setting CVar [[r.SSR.Quality:4]]
[2020.03.03-01.21.06:457][  0]LogConfig: Setting CVar [[r.SceneColorFormat:4]]
[2020.03.03-01.21.06:457][  0]LogConfig: Setting CVar [[r.DetailMode:2]]
[2020.03.03-01.21.06:457][  0]LogConfig: Setting CVar [[r.TranslucencyVolumeBlur:1]]
[2020.03.03-01.21.06:457][  0]LogConfig: Setting CVar [[r.MaterialQualityLevel:1 ; High quality]]
[2020.03.03-01.21.06:457][  0]LogConfig: Setting CVar [[r.SSS.Scale:1]]
[2020.03.03-01.21.06:457][  0]LogConfig: Setting CVar [[r.SSS.SampleSet:2]]
[2020.03.03-01.21.06:457][  0]LogConfig: Setting CVar [[r.SSS.Quality:1]]
[2020.03.03-01.21.06:457][  0]LogConfig: Setting CVar [[r.SSS.HalfRes:0]]
[2020.03.03-01.21.06:457][  0]LogConfig: Setting CVar [[r.EmitterSpawnRateScale:1.0]]
[2020.03.03-01.21.06:457][  0]LogConfig: Setting CVar [[r.ParticleLightQuality:2]]
[2020.03.03-01.21.06:457][  0]LogConfig: Applying CVar settings from Section [FoliageQuality@Cine] File [D:/FCFM/8vo Semestre/Videojuegos 3/Proyecto Leonardo/MapProject 4.22/Saved/Config/Windows/Scalability.ini]
[2020.03.03-01.21.06:457][  0]LogConfig: Setting CVar [[foliage.DensityScale:1.0]]
[2020.03.03-01.21.06:457][  0]LogConfig: Setting CVar [[grass.DensityScale:1.0]]
[2020.03.03-01.21.06:457][  0]LogConfig: Applying CVar settings from Section [Startup] File [../../../Engine/Config/ConsoleVariables.ini]
[2020.03.03-01.21.06:457][  0]LogConfig: Setting CVar [[net.UseAdaptiveNetUpdateFrequency:0]]
[2020.03.03-01.21.06:457][  0]LogConfig: Setting CVar [[p.chaos.AllowCreatePhysxBodies:1]]
[2020.03.03-01.21.06:457][  0]LogConfig: Applying CVar settings from Section [ConsoleVariables] File [D:/FCFM/8vo Semestre/Videojuegos 3/Proyecto Leonardo/MapProject 4.22/Saved/Config/Windows/Engine.ini]
[2020.03.03-01.21.06:457][  0]LogInit: Computer: LAPTOPPREDATORF
[2020.03.03-01.21.06:457][  0]LogInit: User: FabrizioCruz
[2020.03.03-01.21.06:457][  0]LogInit: CPU Page size=4096, Cores=4
[2020.03.03-01.21.06:457][  0]LogInit: High frequency timer resolution =10.000000 MHz
[2020.03.03-01.21.06:458][  0]LogMemory: Memory total: Physical=15.9GB (16GB approx)
[2020.03.03-01.21.06:458][  0]LogMemory: Platform Memory Stats for Windows
[2020.03.03-01.21.06:458][  0]LogMemory: Process Physical Memory: 99.39 MB used, 99.39 MB peak
[2020.03.03-01.21.06:458][  0]LogMemory: Process Virtual Memory: 92.32 MB used, 92.32 MB peak
[2020.03.03-01.21.06:458][  0]LogMemory: Physical Memory: 5294.19 MB used,  10973.41 MB free, 16267.60 MB total
[2020.03.03-01.21.06:458][  0]LogMemory: Virtual Memory: 4659.09 MB used,  134213072.00 MB free, 134217728.00 MB total
[2020.03.03-01.21.06:484][  0]LogInit: Using OS detected language (en-US).
[2020.03.03-01.21.06:485][  0]LogInit: Using OS detected locale (en-US).
[2020.03.03-01.21.06:485][  0]LogTextLocalizationManager: No specific localization for 'en-US' exists, so the 'en' localization will be used.
[2020.03.03-01.21.06:629][  0]LogInit: Setting process to per monitor DPI aware
[2020.03.03-01.21.06:671][  0]LogSlate: New Slate User Created.  User Index 0, Is Virtual User: 0
[2020.03.03-01.21.06:671][  0]LogSlate: Slate User Registered.  User Index 0, Is Virtual User: 0
[2020.03.03-01.21.07:200][  0]LogHMD: Failed to initialize OpenVR with code 110
[2020.03.03-01.21.07:200][  0]LogD3D11RHI: D3D11 adapters:
[2020.03.03-01.21.07:279][  0]LogD3D11RHI:    0. 'NVIDIA GeForce GTX 1060' (Feature Level 11_0)
[2020.03.03-01.21.07:279][  0]LogD3D11RHI:       6052/0/8133 MB DedicatedVideo/DedicatedSystem/SharedSystem, Outputs:1, VendorId:0x10de
[2020.03.03-01.21.07:293][  0]LogD3D11RHI:    1. 'Intel(R) HD Graphics 630' (Feature Level 11_0)
[2020.03.03-01.21.07:293][  0]LogD3D11RHI:       128/0/8133 MB DedicatedVideo/DedicatedSystem/SharedSystem, Outputs:0, VendorId:0x8086
[2020.03.03-01.21.07:295][  0]LogD3D11RHI:    2. 'Microsoft Basic Render Driver' (Feature Level 11_0)
[2020.03.03-01.21.07:295][  0]LogD3D11RHI:       0/0/8133 MB DedicatedVideo/DedicatedSystem/SharedSystem, Outputs:0, VendorId:0x1414
[2020.03.03-01.21.07:295][  0]LogD3D11RHI: Chosen D3D11 Adapter: 0
[2020.03.03-01.21.07:326][  0]LogD3D11RHI: Creating new Direct3DDevice
[2020.03.03-01.21.07:326][  0]LogD3D11RHI:     GPU DeviceId: 0x1c20 (for the marketing name, search the web for "GPU Device Id")
[2020.03.03-01.21.07:326][  0]LogWindows: EnumDisplayDevices:
[2020.03.03-01.21.07:326][  0]LogWindows:    0. 'Intel(R) HD Graphics 630' (P:1 D:1)
[2020.03.03-01.21.07:326][  0]LogWindows:    1. 'Intel(R) HD Graphics 630' (P:0 D:0)
[2020.03.03-01.21.07:326][  0]LogWindows:    2. 'Intel(R) HD Graphics 630' (P:0 D:0)
[2020.03.03-01.21.07:327][  0]LogWindows:    3. 'NVIDIA GeForce GTX 1060' (P:0 D:0)
[2020.03.03-01.21.07:327][  0]LogWindows: DebugString: PrimaryIsNotTheChoosenAdapter PrimaryIsNotTheChoosenAdapter PrimaryIsNotTheChoosenAdapter 
[2020.03.03-01.21.07:327][  0]LogD3D11RHI:     Adapter Name: NVIDIA GeForce GTX 1060
[2020.03.03-01.21.07:327][  0]LogD3D11RHI:   Driver Version: 442.19 (internal:26.21.14.4219, unified:442.19)
[2020.03.03-01.21.07:327][  0]LogD3D11RHI:      Driver Date: 1-29-2020
[2020.03.03-01.21.07:327][  0]LogRHI: Texture pool is 4236 MB (70% of 6052 MB)
[2020.03.03-01.21.07:378][  0]LogD3D11RHI: Async texture creation enabled
[2020.03.03-01.21.07:383][  0]LogRendererCore: FGlobalReadBuffer::InitRHI
[2020.03.03-01.21.07:384][  0]LogRendererCore: FGlobalReadBuffer::InitRHI
[2020.03.03-01.21.07:384][  0]LogRendererCore: FGlobalReadBuffer::InitRHI
[2020.03.03-01.21.07:392][  0]LogD3D11RHI: GPU Timing Frequency: 1000.000000 (Debug: 2 1)
[2020.03.03-01.21.07:702][  0]LogTemp: Display: Module 'AllDesktopTargetPlatform' loaded TargetPlatform 'AllDesktop'
[2020.03.03-01.21.07:715][  0]LogTemp: Display: Module 'MacClientTargetPlatform' loaded TargetPlatform 'MacClient'
[2020.03.03-01.21.07:727][  0]LogTemp: Display: Module 'MacNoEditorTargetPlatform' loaded TargetPlatform 'MacNoEditor'
[2020.03.03-01.21.07:740][  0]LogTemp: Display: Module 'MacServerTargetPlatform' loaded TargetPlatform 'MacServer'
[2020.03.03-01.21.07:753][  0]LogTemp: Display: Module 'MacTargetPlatform' loaded TargetPlatform 'Mac'
[2020.03.03-01.21.07:767][  0]LogTemp: Display: Module 'WindowsClientTargetPlatform' loaded TargetPlatform 'WindowsClient'
[2020.03.03-01.21.07:780][  0]LogTemp: Display: Module 'WindowsNoEditorTargetPlatform' loaded TargetPlatform 'WindowsNoEditor'
[2020.03.03-01.21.07:792][  0]LogTemp: Display: Module 'WindowsServerTargetPlatform' loaded TargetPlatform 'WindowsServer'
[2020.03.03-01.21.07:798][  0]LogTemp: Display: Module 'WindowsTargetPlatform' loaded TargetPlatform 'Windows'
[2020.03.03-01.21.07:875][  0]LogTemp: Display: Module 'AndroidTargetPlatform' loaded TargetPlatform 'Android'
[2020.03.03-01.21.07:875][  0]LogTemp: Display: Module 'AndroidTargetPlatform' loaded TargetPlatform 'Android_ASTC'
[2020.03.03-01.21.07:875][  0]LogTemp: Display: Module 'AndroidTargetPlatform' loaded TargetPlatform 'Android_ATC'
[2020.03.03-01.21.07:875][  0]LogTemp: Display: Module 'AndroidTargetPlatform' loaded TargetPlatform 'Android_DXT'
[2020.03.03-01.21.07:875][  0]LogTemp: Display: Module 'AndroidTargetPlatform' loaded TargetPlatform 'Android_ETC1'
[2020.03.03-01.21.07:876][  0]LogTemp: Display: Module 'AndroidTargetPlatform' loaded TargetPlatform 'Android_ETC1a'
[2020.03.03-01.21.07:876][  0]LogTemp: Display: Module 'AndroidTargetPlatform' loaded TargetPlatform 'Android_ETC2'
[2020.03.03-01.21.07:876][  0]LogTemp: Display: Module 'AndroidTargetPlatform' loaded TargetPlatform 'Android_PVRTC'
[2020.03.03-01.21.07:876][  0]LogTemp: Display: Module 'AndroidTargetPlatform' loaded TargetPlatform 'AndroidClient'
[2020.03.03-01.21.07:876][  0]LogTemp: Display: Module 'AndroidTargetPlatform' loaded TargetPlatform 'Android_ASTCClient'
[2020.03.03-01.21.07:876][  0]LogTemp: Display: Module 'AndroidTargetPlatform' loaded TargetPlatform 'Android_ATCClient'
[2020.03.03-01.21.07:876][  0]LogTemp: Display: Module 'AndroidTargetPlatform' loaded TargetPlatform 'Android_DXTClient'
[2020.03.03-01.21.07:876][  0]LogTemp: Display: Module 'AndroidTargetPlatform' loaded TargetPlatform 'Android_ETC1Client'
[2020.03.03-01.21.07:876][  0]LogTemp: Display: Module 'AndroidTargetPlatform' loaded TargetPlatform 'Android_ETC1aClient'
[2020.03.03-01.21.07:876][  0]LogTemp: Display: Module 'AndroidTargetPlatform' loaded TargetPlatform 'Android_ETC2Client'
[2020.03.03-01.21.07:876][  0]LogTemp: Display: Module 'AndroidTargetPlatform' loaded TargetPlatform 'Android_PVRTCClient'
[2020.03.03-01.21.07:876][  0]LogTemp: Display: Module 'AndroidTargetPlatform' loaded TargetPlatform 'Android_Multi'
[2020.03.03-01.21.07:876][  0]LogTemp: Display: Module 'AndroidTargetPlatform' loaded TargetPlatform 'Android_MultiClient'
[2020.03.03-01.21.07:878][  0]LogTemp: Display: Module 'HTML5TargetPlatform' loaded TargetPlatform 'HTML5'
[2020.03.03-01.21.07:946][  0]LogTemp: Display: Module 'IOSTargetPlatform' loaded TargetPlatform 'IOSClient'
[2020.03.03-01.21.07:946][  0]LogTemp: Display: Module 'IOSTargetPlatform' loaded TargetPlatform 'IOS'
[2020.03.03-01.21.07:971][  0]LogTemp: Display: Module 'TVOSTargetPlatform' loaded TargetPlatform 'TVOSClient'
[2020.03.03-01.21.07:971][  0]LogTemp: Display: Module 'TVOSTargetPlatform' loaded TargetPlatform 'TVOS'
[2020.03.03-01.21.07:985][  0]LogTemp: Display: Module 'LinuxClientTargetPlatform' loaded TargetPlatform 'LinuxClient'
[2020.03.03-01.21.08:004][  0]LogTemp: Display: Module 'LinuxNoEditorTargetPlatform' loaded TargetPlatform 'LinuxNoEditor'
[2020.03.03-01.21.08:018][  0]LogTemp: Display: Module 'LinuxServerTargetPlatform' loaded TargetPlatform 'LinuxServer'
[2020.03.03-01.21.08:033][  0]LogTemp: Display: Module 'LinuxTargetPlatform' loaded TargetPlatform 'Linux'
[2020.03.03-01.21.08:100][  0]LogTemp: Display: Module 'LuminTargetPlatform' loaded TargetPlatform 'Lumin'
[2020.03.03-01.21.08:100][  0]LogTemp: Display: Module 'LuminTargetPlatform' loaded TargetPlatform 'LuminClient'
[2020.03.03-01.21.08:100][  0]LogTargetPlatformManager: Display: Building Assets For Windows
[2020.03.03-01.21.08:110][  0]LogAudioDebug: Display: Lib vorbis DLL was dynamically loaded.
[2020.03.03-01.21.08:152][  0]LogShaderCompilers: Guid format shader working directory is -30 characters bigger than the processId version (../../../../../../FCFM/8vo Semestre/Videojuegos 3/Proyecto Leonardo/MapProject 4.22/Intermediate/Shaders/WorkingDirectory/17048/).
[2020.03.03-01.21.08:153][  0]LogShaderCompilers: Cleaned the shader compiler working directory 'C:/Users/Fabrizio Cruz/AppData/Local/Temp/UnrealShaderWorkingDir/FF62442F49403EFEFFD0539E7B375196/'.
[2020.03.03-01.21.08:154][  0]LogXGEController: Cannot use XGE Controller as Incredibuild is not installed on this machine.
[2020.03.03-01.21.08:154][  0]LogShaderCompilers: Cannot use XGE Shader Compiler as Incredibuild is not installed on this machine.
[2020.03.03-01.21.08:154][  0]LogShaderCompilers: Display: Using Local Shader Compiler.
[2020.03.03-01.21.08:799][  0]LogDerivedDataCache: Display: Max Cache Size: 512 MB
[2020.03.03-01.21.08:842][  0]LogDerivedDataCache: Loaded boot cache 0.04s 71MB C:/Users/Fabrizio Cruz/AppData/Local/UnrealEngine/4.22/DerivedDataCache/Boot.ddc.
[2020.03.03-01.21.08:842][  0]LogDerivedDataCache: Display: Loaded Boot cache: C:/Users/Fabrizio Cruz/AppData/Local/UnrealEngine/4.22/DerivedDataCache/Boot.ddc
[2020.03.03-01.21.08:842][  0]LogDerivedDataCache: FDerivedDataBackendGraph:  Pak pak cache file ../../../../../../FCFM/8vo Semestre/Videojuegos 3/Proyecto Leonardo/MapProject 4.22/DerivedDataCache/DDC.ddp not found, will not use a pak cache.
[2020.03.03-01.21.08:842][  0]LogDerivedDataCache: Unable to find inner node Pak for hierarchical cache Hierarchy.
[2020.03.03-01.21.08:842][  0]LogDerivedDataCache: FDerivedDataBackendGraph:  CompressedPak pak cache file ../../../../../../FCFM/8vo Semestre/Videojuegos 3/Proyecto Leonardo/MapProject 4.22/DerivedDataCache/Compressed.ddp not found, will not use a pak cache.
[2020.03.03-01.21.08:842][  0]LogDerivedDataCache: Unable to find inner node CompressedPak for hierarchical cache Hierarchy.
[2020.03.03-01.21.08:855][  0]LogDerivedDataCache: Display: Pak cache opened for reading ../../../Engine/DerivedDataCache/Compressed.ddp.
[2020.03.03-01.21.08:855][  0]LogDerivedDataCache: FDerivedDataBackendGraph:  EnterprisePak pak cache file ../../../Enterprise/DerivedDataCache/Compressed.ddp not found, will not use a pak cache.
[2020.03.03-01.21.08:855][  0]LogDerivedDataCache: Unable to find inner node EnterprisePak for hierarchical cache Hierarchy.
[2020.03.03-01.21.08:868][  0]LogDerivedDataCache: Using Local data cache path C:/Users/Fabrizio Cruz/AppData/Local/UnrealEngine/Common/DerivedDataCache: Writable
[2020.03.03-01.21.08:868][  0]LogDerivedDataCache: Shared data cache path not found in *engine.ini, will not use an Shared cache.
[2020.03.03-01.21.08:868][  0]LogDerivedDataCache: Unable to find inner node Shared for hierarchical cache Hierarchy.
[2020.03.03-01.21.08:892][  0]LogMaterial: Verifying Global Shaders for PCD3D_SM5
[2020.03.03-01.21.08:893][  0]LogSlate: Using FreeType 2.6.0
[2020.03.03-01.21.08:894][  0]LogSlate: SlateFontServices - WITH_FREETYPE: 1, WITH_HARFBUZZ: 1
[2020.03.03-01.21.09:011][  0]LogAssetRegistry: FAssetRegistry took 0.0331 seconds to start up
[2020.03.03-01.21.09:344][  0]LogInit: Selected Device Profile: [Windows]
[2020.03.03-01.21.09:472][  0]LogMeshReduction: Using QuadricMeshReduction for automatic static mesh reduction
[2020.03.03-01.21.09:472][  0]LogMeshReduction: Using SimplygonMeshReduction for automatic skeletal mesh reduction
[2020.03.03-01.21.09:472][  0]LogMeshReduction: Using ProxyLODMeshReduction for automatic mesh merging
[2020.03.03-01.21.09:473][  0]LogMeshReduction: No distributed automatic mesh merging module available
[2020.03.03-01.21.09:473][  0]LogMeshMerging: No distributed automatic mesh merging module available
[2020.03.03-01.21.09:485][  0]LogNetVersion: Vis2 1.0.0, NetCL: 5660361, EngineNetVer: 10, GameNetVer: 0 (Checksum: 1012566908)
[2020.03.03-01.21.09:953][  0]LogPackageLocalizationCache: Processed 10 localized package path(s) for 1 prioritized culture(s) in 0.042484 seconds
[2020.03.03-01.21.09:960][  0]LogUObjectArray: 42208 objects as part of root set at end of initial load.
[2020.03.03-01.21.09:960][  0]LogUObjectAllocator: 7325800 out of 0 bytes used by permanent object pool.
[2020.03.03-01.21.09:960][  0]LogUObjectArray: CloseDisregardForGC: 0/0 objects in disregard for GC pool
[2020.03.03-01.21.11:544][  0]LogTcpMessaging: Initializing TcpMessaging bridge
[2020.03.03-01.21.11:559][  0]LogUdpMessaging: Initializing bridge on interface 0.0.0.0:0 to multicast group 230.0.0.1:6666.
[2020.03.03-01.21.11:678][  0]SourceControl: Source control is disabled
[2020.03.03-01.21.11:678][  0]SourceControl: Source control is disabled
[2020.03.03-01.21.11:681][  0]SourceControl: Source control is disabled
[2020.03.03-01.21.11:682][  0]SourceControl: Source control is disabled
[2020.03.03-01.21.11:792][  0]LogAndroidPermission: UAndroidPermissionCallbackProxy::GetInstance
[2020.03.03-01.21.11:886][  0]LogOcInput: OculusInput pre-init called
[2020.03.03-01.21.13:096][  0]LogEngine: Initializing Engine...
[2020.03.03-01.21.13:097][  0]LogHMD: Failed to initialize OpenVR with code 110
[2020.03.03-01.21.13:098][  0]LogStats: UGameplayTagsManager::InitializeManager -  0.000 s
[2020.03.03-01.21.13:382][  0]LogInit: Initializing FReadOnlyCVARCache
[2020.03.03-01.21.13:395][  0]LogAIModule: Creating AISystem for world Untitled
[2020.03.03-01.21.13:424][  0]LogInit: XAudio2 using 'Speakers (Realtek High Definition Audio(SST))' : 2 channels at 48 kHz using 32 bits per sample (channel mask 0x3)
[2020.03.03-01.21.13:960][  0]LogInit: FAudioDevice initialized.
[2020.03.03-01.21.13:960][  0]LogNetVersion: Set ProjectVersion to 1.0.0.0. Version Checksum will be recalculated on next use.
[2020.03.03-01.21.14:051][  0]LogDerivedDataCache: Saved boot cache 0.09s 71MB C:/Users/Fabrizio Cruz/AppData/Local/UnrealEngine/4.22/DerivedDataCache/Boot.ddc.
[2020.03.03-01.21.14:056][  0]LogInit: Texture streaming: Enabled
[2020.03.03-01.21.14:076][  0]LogEngineSessionManager: EngineSessionManager initialized
[2020.03.03-01.21.14:099][  0]LogInit: Transaction tracking system initialized
[2020.03.03-01.21.14:125][  0]BlueprintLog: New page: Editor Load
[2020.03.03-01.21.14:213][  0]LocalizationService: Localization service is disabled
[2020.03.03-01.21.14:724][  0]LogFileCache: Scanning file cache for directory 'D:/FCFM/8vo Semestre/Videojuegos 3/Proyecto Leonardo/MapProject 4.22/Content/' took 0.02s
[2020.03.03-01.21.14:724][  0]LogCook: Display: Max memory allowance for cook 16384mb min free memory 0mb
[2020.03.03-01.21.14:724][  0]LogCook: Display: Mobile HDR setting 1
[2020.03.03-01.21.14:964][  0]SourceControl: Source control is disabled
[2020.03.03-01.21.14:964][  0]Cmd: MAP LOAD FILE="../../../../../../FCFM/8vo Semestre/Videojuegos 3/Proyecto Leonardo/MapProject 4.22/Content/FirstPersonBP/Maps/FirstPersonExampleMap.umap" TEMPLATE=0 SHOWPROGRESS=1 FEATURELEVEL=3
[2020.03.03-01.21.14:964][  0]LightingResults: New page: Lighting Build
[2020.03.03-01.21.14:967][  0]MapCheck: New page: Map Check
[2020.03.03-01.21.14:967][  0]LightingResults: New page: Lighting Build
[2020.03.03-01.21.14:997][  0]LogUObjectHash: Compacting FUObjectHashTables data took   2.54ms
[2020.03.03-01.21.18:293][  0]LogAIModule: Creating AISystem for world FirstPersonExampleMap
[2020.03.03-01.21.18:385][  0]LogEditorServer: Finished looking for orphan Actors (0.000 secs)
[2020.03.03-01.21.18:460][  0]LogUObjectHash: Compacting FUObjectHashTables data took   2.67ms
[2020.03.03-01.21.18:461][  0]Cmd: MAP CHECKDEP NOCLEARLOG
[2020.03.03-01.21.18:461][  0]MapCheck: Map check complete: 0 Error(s), 0 Warning(s), took 0.3ms to complete.
[2020.03.03-01.21.18:461][  0]LogFileHelpers: Loading map 'FirstPersonExampleMap' took 3.497
[2020.03.03-01.21.18:626][  0]LogSlate: Updating window title bar state: overlay mode, drag disabled, window buttons hidden, title bar hidden
[2020.03.03-01.21.18:637][  0]LogSlate: Updating window title bar state: overlay mode, drag disabled, window buttons hidden, title bar hidden
[2020.03.03-01.21.18:646][  0]LogSlate: Updating window title bar state: overlay mode, drag disabled, window buttons hidden, title bar hidden
[2020.03.03-01.21.18:656][  0]LogSlate: Updating window title bar state: overlay mode, drag disabled, window buttons hidden, title bar hidden
[2020.03.03-01.21.18:668][  0]LogCollectionManager: Loaded 0 collections in 0.001066 seconds
[2020.03.03-01.21.18:717][  0]LogFileCache: Scanning file cache for directory 'D:/FCFM/8vo Semestre/Videojuegos 3/Proyecto Leonardo/MapProject 4.22/Saved/Collections/' took 0.01s
[2020.03.03-01.21.18:717][  0]LogFileCache: Scanning file cache for directory 'D:/FCFM/8vo Semestre/Videojuegos 3/Proyecto Leonardo/MapProject 4.22/Content/Developers/FabrizioCruz/Collections/' took 0.01s
[2020.03.03-01.21.18:717][  0]LogFileCache: Scanning file cache for directory 'D:/FCFM/8vo Semestre/Videojuegos 3/Proyecto Leonardo/MapProject 4.22/Content/Collections/' took 0.00s
[2020.03.03-01.21.18:717][  0]LogCollectionManager: Rebuilt the GUID cache for 0 collections in 0.000000 seconds
[2020.03.03-01.21.18:730][  0]LogContentBrowser: Native class hierarchy populated in 0.0117 seconds. Added 2732 classes and 659 folders.
[2020.03.03-01.21.18:744][  0]LogContentBrowser: Native class hierarchy updated for 'WidgetCarousel' in 0.0002 seconds. Added 0 classes and 0 folders.
[2020.03.03-01.21.18:752][  0]LogPakFile: Registered encryption key '00000000000000000000000000000000': 0 pak files mounted, 0 remain pending
[2020.03.03-01.21.18:758][  0]LogPakFile: Registered encryption key '00000000000000000000000000000000': 0 pak files mounted, 0 remain pending
[2020.03.03-01.21.18:760][  0]LogPakFile: Registered encryption key '00000000000000000000000000000000': 0 pak files mounted, 0 remain pending
[2020.03.03-01.21.18:763][  0]LogPakFile: Registered encryption key '00000000000000000000000000000000': 0 pak files mounted, 0 remain pending
[2020.03.03-01.21.18:766][  0]LogPakFile: Registered encryption key '00000000000000000000000000000000': 0 pak files mounted, 0 remain pending
[2020.03.03-01.21.18:768][  0]LogPakFile: Registered encryption key '00000000000000000000000000000000': 0 pak files mounted, 0 remain pending
[2020.03.03-01.21.18:772][  0]LogPakFile: Registered encryption key '00000000000000000000000000000000': 0 pak files mounted, 0 remain pending
[2020.03.03-01.21.18:774][  0]LogPakFile: Registered encryption key '00000000000000000000000000000000': 0 pak files mounted, 0 remain pending
[2020.03.03-01.21.18:777][  0]LogPakFile: Registered encryption key '00000000000000000000000000000000': 0 pak files mounted, 0 remain pending
[2020.03.03-01.21.18:780][  0]LogPakFile: Registered encryption key '00000000000000000000000000000000': 0 pak files mounted, 0 remain pending
[2020.03.03-01.21.18:783][  0]LogPakFile: Registered encryption key '00000000000000000000000000000000': 0 pak files mounted, 0 remain pending
[2020.03.03-01.21.18:785][  0]LogPakFile: Registered encryption key '00000000000000000000000000000000': 0 pak files mounted, 0 remain pending
[2020.03.03-01.21.18:788][  0]LogPakFile: Registered encryption key '00000000000000000000000000000000': 0 pak files mounted, 0 remain pending
[2020.03.03-01.21.18:790][  0]LogPakFile: Registered encryption key '00000000000000000000000000000000': 0 pak files mounted, 0 remain pending
[2020.03.03-01.21.18:793][  0]LogPakFile: Registered encryption key '00000000000000000000000000000000': 0 pak files mounted, 0 remain pending
[2020.03.03-01.21.18:796][  0]LogPakFile: Registered encryption key '00000000000000000000000000000000': 0 pak files mounted, 0 remain pending
[2020.03.03-01.21.18:798][  0]LogPakFile: Registered encryption key '00000000000000000000000000000000': 0 pak files mounted, 0 remain pending
[2020.03.03-01.21.18:801][  0]LogPakFile: Registered encryption key '00000000000000000000000000000000': 0 pak files mounted, 0 remain pending
[2020.03.03-01.21.18:804][  0]LogPakFile: Registered encryption key '00000000000000000000000000000000': 0 pak files mounted, 0 remain pending
[2020.03.03-01.21.18:806][  0]LogPakFile: Registered encryption key '00000000000000000000000000000000': 0 pak files mounted, 0 remain pending
[2020.03.03-01.21.18:809][  0]LogPakFile: Registered encryption key '00000000000000000000000000000000': 0 pak files mounted, 0 remain pending
[2020.03.03-01.21.18:812][  0]LogPakFile: Registered encryption key '00000000000000000000000000000000': 0 pak files mounted, 0 remain pending
[2020.03.03-01.21.18:815][  0]LogPakFile: Registered encryption key '00000000000000000000000000000000': 0 pak files mounted, 0 remain pending
[2020.03.03-01.21.18:828][  0]LogPakFile: Registered encryption key '00000000000000000000000000000000': 0 pak files mounted, 0 remain pending
[2020.03.03-01.21.18:831][  0]LogPakFile: Registered encryption key '00000000000000000000000000000000': 0 pak files mounted, 0 remain pending
[2020.03.03-01.21.18:833][  0]LogPakFile: Registered encryption key '00000000000000000000000000000000': 0 pak files mounted, 0 remain pending
[2020.03.03-01.21.18:931][  0]LogContentBrowser: Native class hierarchy updated for 'AddContentDialog' in 0.0003 seconds. Added 0 classes and 0 folders.
[2020.03.03-01.21.18:959][  0]LogContentBrowser: Native class hierarchy updated for 'SceneOutliner' in 0.0003 seconds. Added 1 classes and 2 folders.
[2020.03.03-01.21.19:245][  0]LogSlate: Took 0.000487 seconds to synchronously load lazily loaded font '../../../Engine/Content/Slate/Fonts/Roboto-Regular.ttf' (155K)
[2020.03.03-01.21.19:253][  0]LogSlate: Took 0.000500 seconds to synchronously load lazily loaded font '../../../Engine/Content/Slate/Fonts/Roboto-Bold.ttf' (160K)
[2020.03.03-01.21.19:263][  0]LogSlate: Took 0.004515 seconds to synchronously load lazily loaded font '../../../Engine/Content/Editor/Slate/Fonts/FontAwesome.ttf' (139K)
[2020.03.03-01.21.19:371][  0]LogRenderer: Reallocating scene render targets to support 984x512 Format 10 NumSamples 1 (Frame:1).
[2020.03.03-01.21.19:635][  0]LogSlate: Took 0.002788 seconds to synchronously load lazily loaded font '../../../Engine/Content/Slate/Fonts/Roboto-Light.ttf' (167K)
[2020.03.03-01.21.19:781][  0]LogContentBrowser: Native class hierarchy updated for 'HierarchicalLODOutliner' in 0.0004 seconds. Added 0 classes and 0 folders.
[2020.03.03-01.21.19:781][  0]LogLoad: (Engine Initialization) Total time: 15.57 seconds
[2020.03.03-01.21.19:781][  0]LogLoad: (Engine Initialization) Total Blueprint compile time: 0.00 seconds
[2020.03.03-01.21.19:871][  0]LogAssetRegistry: Asset discovery search completed in 10.8829 seconds
[2020.03.03-01.21.19:874][  0]LogCollectionManager: Rebuilt the object cache for 0 collections in 0.000000 seconds (found 0 objects)
[2020.03.03-01.21.19:874][  0]LogCollectionManager: Fixed up redirectors for 0 collections in 0.000072 seconds (updated 0 objects)
[2020.03.03-01.21.19:876][  0]LogContentStreaming: Texture pool size now 3000 MB
[2020.03.03-01.23.32:075][301]LogSlate: FSceneViewport::OnFocusLost() reason 0
[2020.03.03-01.23.34:800][472]LogEditorViewport: Clicking on Actor (LMB): StaticMeshActor (CorridorWallBlank18)
[2020.03.03-01.23.36:111][521]LogSlate: FSceneViewport::OnFocusLost() reason 0
[2020.03.03-01.23.37:334][575]LogEditorViewport: Clicking on Actor (LMB): StaticMeshActor (FloorEdge43)
[2020.03.03-01.23.40:872][715]LogSlate: FSceneViewport::OnFocusLost() reason 0
[2020.03.03-01.23.40:987][724]LogRenderer: Reallocating scene render targets to support 988x512 Format 10 NumSamples 1 (Frame:6640).
[2020.03.03-01.23.41:087][725]LogRenderer: Reallocating scene render targets to support 992x512 Format 10 NumSamples 1 (Frame:6642).
[2020.03.03-01.23.41:247][726]LogRenderer: Reallocating scene render targets to support 1008x512 Format 10 NumSamples 1 (Frame:6644).
[2020.03.03-01.23.41:383][727]LogRenderer: Reallocating scene render targets to support 1028x512 Format 10 NumSamples 1 (Frame:6646).
[2020.03.03-01.23.41:508][728]LogRenderer: Reallocating scene render targets to support 1040x512 Format 10 NumSamples 1 (Frame:6648).
[2020.03.03-01.23.41:630][729]LogRenderer: Reallocating scene render targets to support 1048x512 Format 10 NumSamples 1 (Frame:6650).
[2020.03.03-01.23.41:749][730]LogRenderer: Reallocating scene render targets to support 1060x512 Format 10 NumSamples 1 (Frame:6652).
[2020.03.03-01.23.41:864][731]LogRenderer: Reallocating scene render targets to support 1072x512 Format 10 NumSamples 1 (Frame:6654).
[2020.03.03-01.23.41:988][732]LogRenderer: Reallocating scene render targets to support 1080x512 Format 10 NumSamples 1 (Frame:6656).
[2020.03.03-01.23.42:104][733]LogRenderer: Reallocating scene render targets to support 1092x512 Format 10 NumSamples 1 (Frame:6658).
[2020.03.03-01.23.42:230][734]LogRenderer: Reallocating scene render targets to support 1100x512 Format 10 NumSamples 1 (Frame:6660).
[2020.03.03-01.23.42:354][735]LogRenderer: Reallocating scene render targets to support 1104x512 Format 10 NumSamples 1 (Frame:6662).
[2020.03.03-01.24.09:950][955]LogSlate: FSceneViewport::OnFocusLost() reason 0
[2020.03.03-01.24.10:048][965]LogTemp: Repeating last play command: Selected Viewport
[2020.03.03-01.24.10:055][965]LogBlueprintUserMessages: Early PlayInEditor Detection: Level '/Game/FirstPersonBP/Maps/FirstPersonExampleMap.FirstPersonExampleMap:PersistentLevel' has LevelScriptBlueprint '/Game/FirstPersonBP/Maps/FirstPersonExampleMap.FirstPersonExampleMap:PersistentLevel.FirstPersonExampleMap' with GeneratedClass '/Game/FirstPersonBP/Maps/FirstPersonExampleMap.FirstPersonExampleMap_C' with ClassGeneratedBy '/Game/FirstPersonBP/Maps/FirstPersonExampleMap.FirstPersonExampleMap:PersistentLevel.FirstPersonExampleMap'
[2020.03.03-01.24.10:056][965]LogPlayLevel: PlayLevel: No blueprints needed recompiling
[2020.03.03-01.24.10:059][965]PIE: New page: PIE session: FirstPersonExampleMap (Mar 2, 2020, 1:24:10 PM)
[2020.03.03-01.24.10:073][965]LogPlayLevel: Creating play world package: /Game/FirstPersonBP/Maps/UEDPIE_0_FirstPersonExampleMap
[2020.03.03-01.24.10:123][965]LogPlayLevel: PIE: StaticDuplicateObject took: (0.049532s)
[2020.03.03-01.24.10:124][965]LogAIModule: Creating AISystem for world FirstPersonExampleMap
[2020.03.03-01.24.10:124][965]LogPlayLevel: PIE: World Init took: (0.000672s)
[2020.03.03-01.24.10:124][965]LogPlayLevel: PIE: Created PIE world by copying editor world from /Game/FirstPersonBP/Maps/FirstPersonExampleMap.FirstPersonExampleMap to /Game/FirstPersonBP/Maps/UEDPIE_0_FirstPersonExampleMap.FirstPersonExampleMap (0.050665s)
[2020.03.03-01.24.10:147][965]LogUObjectHash: Compacting FUObjectHashTables data took   1.08ms
[2020.03.03-01.24.10:165][965]LogInit: XAudio2 using 'Speakers (Realtek High Definition Audio(SST))' : 2 channels at 48 kHz using 32 bits per sample (channel mask 0x3)
[2020.03.03-01.24.10:185][965]LogInit: FAudioDevice initialized.
[2020.03.03-01.24.10:231][965]LogLoad: Game class is 'FirstPersonGameMode_C'
[2020.03.03-01.24.10:251][965]LogWorld: Bringing World /Game/FirstPersonBP/Maps/UEDPIE_0_FirstPersonExampleMap.FirstPersonExampleMap up for play (max tick rate 0) at 2020.03.02-19.24.10
[2020.03.03-01.24.10:252][965]LogWorld: Bringing up level for play took: 0.019375
[2020.03.03-01.24.10:272][965]LogGameMode: FindPlayerStart: PATHS NOT DEFINED or NO PLAYERSTART with positive rating
[2020.03.03-01.24.10:284][965]LogContentBrowser: Native class hierarchy updated for 'MovieSceneCapture' in 0.0003 seconds. Added 20 classes and 0 folders.
[2020.03.03-01.24.10:285][965]PIE: Play in editor start time for /Game/FirstPersonBP/Maps/UEDPIE_0_FirstPersonExampleMap 0.77
[2020.03.03-01.24.10:285][965]LogBlueprintUserMessages: Late PlayInEditor Detection: Level '/Game/FirstPersonBP/Maps/FirstPersonExampleMap.FirstPersonExampleMap:PersistentLevel' has LevelScriptBlueprint '/Game/FirstPersonBP/Maps/FirstPersonExampleMap.FirstPersonExampleMap:PersistentLevel.FirstPersonExampleMap' with GeneratedClass '/Game/FirstPersonBP/Maps/FirstPersonExampleMap.FirstPersonExampleMap_C' with ClassGeneratedBy '/Game/FirstPersonBP/Maps/FirstPersonExampleMap.FirstPersonExampleMap:PersistentLevel.FirstPersonExampleMap'
[2020.03.03-01.25.02:298][146]LogBlueprintUserMessages: Early EndPlayMap Detection: Level '/Game/FirstPersonBP/Maps/FirstPersonExampleMap.FirstPersonExampleMap:PersistentLevel' has LevelScriptBlueprint '/Game/FirstPersonBP/Maps/FirstPersonExampleMap.FirstPersonExampleMap:PersistentLevel.FirstPersonExampleMap' with GeneratedClass '/Game/FirstPersonBP/Maps/FirstPersonExampleMap.FirstPersonExampleMap_C' with ClassGeneratedBy '/Game/FirstPersonBP/Maps/FirstPersonExampleMap.FirstPersonExampleMap:PersistentLevel.FirstPersonExampleMap'
[2020.03.03-01.25.02:300][146]LogSlate: Updating window title bar state: overlay mode, drag disabled, window buttons hidden, title bar hidden
[2020.03.03-01.25.02:354][146]LogPlayLevel: Display: Shutting down PIE online subsystems
[2020.03.03-01.25.02:356][146]LogBlueprintUserMessages: Late EndPlayMap Detection: Level '/Game/FirstPersonBP/Maps/FirstPersonExampleMap.FirstPersonExampleMap:PersistentLevel' has LevelScriptBlueprint '/Game/FirstPersonBP/Maps/FirstPersonExampleMap.FirstPersonExampleMap:PersistentLevel.FirstPersonExampleMap' with GeneratedClass '/Game/FirstPersonBP/Maps/FirstPersonExampleMap.FirstPersonExampleMap_C' with ClassGeneratedBy '/Game/FirstPersonBP/Maps/FirstPersonExampleMap.FirstPersonExampleMap:PersistentLevel.FirstPersonExampleMap'
[2020.03.03-01.25.02:392][146]LogSlate: Updating window title bar state: overlay mode, drag disabled, window buttons hidden, title bar hidden
[2020.03.03-01.25.02:398][146]LogUObjectHash: Compacting FUObjectHashTables data took   1.51ms
[2020.03.03-01.25.02:486][147]LogPlayLevel: Display: Destroying online subsystem :Context_3
[2020.03.03-01.26.04:870][399]LogSlate: FSceneViewport::OnFocusLost() reason 0
[2020.03.03-01.26.04:997][406]LogUObjectHash: Compacting FUObjectHashTables data took   0.80ms
[2020.03.03-01.26.07:464][406]LogSlate: Window 'Save Content' being destroyed
[2020.03.03-01.26.07:503][406]LogSlate: Window 'Vis2 - Unreal Editor' being destroyed
[2020.03.03-01.26.07:683][407]Cmd: QUIT_EDITOR
[2020.03.03-01.26.08:660][407]LogWindowsTextInputMethodSystem: Display: IME system now deactivated.
[2020.03.03-01.26.08:671][407]LogExit: Preparing to exit.
[2020.03.03-01.26.09:762][407]LogExit: Editor shut down
[2020.03.03-01.26.09:762][407]LogExit: Transaction tracking system shut down
[2020.03.03-01.26.10:240][407]LogExit: Object subsystem successfully closed.
[2020.03.03-01.26.10:285][407]LogShaderCompilers: Display: Shaders left to compile 0
[2020.03.03-01.26.10:300][407]LogD3D11RHI: Shutdown
[2020.03.03-01.26.10:300][407]LogD3D11RHI: CleanupD3DDevice
[2020.03.03-01.26.10:301][407]LogRendererCore: FGlobalReadBuffer::ReleaseRHI
[2020.03.03-01.26.10:301][407]LogRendererCore: FGlobalDynamicReadBuffer::Cleanup()
[2020.03.03-01.26.10:301][407]LogRendererCore: FGlobalReadBuffer::ReleaseRHI
[2020.03.03-01.26.10:301][407]LogRendererCore: FGlobalDynamicReadBuffer::Cleanup()
[2020.03.03-01.26.10:302][407]LogRendererCore: FGlobalReadBuffer::ReleaseRHI
[2020.03.03-01.26.10:302][407]LogRendererCore: FGlobalDynamicReadBuffer::Cleanup()
[2020.03.03-01.26.10:768][407]LogD3D11RHI: ~FD3D11DynamicRHI
[2020.03.03-01.26.10:866][407]LogModuleManager: Shutting down and abandoning module MovieSceneCapture (646)
[2020.03.03-01.26.10:866][407]LogModuleManager: Shutting down and abandoning module Voice (644)
[2020.03.03-01.26.10:866][407]LogModuleManager: Shutting down and abandoning module HierarchicalLODOutliner (642)
[2020.03.03-01.26.10:866][407]LogModuleManager: Shutting down and abandoning module SceneOutliner (640)
[2020.03.03-01.26.10:866][407]LogModuleManager: Shutting down and abandoning module AddContentDialog (638)
[2020.03.03-01.26.10:867][407]LogModuleManager: Shutting down and abandoning module WidgetCarousel (637)
[2020.03.03-01.26.10:867][407]LogModuleManager: Shutting down and abandoning module EditorWidgets (634)
[2020.03.03-01.26.10:867][407]LogModuleManager: Shutting down and abandoning module CollectionManager (632)
[2020.03.03-01.26.10:867][407]LogModuleManager: Shutting down and abandoning module StatsViewer (630)
[2020.03.03-01.26.10:867][407]LogModuleManager: Shutting down and abandoning module FoliageEdit (628)
[2020.03.03-01.26.10:867][407]LogModuleManager: Shutting down and abandoning module LandscapeEditor (626)
[2020.03.03-01.26.10:867][407]LogModuleManager: Shutting down and abandoning module MeshPaintMode (624)
[2020.03.03-01.26.10:867][407]LogModuleManager: Shutting down and abandoning module SceneDepthPickerMode (622)
[2020.03.03-01.26.10:867][407]LogModuleManager: Shutting down and abandoning module ActorPickerMode (620)
[2020.03.03-01.26.10:867][407]LogModuleManager: Shutting down and abandoning module GeometryMode (618)
[2020.03.03-01.26.10:867][407]LogModuleManager: Shutting down and abandoning module TextureAlignMode (616)
[2020.03.03-01.26.10:867][407]LogModuleManager: Shutting down and abandoning module BspMode (614)
[2020.03.03-01.26.10:867][407]LogModuleManager: Shutting down and abandoning module PIEPreviewDeviceProfileSelector (612)
[2020.03.03-01.26.10:867][407]LogModuleManager: Shutting down and abandoning module SequenceRecorderSections (610)
[2020.03.03-01.26.10:867][407]LogModuleManager: Shutting down and abandoning module AutomationWorker (608)
[2020.03.03-01.26.10:867][407]LogModuleManager: Shutting down and abandoning module OculusMR (606)
[2020.03.03-01.26.10:867][407]LogModuleManager: Shutting down and abandoning module AudioCaptureEditor (604)
[2020.03.03-01.26.10:867][407]LogModuleManager: Shutting down and abandoning module MatineeToLevelSequence (602)
[2020.03.03-01.26.10:868][407]LogModuleManager: Shutting down and abandoning module LevelSequenceEditor (600)
[2020.03.03-01.26.10:868][407]LogModuleManager: Shutting down and abandoning module PlacementMode (599)
[2020.03.03-01.26.10:868][407]LogModuleManager: Shutting down and abandoning module MaterialEditor (598)
[2020.03.03-01.26.10:868][407]LogModuleManager: Shutting down and abandoning module ActorSequenceEditor (594)
[2020.03.03-01.26.10:868][407]LogModuleManager: Shutting down and abandoning module WmfMediaFactory (592)
[2020.03.03-01.26.10:868][407]LogModuleManager: Shutting down and abandoning module WmfMediaEditor (590)
[2020.03.03-01.26.10:868][407]LogModuleManager: Shutting down and abandoning module WebMMediaFactory (588)
[2020.03.03-01.26.10:868][407]LogModuleManager: Shutting down and abandoning module WebMMediaEditor (586)
[2020.03.03-01.26.10:868][407]LogModuleManager: Shutting down and abandoning module WebMMedia (584)
[2020.03.03-01.26.10:868][407]LogModuleManager: Shutting down and abandoning module MediaPlayerEditor (582)
[2020.03.03-01.26.10:868][407]LogModuleManager: Shutting down and abandoning module MediaCompositingEditor (580)
[2020.03.03-01.26.10:868][407]LogModuleManager: Shutting down and abandoning module SequenceRecorder (579)
[2020.03.03-01.26.10:868][407]LogModuleManager: Shutting down and abandoning module OpenExrWrapper (576)
[2020.03.03-01.26.10:868][407]LogModuleManager: Shutting down and abandoning module ImgMediaFactory (574)
[2020.03.03-01.26.10:868][407]LogModuleManager: Shutting down and abandoning module ImgMediaEditor (572)
[2020.03.03-01.26.10:868][407]LogModuleManager: Shutting down and abandoning module AvfMediaFactory (570)
[2020.03.03-01.26.10:868][407]LogModuleManager: Shutting down and abandoning module AvfMediaEditor (568)
[2020.03.03-01.26.10:868][407]LogModuleManager: Shutting down and abandoning module AndroidMediaFactory (566)
[2020.03.03-01.26.10:868][407]LogModuleManager: Shutting down and abandoning module AndroidMediaEditor (564)
[2020.03.03-01.26.10:868][407]LogModuleManager: Shutting down and abandoning module MagicLeapCameraPreviewFactory (562)
[2020.03.03-01.26.10:868][407]LogModuleManager: Shutting down and abandoning module MagicLeapMediaCodecFactory (560)
[2020.03.03-01.26.10:868][407]LogModuleManager: Shutting down and abandoning module MagicLeapMediaFactory (558)
[2020.03.03-01.26.10:868][407]LogModuleManager: Shutting down and abandoning module MagicLeapMediaEditor (556)
[2020.03.03-01.26.10:868][407]LogModuleManager: Shutting down and abandoning module CharacterAI (554)
[2020.03.03-01.26.10:868][407]LogModuleManager: Shutting down and abandoning module SmartSnapping (552)
[2020.03.03-01.26.10:868][407]LogModuleManager: Shutting down and abandoning module SessionServices (550)
[2020.03.03-01.26.10:868][407]LogModuleManager: Shutting down and abandoning module MeshPaint (548)
[2020.03.03-01.26.10:868][407]LogModuleManager: Shutting down and abandoning module ViewportSnapping (546)
[2020.03.03-01.26.10:868][407]LogModuleManager: Shutting down and abandoning module ViewportInteraction (544)
[2020.03.03-01.26.10:868][407]LogModuleManager: Shutting down and abandoning module ClothPainter (542)
[2020.03.03-01.26.10:868][407]LogModuleManager: Shutting down and abandoning module SkeletalMeshEditor (541)
[2020.03.03-01.26.10:868][407]LogModuleManager: Shutting down and abandoning module LogVisualizer (538)
[2020.03.03-01.26.10:868][407]LogModuleManager: Shutting down and abandoning module IntroTutorials (536)
[2020.03.03-01.26.10:869][407]LogModuleManager: Shutting down and abandoning module GameProjectGeneration (535)
[2020.03.03-01.26.10:869][407]LogModuleManager: Shutting down and abandoning module LuminPlatformEditor (532)
[2020.03.03-01.26.10:869][407]LogModuleManager: Shutting down and abandoning module IOSPlatformEditor (530)
[2020.03.03-01.26.10:869][407]LogModuleManager: Shutting down and abandoning module HTML5PlatformEditor (528)
[2020.03.03-01.26.10:869][407]LogModuleManager: Shutting down and abandoning module AndroidPlatformEditor (526)
[2020.03.03-01.26.10:869][407]LogModuleManager: Shutting down and abandoning module AndroidDeviceDetection (525)
[2020.03.03-01.26.11:491][407]LogModuleManager: Shutting down and abandoning module WindowsPlatformEditor (522)
[2020.03.03-01.26.11:491][407]LogModuleManager: Shutting down and abandoning module LuminRuntimeSettings (520)
[2020.03.03-01.26.11:491][407]LogModuleManager: Shutting down and abandoning module IOSRuntimeSettings (518)
[2020.03.03-01.26.11:491][407]LogModuleManager: Shutting down and abandoning module AndroidRuntimeSettings (516)
[2020.03.03-01.26.11:491][407]LogModuleManager: Shutting down and abandoning module TimeManagementEditor (514)
[2020.03.03-01.26.11:491][407]LogModuleManager: Shutting down and abandoning module InputBindingEditor (512)
[2020.03.03-01.26.11:491][407]LogModuleManager: Shutting down and abandoning module MergeActors (510)
[2020.03.03-01.26.11:491][407]LogModuleManager: Shutting down and abandoning module LocalizationDashboard (508)
[2020.03.03-01.26.11:491][407]LogModuleManager: Shutting down and abandoning module LocalizationService (507)
[2020.03.03-01.26.11:491][407]LogModuleManager: Shutting down and abandoning module HardwareTargeting (504)
[2020.03.03-01.26.11:491][407]LogModuleManager: Shutting down and abandoning module DeviceProfileEditor (502)
[2020.03.03-01.26.11:491][407]LogModuleManager: Shutting down and abandoning module UndoHistory (500)
[2020.03.03-01.26.11:491][407]LogModuleManager: Shutting down and abandoning module XmlParser (498)
[2020.03.03-01.26.11:491][407]LogModuleManager: Shutting down and abandoning module Blutility (496)
[2020.03.03-01.26.11:491][407]LogModuleManager: Shutting down and abandoning module ProjectSettingsViewer (494)
[2020.03.03-01.26.11:492][407]LogModuleManager: Shutting down and abandoning module ProjectTargetPlatformEditor (493)
[2020.03.03-01.26.11:492][407]LogModuleManager: Shutting down and abandoning module EditorSettingsViewer (490)
[2020.03.03-01.26.11:492][407]LogModuleManager: Shutting down and abandoning module SettingsEditor (488)
[2020.03.03-01.26.11:492][407]LogModuleManager: Shutting down and abandoning module ProjectLauncher (486)
[2020.03.03-01.26.11:492][407]LogModuleManager: Shutting down and abandoning module SessionFrontend (484)
[2020.03.03-01.26.11:492][407]LogModuleManager: Shutting down and abandoning module ProfilerClient (482)
[2020.03.03-01.26.11:492][407]LogModuleManager: Shutting down and abandoning module DeviceManager (480)
[2020.03.03-01.26.11:492][407]LogModuleManager: Shutting down and abandoning module TargetDeviceServices (479)
[2020.03.03-01.26.11:547][407]LogModuleManager: Shutting down and abandoning module AutomationController (476)
[2020.03.03-01.26.11:547][407]LogModuleManager: Shutting down and abandoning module AutomationWindow (474)
[2020.03.03-01.26.11:547][407]LogModuleManager: Shutting down and abandoning module Layers (472)
[2020.03.03-01.26.11:547][407]LogModuleManager: Shutting down and abandoning module ComponentVisualizers (470)
[2020.03.03-01.26.11:547][407]LogModuleManager: Shutting down and abandoning module DetailCustomizations (468)
[2020.03.03-01.26.11:547][407]LogModuleManager: Shutting down and abandoning module PackagesDialog (466)
[2020.03.03-01.26.11:547][407]LogModuleManager: Shutting down and abandoning module AnimationBlueprintEditor (464)
[2020.03.03-01.26.11:547][407]LogModuleManager: Shutting down and abandoning module Persona (462)
[2020.03.03-01.26.11:548][407]LogModuleManager: Shutting down and abandoning module AdvancedPreviewScene (461)
[2020.03.03-01.26.11:548][407]LogModuleManager: Shutting down and abandoning module AnimGraph (459)
[2020.03.03-01.26.11:548][407]LogModuleManager: Shutting down and abandoning module Kismet (456)
[2020.03.03-01.26.11:548][407]LogModuleManager: Shutting down and abandoning module GraphEditor (454)
[2020.03.03-01.26.11:548][407]LogModuleManager: Shutting down and abandoning module ClassViewer (452)
[2020.03.03-01.26.11:548][407]LogModuleManager: Shutting down and abandoning module Toolbox (450)
[2020.03.03-01.26.11:548][407]LogModuleManager: Shutting down and abandoning module ModuleUI (448)
[2020.03.03-01.26.11:548][407]LogModuleManager: Shutting down and abandoning module MovieSceneTools (446)
[2020.03.03-01.26.11:549][407]LogModuleManager: Shutting down and abandoning module OutputLog (444)
[2020.03.03-01.26.11:549][407]LogModuleManager: Shutting down and abandoning module GammaUI (442)
[2020.03.03-01.26.11:549][407]LogModuleManager: Shutting down and abandoning module Documentation (440)
[2020.03.03-01.26.11:549][407]LogModuleManager: Shutting down and abandoning module LiveCoding (438)
[2020.03.03-01.26.11:549][407]LogModuleManager: Shutting down and abandoning module LevelSequence (436)
[2020.03.03-01.26.11:549][407]LogModuleManager: Shutting down and abandoning module MovieSceneTracks (434)
[2020.03.03-01.26.11:549][407]LogModuleManager: Shutting down and abandoning module MovieScene (432)
[2020.03.03-01.26.11:549][407]LogModuleManager: Shutting down and abandoning module StreamingPauseRendering (430)
[2020.03.03-01.26.11:549][407]LogModuleManager: Shutting down and abandoning module LauncherPlatform (428)
[2020.03.03-01.26.11:549][407]LogModuleManager: Shutting down and abandoning module AnalyticsET (426)
[2020.03.03-01.26.11:549][407]LogModuleManager: Shutting down and abandoning module PortalServices (424)
[2020.03.03-01.26.11:549][407]LogModuleManager: Shutting down and abandoning module PortalRpc (422)
[2020.03.03-01.26.11:549][407]LogModuleManager: Shutting down and abandoning module MessagingRpc (420)
[2020.03.03-01.26.11:549][407]LogModuleManager: Shutting down and abandoning module AIModule (418)
[2020.03.03-01.26.11:549][407]LogModuleManager: Shutting down and abandoning module GameplayDebugger (417)
[2020.03.03-01.26.11:549][407]LogModuleManager: Shutting down and abandoning module AITestSuite (415)
[2020.03.03-01.26.11:550][407]LogModuleManager: Shutting down and abandoning module NavigationSystem (413)
[2020.03.03-01.26.11:550][407]LogModuleManager: Shutting down and abandoning module DesktopPlatform (410)
[2020.03.03-01.26.11:550][407]LogModuleManager: Shutting down and abandoning module ImageWriteQueue (408)
[2020.03.03-01.26.11:557][407]LogModuleManager: Shutting down and abandoning module ProfilerService (406)
[2020.03.03-01.26.11:766][407]LogModuleManager: Shutting down and abandoning module TaskGraph (404)
[2020.03.03-01.26.11:766][407]LogModuleManager: Shutting down and abandoning module SteamVRController (402)
[2020.03.03-01.26.11:766][407]LogModuleManager: Shutting down and abandoning module ProceduralMeshComponentEditor (400)
[2020.03.03-01.26.11:766][407]LogModuleManager: Shutting down and abandoning module ProceduralMeshComponent (398)
[2020.03.03-01.26.11:766][407]LogModuleManager: Shutting down and abandoning module OculusEditor (396)
[2020.03.03-01.26.11:766][407]LogModuleManager: Shutting down and abandoning module OculusInput (394)
[2020.03.03-01.26.11:766][407]LogModuleManager: Shutting down and abandoning module MobilePatchingUtils (392)
[2020.03.03-01.26.11:767][407]LogModuleManager: Shutting down and abandoning module EditableMesh (390)
[2020.03.03-01.26.11:767][407]LogModuleManager: Shutting down and abandoning module CustomMeshComponent (388)
[2020.03.03-01.26.11:767][407]LogModuleManager: Shutting down and abandoning module CableComponent (386)
[2020.03.03-01.26.11:767][407]LogModuleManager: Shutting down and abandoning module AudioCapture (384)
[2020.03.03-01.26.11:767][407]LogModuleManager: Shutting down and abandoning module ArchVisCharacter (382)
[2020.03.03-01.26.11:767][407]LogModuleManager: Shutting down and abandoning module AndroidPermission (380)
[2020.03.03-01.26.11:767][407]LogModuleManager: Shutting down and abandoning module NUTUnrealEngine4 (378)
[2020.03.03-01.26.11:767][407]LogModuleManager: Shutting down and abandoning module NetcodeUnitTest (376)
[2020.03.03-01.26.11:767][407]LogModuleManager: Shutting down and abandoning module MediaCompositing (374)
[2020.03.03-01.26.11:767][407]LogModuleManager: Shutting down and abandoning module LinearTimecode (372)
[2020.03.03-01.26.11:767][407]LogModuleManager: Shutting down and abandoning module ImgMedia (370)
[2020.03.03-01.26.11:767][407]LogModuleManager: Shutting down and abandoning module MagicLeapHelperVulkan (368)
[2020.03.03-01.26.11:767][407]LogModuleManager: Shutting down and abandoning module MagicLeapHelperOpenGL (366)
[2020.03.03-01.26.11:767][407]LogModuleManager: Shutting down and abandoning module MagicLeapAudio (364)
[2020.03.03-01.26.11:767][407]LogModuleManager: Shutting down and abandoning module HTML5Networking (362)
[2020.03.03-01.26.11:768][407]LogModuleManager: Shutting down and abandoning module GeometryCacheTracks (360)
[2020.03.03-01.26.11:768][407]LogModuleManager: Shutting down and abandoning module GeometryCacheSequencer (358)
[2020.03.03-01.26.11:768][407]LogModuleManager: Shutting down and abandoning module BackChannel (356)
[2020.03.03-01.26.11:768][407]LogModuleManager: Shutting down and abandoning module AppleVision (354)
[2020.03.03-01.26.11:768][407]LogModuleManager: Shutting down and abandoning module AppleImageUtilsBlueprintSupport (352)
[2020.03.03-01.26.11:768][407]LogModuleManager: Shutting down and abandoning module AppleImageUtils (350)
[2020.03.03-01.26.11:768][407]LogModuleManager: Shutting down and abandoning module AlembicImporter (348)
[2020.03.03-01.26.11:768][407]LogModuleManager: Shutting down and abandoning module AlembicLibrary (347)
[2020.03.03-01.26.11:768][407]LogModuleManager: Shutting down and abandoning module GeometryCache (346)
[2020.03.03-01.26.11:768][407]LogModuleManager: Shutting down and abandoning module GeometryCacheEd (345)
[2020.03.03-01.26.11:768][407]LogModuleManager: Shutting down and abandoning module VariantManagerContent (340)
[2020.03.03-01.26.11:768][407]LogModuleManager: Shutting down and abandoning module DatasmithContentEditor (338)
[2020.03.03-01.26.11:768][407]LogModuleManager: Shutting down and abandoning module SpeedTreeImporter (336)
[2020.03.03-01.26.11:769][407]LogModuleManager: Shutting down and abandoning module PluginBrowser (334)
[2020.03.03-01.26.11:769][407]LogModuleManager: Shutting down and abandoning module MobileLauncherProfileWizard (332)
[2020.03.03-01.26.11:769][407]LogModuleManager: Shutting down and abandoning module MaterialAnalyzer (330)
[2020.03.03-01.26.11:769][407]LogModuleManager: Shutting down and abandoning module CryptoKeysOpenSSL (328)
[2020.03.03-01.26.11:769][407]LogModuleManager: Shutting down and abandoning module CryptoKeys (326)
[2020.03.03-01.26.11:769][407]LogModuleManager: Shutting down and abandoning module VisualStudioSourceCodeAccess (324)
[2020.03.03-01.26.11:769][407]LogModuleManager: Shutting down and abandoning module VisualStudioCodeSourceCodeAccess (322)
[2020.03.03-01.26.11:769][407]LogModuleManager: Shutting down and abandoning module UObjectPlugin (320)
[2020.03.03-01.26.11:769][407]LogModuleManager: Shutting down and abandoning module SubversionSourceControl (318)
[2020.03.03-01.26.11:769][407]LogModuleManager: Shutting down and abandoning module PerforceSourceControl (316)
[2020.03.03-01.26.11:769][407]LogModuleManager: Shutting down and abandoning module GitSourceControl (314)
[2020.03.03-01.26.11:769][407]LogModuleManager: Shutting down and abandoning module SourceControl (313)
[2020.03.03-01.26.11:770][407]LogModuleManager: Shutting down and abandoning module CLionSourceCodeAccess (310)
[2020.03.03-01.26.11:770][407]LogModuleManager: Shutting down and abandoning module AnimationSharingEd (308)
[2020.03.03-01.26.11:770][407]LogModuleManager: Shutting down and abandoning module ActorLayerUtilitiesEditor (306)
[2020.03.03-01.26.11:770][407]LogModuleManager: Shutting down and abandoning module ActorLayerUtilities (304)
[2020.03.03-01.26.11:770][407]LogModuleManager: Shutting down and abandoning module LightPropagationVolumeEditor (302)
[2020.03.03-01.26.11:770][407]LogModuleManager: Shutting down and abandoning module PaperTiledImporter (300)
[2020.03.03-01.26.11:770][407]LogModuleManager: Shutting down and abandoning module PaperSpriteSheetImporter (298)
[2020.03.03-01.26.11:770][407]LogModuleManager: Shutting down and abandoning module Paper2DEditor (296)
[2020.03.03-01.26.11:770][407]LogModuleManager: Shutting down and abandoning module SignificanceManager (294)
[2020.03.03-01.26.11:770][407]LogModuleManager: Shutting down and abandoning module RuntimePhysXCooking (292)
[2020.03.03-01.26.11:770][407]LogModuleManager: Shutting down and abandoning module PhysXVehiclesEditor (290)
[2020.03.03-01.26.11:770][407]LogModuleManager: Shutting down and abandoning module PhysXVehicles (288)
[2020.03.03-01.26.11:770][407]LogModuleManager: Shutting down and abandoning module LocationServicesBPLibrary (286)
[2020.03.03-01.26.11:771][407]LogModuleManager: Shutting down and abandoning module ActorSequence (284)
[2020.03.03-01.26.11:771][407]LogModuleManager: Shutting down and abandoning module UdpMessaging (282)
[2020.03.03-01.26.11:872][407]LogModuleManager: Shutting down and abandoning module TcpMessaging (280)
[2020.03.03-01.26.11:973][407]LogModuleManager: Shutting down and abandoning module MagicLeapIdentity (278)
[2020.03.03-01.26.11:973][407]LogModuleManager: Shutting down and abandoning module MagicLeapSecureStorage (276)
[2020.03.03-01.26.11:973][407]LogModuleManager: Shutting down and abandoning module MagicLeapHandTracking (274)
[2020.03.03-01.26.11:973][407]LogModuleManager: Shutting down and abandoning module MagicLeapEyeTracker (272)
[2020.03.03-01.26.11:973][407]LogModuleManager: Shutting down and abandoning module MagicLeapController (270)
[2020.03.03-01.26.11:973][407]LogSlate: Slate User Destroyed.  User Index 0, Is Virtual User: 0
[2020.03.03-01.26.11:973][407]LogModuleManager: Shutting down and abandoning module MagicLeapAR (268)
[2020.03.03-01.26.11:973][407]LogModuleManager: Shutting down and abandoning module AugmentedReality (267)
[2020.03.03-01.26.11:973][407]LogModuleManager: Shutting down and abandoning module GameplayTagsEditor (264)
[2020.03.03-01.26.11:973][407]LogModuleManager: Shutting down and abandoning module FacialAnimationEditor (262)
[2020.03.03-01.26.11:973][407]LogModuleManager: Shutting down and abandoning module FacialAnimation (260)
[2020.03.03-01.26.11:973][407]LogModuleManager: Shutting down and abandoning module DataValidation (258)
[2020.03.03-01.26.11:973][407]LogModuleManager: Shutting down and abandoning module AssetManagerEditor (256)
[2020.03.03-01.26.11:974][407]LogModuleManager: Shutting down and abandoning module LevelEditor (255)
[2020.03.03-01.26.11:975][407]LogModuleManager: Shutting down and abandoning module PixelInspectorModule (254)
[2020.03.03-01.26.11:975][407]LogModuleManager: Shutting down and abandoning module CommonMenuExtensions (252)
[2020.03.03-01.26.11:975][407]LogModuleManager: Shutting down and abandoning module MainFrame (250)
[2020.03.03-01.26.11:975][407]LogModuleManager: Shutting down and abandoning module HotReload (249)
[2020.03.03-01.26.11:976][407]LogModuleManager: Shutting down and abandoning module ContentBrowser (245)
[2020.03.03-01.26.11:977][407]LogModuleManager: Shutting down and abandoning module TreeMap (243)
[2020.03.03-01.26.11:977][407]LogModuleManager: Shutting down and abandoning module AnimationSharing (240)
[2020.03.03-01.26.11:977][407]LogModuleManager: Shutting down and abandoning module LightPropagationVolumeRuntime (238)
[2020.03.03-01.26.11:977][407]LogModuleManager: Shutting down and abandoning module AISupportModule (236)
[2020.03.03-01.26.11:977][407]LogModuleManager: Shutting down and abandoning module Paper2D (234)
[2020.03.03-01.26.11:977][407]LogModuleManager: Shutting down and abandoning module WindowsMoviePlayer (232)
[2020.03.03-01.26.11:977][407]LogModuleManager: Shutting down and abandoning module WebMMoviePlayer (230)
[2020.03.03-01.26.11:977][407]LogModuleManager: Shutting down and abandoning module PacketHandler (228)
[2020.03.03-01.26.11:978][407]LogModuleManager: Shutting down and abandoning module ClothingSystemEditor (226)
[2020.03.03-01.26.11:978][407]LogModuleManager: Shutting down and abandoning module ClothingSystemRuntime (224)
[2020.03.03-01.26.11:978][407]LogModuleManager: Shutting down and abandoning module MediaAssets (222)
[2020.03.03-01.26.11:978][407]LogModuleManager: Shutting down and abandoning module Overlay (220)
[2020.03.03-01.26.11:978][407]LogModuleManager: Shutting down and abandoning module OverlayEditor (219)
[2020.03.03-01.26.11:978][407]LogModuleManager: Shutting down and abandoning module VREditor (216)
[2020.03.03-01.26.11:978][407]LogModuleManager: Shutting down and abandoning module StringTableEditor (214)
[2020.03.03-01.26.11:978][407]LogModuleManager: Shutting down and abandoning module GameplayTasksEditor (212)
[2020.03.03-01.26.11:978][407]LogModuleManager: Shutting down and abandoning module BehaviorTreeEditor (210)
[2020.03.03-01.26.11:978][407]LogModuleManager: Shutting down and abandoning module FunctionalTesting (208)
[2020.03.03-01.26.11:978][407]LogModuleManager: Shutting down and abandoning module CollisionAnalyzer (206)
[2020.03.03-01.26.11:978][407]LogModuleManager: Shutting down and abandoning module WorkspaceMenuStructure (205)
[2020.03.03-01.26.11:978][407]LogModuleManager: Shutting down and abandoning module UMG (202)
[2020.03.03-01.26.11:978][407]LogModuleManager: Shutting down and abandoning module UMGEditor (201)
[2020.03.03-01.26.11:978][407]LogModuleManager: Shutting down and abandoning module Sequencer (200)
[2020.03.03-01.26.11:978][407]LogModuleManager: Shutting down and abandoning module MessageLog (197)
[2020.03.03-01.26.11:979][407]LogModuleManager: Shutting down and abandoning module SlateReflector (192)
[2020.03.03-01.26.11:979][407]LogModuleManager: Shutting down and abandoning module Slate (190)
[2020.03.03-01.26.11:979][407]LogModuleManager: Shutting down and abandoning module EditorStyle (188)
[2020.03.03-01.26.11:981][407]LogModuleManager: Shutting down and abandoning module UnrealEd (186)
[2020.03.03-01.26.11:981][407]LogModuleManager: Shutting down and abandoning module MRMesh (184)
[2020.03.03-01.26.11:982][407]LogModuleManager: Shutting down and abandoning module SourceCodeAccess (182)
[2020.03.03-01.26.11:982][407]LogModuleManager: Shutting down and abandoning module HeadMountedDisplay (180)
[2020.03.03-01.26.11:982][407]LogModuleManager: Shutting down and abandoning module XAudio2 (178)
[2020.03.03-01.26.11:982][407]LogModuleManager: Shutting down and abandoning module Networking (176)
[2020.03.03-01.26.11:982][407]LogModuleManager: Shutting down and abandoning module Core (174)
[2020.03.03-01.26.11:982][407]LogModuleManager: Shutting down and abandoning module KismetCompiler (172)
[2020.03.03-01.26.11:982][407]LogModuleManager: Shutting down and abandoning module MeshUtilities (170)
[2020.03.03-01.26.11:982][407]LogModuleManager: Shutting down and abandoning module MeshMergeUtilities (169)
[2020.03.03-01.26.11:982][407]LogModuleManager: Shutting down and abandoning module MeshReductionInterface (168)
[2020.03.03-01.26.11:982][407]LogModuleManager: Shutting down and abandoning module SkeletalMeshReduction (167)
[2020.03.03-01.26.11:982][407]LogModuleManager: Shutting down and abandoning module ProxyLODMeshReduction (165)
[2020.03.03-01.26.11:982][407]LogModuleManager: Shutting down and abandoning module QuadricMeshReduction (163)
[2020.03.03-01.26.11:982][407]LogModuleManager: Shutting down and abandoning module MaterialBaking (159)
[2020.03.03-01.26.11:982][407]LogModuleManager: Shutting down and abandoning module DerivedDataCache (154)
[2020.03.03-01.26.12:021][407]LogDerivedDataCache: Shutdown
[2020.03.03-01.26.12:021][407]LogModuleManager: Shutting down and abandoning module XGEController (152)
[2020.03.03-01.26.12:021][407]LogModuleManager: Shutting down and abandoning module TargetPlatform (150)
[2020.03.03-01.26.12:021][407]LogModuleManager: Shutting down and abandoning module VulkanShaderFormat (149)
[2020.03.03-01.26.12:021][407]LogModuleManager: Shutting down and abandoning module ShaderFormatVectorVM (147)
[2020.03.03-01.26.12:021][407]LogModuleManager: Shutting down and abandoning module ShaderFormatOpenGL (145)
[2020.03.03-01.26.12:021][407]LogModuleManager: Shutting down and abandoning module ShaderFormatD3D (143)
[2020.03.03-01.26.12:021][407]LogModuleManager: Shutting down and abandoning module MetalShaderFormat (141)
[2020.03.03-01.26.12:021][407]LogModuleManager: Shutting down and abandoning module TextureFormatUncompressed (139)
[2020.03.03-01.26.12:021][407]LogModuleManager: Shutting down and abandoning module TextureFormatPVR (137)
[2020.03.03-01.26.12:021][407]LogModuleManager: Shutting down and abandoning module TextureFormatDXT (135)
[2020.03.03-01.26.12:021][407]LogModuleManager: Shutting down and abandoning module TextureFormatIntelISPCTexComp (133)
[2020.03.03-01.26.12:022][407]LogModuleManager: Shutting down and abandoning module TextureFormatASTC (131)
[2020.03.03-01.26.12:022][407]LogModuleManager: Shutting down and abandoning module ImageWrapper (130)
[2020.03.03-01.26.12:022][407]LogModuleManager: Shutting down and abandoning module TextureFormatAndroid (127)
[2020.03.03-01.26.12:022][407]LogModuleManager: Shutting down and abandoning module AudioFormatOpus (125)
[2020.03.03-01.26.12:022][407]LogModuleManager: Shutting down and abandoning module AudioFormatOgg (123)
[2020.03.03-01.26.12:022][407]LogModuleManager: Shutting down and abandoning module AudioFormatADPCM (121)
[2020.03.03-01.26.12:022][407]LogModuleManager: Shutting down and abandoning module LuminTargetPlatform (119)
[2020.03.03-01.26.12:023][407]LogModuleManager: Shutting down and abandoning module LinuxTargetPlatform (117)
[2020.03.03-01.26.12:023][407]LogModuleManager: Shutting down and abandoning module LinuxServerTargetPlatform (115)
[2020.03.03-01.26.12:023][407]LogModuleManager: Shutting down and abandoning module LinuxNoEditorTargetPlatform (113)
[2020.03.03-01.26.12:023][407]LogModuleManager: Shutting down and abandoning module LinuxClientTargetPlatform (111)
[2020.03.03-01.26.12:024][407]LogModuleManager: Shutting down and abandoning module TVOSTargetPlatform (109)
[2020.03.03-01.26.12:025][407]LogModuleManager: Shutting down and abandoning module Messaging (107)
[2020.03.03-01.26.12:025][407]LogModuleManager: Shutting down and abandoning module IOSTargetPlatform (105)
[2020.03.03-01.26.12:026][407]LogModuleManager: Shutting down and abandoning module HTML5TargetPlatform (103)
[2020.03.03-01.26.12:026][407]LogModuleManager: Shutting down and abandoning module AndroidTargetPlatform (101)
[2020.03.03-01.26.12:036][407]LogModuleManager: Shutting down and abandoning module WindowsTargetPlatform (99)
[2020.03.03-01.26.12:036][407]LogModuleManager: Shutting down and abandoning module WindowsServerTargetPlatform (97)
[2020.03.03-01.26.12:036][407]LogModuleManager: Shutting down and abandoning module WindowsNoEditorTargetPlatform (95)
[2020.03.03-01.26.12:036][407]LogModuleManager: Shutting down and abandoning module WindowsClientTargetPlatform (93)
[2020.03.03-01.26.12:036][407]LogModuleManager: Shutting down and abandoning module MacTargetPlatform (91)
[2020.03.03-01.26.12:036][407]LogModuleManager: Shutting down and abandoning module MacServerTargetPlatform (89)
[2020.03.03-01.26.12:036][407]LogModuleManager: Shutting down and abandoning module MacNoEditorTargetPlatform (87)
[2020.03.03-01.26.12:036][407]LogModuleManager: Shutting down and abandoning module MacClientTargetPlatform (85)
[2020.03.03-01.26.12:036][407]LogModuleManager: Shutting down and abandoning module AllDesktopTargetPlatform (83)
[2020.03.03-01.26.12:036][407]LogModuleManager: Shutting down and abandoning module InputCore (80)
[2020.03.03-01.26.12:036][407]LogModuleManager: Shutting down and abandoning module Settings (78)
[2020.03.03-01.26.12:036][407]LogModuleManager: Shutting down and abandoning module DirectoryWatcher (76)
[2020.03.03-01.26.12:037][407]LogModuleManager: Shutting down and abandoning module PhysXCooking (74)
[2020.03.03-01.26.12:037][407]LogModuleManager: Shutting down and abandoning module SteamVR (72)
[2020.03.03-01.26.12:037][407]LogHMD: Freeing OpenVRDLLHandle.
[2020.03.03-01.26.12:037][407]LogModuleManager: Shutting down and abandoning module OculusHMD (70)
[2020.03.03-01.26.12:037][407]LogModuleManager: Shutting down and abandoning module ExampleDeviceProfileSelector (68)
[2020.03.03-01.26.12:037][407]LogModuleManager: Shutting down and abandoning module LauncherChunkInstaller (66)
[2020.03.03-01.26.12:037][407]LogModuleManager: Shutting down and abandoning module OnlineBlueprintSupport (64)
[2020.03.03-01.26.12:037][407]LogModuleManager: Shutting down and abandoning module OnlineSubsystem (60)
[2020.03.03-01.26.12:039][407]LogModuleManager: Shutting down and abandoning module XMPP (55)
[2020.03.03-01.26.12:039][407]LogModuleManager: Shutting down and abandoning module WebSockets (54)
[2020.03.03-01.26.12:070][407]LogModuleManager: Shutting down and abandoning module HTTP (51)
[2020.03.03-01.26.12:070][407]LogHttp: Display: Http module shutting down, but needs to wait on 1 outstanding Http requests:
[2020.03.03-01.26.12:070][407]LogHttp: Display: 	verb=[POST] url=[https://datarouter.ol.epicgames.com/datarouter/api/v1/public/data?SessionID=%7B407A15A5-4A04-8FD6-47B0-54AFFC42C361%7D&AppID=UEEditor.Rocket.Release&AppVersion=4.22.2-6574378%2B%2B%2BUE4%2BRelease-4.22&UserID=bc312f1640c47f88eb7fb994daf09c7e%7Cc47135b49597451aa56ca7a893d650b7%7Cf3dc5d27-cdc5-4501-99af-830d3c9b6573&AppEnvironment=datacollector-binary&UploadType=eteventstream] status=Processing
[2020.03.03-01.26.12:101][407]LogModuleManager: Shutting down and abandoning module SSL (50)
[2020.03.03-01.26.12:102][407]LogModuleManager: Shutting down and abandoning module WmfMedia (46)
[2020.03.03-01.26.12:105][407]LogModuleManager: Shutting down and abandoning module Media (45)
[2020.03.03-01.26.12:112][407]LogModuleManager: Shutting down and abandoning module MagicLeap (42)
[2020.03.03-01.26.12:112][407]LogModuleManager: Shutting down and abandoning module DatasmithContent (40)
[2020.03.03-01.26.12:113][407]LogModuleManager: Shutting down and abandoning module AnimationModifiers (38)
[2020.03.03-01.26.12:113][407]LogModuleManager: Shutting down and abandoning module PropertyEditor (37)
[2020.03.03-01.26.12:113][407]LogModuleManager: Shutting down and abandoning module AudioEditor (34)
[2020.03.03-01.26.12:113][407]LogModuleManager: Shutting down and abandoning module TextureCompressor (32)
[2020.03.03-01.26.12:113][407]LogModuleManager: Shutting down and abandoning module RenderCore (30)
[2020.03.03-01.26.12:113][407]LogModuleManager: Shutting down and abandoning module Landscape (28)
[2020.03.03-01.26.12:113][407]LogModuleManager: Shutting down and abandoning module SlateRHIRenderer (26)
[2020.03.03-01.26.12:114][407]LogModuleManager: Shutting down and abandoning module OpenGLDrv (24)
[2020.03.03-01.26.12:114][407]LogModuleManager: Shutting down and abandoning module D3D11RHI (22)
[2020.03.03-01.26.12:114][407]LogModuleManager: Shutting down and abandoning module AnimGraphRuntime (20)
[2020.03.03-01.26.12:114][407]LogModuleManager: Shutting down and abandoning module Renderer (18)
[2020.03.03-01.26.12:114][407]LogModuleManager: Shutting down and abandoning module Engine (16)
[2020.03.03-01.26.12:114][407]LogModuleManager: Shutting down and abandoning module CoreUObject (14)
[2020.03.03-01.26.12:114][407]LogModuleManager: Shutting down and abandoning module NetworkFile (12)
[2020.03.03-01.26.12:114][407]LogModuleManager: Shutting down and abandoning module CookedIterativeFile (10)
[2020.03.03-01.26.12:114][407]LogModuleManager: Shutting down and abandoning module StreamingFile (8)
[2020.03.03-01.26.12:114][407]LogModuleManager: Shutting down and abandoning module SandboxFile (6)
[2020.03.03-01.26.12:114][407]LogModuleManager: Shutting down and abandoning module PakFile (4)
[2020.03.03-01.26.12:114][407]LogModuleManager: Shutting down and abandoning module RSA (3)
[2020.03.03-01.26.12:129][407]LogExit: Exiting.
[2020.03.03-01.26.12:137][407]Log file closed, 03/02/20 19:26:12
